#! /usr/bin/vvp
:ivl_version "10.1 (stable)";
:ivl_delay_selection "TYPICAL";
:vpi_time_precision + 0;
:vpi_module "system";
:vpi_module "vhdl_sys";
:vpi_module "v2005_math";
:vpi_module "va_math";
S_0x56532ecceb10 .scope module, "df" "df" 2 1;
 .timescale 0 0;
    .port_info 0 /INPUT 1 "clk"
    .port_info 1 /INPUT 16 "in"
    .port_info 2 /OUTPUT 16 "out"
    .port_info 3 /INPUT 1 "reset"
o0x7f89ba43e018 .functor BUFZ 1, C4<z>; HiZ drive
v0x56532ecced40_0 .net "clk", 0 0, o0x7f89ba43e018;  0 drivers
v0x56532eceee20_0 .var "df_out", 15 0;
o0x7f89ba43e078 .functor BUFZ 16, C4<zzzzzzzzzzzzzzzz>; HiZ drive
v0x56532eceef00_0 .net "in", 15 0, o0x7f89ba43e078;  0 drivers
v0x56532eceeff0_0 .var "out", 15 0;
o0x7f89ba43e0d8 .functor BUFZ 1, C4<z>; HiZ drive
v0x56532ecef0d0_0 .net "reset", 0 0, o0x7f89ba43e0d8;  0 drivers
E_0x56532ecccdd0 .event posedge, v0x56532ecef0d0_0, v0x56532ecced40_0;
    .scope S_0x56532ecceb10;
T_0 ;
    %wait E_0x56532ecccdd0;
    %load/vec4 v0x56532ecef0d0_0;
    %flag_set/vec4 8;
    %jmp/0xz  T_0.0, 8;
    %pushi/vec4 0, 0, 16;
    %assign/vec4 v0x56532eceeff0_0, 0;
    %jmp T_0.1;
T_0.0 ;
    %load/vec4 v0x56532eceee20_0;
    %assign/vec4 v0x56532eceeff0_0, 0;
T_0.1 ;
    %jmp T_0;
    .thread T_0;
# The file index is used to find the file name in the following table.
:file_names 3;
    "N/A";
    "<interactive>";
    "dff16.v";
