#! /usr/bin/vvp
:ivl_version "10.1 (stable)";
:ivl_delay_selection "TYPICAL";
:vpi_time_precision + 0;
:vpi_module "system";
:vpi_module "vhdl_sys";
:vpi_module "v2005_math";
:vpi_module "va_math";
S_0x55e6d67d8e10 .scope module, "instructreg" "instructreg" 2 3;
 .timescale 0 0;
    .port_info 0 /INPUT 1 "clk"
    .port_info 1 /OUTPUT 16 "Outins"
    .port_info 2 /INPUT 1 "reset"
    .port_info 3 /OUTPUT 16 "PC"
L_0x55e6d681ff20 .functor BUFZ 16, L_0x55e6d681fc50, C4<0000000000000000>, C4<0000000000000000>, C4<0000000000000000>;
v0x55e6d6805390_0 .net "Outins", 15 0, L_0x55e6d681ff20;  1 drivers
RS_0x7f6bda9f50a8 .resolv tri, v0x55e6d67f5040_0, L_0x55e6d680fac0;
v0x55e6d6805470_0 .net8 "PC", 15 0, RS_0x7f6bda9f50a8;  2 drivers
v0x55e6d6805530_0 .net *"_s0", 15 0, L_0x55e6d681fc50;  1 drivers
v0x55e6d68055f0_0 .net *"_s3", 9 0, L_0x55e6d681fcf0;  1 drivers
v0x55e6d68056d0_0 .net *"_s4", 11 0, L_0x55e6d681fd90;  1 drivers
L_0x7f6bda9a50a8 .functor BUFT 1, C4<00>, C4<0>, C4<0>, C4<0>;
v0x55e6d6805800_0 .net *"_s7", 1 0, L_0x7f6bda9a50a8;  1 drivers
o0x7f6bda9f5018 .functor BUFZ 1, C4<z>; HiZ drive
v0x55e6d68058e0_0 .net "clk", 0 0, o0x7f6bda9f5018;  0 drivers
v0x55e6d68059d0 .array "regmem", 1023 0, 15 0;
o0x7f6bda9f50d8 .functor BUFZ 1, C4<z>; HiZ drive
v0x55e6d6805a90_0 .net "reset", 0 0, o0x7f6bda9f50d8;  0 drivers
L_0x55e6d681fc50 .array/port v0x55e6d68059d0, L_0x55e6d681fd90;
L_0x55e6d681fcf0 .part RS_0x7f6bda9f50a8, 0, 10;
L_0x55e6d681fd90 .concat [ 10 2 0 0], L_0x55e6d681fcf0, L_0x7f6bda9a50a8;
S_0x55e6d67d81a0 .scope module, "p1" "prgctr" 2 9, 3 3 0, S_0x55e6d67d8e10;
 .timescale 0 0;
    .port_info 0 /OUTPUT 16 "PC"
    .port_info 1 /INPUT 1 "clk"
    .port_info 2 /INPUT 1 "reset"
v0x55e6d6804ec0_0 .var "OPC", 15 0;
v0x55e6d6804ff0_0 .net8 "PC", 15 0, RS_0x7f6bda9f50a8;  alias, 2 drivers
v0x55e6d6805100_0 .net "a", 0 0, L_0x55e6d680f050;  1 drivers
v0x55e6d6805230_0 .net "clk", 0 0, o0x7f6bda9f5018;  alias, 0 drivers
v0x55e6d68052d0_0 .net "reset", 0 0, o0x7f6bda9f50d8;  alias, 0 drivers
S_0x55e6d67cd620 .scope module, "d1" "df" 3 9, 4 1 0, S_0x55e6d67d81a0;
 .timescale 0 0;
    .port_info 0 /INPUT 1 "clk"
    .port_info 1 /INPUT 16 "in"
    .port_info 2 /OUTPUT 16 "out"
    .port_info 3 /INPUT 1 "reset"
v0x55e6d67b7530_0 .net "clk", 0 0, o0x7f6bda9f5018;  alias, 0 drivers
v0x55e6d67f4ea0_0 .var "df_out", 15 0;
v0x55e6d67f4f80_0 .net "in", 15 0, v0x55e6d6804ec0_0;  1 drivers
v0x55e6d67f5040_0 .var "out", 15 0;
v0x55e6d67f5120_0 .net "reset", 0 0, o0x7f6bda9f50d8;  alias, 0 drivers
E_0x55e6d678d100 .event posedge, v0x55e6d67f5120_0, v0x55e6d67b7530_0;
S_0x55e6d67f52b0 .scope module, "s1" "SixteenBitAdder" 3 8, 5 2 0, S_0x55e6d67d81a0;
 .timescale 0 0;
    .port_info 0 /INPUT 16 "a"
    .port_info 1 /INPUT 16 "b"
    .port_info 2 /INPUT 1 "cin"
    .port_info 3 /OUTPUT 16 "sum"
    .port_info 4 /OUTPUT 1 "carry"
v0x55e6d6804a20_0 .net "a", 15 0, v0x55e6d6804ec0_0;  alias, 1 drivers
L_0x7f6bda9a5018 .functor BUFT 1, C4<0000000000000001>, C4<0>, C4<0>, C4<0>;
v0x55e6d6804b00_0 .net "b", 15 0, L_0x7f6bda9a5018;  1 drivers
v0x55e6d6804bc0_0 .net "carry", 0 0, L_0x55e6d680f050;  alias, 1 drivers
L_0x7f6bda9a5060 .functor BUFT 1, C4<0>, C4<0>, C4<0>, C4<0>;
v0x55e6d6804c60_0 .net "cin", 0 0, L_0x7f6bda9a5060;  1 drivers
v0x55e6d6804d00_0 .net8 "sum", 15 0, RS_0x7f6bda9f50a8;  alias, 2 drivers
v0x55e6d6804da0_0 .net "w0", 0 0, L_0x55e6d680a620;  1 drivers
L_0x55e6d680aec0 .part v0x55e6d6804ec0_0, 0, 8;
L_0x55e6d680af60 .part L_0x7f6bda9a5018, 0, 8;
L_0x55e6d680f8f0 .part v0x55e6d6804ec0_0, 8, 8;
L_0x55e6d680fa20 .part L_0x7f6bda9a5018, 8, 8;
L_0x55e6d680fac0 .concat8 [ 8 8 0 0], L_0x55e6d680ad80, L_0x55e6d680f7b0;
S_0x55e6d67f5520 .scope module, "eba_0" "EightBitAdder" 5 8, 6 2 0, S_0x55e6d67f52b0;
 .timescale 0 0;
    .port_info 0 /INPUT 8 "a"
    .port_info 1 /INPUT 8 "b"
    .port_info 2 /INPUT 1 "cin"
    .port_info 3 /OUTPUT 8 "sum"
    .port_info 4 /OUTPUT 1 "carry"
v0x55e6d67fc960_0 .net "a", 7 0, L_0x55e6d680aec0;  1 drivers
v0x55e6d67fca60_0 .net "b", 7 0, L_0x55e6d680af60;  1 drivers
v0x55e6d67fcb40_0 .net "carry", 0 0, L_0x55e6d680a620;  alias, 1 drivers
v0x55e6d67fcc30_0 .net "cin", 0 0, L_0x7f6bda9a5060;  alias, 1 drivers
v0x55e6d67fcd20_0 .net "sum", 7 0, L_0x55e6d680ad80;  1 drivers
v0x55e6d67fce30_0 .net "w0", 0 0, L_0x55e6d6808360;  1 drivers
L_0x55e6d68088e0 .part L_0x55e6d680aec0, 0, 4;
L_0x55e6d6808980 .part L_0x55e6d680af60, 0, 4;
L_0x55e6d680aba0 .part L_0x55e6d680aec0, 4, 4;
L_0x55e6d680ac90 .part L_0x55e6d680af60, 4, 4;
L_0x55e6d680ad80 .concat8 [ 4 4 0 0], L_0x55e6d6808840, L_0x55e6d680ab00;
S_0x55e6d67f5770 .scope module, "fba_0" "FourBitAdder" 6 8, 7 2 0, S_0x55e6d67f5520;
 .timescale 0 0;
    .port_info 0 /INPUT 4 "a"
    .port_info 1 /INPUT 4 "b"
    .port_info 2 /INPUT 1 "cin"
    .port_info 3 /OUTPUT 4 "sum"
    .port_info 4 /OUTPUT 1 "carry"
v0x55e6d67f8910_0 .net "a", 3 0, L_0x55e6d68088e0;  1 drivers
v0x55e6d67f8a10_0 .net "b", 3 0, L_0x55e6d6808980;  1 drivers
v0x55e6d67f8af0_0 .net "carry", 0 0, L_0x55e6d6808360;  alias, 1 drivers
v0x55e6d67f8bc0_0 .net "cin", 0 0, L_0x7f6bda9a5060;  alias, 1 drivers
v0x55e6d67f8c90_0 .net "sum", 3 0, L_0x55e6d6808840;  1 drivers
v0x55e6d67f8d30_0 .net "w0", 0 0, L_0x55e6d6806b10;  1 drivers
v0x55e6d67f8e20_0 .net "w1", 0 0, L_0x55e6d68072f0;  1 drivers
v0x55e6d67f8f10_0 .net "w2", 0 0, L_0x55e6d6807b70;  1 drivers
L_0x55e6d6806c20 .part L_0x55e6d68088e0, 0, 1;
L_0x55e6d6806d50 .part L_0x55e6d6808980, 0, 1;
L_0x55e6d6807400 .part L_0x55e6d68088e0, 1, 1;
L_0x55e6d6807530 .part L_0x55e6d6808980, 1, 1;
L_0x55e6d6807c80 .part L_0x55e6d68088e0, 2, 1;
L_0x55e6d6807db0 .part L_0x55e6d6808980, 2, 1;
L_0x55e6d6808470 .part L_0x55e6d68088e0, 3, 1;
L_0x55e6d6808630 .part L_0x55e6d6808980, 3, 1;
L_0x55e6d6808840 .concat8 [ 1 1 1 1], L_0x55e6d68066f0, L_0x55e6d6806ef0, L_0x55e6d6807700, L_0x55e6d6807f90;
S_0x55e6d67f59e0 .scope module, "fa_0" "FullAdder" 7 8, 8 1 0, S_0x55e6d67f5770;
 .timescale 0 0;
    .port_info 0 /INPUT 1 "a"
    .port_info 1 /INPUT 1 "b"
    .port_info 2 /INPUT 1 "cin"
    .port_info 3 /OUTPUT 1 "sum"
    .port_info 4 /OUTPUT 1 "carry"
L_0x55e6d6806660 .functor XOR 1, L_0x55e6d6806c20, L_0x55e6d6806d50, C4<0>, C4<0>;
L_0x55e6d68066f0 .functor XOR 1, L_0x55e6d6806660, L_0x7f6bda9a5060, C4<0>, C4<0>;
L_0x55e6d68067f0 .functor AND 1, L_0x55e6d6806c20, L_0x55e6d6806d50, C4<1>, C4<1>;
L_0x55e6d68068b0 .functor AND 1, L_0x55e6d6806d50, L_0x7f6bda9a5060, C4<1>, C4<1>;
L_0x55e6d6806950 .functor OR 1, L_0x55e6d68067f0, L_0x55e6d68068b0, C4<0>, C4<0>;
L_0x55e6d6806a60 .functor AND 1, L_0x55e6d6806c20, L_0x7f6bda9a5060, C4<1>, C4<1>;
L_0x55e6d6806b10 .functor OR 1, L_0x55e6d6806950, L_0x55e6d6806a60, C4<0>, C4<0>;
v0x55e6d67f5c80_0 .net *"_s0", 0 0, L_0x55e6d6806660;  1 drivers
v0x55e6d67f5d80_0 .net *"_s10", 0 0, L_0x55e6d6806a60;  1 drivers
v0x55e6d67f5e60_0 .net *"_s4", 0 0, L_0x55e6d68067f0;  1 drivers
v0x55e6d67f5f50_0 .net *"_s6", 0 0, L_0x55e6d68068b0;  1 drivers
v0x55e6d67f6030_0 .net *"_s8", 0 0, L_0x55e6d6806950;  1 drivers
v0x55e6d67f6160_0 .net "a", 0 0, L_0x55e6d6806c20;  1 drivers
v0x55e6d67f6220_0 .net "b", 0 0, L_0x55e6d6806d50;  1 drivers
v0x55e6d67f62e0_0 .net "carry", 0 0, L_0x55e6d6806b10;  alias, 1 drivers
v0x55e6d67f63a0_0 .net "cin", 0 0, L_0x7f6bda9a5060;  alias, 1 drivers
v0x55e6d67f6460_0 .net "sum", 0 0, L_0x55e6d68066f0;  1 drivers
S_0x55e6d67f65c0 .scope module, "fa_1" "FullAdder" 7 9, 8 1 0, S_0x55e6d67f5770;
 .timescale 0 0;
    .port_info 0 /INPUT 1 "a"
    .port_info 1 /INPUT 1 "b"
    .port_info 2 /INPUT 1 "cin"
    .port_info 3 /OUTPUT 1 "sum"
    .port_info 4 /OUTPUT 1 "carry"
L_0x55e6d6806e80 .functor XOR 1, L_0x55e6d6807400, L_0x55e6d6807530, C4<0>, C4<0>;
L_0x55e6d6806ef0 .functor XOR 1, L_0x55e6d6806e80, L_0x55e6d6806b10, C4<0>, C4<0>;
L_0x55e6d6807020 .functor AND 1, L_0x55e6d6807400, L_0x55e6d6807530, C4<1>, C4<1>;
L_0x55e6d6807090 .functor AND 1, L_0x55e6d6807530, L_0x55e6d6806b10, C4<1>, C4<1>;
L_0x55e6d6807130 .functor OR 1, L_0x55e6d6807020, L_0x55e6d6807090, C4<0>, C4<0>;
L_0x55e6d6807240 .functor AND 1, L_0x55e6d6807400, L_0x55e6d6806b10, C4<1>, C4<1>;
L_0x55e6d68072f0 .functor OR 1, L_0x55e6d6807130, L_0x55e6d6807240, C4<0>, C4<0>;
v0x55e6d67f67e0_0 .net *"_s0", 0 0, L_0x55e6d6806e80;  1 drivers
v0x55e6d67f68c0_0 .net *"_s10", 0 0, L_0x55e6d6807240;  1 drivers
v0x55e6d67f69a0_0 .net *"_s4", 0 0, L_0x55e6d6807020;  1 drivers
v0x55e6d67f6a90_0 .net *"_s6", 0 0, L_0x55e6d6807090;  1 drivers
v0x55e6d67f6b70_0 .net *"_s8", 0 0, L_0x55e6d6807130;  1 drivers
v0x55e6d67f6ca0_0 .net "a", 0 0, L_0x55e6d6807400;  1 drivers
v0x55e6d67f6d60_0 .net "b", 0 0, L_0x55e6d6807530;  1 drivers
v0x55e6d67f6e20_0 .net "carry", 0 0, L_0x55e6d68072f0;  alias, 1 drivers
v0x55e6d67f6ee0_0 .net "cin", 0 0, L_0x55e6d6806b10;  alias, 1 drivers
v0x55e6d67f7010_0 .net "sum", 0 0, L_0x55e6d6806ef0;  1 drivers
S_0x55e6d67f7180 .scope module, "fa_2" "FullAdder" 7 10, 8 1 0, S_0x55e6d67f5770;
 .timescale 0 0;
    .port_info 0 /INPUT 1 "a"
    .port_info 1 /INPUT 1 "b"
    .port_info 2 /INPUT 1 "cin"
    .port_info 3 /OUTPUT 1 "sum"
    .port_info 4 /OUTPUT 1 "carry"
L_0x55e6d6807690 .functor XOR 1, L_0x55e6d6807c80, L_0x55e6d6807db0, C4<0>, C4<0>;
L_0x55e6d6807700 .functor XOR 1, L_0x55e6d6807690, L_0x55e6d68072f0, C4<0>, C4<0>;
L_0x55e6d6807850 .functor AND 1, L_0x55e6d6807c80, L_0x55e6d6807db0, C4<1>, C4<1>;
L_0x55e6d6807910 .functor AND 1, L_0x55e6d6807db0, L_0x55e6d68072f0, C4<1>, C4<1>;
L_0x55e6d68079b0 .functor OR 1, L_0x55e6d6807850, L_0x55e6d6807910, C4<0>, C4<0>;
L_0x55e6d6807ac0 .functor AND 1, L_0x55e6d6807c80, L_0x55e6d68072f0, C4<1>, C4<1>;
L_0x55e6d6807b70 .functor OR 1, L_0x55e6d68079b0, L_0x55e6d6807ac0, C4<0>, C4<0>;
v0x55e6d67f73b0_0 .net *"_s0", 0 0, L_0x55e6d6807690;  1 drivers
v0x55e6d67f7490_0 .net *"_s10", 0 0, L_0x55e6d6807ac0;  1 drivers
v0x55e6d67f7570_0 .net *"_s4", 0 0, L_0x55e6d6807850;  1 drivers
v0x55e6d67f7660_0 .net *"_s6", 0 0, L_0x55e6d6807910;  1 drivers
v0x55e6d67f7740_0 .net *"_s8", 0 0, L_0x55e6d68079b0;  1 drivers
v0x55e6d67f7870_0 .net "a", 0 0, L_0x55e6d6807c80;  1 drivers
v0x55e6d67f7930_0 .net "b", 0 0, L_0x55e6d6807db0;  1 drivers
v0x55e6d67f79f0_0 .net "carry", 0 0, L_0x55e6d6807b70;  alias, 1 drivers
v0x55e6d67f7ab0_0 .net "cin", 0 0, L_0x55e6d68072f0;  alias, 1 drivers
v0x55e6d67f7be0_0 .net "sum", 0 0, L_0x55e6d6807700;  1 drivers
S_0x55e6d67f7d50 .scope module, "fa_3" "FullAdder" 7 11, 8 1 0, S_0x55e6d67f5770;
 .timescale 0 0;
    .port_info 0 /INPUT 1 "a"
    .port_info 1 /INPUT 1 "b"
    .port_info 2 /INPUT 1 "cin"
    .port_info 3 /OUTPUT 1 "sum"
    .port_info 4 /OUTPUT 1 "carry"
L_0x55e6d6807f20 .functor XOR 1, L_0x55e6d6808470, L_0x55e6d6808630, C4<0>, C4<0>;
L_0x55e6d6807f90 .functor XOR 1, L_0x55e6d6807f20, L_0x55e6d6807b70, C4<0>, C4<0>;
L_0x55e6d6808090 .functor AND 1, L_0x55e6d6808470, L_0x55e6d6808630, C4<1>, C4<1>;
L_0x55e6d6808100 .functor AND 1, L_0x55e6d6808630, L_0x55e6d6807b70, C4<1>, C4<1>;
L_0x55e6d68081a0 .functor OR 1, L_0x55e6d6808090, L_0x55e6d6808100, C4<0>, C4<0>;
L_0x55e6d68082b0 .functor AND 1, L_0x55e6d6808470, L_0x55e6d6807b70, C4<1>, C4<1>;
L_0x55e6d6808360 .functor OR 1, L_0x55e6d68081a0, L_0x55e6d68082b0, C4<0>, C4<0>;
v0x55e6d67f7f50_0 .net *"_s0", 0 0, L_0x55e6d6807f20;  1 drivers
v0x55e6d67f8050_0 .net *"_s10", 0 0, L_0x55e6d68082b0;  1 drivers
v0x55e6d67f8130_0 .net *"_s4", 0 0, L_0x55e6d6808090;  1 drivers
v0x55e6d67f8220_0 .net *"_s6", 0 0, L_0x55e6d6808100;  1 drivers
v0x55e6d67f8300_0 .net *"_s8", 0 0, L_0x55e6d68081a0;  1 drivers
v0x55e6d67f8430_0 .net "a", 0 0, L_0x55e6d6808470;  1 drivers
v0x55e6d67f84f0_0 .net "b", 0 0, L_0x55e6d6808630;  1 drivers
v0x55e6d67f85b0_0 .net "carry", 0 0, L_0x55e6d6808360;  alias, 1 drivers
v0x55e6d67f8670_0 .net "cin", 0 0, L_0x55e6d6807b70;  alias, 1 drivers
v0x55e6d67f87a0_0 .net "sum", 0 0, L_0x55e6d6807f90;  1 drivers
S_0x55e6d67f9080 .scope module, "fba_1" "FourBitAdder" 6 9, 7 2 0, S_0x55e6d67f5520;
 .timescale 0 0;
    .port_info 0 /INPUT 4 "a"
    .port_info 1 /INPUT 4 "b"
    .port_info 2 /INPUT 1 "cin"
    .port_info 3 /OUTPUT 4 "sum"
    .port_info 4 /OUTPUT 1 "carry"
v0x55e6d67fc200_0 .net "a", 3 0, L_0x55e6d680aba0;  1 drivers
v0x55e6d67fc300_0 .net "b", 3 0, L_0x55e6d680ac90;  1 drivers
v0x55e6d67fc3e0_0 .net "carry", 0 0, L_0x55e6d680a620;  alias, 1 drivers
v0x55e6d67fc4b0_0 .net "cin", 0 0, L_0x55e6d6808360;  alias, 1 drivers
v0x55e6d67fc550_0 .net "sum", 3 0, L_0x55e6d680ab00;  1 drivers
v0x55e6d67fc5f0_0 .net "w0", 0 0, L_0x55e6d6808e90;  1 drivers
v0x55e6d67fc6e0_0 .net "w1", 0 0, L_0x55e6d68095b0;  1 drivers
v0x55e6d67fc7d0_0 .net "w2", 0 0, L_0x55e6d6809e30;  1 drivers
L_0x55e6d6808fa0 .part L_0x55e6d680aba0, 0, 1;
L_0x55e6d6809040 .part L_0x55e6d680ac90, 0, 1;
L_0x55e6d68096c0 .part L_0x55e6d680aba0, 1, 1;
L_0x55e6d68097f0 .part L_0x55e6d680ac90, 1, 1;
L_0x55e6d6809f40 .part L_0x55e6d680aba0, 2, 1;
L_0x55e6d680a070 .part L_0x55e6d680ac90, 2, 1;
L_0x55e6d680a730 .part L_0x55e6d680aba0, 3, 1;
L_0x55e6d680a8f0 .part L_0x55e6d680ac90, 3, 1;
L_0x55e6d680ab00 .concat8 [ 1 1 1 1], L_0x55e6d6808a90, L_0x55e6d68091e0, L_0x55e6d68099c0, L_0x55e6d680a250;
S_0x55e6d67f92f0 .scope module, "fa_0" "FullAdder" 7 8, 8 1 0, S_0x55e6d67f9080;
 .timescale 0 0;
    .port_info 0 /INPUT 1 "a"
    .port_info 1 /INPUT 1 "b"
    .port_info 2 /INPUT 1 "cin"
    .port_info 3 /OUTPUT 1 "sum"
    .port_info 4 /OUTPUT 1 "carry"
L_0x55e6d6808a20 .functor XOR 1, L_0x55e6d6808fa0, L_0x55e6d6809040, C4<0>, C4<0>;
L_0x55e6d6808a90 .functor XOR 1, L_0x55e6d6808a20, L_0x55e6d6808360, C4<0>, C4<0>;
L_0x55e6d6808b50 .functor AND 1, L_0x55e6d6808fa0, L_0x55e6d6809040, C4<1>, C4<1>;
L_0x55e6d6808c60 .functor AND 1, L_0x55e6d6809040, L_0x55e6d6808360, C4<1>, C4<1>;
L_0x55e6d6808cd0 .functor OR 1, L_0x55e6d6808b50, L_0x55e6d6808c60, C4<0>, C4<0>;
L_0x55e6d6808de0 .functor AND 1, L_0x55e6d6808fa0, L_0x55e6d6808360, C4<1>, C4<1>;
L_0x55e6d6808e90 .functor OR 1, L_0x55e6d6808cd0, L_0x55e6d6808de0, C4<0>, C4<0>;
v0x55e6d67f9540_0 .net *"_s0", 0 0, L_0x55e6d6808a20;  1 drivers
v0x55e6d67f9640_0 .net *"_s10", 0 0, L_0x55e6d6808de0;  1 drivers
v0x55e6d67f9720_0 .net *"_s4", 0 0, L_0x55e6d6808b50;  1 drivers
v0x55e6d67f97e0_0 .net *"_s6", 0 0, L_0x55e6d6808c60;  1 drivers
v0x55e6d67f98c0_0 .net *"_s8", 0 0, L_0x55e6d6808cd0;  1 drivers
v0x55e6d67f99f0_0 .net "a", 0 0, L_0x55e6d6808fa0;  1 drivers
v0x55e6d67f9ab0_0 .net "b", 0 0, L_0x55e6d6809040;  1 drivers
v0x55e6d67f9b70_0 .net "carry", 0 0, L_0x55e6d6808e90;  alias, 1 drivers
v0x55e6d67f9c30_0 .net "cin", 0 0, L_0x55e6d6808360;  alias, 1 drivers
v0x55e6d67f9d60_0 .net "sum", 0 0, L_0x55e6d6808a90;  1 drivers
S_0x55e6d67f9ec0 .scope module, "fa_1" "FullAdder" 7 9, 8 1 0, S_0x55e6d67f9080;
 .timescale 0 0;
    .port_info 0 /INPUT 1 "a"
    .port_info 1 /INPUT 1 "b"
    .port_info 2 /INPUT 1 "cin"
    .port_info 3 /OUTPUT 1 "sum"
    .port_info 4 /OUTPUT 1 "carry"
L_0x55e6d6809170 .functor XOR 1, L_0x55e6d68096c0, L_0x55e6d68097f0, C4<0>, C4<0>;
L_0x55e6d68091e0 .functor XOR 1, L_0x55e6d6809170, L_0x55e6d6808e90, C4<0>, C4<0>;
L_0x55e6d68092e0 .functor AND 1, L_0x55e6d68096c0, L_0x55e6d68097f0, C4<1>, C4<1>;
L_0x55e6d6809350 .functor AND 1, L_0x55e6d68097f0, L_0x55e6d6808e90, C4<1>, C4<1>;
L_0x55e6d68093f0 .functor OR 1, L_0x55e6d68092e0, L_0x55e6d6809350, C4<0>, C4<0>;
L_0x55e6d6809500 .functor AND 1, L_0x55e6d68096c0, L_0x55e6d6808e90, C4<1>, C4<1>;
L_0x55e6d68095b0 .functor OR 1, L_0x55e6d68093f0, L_0x55e6d6809500, C4<0>, C4<0>;
v0x55e6d67fa130_0 .net *"_s0", 0 0, L_0x55e6d6809170;  1 drivers
v0x55e6d67fa210_0 .net *"_s10", 0 0, L_0x55e6d6809500;  1 drivers
v0x55e6d67fa2f0_0 .net *"_s4", 0 0, L_0x55e6d68092e0;  1 drivers
v0x55e6d67fa3b0_0 .net *"_s6", 0 0, L_0x55e6d6809350;  1 drivers
v0x55e6d67fa490_0 .net *"_s8", 0 0, L_0x55e6d68093f0;  1 drivers
v0x55e6d67fa5c0_0 .net "a", 0 0, L_0x55e6d68096c0;  1 drivers
v0x55e6d67fa680_0 .net "b", 0 0, L_0x55e6d68097f0;  1 drivers
v0x55e6d67fa740_0 .net "carry", 0 0, L_0x55e6d68095b0;  alias, 1 drivers
v0x55e6d67fa800_0 .net "cin", 0 0, L_0x55e6d6808e90;  alias, 1 drivers
v0x55e6d67fa930_0 .net "sum", 0 0, L_0x55e6d68091e0;  1 drivers
S_0x55e6d67faa70 .scope module, "fa_2" "FullAdder" 7 10, 8 1 0, S_0x55e6d67f9080;
 .timescale 0 0;
    .port_info 0 /INPUT 1 "a"
    .port_info 1 /INPUT 1 "b"
    .port_info 2 /INPUT 1 "cin"
    .port_info 3 /OUTPUT 1 "sum"
    .port_info 4 /OUTPUT 1 "carry"
L_0x55e6d6809950 .functor XOR 1, L_0x55e6d6809f40, L_0x55e6d680a070, C4<0>, C4<0>;
L_0x55e6d68099c0 .functor XOR 1, L_0x55e6d6809950, L_0x55e6d68095b0, C4<0>, C4<0>;
L_0x55e6d6809b10 .functor AND 1, L_0x55e6d6809f40, L_0x55e6d680a070, C4<1>, C4<1>;
L_0x55e6d6809bd0 .functor AND 1, L_0x55e6d680a070, L_0x55e6d68095b0, C4<1>, C4<1>;
L_0x55e6d6809c70 .functor OR 1, L_0x55e6d6809b10, L_0x55e6d6809bd0, C4<0>, C4<0>;
L_0x55e6d6809d80 .functor AND 1, L_0x55e6d6809f40, L_0x55e6d68095b0, C4<1>, C4<1>;
L_0x55e6d6809e30 .functor OR 1, L_0x55e6d6809c70, L_0x55e6d6809d80, C4<0>, C4<0>;
v0x55e6d67faca0_0 .net *"_s0", 0 0, L_0x55e6d6809950;  1 drivers
v0x55e6d67fad80_0 .net *"_s10", 0 0, L_0x55e6d6809d80;  1 drivers
v0x55e6d67fae60_0 .net *"_s4", 0 0, L_0x55e6d6809b10;  1 drivers
v0x55e6d67faf50_0 .net *"_s6", 0 0, L_0x55e6d6809bd0;  1 drivers
v0x55e6d67fb030_0 .net *"_s8", 0 0, L_0x55e6d6809c70;  1 drivers
v0x55e6d67fb160_0 .net "a", 0 0, L_0x55e6d6809f40;  1 drivers
v0x55e6d67fb220_0 .net "b", 0 0, L_0x55e6d680a070;  1 drivers
v0x55e6d67fb2e0_0 .net "carry", 0 0, L_0x55e6d6809e30;  alias, 1 drivers
v0x55e6d67fb3a0_0 .net "cin", 0 0, L_0x55e6d68095b0;  alias, 1 drivers
v0x55e6d67fb4d0_0 .net "sum", 0 0, L_0x55e6d68099c0;  1 drivers
S_0x55e6d67fb640 .scope module, "fa_3" "FullAdder" 7 11, 8 1 0, S_0x55e6d67f9080;
 .timescale 0 0;
    .port_info 0 /INPUT 1 "a"
    .port_info 1 /INPUT 1 "b"
    .port_info 2 /INPUT 1 "cin"
    .port_info 3 /OUTPUT 1 "sum"
    .port_info 4 /OUTPUT 1 "carry"
L_0x55e6d680a1e0 .functor XOR 1, L_0x55e6d680a730, L_0x55e6d680a8f0, C4<0>, C4<0>;
L_0x55e6d680a250 .functor XOR 1, L_0x55e6d680a1e0, L_0x55e6d6809e30, C4<0>, C4<0>;
L_0x55e6d680a350 .functor AND 1, L_0x55e6d680a730, L_0x55e6d680a8f0, C4<1>, C4<1>;
L_0x55e6d680a3c0 .functor AND 1, L_0x55e6d680a8f0, L_0x55e6d6809e30, C4<1>, C4<1>;
L_0x55e6d680a460 .functor OR 1, L_0x55e6d680a350, L_0x55e6d680a3c0, C4<0>, C4<0>;
L_0x55e6d680a570 .functor AND 1, L_0x55e6d680a730, L_0x55e6d6809e30, C4<1>, C4<1>;
L_0x55e6d680a620 .functor OR 1, L_0x55e6d680a460, L_0x55e6d680a570, C4<0>, C4<0>;
v0x55e6d67fb840_0 .net *"_s0", 0 0, L_0x55e6d680a1e0;  1 drivers
v0x55e6d67fb940_0 .net *"_s10", 0 0, L_0x55e6d680a570;  1 drivers
v0x55e6d67fba20_0 .net *"_s4", 0 0, L_0x55e6d680a350;  1 drivers
v0x55e6d67fbb10_0 .net *"_s6", 0 0, L_0x55e6d680a3c0;  1 drivers
v0x55e6d67fbbf0_0 .net *"_s8", 0 0, L_0x55e6d680a460;  1 drivers
v0x55e6d67fbd20_0 .net "a", 0 0, L_0x55e6d680a730;  1 drivers
v0x55e6d67fbde0_0 .net "b", 0 0, L_0x55e6d680a8f0;  1 drivers
v0x55e6d67fbea0_0 .net "carry", 0 0, L_0x55e6d680a620;  alias, 1 drivers
v0x55e6d67fbf60_0 .net "cin", 0 0, L_0x55e6d6809e30;  alias, 1 drivers
v0x55e6d67fc090_0 .net "sum", 0 0, L_0x55e6d680a250;  1 drivers
S_0x55e6d67fd000 .scope module, "eba_1" "EightBitAdder" 5 9, 6 2 0, S_0x55e6d67f52b0;
 .timescale 0 0;
    .port_info 0 /INPUT 8 "a"
    .port_info 1 /INPUT 8 "b"
    .port_info 2 /INPUT 1 "cin"
    .port_info 3 /OUTPUT 8 "sum"
    .port_info 4 /OUTPUT 1 "carry"
v0x55e6d68043d0_0 .net "a", 7 0, L_0x55e6d680f8f0;  1 drivers
v0x55e6d68044d0_0 .net "b", 7 0, L_0x55e6d680fa20;  1 drivers
v0x55e6d68045b0_0 .net "carry", 0 0, L_0x55e6d680f050;  alias, 1 drivers
v0x55e6d68046a0_0 .net "cin", 0 0, L_0x55e6d680a620;  alias, 1 drivers
v0x55e6d6804740_0 .net "sum", 7 0, L_0x55e6d680f7b0;  1 drivers
v0x55e6d6804850_0 .net "w0", 0 0, L_0x55e6d680cc80;  1 drivers
L_0x55e6d680d200 .part L_0x55e6d680f8f0, 0, 4;
L_0x55e6d680d2a0 .part L_0x55e6d680fa20, 0, 4;
L_0x55e6d680f5d0 .part L_0x55e6d680f8f0, 4, 4;
L_0x55e6d680f6c0 .part L_0x55e6d680fa20, 4, 4;
L_0x55e6d680f7b0 .concat8 [ 4 4 0 0], L_0x55e6d680d160, L_0x55e6d680f530;
S_0x55e6d67fd220 .scope module, "fba_0" "FourBitAdder" 6 8, 7 2 0, S_0x55e6d67fd000;
 .timescale 0 0;
    .port_info 0 /INPUT 4 "a"
    .port_info 1 /INPUT 4 "b"
    .port_info 2 /INPUT 1 "cin"
    .port_info 3 /OUTPUT 4 "sum"
    .port_info 4 /OUTPUT 1 "carry"
v0x55e6d6800350_0 .net "a", 3 0, L_0x55e6d680d200;  1 drivers
v0x55e6d6800450_0 .net "b", 3 0, L_0x55e6d680d2a0;  1 drivers
v0x55e6d6800530_0 .net "carry", 0 0, L_0x55e6d680cc80;  alias, 1 drivers
v0x55e6d6800600_0 .net "cin", 0 0, L_0x55e6d680a620;  alias, 1 drivers
v0x55e6d6800730_0 .net "sum", 3 0, L_0x55e6d680d160;  1 drivers
v0x55e6d68007d0_0 .net "w0", 0 0, L_0x55e6d680b580;  1 drivers
v0x55e6d6800870_0 .net "w1", 0 0, L_0x55e6d680bc70;  1 drivers
v0x55e6d6800960_0 .net "w2", 0 0, L_0x55e6d680c4c0;  1 drivers
L_0x55e6d680b690 .part L_0x55e6d680d200, 0, 1;
L_0x55e6d680b730 .part L_0x55e6d680d2a0, 0, 1;
L_0x55e6d680bd80 .part L_0x55e6d680d200, 1, 1;
L_0x55e6d680beb0 .part L_0x55e6d680d2a0, 1, 1;
L_0x55e6d680c5d0 .part L_0x55e6d680d200, 2, 1;
L_0x55e6d680c700 .part L_0x55e6d680d2a0, 2, 1;
L_0x55e6d680cd90 .part L_0x55e6d680d200, 3, 1;
L_0x55e6d680cf50 .part L_0x55e6d680d2a0, 3, 1;
L_0x55e6d680d160 .concat8 [ 1 1 1 1], L_0x55e6d680b070, L_0x55e6d680b8d0, L_0x55e6d680c050, L_0x55e6d680c8e0;
S_0x55e6d67fd470 .scope module, "fa_0" "FullAdder" 7 8, 8 1 0, S_0x55e6d67fd220;
 .timescale 0 0;
    .port_info 0 /INPUT 1 "a"
    .port_info 1 /INPUT 1 "b"
    .port_info 2 /INPUT 1 "cin"
    .port_info 3 /OUTPUT 1 "sum"
    .port_info 4 /OUTPUT 1 "carry"
L_0x55e6d680b000 .functor XOR 1, L_0x55e6d680b690, L_0x55e6d680b730, C4<0>, C4<0>;
L_0x55e6d680b070 .functor XOR 1, L_0x55e6d680b000, L_0x55e6d680a620, C4<0>, C4<0>;
L_0x55e6d680b240 .functor AND 1, L_0x55e6d680b690, L_0x55e6d680b730, C4<1>, C4<1>;
L_0x55e6d680b350 .functor AND 1, L_0x55e6d680b730, L_0x55e6d680a620, C4<1>, C4<1>;
L_0x55e6d680b3c0 .functor OR 1, L_0x55e6d680b240, L_0x55e6d680b350, C4<0>, C4<0>;
L_0x55e6d680b4d0 .functor AND 1, L_0x55e6d680b690, L_0x55e6d680a620, C4<1>, C4<1>;
L_0x55e6d680b580 .functor OR 1, L_0x55e6d680b3c0, L_0x55e6d680b4d0, C4<0>, C4<0>;
v0x55e6d67fd6e0_0 .net *"_s0", 0 0, L_0x55e6d680b000;  1 drivers
v0x55e6d67fd7e0_0 .net *"_s10", 0 0, L_0x55e6d680b4d0;  1 drivers
v0x55e6d67fd8c0_0 .net *"_s4", 0 0, L_0x55e6d680b240;  1 drivers
v0x55e6d67fd980_0 .net *"_s6", 0 0, L_0x55e6d680b350;  1 drivers
v0x55e6d67fda60_0 .net *"_s8", 0 0, L_0x55e6d680b3c0;  1 drivers
v0x55e6d67fdb90_0 .net "a", 0 0, L_0x55e6d680b690;  1 drivers
v0x55e6d67fdc50_0 .net "b", 0 0, L_0x55e6d680b730;  1 drivers
v0x55e6d67fdd10_0 .net "carry", 0 0, L_0x55e6d680b580;  alias, 1 drivers
v0x55e6d67fddd0_0 .net "cin", 0 0, L_0x55e6d680a620;  alias, 1 drivers
v0x55e6d67fdf00_0 .net "sum", 0 0, L_0x55e6d680b070;  1 drivers
S_0x55e6d67fe060 .scope module, "fa_1" "FullAdder" 7 9, 8 1 0, S_0x55e6d67fd220;
 .timescale 0 0;
    .port_info 0 /INPUT 1 "a"
    .port_info 1 /INPUT 1 "b"
    .port_info 2 /INPUT 1 "cin"
    .port_info 3 /OUTPUT 1 "sum"
    .port_info 4 /OUTPUT 1 "carry"
L_0x55e6d680b860 .functor XOR 1, L_0x55e6d680bd80, L_0x55e6d680beb0, C4<0>, C4<0>;
L_0x55e6d680b8d0 .functor XOR 1, L_0x55e6d680b860, L_0x55e6d680b580, C4<0>, C4<0>;
L_0x55e6d680b9d0 .functor AND 1, L_0x55e6d680bd80, L_0x55e6d680beb0, C4<1>, C4<1>;
L_0x55e6d680ba40 .functor AND 1, L_0x55e6d680beb0, L_0x55e6d680b580, C4<1>, C4<1>;
L_0x55e6d680bab0 .functor OR 1, L_0x55e6d680b9d0, L_0x55e6d680ba40, C4<0>, C4<0>;
L_0x55e6d680bbc0 .functor AND 1, L_0x55e6d680bd80, L_0x55e6d680b580, C4<1>, C4<1>;
L_0x55e6d680bc70 .functor OR 1, L_0x55e6d680bab0, L_0x55e6d680bbc0, C4<0>, C4<0>;
v0x55e6d67fe280_0 .net *"_s0", 0 0, L_0x55e6d680b860;  1 drivers
v0x55e6d67fe360_0 .net *"_s10", 0 0, L_0x55e6d680bbc0;  1 drivers
v0x55e6d67fe440_0 .net *"_s4", 0 0, L_0x55e6d680b9d0;  1 drivers
v0x55e6d67fe500_0 .net *"_s6", 0 0, L_0x55e6d680ba40;  1 drivers
v0x55e6d67fe5e0_0 .net *"_s8", 0 0, L_0x55e6d680bab0;  1 drivers
v0x55e6d67fe710_0 .net "a", 0 0, L_0x55e6d680bd80;  1 drivers
v0x55e6d67fe7d0_0 .net "b", 0 0, L_0x55e6d680beb0;  1 drivers
v0x55e6d67fe890_0 .net "carry", 0 0, L_0x55e6d680bc70;  alias, 1 drivers
v0x55e6d67fe950_0 .net "cin", 0 0, L_0x55e6d680b580;  alias, 1 drivers
v0x55e6d67fea80_0 .net "sum", 0 0, L_0x55e6d680b8d0;  1 drivers
S_0x55e6d67febc0 .scope module, "fa_2" "FullAdder" 7 10, 8 1 0, S_0x55e6d67fd220;
 .timescale 0 0;
    .port_info 0 /INPUT 1 "a"
    .port_info 1 /INPUT 1 "b"
    .port_info 2 /INPUT 1 "cin"
    .port_info 3 /OUTPUT 1 "sum"
    .port_info 4 /OUTPUT 1 "carry"
L_0x55e6d680bfe0 .functor XOR 1, L_0x55e6d680c5d0, L_0x55e6d680c700, C4<0>, C4<0>;
L_0x55e6d680c050 .functor XOR 1, L_0x55e6d680bfe0, L_0x55e6d680bc70, C4<0>, C4<0>;
L_0x55e6d680c1a0 .functor AND 1, L_0x55e6d680c5d0, L_0x55e6d680c700, C4<1>, C4<1>;
L_0x55e6d680c260 .functor AND 1, L_0x55e6d680c700, L_0x55e6d680bc70, C4<1>, C4<1>;
L_0x55e6d680c300 .functor OR 1, L_0x55e6d680c1a0, L_0x55e6d680c260, C4<0>, C4<0>;
L_0x55e6d680c410 .functor AND 1, L_0x55e6d680c5d0, L_0x55e6d680bc70, C4<1>, C4<1>;
L_0x55e6d680c4c0 .functor OR 1, L_0x55e6d680c300, L_0x55e6d680c410, C4<0>, C4<0>;
v0x55e6d67fedf0_0 .net *"_s0", 0 0, L_0x55e6d680bfe0;  1 drivers
v0x55e6d67feed0_0 .net *"_s10", 0 0, L_0x55e6d680c410;  1 drivers
v0x55e6d67fefb0_0 .net *"_s4", 0 0, L_0x55e6d680c1a0;  1 drivers
v0x55e6d67ff0a0_0 .net *"_s6", 0 0, L_0x55e6d680c260;  1 drivers
v0x55e6d67ff180_0 .net *"_s8", 0 0, L_0x55e6d680c300;  1 drivers
v0x55e6d67ff2b0_0 .net "a", 0 0, L_0x55e6d680c5d0;  1 drivers
v0x55e6d67ff370_0 .net "b", 0 0, L_0x55e6d680c700;  1 drivers
v0x55e6d67ff430_0 .net "carry", 0 0, L_0x55e6d680c4c0;  alias, 1 drivers
v0x55e6d67ff4f0_0 .net "cin", 0 0, L_0x55e6d680bc70;  alias, 1 drivers
v0x55e6d67ff620_0 .net "sum", 0 0, L_0x55e6d680c050;  1 drivers
S_0x55e6d67ff790 .scope module, "fa_3" "FullAdder" 7 11, 8 1 0, S_0x55e6d67fd220;
 .timescale 0 0;
    .port_info 0 /INPUT 1 "a"
    .port_info 1 /INPUT 1 "b"
    .port_info 2 /INPUT 1 "cin"
    .port_info 3 /OUTPUT 1 "sum"
    .port_info 4 /OUTPUT 1 "carry"
L_0x55e6d680c870 .functor XOR 1, L_0x55e6d680cd90, L_0x55e6d680cf50, C4<0>, C4<0>;
L_0x55e6d680c8e0 .functor XOR 1, L_0x55e6d680c870, L_0x55e6d680c4c0, C4<0>, C4<0>;
L_0x55e6d680c9e0 .functor AND 1, L_0x55e6d680cd90, L_0x55e6d680cf50, C4<1>, C4<1>;
L_0x55e6d680ca50 .functor AND 1, L_0x55e6d680cf50, L_0x55e6d680c4c0, C4<1>, C4<1>;
L_0x55e6d680cac0 .functor OR 1, L_0x55e6d680c9e0, L_0x55e6d680ca50, C4<0>, C4<0>;
L_0x55e6d680cbd0 .functor AND 1, L_0x55e6d680cd90, L_0x55e6d680c4c0, C4<1>, C4<1>;
L_0x55e6d680cc80 .functor OR 1, L_0x55e6d680cac0, L_0x55e6d680cbd0, C4<0>, C4<0>;
v0x55e6d67ff990_0 .net *"_s0", 0 0, L_0x55e6d680c870;  1 drivers
v0x55e6d67ffa90_0 .net *"_s10", 0 0, L_0x55e6d680cbd0;  1 drivers
v0x55e6d67ffb70_0 .net *"_s4", 0 0, L_0x55e6d680c9e0;  1 drivers
v0x55e6d67ffc60_0 .net *"_s6", 0 0, L_0x55e6d680ca50;  1 drivers
v0x55e6d67ffd40_0 .net *"_s8", 0 0, L_0x55e6d680cac0;  1 drivers
v0x55e6d67ffe70_0 .net "a", 0 0, L_0x55e6d680cd90;  1 drivers
v0x55e6d67fff30_0 .net "b", 0 0, L_0x55e6d680cf50;  1 drivers
v0x55e6d67ffff0_0 .net "carry", 0 0, L_0x55e6d680cc80;  alias, 1 drivers
v0x55e6d68000b0_0 .net "cin", 0 0, L_0x55e6d680c4c0;  alias, 1 drivers
v0x55e6d68001e0_0 .net "sum", 0 0, L_0x55e6d680c8e0;  1 drivers
S_0x55e6d6800af0 .scope module, "fba_1" "FourBitAdder" 6 9, 7 2 0, S_0x55e6d67fd000;
 .timescale 0 0;
    .port_info 0 /INPUT 4 "a"
    .port_info 1 /INPUT 4 "b"
    .port_info 2 /INPUT 1 "cin"
    .port_info 3 /OUTPUT 4 "sum"
    .port_info 4 /OUTPUT 1 "carry"
v0x55e6d6803c70_0 .net "a", 3 0, L_0x55e6d680f5d0;  1 drivers
v0x55e6d6803d70_0 .net "b", 3 0, L_0x55e6d680f6c0;  1 drivers
v0x55e6d6803e50_0 .net "carry", 0 0, L_0x55e6d680f050;  alias, 1 drivers
v0x55e6d6803f20_0 .net "cin", 0 0, L_0x55e6d680cc80;  alias, 1 drivers
v0x55e6d6803fc0_0 .net "sum", 3 0, L_0x55e6d680f530;  1 drivers
v0x55e6d6804060_0 .net "w0", 0 0, L_0x55e6d680d8c0;  1 drivers
v0x55e6d6804150_0 .net "w1", 0 0, L_0x55e6d680dfe0;  1 drivers
v0x55e6d6804240_0 .net "w2", 0 0, L_0x55e6d680e860;  1 drivers
L_0x55e6d680d9d0 .part L_0x55e6d680f5d0, 0, 1;
L_0x55e6d680da70 .part L_0x55e6d680f6c0, 0, 1;
L_0x55e6d680e0f0 .part L_0x55e6d680f5d0, 1, 1;
L_0x55e6d680e220 .part L_0x55e6d680f6c0, 1, 1;
L_0x55e6d680e970 .part L_0x55e6d680f5d0, 2, 1;
L_0x55e6d680eaa0 .part L_0x55e6d680f6c0, 2, 1;
L_0x55e6d680f160 .part L_0x55e6d680f5d0, 3, 1;
L_0x55e6d680f320 .part L_0x55e6d680f6c0, 3, 1;
L_0x55e6d680f530 .concat8 [ 1 1 1 1], L_0x55e6d680d3b0, L_0x55e6d680dc10, L_0x55e6d680e3f0, L_0x55e6d680ec80;
S_0x55e6d6800d60 .scope module, "fa_0" "FullAdder" 7 8, 8 1 0, S_0x55e6d6800af0;
 .timescale 0 0;
    .port_info 0 /INPUT 1 "a"
    .port_info 1 /INPUT 1 "b"
    .port_info 2 /INPUT 1 "cin"
    .port_info 3 /OUTPUT 1 "sum"
    .port_info 4 /OUTPUT 1 "carry"
L_0x55e6d680d340 .functor XOR 1, L_0x55e6d680d9d0, L_0x55e6d680da70, C4<0>, C4<0>;
L_0x55e6d680d3b0 .functor XOR 1, L_0x55e6d680d340, L_0x55e6d680cc80, C4<0>, C4<0>;
L_0x55e6d680d470 .functor AND 1, L_0x55e6d680d9d0, L_0x55e6d680da70, C4<1>, C4<1>;
L_0x55e6d680d580 .functor AND 1, L_0x55e6d680da70, L_0x55e6d680cc80, C4<1>, C4<1>;
L_0x55e6d680d5f0 .functor OR 1, L_0x55e6d680d470, L_0x55e6d680d580, C4<0>, C4<0>;
L_0x55e6d680d700 .functor AND 1, L_0x55e6d680d9d0, L_0x55e6d680cc80, C4<1>, C4<1>;
L_0x55e6d680d8c0 .functor OR 1, L_0x55e6d680d5f0, L_0x55e6d680d700, C4<0>, C4<0>;
v0x55e6d6800fb0_0 .net *"_s0", 0 0, L_0x55e6d680d340;  1 drivers
v0x55e6d68010b0_0 .net *"_s10", 0 0, L_0x55e6d680d700;  1 drivers
v0x55e6d6801190_0 .net *"_s4", 0 0, L_0x55e6d680d470;  1 drivers
v0x55e6d6801250_0 .net *"_s6", 0 0, L_0x55e6d680d580;  1 drivers
v0x55e6d6801330_0 .net *"_s8", 0 0, L_0x55e6d680d5f0;  1 drivers
v0x55e6d6801460_0 .net "a", 0 0, L_0x55e6d680d9d0;  1 drivers
v0x55e6d6801520_0 .net "b", 0 0, L_0x55e6d680da70;  1 drivers
v0x55e6d68015e0_0 .net "carry", 0 0, L_0x55e6d680d8c0;  alias, 1 drivers
v0x55e6d68016a0_0 .net "cin", 0 0, L_0x55e6d680cc80;  alias, 1 drivers
v0x55e6d68017d0_0 .net "sum", 0 0, L_0x55e6d680d3b0;  1 drivers
S_0x55e6d6801930 .scope module, "fa_1" "FullAdder" 7 9, 8 1 0, S_0x55e6d6800af0;
 .timescale 0 0;
    .port_info 0 /INPUT 1 "a"
    .port_info 1 /INPUT 1 "b"
    .port_info 2 /INPUT 1 "cin"
    .port_info 3 /OUTPUT 1 "sum"
    .port_info 4 /OUTPUT 1 "carry"
L_0x55e6d680dba0 .functor XOR 1, L_0x55e6d680e0f0, L_0x55e6d680e220, C4<0>, C4<0>;
L_0x55e6d680dc10 .functor XOR 1, L_0x55e6d680dba0, L_0x55e6d680d8c0, C4<0>, C4<0>;
L_0x55e6d680dd10 .functor AND 1, L_0x55e6d680e0f0, L_0x55e6d680e220, C4<1>, C4<1>;
L_0x55e6d680dd80 .functor AND 1, L_0x55e6d680e220, L_0x55e6d680d8c0, C4<1>, C4<1>;
L_0x55e6d680de20 .functor OR 1, L_0x55e6d680dd10, L_0x55e6d680dd80, C4<0>, C4<0>;
L_0x55e6d680df30 .functor AND 1, L_0x55e6d680e0f0, L_0x55e6d680d8c0, C4<1>, C4<1>;
L_0x55e6d680dfe0 .functor OR 1, L_0x55e6d680de20, L_0x55e6d680df30, C4<0>, C4<0>;
v0x55e6d6801ba0_0 .net *"_s0", 0 0, L_0x55e6d680dba0;  1 drivers
v0x55e6d6801c80_0 .net *"_s10", 0 0, L_0x55e6d680df30;  1 drivers
v0x55e6d6801d60_0 .net *"_s4", 0 0, L_0x55e6d680dd10;  1 drivers
v0x55e6d6801e20_0 .net *"_s6", 0 0, L_0x55e6d680dd80;  1 drivers
v0x55e6d6801f00_0 .net *"_s8", 0 0, L_0x55e6d680de20;  1 drivers
v0x55e6d6802030_0 .net "a", 0 0, L_0x55e6d680e0f0;  1 drivers
v0x55e6d68020f0_0 .net "b", 0 0, L_0x55e6d680e220;  1 drivers
v0x55e6d68021b0_0 .net "carry", 0 0, L_0x55e6d680dfe0;  alias, 1 drivers
v0x55e6d6802270_0 .net "cin", 0 0, L_0x55e6d680d8c0;  alias, 1 drivers
v0x55e6d68023a0_0 .net "sum", 0 0, L_0x55e6d680dc10;  1 drivers
S_0x55e6d68024e0 .scope module, "fa_2" "FullAdder" 7 10, 8 1 0, S_0x55e6d6800af0;
 .timescale 0 0;
    .port_info 0 /INPUT 1 "a"
    .port_info 1 /INPUT 1 "b"
    .port_info 2 /INPUT 1 "cin"
    .port_info 3 /OUTPUT 1 "sum"
    .port_info 4 /OUTPUT 1 "carry"
L_0x55e6d680e380 .functor XOR 1, L_0x55e6d680e970, L_0x55e6d680eaa0, C4<0>, C4<0>;
L_0x55e6d680e3f0 .functor XOR 1, L_0x55e6d680e380, L_0x55e6d680dfe0, C4<0>, C4<0>;
L_0x55e6d680e540 .functor AND 1, L_0x55e6d680e970, L_0x55e6d680eaa0, C4<1>, C4<1>;
L_0x55e6d680e600 .functor AND 1, L_0x55e6d680eaa0, L_0x55e6d680dfe0, C4<1>, C4<1>;
L_0x55e6d680e6a0 .functor OR 1, L_0x55e6d680e540, L_0x55e6d680e600, C4<0>, C4<0>;
L_0x55e6d680e7b0 .functor AND 1, L_0x55e6d680e970, L_0x55e6d680dfe0, C4<1>, C4<1>;
L_0x55e6d680e860 .functor OR 1, L_0x55e6d680e6a0, L_0x55e6d680e7b0, C4<0>, C4<0>;
v0x55e6d6802710_0 .net *"_s0", 0 0, L_0x55e6d680e380;  1 drivers
v0x55e6d68027f0_0 .net *"_s10", 0 0, L_0x55e6d680e7b0;  1 drivers
v0x55e6d68028d0_0 .net *"_s4", 0 0, L_0x55e6d680e540;  1 drivers
v0x55e6d68029c0_0 .net *"_s6", 0 0, L_0x55e6d680e600;  1 drivers
v0x55e6d6802aa0_0 .net *"_s8", 0 0, L_0x55e6d680e6a0;  1 drivers
v0x55e6d6802bd0_0 .net "a", 0 0, L_0x55e6d680e970;  1 drivers
v0x55e6d6802c90_0 .net "b", 0 0, L_0x55e6d680eaa0;  1 drivers
v0x55e6d6802d50_0 .net "carry", 0 0, L_0x55e6d680e860;  alias, 1 drivers
v0x55e6d6802e10_0 .net "cin", 0 0, L_0x55e6d680dfe0;  alias, 1 drivers
v0x55e6d6802f40_0 .net "sum", 0 0, L_0x55e6d680e3f0;  1 drivers
S_0x55e6d68030b0 .scope module, "fa_3" "FullAdder" 7 11, 8 1 0, S_0x55e6d6800af0;
 .timescale 0 0;
    .port_info 0 /INPUT 1 "a"
    .port_info 1 /INPUT 1 "b"
    .port_info 2 /INPUT 1 "cin"
    .port_info 3 /OUTPUT 1 "sum"
    .port_info 4 /OUTPUT 1 "carry"
L_0x55e6d680ec10 .functor XOR 1, L_0x55e6d680f160, L_0x55e6d680f320, C4<0>, C4<0>;
L_0x55e6d680ec80 .functor XOR 1, L_0x55e6d680ec10, L_0x55e6d680e860, C4<0>, C4<0>;
L_0x55e6d680ed80 .functor AND 1, L_0x55e6d680f160, L_0x55e6d680f320, C4<1>, C4<1>;
L_0x55e6d680edf0 .functor AND 1, L_0x55e6d680f320, L_0x55e6d680e860, C4<1>, C4<1>;
L_0x55e6d680ee90 .functor OR 1, L_0x55e6d680ed80, L_0x55e6d680edf0, C4<0>, C4<0>;
L_0x55e6d680efa0 .functor AND 1, L_0x55e6d680f160, L_0x55e6d680e860, C4<1>, C4<1>;
L_0x55e6d680f050 .functor OR 1, L_0x55e6d680ee90, L_0x55e6d680efa0, C4<0>, C4<0>;
v0x55e6d68032b0_0 .net *"_s0", 0 0, L_0x55e6d680ec10;  1 drivers
v0x55e6d68033b0_0 .net *"_s10", 0 0, L_0x55e6d680efa0;  1 drivers
v0x55e6d6803490_0 .net *"_s4", 0 0, L_0x55e6d680ed80;  1 drivers
v0x55e6d6803580_0 .net *"_s6", 0 0, L_0x55e6d680edf0;  1 drivers
v0x55e6d6803660_0 .net *"_s8", 0 0, L_0x55e6d680ee90;  1 drivers
v0x55e6d6803790_0 .net "a", 0 0, L_0x55e6d680f160;  1 drivers
v0x55e6d6803850_0 .net "b", 0 0, L_0x55e6d680f320;  1 drivers
v0x55e6d6803910_0 .net "carry", 0 0, L_0x55e6d680f050;  alias, 1 drivers
v0x55e6d68039d0_0 .net "cin", 0 0, L_0x55e6d680e860;  alias, 1 drivers
v0x55e6d6803b00_0 .net "sum", 0 0, L_0x55e6d680ec80;  1 drivers
S_0x55e6d67d9020 .scope module, "regfile" "regfile" 9 1;
 .timescale 0 0;
    .port_info 0 /INPUT 32 "I1"
    .port_info 1 /INPUT 4 "si1"
    .port_info 2 /OUTPUT 32 "O1"
    .port_info 3 /INPUT 4 "so1"
    .port_info 4 /INPUT 1 "RD"
    .port_info 5 /INPUT 1 "rst"
    .port_info 6 /INPUT 1 "EN"
    .port_info 7 /INPUT 1 "clk"
o0x7f6bda9f8918 .functor BUFZ 1, C4<z>; HiZ drive
o0x7f6bda9f8948 .functor BUFZ 1, C4<z>; HiZ drive
L_0x55e6d681ffe0 .functor OR 1, o0x7f6bda9f8918, o0x7f6bda9f8948, C4<0>, C4<0>;
o0x7f6bda9f8858 .functor BUFZ 1, C4<z>; HiZ drive
v0x55e6d6805c80_0 .net "EN", 0 0, o0x7f6bda9f8858;  0 drivers
o0x7f6bda9f8888 .functor BUFZ 32, C4<zzzzzzzzzzzzzzzzzzzzzzzzzzzzzzzz>; HiZ drive
v0x55e6d6805d60_0 .net "I1", 31 0, o0x7f6bda9f8888;  0 drivers
v0x55e6d6805e40_0 .var "O1", 31 0;
o0x7f6bda9f88e8 .functor BUFZ 1, C4<z>; HiZ drive
v0x55e6d6805f00_0 .net "RD", 0 0, o0x7f6bda9f88e8;  0 drivers
v0x55e6d6805fc0_0 .net "clk", 0 0, o0x7f6bda9f8918;  0 drivers
v0x55e6d68060d0 .array "regfile", 15 0, 31 0;
v0x55e6d6806190_0 .net "rst", 0 0, o0x7f6bda9f8948;  0 drivers
v0x55e6d6806250_0 .net "sen", 0 0, L_0x55e6d681ffe0;  1 drivers
o0x7f6bda9f89a8 .functor BUFZ 4, C4<zzzz>; HiZ drive
v0x55e6d6806310_0 .net "si1", 3 0, o0x7f6bda9f89a8;  0 drivers
o0x7f6bda9f89d8 .functor BUFZ 4, C4<zzzz>; HiZ drive
v0x55e6d6806480_0 .net "so1", 3 0, o0x7f6bda9f89d8;  0 drivers
E_0x55e6d678cdd0 .event posedge, v0x55e6d6806250_0;
    .scope S_0x55e6d67cd620;
T_0 ;
    %wait E_0x55e6d678d100;
    %load/vec4 v0x55e6d67f5120_0;
    %flag_set/vec4 8;
    %jmp/0xz  T_0.0, 8;
    %pushi/vec4 0, 0, 16;
    %assign/vec4 v0x55e6d67f5040_0, 0;
    %jmp T_0.1;
T_0.0 ;
    %load/vec4 v0x55e6d67f4ea0_0;
    %assign/vec4 v0x55e6d67f5040_0, 0;
T_0.1 ;
    %jmp T_0;
    .thread T_0;
    .scope S_0x55e6d67d8e10;
T_1 ;
    %pushi/vec4 9, 0, 16;
    %ix/load 3, 0, 0;
    %flag_set/imm 4, 0;
    %ix/load 4, 0, 0; Constant delay
    %assign/vec4/a/d v0x55e6d68059d0, 0, 4;
    %pushi/vec4 1, 0, 16;
    %ix/load 3, 1, 0;
    %flag_set/imm 4, 0;
    %ix/load 4, 0, 0; Constant delay
    %assign/vec4/a/d v0x55e6d68059d0, 0, 4;
    %pushi/vec4 2, 0, 16;
    %ix/load 3, 2, 0;
    %flag_set/imm 4, 0;
    %ix/load 4, 0, 0; Constant delay
    %assign/vec4/a/d v0x55e6d68059d0, 0, 4;
    %pushi/vec4 3, 0, 16;
    %ix/load 3, 3, 0;
    %flag_set/imm 4, 0;
    %ix/load 4, 0, 0; Constant delay
    %assign/vec4/a/d v0x55e6d68059d0, 0, 4;
    %pushi/vec4 4, 0, 16;
    %ix/load 3, 4, 0;
    %flag_set/imm 4, 0;
    %ix/load 4, 0, 0; Constant delay
    %assign/vec4/a/d v0x55e6d68059d0, 0, 4;
    %pushi/vec4 5, 0, 16;
    %ix/load 3, 5, 0;
    %flag_set/imm 4, 0;
    %ix/load 4, 0, 0; Constant delay
    %assign/vec4/a/d v0x55e6d68059d0, 0, 4;
    %pushi/vec4 6, 0, 16;
    %ix/load 3, 6, 0;
    %flag_set/imm 4, 0;
    %ix/load 4, 0, 0; Constant delay
    %assign/vec4/a/d v0x55e6d68059d0, 0, 4;
    %pushi/vec4 7, 0, 16;
    %ix/load 3, 7, 0;
    %flag_set/imm 4, 0;
    %ix/load 4, 0, 0; Constant delay
    %assign/vec4/a/d v0x55e6d68059d0, 0, 4;
    %pushi/vec4 8, 0, 16;
    %ix/load 3, 8, 0;
    %flag_set/imm 4, 0;
    %ix/load 4, 0, 0; Constant delay
    %assign/vec4/a/d v0x55e6d68059d0, 0, 4;
    %end;
    .thread T_1;
    .scope S_0x55e6d67d9020;
T_2 ;
    %wait E_0x55e6d678cdd0;
    %load/vec4 v0x55e6d6805c80_0;
    %pad/u 32;
    %cmpi/e 1, 0, 32;
    %jmp/0xz  T_2.0, 4;
    %load/vec4 v0x55e6d6806190_0;
    %pad/u 32;
    %cmpi/e 1, 0, 32;
    %jmp/0xz  T_2.2, 4;
    %pushi/vec4 0, 0, 32;
    %ix/load 4, 0, 0;
    %flag_set/imm 4, 0;
    %store/vec4a v0x55e6d68060d0, 4, 0;
    %pushi/vec4 1, 0, 32;
    %ix/load 4, 1, 0;
    %flag_set/imm 4, 0;
    %store/vec4a v0x55e6d68060d0, 4, 0;
    %pushi/vec4 2, 0, 32;
    %ix/load 4, 2, 0;
    %flag_set/imm 4, 0;
    %store/vec4a v0x55e6d68060d0, 4, 0;
    %pushi/vec4 3, 0, 32;
    %ix/load 4, 3, 0;
    %flag_set/imm 4, 0;
    %store/vec4a v0x55e6d68060d0, 4, 0;
    %pushi/vec4 4, 0, 32;
    %ix/load 4, 4, 0;
    %flag_set/imm 4, 0;
    %store/vec4a v0x55e6d68060d0, 4, 0;
    %pushi/vec4 5, 0, 32;
    %ix/load 4, 5, 0;
    %flag_set/imm 4, 0;
    %store/vec4a v0x55e6d68060d0, 4, 0;
    %pushi/vec4 6, 0, 32;
    %ix/load 4, 6, 0;
    %flag_set/imm 4, 0;
    %store/vec4a v0x55e6d68060d0, 4, 0;
    %pushi/vec4 7, 0, 32;
    %ix/load 4, 7, 0;
    %flag_set/imm 4, 0;
    %store/vec4a v0x55e6d68060d0, 4, 0;
    %pushi/vec4 8, 0, 32;
    %ix/load 4, 8, 0;
    %flag_set/imm 4, 0;
    %store/vec4a v0x55e6d68060d0, 4, 0;
    %pushi/vec4 9, 0, 32;
    %ix/load 4, 9, 0;
    %flag_set/imm 4, 0;
    %store/vec4a v0x55e6d68060d0, 4, 0;
    %pushi/vec4 16, 0, 32;
    %ix/load 4, 10, 0;
    %flag_set/imm 4, 0;
    %store/vec4a v0x55e6d68060d0, 4, 0;
    %pushi/vec4 17, 0, 32;
    %ix/load 4, 11, 0;
    %flag_set/imm 4, 0;
    %store/vec4a v0x55e6d68060d0, 4, 0;
    %pushi/vec4 18, 0, 32;
    %ix/load 4, 12, 0;
    %flag_set/imm 4, 0;
    %store/vec4a v0x55e6d68060d0, 4, 0;
    %pushi/vec4 19, 0, 32;
    %ix/load 4, 13, 0;
    %flag_set/imm 4, 0;
    %store/vec4a v0x55e6d68060d0, 4, 0;
    %pushi/vec4 20, 0, 32;
    %ix/load 4, 14, 0;
    %flag_set/imm 4, 0;
    %store/vec4a v0x55e6d68060d0, 4, 0;
    %pushi/vec4 21, 0, 32;
    %ix/load 4, 15, 0;
    %flag_set/imm 4, 0;
    %store/vec4a v0x55e6d68060d0, 4, 0;
    %pushi/vec4 4294967295, 4294967295, 32;
    %store/vec4 v0x55e6d6805e40_0, 0, 32;
    %jmp T_2.3;
T_2.2 ;
    %load/vec4 v0x55e6d6806190_0;
    %pad/u 32;
    %cmpi/e 0, 0, 32;
    %jmp/0xz  T_2.4, 4;
    %load/vec4 v0x55e6d6806480_0;
    %pad/u 6;
    %ix/vec4 4;
    %load/vec4a v0x55e6d68060d0, 4;
    %store/vec4 v0x55e6d6805e40_0, 0, 32;
T_2.4 ;
T_2.3 ;
T_2.0 ;
    %jmp T_2;
    .thread T_2;
# The file index is used to find the file name in the following table.
:file_names 10;
    "N/A";
    "<interactive>";
    "IR.v";
    "./Prgctr.v";
    "./dff16.v";
    "./16BA.v";
    "./EightBA.v";
    "./FourBA.v";
    "./FullAdder.v";
    "./regfile.v";
