#! /usr/bin/vvp
:ivl_version "10.1 (stable)";
:ivl_delay_selection "TYPICAL";
:vpi_time_precision + 0;
:vpi_module "system";
:vpi_module "vhdl_sys";
:vpi_module "v2005_math";
:vpi_module "va_math";
S_0x5648d653da20 .scope module, "regfile" "regfile" 2 1;
 .timescale 0 0;
    .port_info 0 /INPUT 32 "I1"
    .port_info 1 /INPUT 4 "si1"
    .port_info 2 /OUTPUT 32 "O1"
    .port_info 3 /INPUT 4 "so1"
    .port_info 4 /INPUT 1 "RD"
    .port_info 5 /INPUT 1 "rst"
    .port_info 6 /INPUT 1 "EN"
    .port_info 7 /INPUT 1 "clk"
o0x7f440e3f60d8 .functor BUFZ 1, C4<z>; HiZ drive
o0x7f440e3f6108 .functor BUFZ 1, C4<z>; HiZ drive
L_0x5648d6568840 .functor OR 1, o0x7f440e3f60d8, o0x7f440e3f6108, C4<0>, C4<0>;
o0x7f440e3f6018 .functor BUFZ 1, C4<z>; HiZ drive
v0x5648d651c140_0 .net "EN", 0 0, o0x7f440e3f6018;  0 drivers
o0x7f440e3f6048 .functor BUFZ 32, C4<zzzzzzzzzzzzzzzzzzzzzzzzzzzzzzzz>; HiZ drive
v0x5648d65566b0_0 .net "I1", 31 0, o0x7f440e3f6048;  0 drivers
v0x5648d6556790_0 .var "O1", 31 0;
o0x7f440e3f60a8 .functor BUFZ 1, C4<z>; HiZ drive
v0x5648d6556850_0 .net "RD", 0 0, o0x7f440e3f60a8;  0 drivers
v0x5648d6556910_0 .net "clk", 0 0, o0x7f440e3f60d8;  0 drivers
v0x5648d6556a20 .array "regfile", 15 0, 31 0;
v0x5648d6556ae0_0 .net "rst", 0 0, o0x7f440e3f6108;  0 drivers
v0x5648d6556ba0_0 .net "sen", 0 0, L_0x5648d6568840;  1 drivers
o0x7f440e3f6168 .functor BUFZ 4, C4<zzzz>; HiZ drive
v0x5648d6556c60_0 .net "si1", 3 0, o0x7f440e3f6168;  0 drivers
o0x7f440e3f6198 .functor BUFZ 4, C4<zzzz>; HiZ drive
v0x5648d6556d40_0 .net "so1", 3 0, o0x7f440e3f6198;  0 drivers
E_0x5648d64eb140 .event posedge, v0x5648d6556ba0_0;
S_0x5648d653dc30 .scope module, "top" "top" 3 2;
 .timescale 0 0;
v0x5648d65684f0_0 .net "Outins", 15 0, L_0x5648d65820f0;  1 drivers
RS_0x7f440e3f63d8 .resolv tri, v0x5648d65578f0_0, L_0x5648d6571cd0;
v0x5648d65685d0_0 .net8 "PC", 15 0, RS_0x7f440e3f63d8;  2 drivers
v0x5648d6568700_0 .var "clk", 0 0;
v0x5648d65687a0_0 .var "reset", 0 0;
E_0x5648d64eae10 .event posedge, v0x5648d6557670_0;
S_0x5648d6556f60 .scope module, "I1" "instructreg" 3 6, 4 3 0, S_0x5648d653dc30;
 .timescale 0 0;
    .port_info 0 /INPUT 1 "clk"
    .port_info 1 /OUTPUT 16 "Outins"
    .port_info 2 /INPUT 1 "reset"
    .port_info 3 /OUTPUT 16 "PC"
L_0x5648d65820f0 .functor BUFZ 16, L_0x5648d6581e20, C4<0000000000000000>, C4<0000000000000000>, C4<0000000000000000>;
v0x5648d6567c40_0 .net "Outins", 15 0, L_0x5648d65820f0;  alias, 1 drivers
v0x5648d6567d20_0 .net8 "PC", 15 0, RS_0x7f440e3f63d8;  alias, 2 drivers
v0x5648d6567de0_0 .net *"_s0", 15 0, L_0x5648d6581e20;  1 drivers
v0x5648d6567ea0_0 .net *"_s3", 9 0, L_0x5648d6581ec0;  1 drivers
v0x5648d6567f80_0 .net *"_s4", 11 0, L_0x5648d6581f60;  1 drivers
L_0x7f440e3a60a8 .functor BUFT 1, C4<00>, C4<0>, C4<0>, C4<0>;
v0x5648d65680b0_0 .net *"_s7", 1 0, L_0x7f440e3a60a8;  1 drivers
v0x5648d6568190_0 .net "clk", 0 0, v0x5648d6568700_0;  1 drivers
v0x5648d6568280 .array "regmem", 1023 0, 15 0;
v0x5648d6568340_0 .net "reset", 0 0, v0x5648d65687a0_0;  1 drivers
L_0x5648d6581e20 .array/port v0x5648d6568280, L_0x5648d6581f60;
L_0x5648d6581ec0 .part RS_0x7f440e3f63d8, 0, 10;
L_0x5648d6581f60 .concat [ 10 2 0 0], L_0x5648d6581ec0, L_0x7f440e3a60a8;
S_0x5648d6557170 .scope module, "p1" "prgctr" 4 9, 5 3 0, S_0x5648d6556f60;
 .timescale 0 0;
    .port_info 0 /OUTPUT 16 "PC"
    .port_info 1 /INPUT 1 "clk"
    .port_info 2 /INPUT 1 "reset"
v0x5648d6567770_0 .var "OPC", 15 0;
v0x5648d65678a0_0 .net8 "PC", 15 0, RS_0x7f440e3f63d8;  alias, 2 drivers
v0x5648d65679b0_0 .net "a", 0 0, L_0x5648d6571260;  1 drivers
v0x5648d6567ae0_0 .net "clk", 0 0, v0x5648d6568700_0;  alias, 1 drivers
v0x5648d6567b80_0 .net "reset", 0 0, v0x5648d65687a0_0;  alias, 1 drivers
S_0x5648d65573d0 .scope module, "d1" "df" 5 9, 6 1 0, S_0x5648d6557170;
 .timescale 0 0;
    .port_info 0 /INPUT 1 "clk"
    .port_info 1 /INPUT 16 "in"
    .port_info 2 /OUTPUT 16 "out"
    .port_info 3 /INPUT 1 "reset"
v0x5648d6557670_0 .net "clk", 0 0, v0x5648d6568700_0;  alias, 1 drivers
v0x5648d6557750_0 .var "df_out", 15 0;
v0x5648d6557830_0 .net "in", 15 0, v0x5648d6567770_0;  1 drivers
v0x5648d65578f0_0 .var "out", 15 0;
v0x5648d65579d0_0 .net "reset", 0 0, v0x5648d65687a0_0;  alias, 1 drivers
E_0x5648d64eb000 .event posedge, v0x5648d65579d0_0, v0x5648d6557670_0;
S_0x5648d6557b60 .scope module, "s1" "SixteenBitAdder" 5 8, 7 2 0, S_0x5648d6557170;
 .timescale 0 0;
    .port_info 0 /INPUT 16 "a"
    .port_info 1 /INPUT 16 "b"
    .port_info 2 /INPUT 1 "cin"
    .port_info 3 /OUTPUT 16 "sum"
    .port_info 4 /OUTPUT 1 "carry"
v0x5648d65672d0_0 .net "a", 15 0, v0x5648d6567770_0;  alias, 1 drivers
L_0x7f440e3a6018 .functor BUFT 1, C4<0000000000000001>, C4<0>, C4<0>, C4<0>;
v0x5648d65673b0_0 .net "b", 15 0, L_0x7f440e3a6018;  1 drivers
v0x5648d6567470_0 .net "carry", 0 0, L_0x5648d6571260;  alias, 1 drivers
L_0x7f440e3a6060 .functor BUFT 1, C4<0>, C4<0>, C4<0>, C4<0>;
v0x5648d6567510_0 .net "cin", 0 0, L_0x7f440e3a6060;  1 drivers
v0x5648d65675b0_0 .net8 "sum", 15 0, RS_0x7f440e3f63d8;  alias, 2 drivers
v0x5648d6567650_0 .net "w0", 0 0, L_0x5648d656c940;  1 drivers
L_0x5648d656d1e0 .part v0x5648d6567770_0, 0, 8;
L_0x5648d656d280 .part L_0x7f440e3a6018, 0, 8;
L_0x5648d6571b00 .part v0x5648d6567770_0, 8, 8;
L_0x5648d6571c30 .part L_0x7f440e3a6018, 8, 8;
L_0x5648d6571cd0 .concat8 [ 8 8 0 0], L_0x5648d656d0a0, L_0x5648d65719c0;
S_0x5648d6557dd0 .scope module, "eba_0" "EightBitAdder" 7 8, 8 2 0, S_0x5648d6557b60;
 .timescale 0 0;
    .port_info 0 /INPUT 8 "a"
    .port_info 1 /INPUT 8 "b"
    .port_info 2 /INPUT 1 "cin"
    .port_info 3 /OUTPUT 8 "sum"
    .port_info 4 /OUTPUT 1 "carry"
v0x5648d655f210_0 .net "a", 7 0, L_0x5648d656d1e0;  1 drivers
v0x5648d655f310_0 .net "b", 7 0, L_0x5648d656d280;  1 drivers
v0x5648d655f3f0_0 .net "carry", 0 0, L_0x5648d656c940;  alias, 1 drivers
v0x5648d655f4e0_0 .net "cin", 0 0, L_0x7f440e3a6060;  alias, 1 drivers
v0x5648d655f5d0_0 .net "sum", 7 0, L_0x5648d656d0a0;  1 drivers
v0x5648d655f6e0_0 .net "w0", 0 0, L_0x5648d656a680;  1 drivers
L_0x5648d656ac00 .part L_0x5648d656d1e0, 0, 4;
L_0x5648d656aca0 .part L_0x5648d656d280, 0, 4;
L_0x5648d656cec0 .part L_0x5648d656d1e0, 4, 4;
L_0x5648d656cfb0 .part L_0x5648d656d280, 4, 4;
L_0x5648d656d0a0 .concat8 [ 4 4 0 0], L_0x5648d656ab60, L_0x5648d656ce20;
S_0x5648d6558020 .scope module, "fba_0" "FourBitAdder" 8 8, 9 2 0, S_0x5648d6557dd0;
 .timescale 0 0;
    .port_info 0 /INPUT 4 "a"
    .port_info 1 /INPUT 4 "b"
    .port_info 2 /INPUT 1 "cin"
    .port_info 3 /OUTPUT 4 "sum"
    .port_info 4 /OUTPUT 1 "carry"
v0x5648d655b1c0_0 .net "a", 3 0, L_0x5648d656ac00;  1 drivers
v0x5648d655b2c0_0 .net "b", 3 0, L_0x5648d656aca0;  1 drivers
v0x5648d655b3a0_0 .net "carry", 0 0, L_0x5648d656a680;  alias, 1 drivers
v0x5648d655b470_0 .net "cin", 0 0, L_0x7f440e3a6060;  alias, 1 drivers
v0x5648d655b540_0 .net "sum", 3 0, L_0x5648d656ab60;  1 drivers
v0x5648d655b5e0_0 .net "w0", 0 0, L_0x5648d6568e00;  1 drivers
v0x5648d655b6d0_0 .net "w1", 0 0, L_0x5648d6569610;  1 drivers
v0x5648d655b7c0_0 .net "w2", 0 0, L_0x5648d6569e90;  1 drivers
L_0x5648d6568f10 .part L_0x5648d656ac00, 0, 1;
L_0x5648d6569040 .part L_0x5648d656aca0, 0, 1;
L_0x5648d6569720 .part L_0x5648d656ac00, 1, 1;
L_0x5648d6569850 .part L_0x5648d656aca0, 1, 1;
L_0x5648d6569fa0 .part L_0x5648d656ac00, 2, 1;
L_0x5648d656a0d0 .part L_0x5648d656aca0, 2, 1;
L_0x5648d656a790 .part L_0x5648d656ac00, 3, 1;
L_0x5648d656a950 .part L_0x5648d656aca0, 3, 1;
L_0x5648d656ab60 .concat8 [ 1 1 1 1], L_0x5648d65689b0, L_0x5648d6569210, L_0x5648d6569a20, L_0x5648d656a2b0;
S_0x5648d6558290 .scope module, "fa_0" "FullAdder" 9 8, 10 1 0, S_0x5648d6558020;
 .timescale 0 0;
    .port_info 0 /INPUT 1 "a"
    .port_info 1 /INPUT 1 "b"
    .port_info 2 /INPUT 1 "cin"
    .port_info 3 /OUTPUT 1 "sum"
    .port_info 4 /OUTPUT 1 "carry"
L_0x5648d65688b0 .functor XOR 1, L_0x5648d6568f10, L_0x5648d6569040, C4<0>, C4<0>;
L_0x5648d65689b0 .functor XOR 1, L_0x5648d65688b0, L_0x7f440e3a6060, C4<0>, C4<0>;
L_0x5648d6568ae0 .functor AND 1, L_0x5648d6568f10, L_0x5648d6569040, C4<1>, C4<1>;
L_0x5648d6568ba0 .functor AND 1, L_0x5648d6569040, L_0x7f440e3a6060, C4<1>, C4<1>;
L_0x5648d6568c40 .functor OR 1, L_0x5648d6568ae0, L_0x5648d6568ba0, C4<0>, C4<0>;
L_0x5648d6568d50 .functor AND 1, L_0x5648d6568f10, L_0x7f440e3a6060, C4<1>, C4<1>;
L_0x5648d6568e00 .functor OR 1, L_0x5648d6568c40, L_0x5648d6568d50, C4<0>, C4<0>;
v0x5648d6558530_0 .net *"_s0", 0 0, L_0x5648d65688b0;  1 drivers
v0x5648d6558630_0 .net *"_s10", 0 0, L_0x5648d6568d50;  1 drivers
v0x5648d6558710_0 .net *"_s4", 0 0, L_0x5648d6568ae0;  1 drivers
v0x5648d6558800_0 .net *"_s6", 0 0, L_0x5648d6568ba0;  1 drivers
v0x5648d65588e0_0 .net *"_s8", 0 0, L_0x5648d6568c40;  1 drivers
v0x5648d6558a10_0 .net "a", 0 0, L_0x5648d6568f10;  1 drivers
v0x5648d6558ad0_0 .net "b", 0 0, L_0x5648d6569040;  1 drivers
v0x5648d6558b90_0 .net "carry", 0 0, L_0x5648d6568e00;  alias, 1 drivers
v0x5648d6558c50_0 .net "cin", 0 0, L_0x7f440e3a6060;  alias, 1 drivers
v0x5648d6558d10_0 .net "sum", 0 0, L_0x5648d65689b0;  1 drivers
S_0x5648d6558e70 .scope module, "fa_1" "FullAdder" 9 9, 10 1 0, S_0x5648d6558020;
 .timescale 0 0;
    .port_info 0 /INPUT 1 "a"
    .port_info 1 /INPUT 1 "b"
    .port_info 2 /INPUT 1 "cin"
    .port_info 3 /OUTPUT 1 "sum"
    .port_info 4 /OUTPUT 1 "carry"
L_0x5648d6569170 .functor XOR 1, L_0x5648d6569720, L_0x5648d6569850, C4<0>, C4<0>;
L_0x5648d6569210 .functor XOR 1, L_0x5648d6569170, L_0x5648d6568e00, C4<0>, C4<0>;
L_0x5648d6569340 .functor AND 1, L_0x5648d6569720, L_0x5648d6569850, C4<1>, C4<1>;
L_0x5648d65693b0 .functor AND 1, L_0x5648d6569850, L_0x5648d6568e00, C4<1>, C4<1>;
L_0x5648d6569450 .functor OR 1, L_0x5648d6569340, L_0x5648d65693b0, C4<0>, C4<0>;
L_0x5648d6569560 .functor AND 1, L_0x5648d6569720, L_0x5648d6568e00, C4<1>, C4<1>;
L_0x5648d6569610 .functor OR 1, L_0x5648d6569450, L_0x5648d6569560, C4<0>, C4<0>;
v0x5648d6559090_0 .net *"_s0", 0 0, L_0x5648d6569170;  1 drivers
v0x5648d6559170_0 .net *"_s10", 0 0, L_0x5648d6569560;  1 drivers
v0x5648d6559250_0 .net *"_s4", 0 0, L_0x5648d6569340;  1 drivers
v0x5648d6559340_0 .net *"_s6", 0 0, L_0x5648d65693b0;  1 drivers
v0x5648d6559420_0 .net *"_s8", 0 0, L_0x5648d6569450;  1 drivers
v0x5648d6559550_0 .net "a", 0 0, L_0x5648d6569720;  1 drivers
v0x5648d6559610_0 .net "b", 0 0, L_0x5648d6569850;  1 drivers
v0x5648d65596d0_0 .net "carry", 0 0, L_0x5648d6569610;  alias, 1 drivers
v0x5648d6559790_0 .net "cin", 0 0, L_0x5648d6568e00;  alias, 1 drivers
v0x5648d65598c0_0 .net "sum", 0 0, L_0x5648d6569210;  1 drivers
S_0x5648d6559a30 .scope module, "fa_2" "FullAdder" 9 10, 10 1 0, S_0x5648d6558020;
 .timescale 0 0;
    .port_info 0 /INPUT 1 "a"
    .port_info 1 /INPUT 1 "b"
    .port_info 2 /INPUT 1 "cin"
    .port_info 3 /OUTPUT 1 "sum"
    .port_info 4 /OUTPUT 1 "carry"
L_0x5648d65699b0 .functor XOR 1, L_0x5648d6569fa0, L_0x5648d656a0d0, C4<0>, C4<0>;
L_0x5648d6569a20 .functor XOR 1, L_0x5648d65699b0, L_0x5648d6569610, C4<0>, C4<0>;
L_0x5648d6569b70 .functor AND 1, L_0x5648d6569fa0, L_0x5648d656a0d0, C4<1>, C4<1>;
L_0x5648d6569c30 .functor AND 1, L_0x5648d656a0d0, L_0x5648d6569610, C4<1>, C4<1>;
L_0x5648d6569cd0 .functor OR 1, L_0x5648d6569b70, L_0x5648d6569c30, C4<0>, C4<0>;
L_0x5648d6569de0 .functor AND 1, L_0x5648d6569fa0, L_0x5648d6569610, C4<1>, C4<1>;
L_0x5648d6569e90 .functor OR 1, L_0x5648d6569cd0, L_0x5648d6569de0, C4<0>, C4<0>;
v0x5648d6559c60_0 .net *"_s0", 0 0, L_0x5648d65699b0;  1 drivers
v0x5648d6559d40_0 .net *"_s10", 0 0, L_0x5648d6569de0;  1 drivers
v0x5648d6559e20_0 .net *"_s4", 0 0, L_0x5648d6569b70;  1 drivers
v0x5648d6559f10_0 .net *"_s6", 0 0, L_0x5648d6569c30;  1 drivers
v0x5648d6559ff0_0 .net *"_s8", 0 0, L_0x5648d6569cd0;  1 drivers
v0x5648d655a120_0 .net "a", 0 0, L_0x5648d6569fa0;  1 drivers
v0x5648d655a1e0_0 .net "b", 0 0, L_0x5648d656a0d0;  1 drivers
v0x5648d655a2a0_0 .net "carry", 0 0, L_0x5648d6569e90;  alias, 1 drivers
v0x5648d655a360_0 .net "cin", 0 0, L_0x5648d6569610;  alias, 1 drivers
v0x5648d655a490_0 .net "sum", 0 0, L_0x5648d6569a20;  1 drivers
S_0x5648d655a600 .scope module, "fa_3" "FullAdder" 9 11, 10 1 0, S_0x5648d6558020;
 .timescale 0 0;
    .port_info 0 /INPUT 1 "a"
    .port_info 1 /INPUT 1 "b"
    .port_info 2 /INPUT 1 "cin"
    .port_info 3 /OUTPUT 1 "sum"
    .port_info 4 /OUTPUT 1 "carry"
L_0x5648d656a240 .functor XOR 1, L_0x5648d656a790, L_0x5648d656a950, C4<0>, C4<0>;
L_0x5648d656a2b0 .functor XOR 1, L_0x5648d656a240, L_0x5648d6569e90, C4<0>, C4<0>;
L_0x5648d656a3b0 .functor AND 1, L_0x5648d656a790, L_0x5648d656a950, C4<1>, C4<1>;
L_0x5648d656a420 .functor AND 1, L_0x5648d656a950, L_0x5648d6569e90, C4<1>, C4<1>;
L_0x5648d656a4c0 .functor OR 1, L_0x5648d656a3b0, L_0x5648d656a420, C4<0>, C4<0>;
L_0x5648d656a5d0 .functor AND 1, L_0x5648d656a790, L_0x5648d6569e90, C4<1>, C4<1>;
L_0x5648d656a680 .functor OR 1, L_0x5648d656a4c0, L_0x5648d656a5d0, C4<0>, C4<0>;
v0x5648d655a800_0 .net *"_s0", 0 0, L_0x5648d656a240;  1 drivers
v0x5648d655a900_0 .net *"_s10", 0 0, L_0x5648d656a5d0;  1 drivers
v0x5648d655a9e0_0 .net *"_s4", 0 0, L_0x5648d656a3b0;  1 drivers
v0x5648d655aad0_0 .net *"_s6", 0 0, L_0x5648d656a420;  1 drivers
v0x5648d655abb0_0 .net *"_s8", 0 0, L_0x5648d656a4c0;  1 drivers
v0x5648d655ace0_0 .net "a", 0 0, L_0x5648d656a790;  1 drivers
v0x5648d655ada0_0 .net "b", 0 0, L_0x5648d656a950;  1 drivers
v0x5648d655ae60_0 .net "carry", 0 0, L_0x5648d656a680;  alias, 1 drivers
v0x5648d655af20_0 .net "cin", 0 0, L_0x5648d6569e90;  alias, 1 drivers
v0x5648d655b050_0 .net "sum", 0 0, L_0x5648d656a2b0;  1 drivers
S_0x5648d655b930 .scope module, "fba_1" "FourBitAdder" 8 9, 9 2 0, S_0x5648d6557dd0;
 .timescale 0 0;
    .port_info 0 /INPUT 4 "a"
    .port_info 1 /INPUT 4 "b"
    .port_info 2 /INPUT 1 "cin"
    .port_info 3 /OUTPUT 4 "sum"
    .port_info 4 /OUTPUT 1 "carry"
v0x5648d655eab0_0 .net "a", 3 0, L_0x5648d656cec0;  1 drivers
v0x5648d655ebb0_0 .net "b", 3 0, L_0x5648d656cfb0;  1 drivers
v0x5648d655ec90_0 .net "carry", 0 0, L_0x5648d656c940;  alias, 1 drivers
v0x5648d655ed60_0 .net "cin", 0 0, L_0x5648d656a680;  alias, 1 drivers
v0x5648d655ee00_0 .net "sum", 3 0, L_0x5648d656ce20;  1 drivers
v0x5648d655eea0_0 .net "w0", 0 0, L_0x5648d656b1b0;  1 drivers
v0x5648d655ef90_0 .net "w1", 0 0, L_0x5648d656b8d0;  1 drivers
v0x5648d655f080_0 .net "w2", 0 0, L_0x5648d656c150;  1 drivers
L_0x5648d656b2c0 .part L_0x5648d656cec0, 0, 1;
L_0x5648d656b360 .part L_0x5648d656cfb0, 0, 1;
L_0x5648d656b9e0 .part L_0x5648d656cec0, 1, 1;
L_0x5648d656bb10 .part L_0x5648d656cfb0, 1, 1;
L_0x5648d656c260 .part L_0x5648d656cec0, 2, 1;
L_0x5648d656c390 .part L_0x5648d656cfb0, 2, 1;
L_0x5648d656ca50 .part L_0x5648d656cec0, 3, 1;
L_0x5648d656cc10 .part L_0x5648d656cfb0, 3, 1;
L_0x5648d656ce20 .concat8 [ 1 1 1 1], L_0x5648d656adb0, L_0x5648d656b500, L_0x5648d656bce0, L_0x5648d656c570;
S_0x5648d655bba0 .scope module, "fa_0" "FullAdder" 9 8, 10 1 0, S_0x5648d655b930;
 .timescale 0 0;
    .port_info 0 /INPUT 1 "a"
    .port_info 1 /INPUT 1 "b"
    .port_info 2 /INPUT 1 "cin"
    .port_info 3 /OUTPUT 1 "sum"
    .port_info 4 /OUTPUT 1 "carry"
L_0x5648d656ad40 .functor XOR 1, L_0x5648d656b2c0, L_0x5648d656b360, C4<0>, C4<0>;
L_0x5648d656adb0 .functor XOR 1, L_0x5648d656ad40, L_0x5648d656a680, C4<0>, C4<0>;
L_0x5648d656ae70 .functor AND 1, L_0x5648d656b2c0, L_0x5648d656b360, C4<1>, C4<1>;
L_0x5648d656af80 .functor AND 1, L_0x5648d656b360, L_0x5648d656a680, C4<1>, C4<1>;
L_0x5648d656aff0 .functor OR 1, L_0x5648d656ae70, L_0x5648d656af80, C4<0>, C4<0>;
L_0x5648d656b100 .functor AND 1, L_0x5648d656b2c0, L_0x5648d656a680, C4<1>, C4<1>;
L_0x5648d656b1b0 .functor OR 1, L_0x5648d656aff0, L_0x5648d656b100, C4<0>, C4<0>;
v0x5648d655bdf0_0 .net *"_s0", 0 0, L_0x5648d656ad40;  1 drivers
v0x5648d655bef0_0 .net *"_s10", 0 0, L_0x5648d656b100;  1 drivers
v0x5648d655bfd0_0 .net *"_s4", 0 0, L_0x5648d656ae70;  1 drivers
v0x5648d655c090_0 .net *"_s6", 0 0, L_0x5648d656af80;  1 drivers
v0x5648d655c170_0 .net *"_s8", 0 0, L_0x5648d656aff0;  1 drivers
v0x5648d655c2a0_0 .net "a", 0 0, L_0x5648d656b2c0;  1 drivers
v0x5648d655c360_0 .net "b", 0 0, L_0x5648d656b360;  1 drivers
v0x5648d655c420_0 .net "carry", 0 0, L_0x5648d656b1b0;  alias, 1 drivers
v0x5648d655c4e0_0 .net "cin", 0 0, L_0x5648d656a680;  alias, 1 drivers
v0x5648d655c610_0 .net "sum", 0 0, L_0x5648d656adb0;  1 drivers
S_0x5648d655c770 .scope module, "fa_1" "FullAdder" 9 9, 10 1 0, S_0x5648d655b930;
 .timescale 0 0;
    .port_info 0 /INPUT 1 "a"
    .port_info 1 /INPUT 1 "b"
    .port_info 2 /INPUT 1 "cin"
    .port_info 3 /OUTPUT 1 "sum"
    .port_info 4 /OUTPUT 1 "carry"
L_0x5648d656b490 .functor XOR 1, L_0x5648d656b9e0, L_0x5648d656bb10, C4<0>, C4<0>;
L_0x5648d656b500 .functor XOR 1, L_0x5648d656b490, L_0x5648d656b1b0, C4<0>, C4<0>;
L_0x5648d656b600 .functor AND 1, L_0x5648d656b9e0, L_0x5648d656bb10, C4<1>, C4<1>;
L_0x5648d656b670 .functor AND 1, L_0x5648d656bb10, L_0x5648d656b1b0, C4<1>, C4<1>;
L_0x5648d656b710 .functor OR 1, L_0x5648d656b600, L_0x5648d656b670, C4<0>, C4<0>;
L_0x5648d656b820 .functor AND 1, L_0x5648d656b9e0, L_0x5648d656b1b0, C4<1>, C4<1>;
L_0x5648d656b8d0 .functor OR 1, L_0x5648d656b710, L_0x5648d656b820, C4<0>, C4<0>;
v0x5648d655c9e0_0 .net *"_s0", 0 0, L_0x5648d656b490;  1 drivers
v0x5648d655cac0_0 .net *"_s10", 0 0, L_0x5648d656b820;  1 drivers
v0x5648d655cba0_0 .net *"_s4", 0 0, L_0x5648d656b600;  1 drivers
v0x5648d655cc60_0 .net *"_s6", 0 0, L_0x5648d656b670;  1 drivers
v0x5648d655cd40_0 .net *"_s8", 0 0, L_0x5648d656b710;  1 drivers
v0x5648d655ce70_0 .net "a", 0 0, L_0x5648d656b9e0;  1 drivers
v0x5648d655cf30_0 .net "b", 0 0, L_0x5648d656bb10;  1 drivers
v0x5648d655cff0_0 .net "carry", 0 0, L_0x5648d656b8d0;  alias, 1 drivers
v0x5648d655d0b0_0 .net "cin", 0 0, L_0x5648d656b1b0;  alias, 1 drivers
v0x5648d655d1e0_0 .net "sum", 0 0, L_0x5648d656b500;  1 drivers
S_0x5648d655d320 .scope module, "fa_2" "FullAdder" 9 10, 10 1 0, S_0x5648d655b930;
 .timescale 0 0;
    .port_info 0 /INPUT 1 "a"
    .port_info 1 /INPUT 1 "b"
    .port_info 2 /INPUT 1 "cin"
    .port_info 3 /OUTPUT 1 "sum"
    .port_info 4 /OUTPUT 1 "carry"
L_0x5648d656bc70 .functor XOR 1, L_0x5648d656c260, L_0x5648d656c390, C4<0>, C4<0>;
L_0x5648d656bce0 .functor XOR 1, L_0x5648d656bc70, L_0x5648d656b8d0, C4<0>, C4<0>;
L_0x5648d656be30 .functor AND 1, L_0x5648d656c260, L_0x5648d656c390, C4<1>, C4<1>;
L_0x5648d656bef0 .functor AND 1, L_0x5648d656c390, L_0x5648d656b8d0, C4<1>, C4<1>;
L_0x5648d656bf90 .functor OR 1, L_0x5648d656be30, L_0x5648d656bef0, C4<0>, C4<0>;
L_0x5648d656c0a0 .functor AND 1, L_0x5648d656c260, L_0x5648d656b8d0, C4<1>, C4<1>;
L_0x5648d656c150 .functor OR 1, L_0x5648d656bf90, L_0x5648d656c0a0, C4<0>, C4<0>;
v0x5648d655d550_0 .net *"_s0", 0 0, L_0x5648d656bc70;  1 drivers
v0x5648d655d630_0 .net *"_s10", 0 0, L_0x5648d656c0a0;  1 drivers
v0x5648d655d710_0 .net *"_s4", 0 0, L_0x5648d656be30;  1 drivers
v0x5648d655d800_0 .net *"_s6", 0 0, L_0x5648d656bef0;  1 drivers
v0x5648d655d8e0_0 .net *"_s8", 0 0, L_0x5648d656bf90;  1 drivers
v0x5648d655da10_0 .net "a", 0 0, L_0x5648d656c260;  1 drivers
v0x5648d655dad0_0 .net "b", 0 0, L_0x5648d656c390;  1 drivers
v0x5648d655db90_0 .net "carry", 0 0, L_0x5648d656c150;  alias, 1 drivers
v0x5648d655dc50_0 .net "cin", 0 0, L_0x5648d656b8d0;  alias, 1 drivers
v0x5648d655dd80_0 .net "sum", 0 0, L_0x5648d656bce0;  1 drivers
S_0x5648d655def0 .scope module, "fa_3" "FullAdder" 9 11, 10 1 0, S_0x5648d655b930;
 .timescale 0 0;
    .port_info 0 /INPUT 1 "a"
    .port_info 1 /INPUT 1 "b"
    .port_info 2 /INPUT 1 "cin"
    .port_info 3 /OUTPUT 1 "sum"
    .port_info 4 /OUTPUT 1 "carry"
L_0x5648d656c500 .functor XOR 1, L_0x5648d656ca50, L_0x5648d656cc10, C4<0>, C4<0>;
L_0x5648d656c570 .functor XOR 1, L_0x5648d656c500, L_0x5648d656c150, C4<0>, C4<0>;
L_0x5648d656c670 .functor AND 1, L_0x5648d656ca50, L_0x5648d656cc10, C4<1>, C4<1>;
L_0x5648d656c6e0 .functor AND 1, L_0x5648d656cc10, L_0x5648d656c150, C4<1>, C4<1>;
L_0x5648d656c780 .functor OR 1, L_0x5648d656c670, L_0x5648d656c6e0, C4<0>, C4<0>;
L_0x5648d656c890 .functor AND 1, L_0x5648d656ca50, L_0x5648d656c150, C4<1>, C4<1>;
L_0x5648d656c940 .functor OR 1, L_0x5648d656c780, L_0x5648d656c890, C4<0>, C4<0>;
v0x5648d655e0f0_0 .net *"_s0", 0 0, L_0x5648d656c500;  1 drivers
v0x5648d655e1f0_0 .net *"_s10", 0 0, L_0x5648d656c890;  1 drivers
v0x5648d655e2d0_0 .net *"_s4", 0 0, L_0x5648d656c670;  1 drivers
v0x5648d655e3c0_0 .net *"_s6", 0 0, L_0x5648d656c6e0;  1 drivers
v0x5648d655e4a0_0 .net *"_s8", 0 0, L_0x5648d656c780;  1 drivers
v0x5648d655e5d0_0 .net "a", 0 0, L_0x5648d656ca50;  1 drivers
v0x5648d655e690_0 .net "b", 0 0, L_0x5648d656cc10;  1 drivers
v0x5648d655e750_0 .net "carry", 0 0, L_0x5648d656c940;  alias, 1 drivers
v0x5648d655e810_0 .net "cin", 0 0, L_0x5648d656c150;  alias, 1 drivers
v0x5648d655e940_0 .net "sum", 0 0, L_0x5648d656c570;  1 drivers
S_0x5648d655f8b0 .scope module, "eba_1" "EightBitAdder" 7 9, 8 2 0, S_0x5648d6557b60;
 .timescale 0 0;
    .port_info 0 /INPUT 8 "a"
    .port_info 1 /INPUT 8 "b"
    .port_info 2 /INPUT 1 "cin"
    .port_info 3 /OUTPUT 8 "sum"
    .port_info 4 /OUTPUT 1 "carry"
v0x5648d6566c80_0 .net "a", 7 0, L_0x5648d6571b00;  1 drivers
v0x5648d6566d80_0 .net "b", 7 0, L_0x5648d6571c30;  1 drivers
v0x5648d6566e60_0 .net "carry", 0 0, L_0x5648d6571260;  alias, 1 drivers
v0x5648d6566f50_0 .net "cin", 0 0, L_0x5648d656c940;  alias, 1 drivers
v0x5648d6566ff0_0 .net "sum", 7 0, L_0x5648d65719c0;  1 drivers
v0x5648d6567100_0 .net "w0", 0 0, L_0x5648d656ee90;  1 drivers
L_0x5648d656f410 .part L_0x5648d6571b00, 0, 4;
L_0x5648d656f4b0 .part L_0x5648d6571c30, 0, 4;
L_0x5648d65717e0 .part L_0x5648d6571b00, 4, 4;
L_0x5648d65718d0 .part L_0x5648d6571c30, 4, 4;
L_0x5648d65719c0 .concat8 [ 4 4 0 0], L_0x5648d656f370, L_0x5648d6571740;
S_0x5648d655fad0 .scope module, "fba_0" "FourBitAdder" 8 8, 9 2 0, S_0x5648d655f8b0;
 .timescale 0 0;
    .port_info 0 /INPUT 4 "a"
    .port_info 1 /INPUT 4 "b"
    .port_info 2 /INPUT 1 "cin"
    .port_info 3 /OUTPUT 4 "sum"
    .port_info 4 /OUTPUT 1 "carry"
v0x5648d6562c00_0 .net "a", 3 0, L_0x5648d656f410;  1 drivers
v0x5648d6562d00_0 .net "b", 3 0, L_0x5648d656f4b0;  1 drivers
v0x5648d6562de0_0 .net "carry", 0 0, L_0x5648d656ee90;  alias, 1 drivers
v0x5648d6562eb0_0 .net "cin", 0 0, L_0x5648d656c940;  alias, 1 drivers
v0x5648d6562fe0_0 .net "sum", 3 0, L_0x5648d656f370;  1 drivers
v0x5648d6563080_0 .net "w0", 0 0, L_0x5648d656d790;  1 drivers
v0x5648d6563120_0 .net "w1", 0 0, L_0x5648d656de80;  1 drivers
v0x5648d6563210_0 .net "w2", 0 0, L_0x5648d656e6d0;  1 drivers
L_0x5648d656d8a0 .part L_0x5648d656f410, 0, 1;
L_0x5648d656d940 .part L_0x5648d656f4b0, 0, 1;
L_0x5648d656df90 .part L_0x5648d656f410, 1, 1;
L_0x5648d656e0c0 .part L_0x5648d656f4b0, 1, 1;
L_0x5648d656e7e0 .part L_0x5648d656f410, 2, 1;
L_0x5648d656e910 .part L_0x5648d656f4b0, 2, 1;
L_0x5648d656efa0 .part L_0x5648d656f410, 3, 1;
L_0x5648d656f160 .part L_0x5648d656f4b0, 3, 1;
L_0x5648d656f370 .concat8 [ 1 1 1 1], L_0x5648d656d390, L_0x5648d656dae0, L_0x5648d656e260, L_0x5648d656eaf0;
S_0x5648d655fd20 .scope module, "fa_0" "FullAdder" 9 8, 10 1 0, S_0x5648d655fad0;
 .timescale 0 0;
    .port_info 0 /INPUT 1 "a"
    .port_info 1 /INPUT 1 "b"
    .port_info 2 /INPUT 1 "cin"
    .port_info 3 /OUTPUT 1 "sum"
    .port_info 4 /OUTPUT 1 "carry"
L_0x5648d656d320 .functor XOR 1, L_0x5648d656d8a0, L_0x5648d656d940, C4<0>, C4<0>;
L_0x5648d656d390 .functor XOR 1, L_0x5648d656d320, L_0x5648d656c940, C4<0>, C4<0>;
L_0x5648d656d450 .functor AND 1, L_0x5648d656d8a0, L_0x5648d656d940, C4<1>, C4<1>;
L_0x5648d656d560 .functor AND 1, L_0x5648d656d940, L_0x5648d656c940, C4<1>, C4<1>;
L_0x5648d656d5d0 .functor OR 1, L_0x5648d656d450, L_0x5648d656d560, C4<0>, C4<0>;
L_0x5648d656d6e0 .functor AND 1, L_0x5648d656d8a0, L_0x5648d656c940, C4<1>, C4<1>;
L_0x5648d656d790 .functor OR 1, L_0x5648d656d5d0, L_0x5648d656d6e0, C4<0>, C4<0>;
v0x5648d655ff90_0 .net *"_s0", 0 0, L_0x5648d656d320;  1 drivers
v0x5648d6560090_0 .net *"_s10", 0 0, L_0x5648d656d6e0;  1 drivers
v0x5648d6560170_0 .net *"_s4", 0 0, L_0x5648d656d450;  1 drivers
v0x5648d6560230_0 .net *"_s6", 0 0, L_0x5648d656d560;  1 drivers
v0x5648d6560310_0 .net *"_s8", 0 0, L_0x5648d656d5d0;  1 drivers
v0x5648d6560440_0 .net "a", 0 0, L_0x5648d656d8a0;  1 drivers
v0x5648d6560500_0 .net "b", 0 0, L_0x5648d656d940;  1 drivers
v0x5648d65605c0_0 .net "carry", 0 0, L_0x5648d656d790;  alias, 1 drivers
v0x5648d6560680_0 .net "cin", 0 0, L_0x5648d656c940;  alias, 1 drivers
v0x5648d65607b0_0 .net "sum", 0 0, L_0x5648d656d390;  1 drivers
S_0x5648d6560910 .scope module, "fa_1" "FullAdder" 9 9, 10 1 0, S_0x5648d655fad0;
 .timescale 0 0;
    .port_info 0 /INPUT 1 "a"
    .port_info 1 /INPUT 1 "b"
    .port_info 2 /INPUT 1 "cin"
    .port_info 3 /OUTPUT 1 "sum"
    .port_info 4 /OUTPUT 1 "carry"
L_0x5648d656da70 .functor XOR 1, L_0x5648d656df90, L_0x5648d656e0c0, C4<0>, C4<0>;
L_0x5648d656dae0 .functor XOR 1, L_0x5648d656da70, L_0x5648d656d790, C4<0>, C4<0>;
L_0x5648d656dbe0 .functor AND 1, L_0x5648d656df90, L_0x5648d656e0c0, C4<1>, C4<1>;
L_0x5648d656dc50 .functor AND 1, L_0x5648d656e0c0, L_0x5648d656d790, C4<1>, C4<1>;
L_0x5648d656dcc0 .functor OR 1, L_0x5648d656dbe0, L_0x5648d656dc50, C4<0>, C4<0>;
L_0x5648d656ddd0 .functor AND 1, L_0x5648d656df90, L_0x5648d656d790, C4<1>, C4<1>;
L_0x5648d656de80 .functor OR 1, L_0x5648d656dcc0, L_0x5648d656ddd0, C4<0>, C4<0>;
v0x5648d6560b30_0 .net *"_s0", 0 0, L_0x5648d656da70;  1 drivers
v0x5648d6560c10_0 .net *"_s10", 0 0, L_0x5648d656ddd0;  1 drivers
v0x5648d6560cf0_0 .net *"_s4", 0 0, L_0x5648d656dbe0;  1 drivers
v0x5648d6560db0_0 .net *"_s6", 0 0, L_0x5648d656dc50;  1 drivers
v0x5648d6560e90_0 .net *"_s8", 0 0, L_0x5648d656dcc0;  1 drivers
v0x5648d6560fc0_0 .net "a", 0 0, L_0x5648d656df90;  1 drivers
v0x5648d6561080_0 .net "b", 0 0, L_0x5648d656e0c0;  1 drivers
v0x5648d6561140_0 .net "carry", 0 0, L_0x5648d656de80;  alias, 1 drivers
v0x5648d6561200_0 .net "cin", 0 0, L_0x5648d656d790;  alias, 1 drivers
v0x5648d6561330_0 .net "sum", 0 0, L_0x5648d656dae0;  1 drivers
S_0x5648d6561470 .scope module, "fa_2" "FullAdder" 9 10, 10 1 0, S_0x5648d655fad0;
 .timescale 0 0;
    .port_info 0 /INPUT 1 "a"
    .port_info 1 /INPUT 1 "b"
    .port_info 2 /INPUT 1 "cin"
    .port_info 3 /OUTPUT 1 "sum"
    .port_info 4 /OUTPUT 1 "carry"
L_0x5648d656e1f0 .functor XOR 1, L_0x5648d656e7e0, L_0x5648d656e910, C4<0>, C4<0>;
L_0x5648d656e260 .functor XOR 1, L_0x5648d656e1f0, L_0x5648d656de80, C4<0>, C4<0>;
L_0x5648d656e3b0 .functor AND 1, L_0x5648d656e7e0, L_0x5648d656e910, C4<1>, C4<1>;
L_0x5648d656e470 .functor AND 1, L_0x5648d656e910, L_0x5648d656de80, C4<1>, C4<1>;
L_0x5648d656e510 .functor OR 1, L_0x5648d656e3b0, L_0x5648d656e470, C4<0>, C4<0>;
L_0x5648d656e620 .functor AND 1, L_0x5648d656e7e0, L_0x5648d656de80, C4<1>, C4<1>;
L_0x5648d656e6d0 .functor OR 1, L_0x5648d656e510, L_0x5648d656e620, C4<0>, C4<0>;
v0x5648d65616a0_0 .net *"_s0", 0 0, L_0x5648d656e1f0;  1 drivers
v0x5648d6561780_0 .net *"_s10", 0 0, L_0x5648d656e620;  1 drivers
v0x5648d6561860_0 .net *"_s4", 0 0, L_0x5648d656e3b0;  1 drivers
v0x5648d6561950_0 .net *"_s6", 0 0, L_0x5648d656e470;  1 drivers
v0x5648d6561a30_0 .net *"_s8", 0 0, L_0x5648d656e510;  1 drivers
v0x5648d6561b60_0 .net "a", 0 0, L_0x5648d656e7e0;  1 drivers
v0x5648d6561c20_0 .net "b", 0 0, L_0x5648d656e910;  1 drivers
v0x5648d6561ce0_0 .net "carry", 0 0, L_0x5648d656e6d0;  alias, 1 drivers
v0x5648d6561da0_0 .net "cin", 0 0, L_0x5648d656de80;  alias, 1 drivers
v0x5648d6561ed0_0 .net "sum", 0 0, L_0x5648d656e260;  1 drivers
S_0x5648d6562040 .scope module, "fa_3" "FullAdder" 9 11, 10 1 0, S_0x5648d655fad0;
 .timescale 0 0;
    .port_info 0 /INPUT 1 "a"
    .port_info 1 /INPUT 1 "b"
    .port_info 2 /INPUT 1 "cin"
    .port_info 3 /OUTPUT 1 "sum"
    .port_info 4 /OUTPUT 1 "carry"
L_0x5648d656ea80 .functor XOR 1, L_0x5648d656efa0, L_0x5648d656f160, C4<0>, C4<0>;
L_0x5648d656eaf0 .functor XOR 1, L_0x5648d656ea80, L_0x5648d656e6d0, C4<0>, C4<0>;
L_0x5648d656ebf0 .functor AND 1, L_0x5648d656efa0, L_0x5648d656f160, C4<1>, C4<1>;
L_0x5648d656ec60 .functor AND 1, L_0x5648d656f160, L_0x5648d656e6d0, C4<1>, C4<1>;
L_0x5648d656ecd0 .functor OR 1, L_0x5648d656ebf0, L_0x5648d656ec60, C4<0>, C4<0>;
L_0x5648d656ede0 .functor AND 1, L_0x5648d656efa0, L_0x5648d656e6d0, C4<1>, C4<1>;
L_0x5648d656ee90 .functor OR 1, L_0x5648d656ecd0, L_0x5648d656ede0, C4<0>, C4<0>;
v0x5648d6562240_0 .net *"_s0", 0 0, L_0x5648d656ea80;  1 drivers
v0x5648d6562340_0 .net *"_s10", 0 0, L_0x5648d656ede0;  1 drivers
v0x5648d6562420_0 .net *"_s4", 0 0, L_0x5648d656ebf0;  1 drivers
v0x5648d6562510_0 .net *"_s6", 0 0, L_0x5648d656ec60;  1 drivers
v0x5648d65625f0_0 .net *"_s8", 0 0, L_0x5648d656ecd0;  1 drivers
v0x5648d6562720_0 .net "a", 0 0, L_0x5648d656efa0;  1 drivers
v0x5648d65627e0_0 .net "b", 0 0, L_0x5648d656f160;  1 drivers
v0x5648d65628a0_0 .net "carry", 0 0, L_0x5648d656ee90;  alias, 1 drivers
v0x5648d6562960_0 .net "cin", 0 0, L_0x5648d656e6d0;  alias, 1 drivers
v0x5648d6562a90_0 .net "sum", 0 0, L_0x5648d656eaf0;  1 drivers
S_0x5648d65633a0 .scope module, "fba_1" "FourBitAdder" 8 9, 9 2 0, S_0x5648d655f8b0;
 .timescale 0 0;
    .port_info 0 /INPUT 4 "a"
    .port_info 1 /INPUT 4 "b"
    .port_info 2 /INPUT 1 "cin"
    .port_info 3 /OUTPUT 4 "sum"
    .port_info 4 /OUTPUT 1 "carry"
v0x5648d6566520_0 .net "a", 3 0, L_0x5648d65717e0;  1 drivers
v0x5648d6566620_0 .net "b", 3 0, L_0x5648d65718d0;  1 drivers
v0x5648d6566700_0 .net "carry", 0 0, L_0x5648d6571260;  alias, 1 drivers
v0x5648d65667d0_0 .net "cin", 0 0, L_0x5648d656ee90;  alias, 1 drivers
v0x5648d6566870_0 .net "sum", 3 0, L_0x5648d6571740;  1 drivers
v0x5648d6566910_0 .net "w0", 0 0, L_0x5648d656fad0;  1 drivers
v0x5648d6566a00_0 .net "w1", 0 0, L_0x5648d65701f0;  1 drivers
v0x5648d6566af0_0 .net "w2", 0 0, L_0x5648d6570a70;  1 drivers
L_0x5648d656fbe0 .part L_0x5648d65717e0, 0, 1;
L_0x5648d656fc80 .part L_0x5648d65718d0, 0, 1;
L_0x5648d6570300 .part L_0x5648d65717e0, 1, 1;
L_0x5648d6570430 .part L_0x5648d65718d0, 1, 1;
L_0x5648d6570b80 .part L_0x5648d65717e0, 2, 1;
L_0x5648d6570cb0 .part L_0x5648d65718d0, 2, 1;
L_0x5648d6571370 .part L_0x5648d65717e0, 3, 1;
L_0x5648d6571530 .part L_0x5648d65718d0, 3, 1;
L_0x5648d6571740 .concat8 [ 1 1 1 1], L_0x5648d656f5c0, L_0x5648d656fe20, L_0x5648d6570600, L_0x5648d6570e90;
S_0x5648d6563610 .scope module, "fa_0" "FullAdder" 9 8, 10 1 0, S_0x5648d65633a0;
 .timescale 0 0;
    .port_info 0 /INPUT 1 "a"
    .port_info 1 /INPUT 1 "b"
    .port_info 2 /INPUT 1 "cin"
    .port_info 3 /OUTPUT 1 "sum"
    .port_info 4 /OUTPUT 1 "carry"
L_0x5648d656f550 .functor XOR 1, L_0x5648d656fbe0, L_0x5648d656fc80, C4<0>, C4<0>;
L_0x5648d656f5c0 .functor XOR 1, L_0x5648d656f550, L_0x5648d656ee90, C4<0>, C4<0>;
L_0x5648d656f680 .functor AND 1, L_0x5648d656fbe0, L_0x5648d656fc80, C4<1>, C4<1>;
L_0x5648d656f790 .functor AND 1, L_0x5648d656fc80, L_0x5648d656ee90, C4<1>, C4<1>;
L_0x5648d656f800 .functor OR 1, L_0x5648d656f680, L_0x5648d656f790, C4<0>, C4<0>;
L_0x5648d656f910 .functor AND 1, L_0x5648d656fbe0, L_0x5648d656ee90, C4<1>, C4<1>;
L_0x5648d656fad0 .functor OR 1, L_0x5648d656f800, L_0x5648d656f910, C4<0>, C4<0>;
v0x5648d6563860_0 .net *"_s0", 0 0, L_0x5648d656f550;  1 drivers
v0x5648d6563960_0 .net *"_s10", 0 0, L_0x5648d656f910;  1 drivers
v0x5648d6563a40_0 .net *"_s4", 0 0, L_0x5648d656f680;  1 drivers
v0x5648d6563b00_0 .net *"_s6", 0 0, L_0x5648d656f790;  1 drivers
v0x5648d6563be0_0 .net *"_s8", 0 0, L_0x5648d656f800;  1 drivers
v0x5648d6563d10_0 .net "a", 0 0, L_0x5648d656fbe0;  1 drivers
v0x5648d6563dd0_0 .net "b", 0 0, L_0x5648d656fc80;  1 drivers
v0x5648d6563e90_0 .net "carry", 0 0, L_0x5648d656fad0;  alias, 1 drivers
v0x5648d6563f50_0 .net "cin", 0 0, L_0x5648d656ee90;  alias, 1 drivers
v0x5648d6564080_0 .net "sum", 0 0, L_0x5648d656f5c0;  1 drivers
S_0x5648d65641e0 .scope module, "fa_1" "FullAdder" 9 9, 10 1 0, S_0x5648d65633a0;
 .timescale 0 0;
    .port_info 0 /INPUT 1 "a"
    .port_info 1 /INPUT 1 "b"
    .port_info 2 /INPUT 1 "cin"
    .port_info 3 /OUTPUT 1 "sum"
    .port_info 4 /OUTPUT 1 "carry"
L_0x5648d656fdb0 .functor XOR 1, L_0x5648d6570300, L_0x5648d6570430, C4<0>, C4<0>;
L_0x5648d656fe20 .functor XOR 1, L_0x5648d656fdb0, L_0x5648d656fad0, C4<0>, C4<0>;
L_0x5648d656ff20 .functor AND 1, L_0x5648d6570300, L_0x5648d6570430, C4<1>, C4<1>;
L_0x5648d656ff90 .functor AND 1, L_0x5648d6570430, L_0x5648d656fad0, C4<1>, C4<1>;
L_0x5648d6570030 .functor OR 1, L_0x5648d656ff20, L_0x5648d656ff90, C4<0>, C4<0>;
L_0x5648d6570140 .functor AND 1, L_0x5648d6570300, L_0x5648d656fad0, C4<1>, C4<1>;
L_0x5648d65701f0 .functor OR 1, L_0x5648d6570030, L_0x5648d6570140, C4<0>, C4<0>;
v0x5648d6564450_0 .net *"_s0", 0 0, L_0x5648d656fdb0;  1 drivers
v0x5648d6564530_0 .net *"_s10", 0 0, L_0x5648d6570140;  1 drivers
v0x5648d6564610_0 .net *"_s4", 0 0, L_0x5648d656ff20;  1 drivers
v0x5648d65646d0_0 .net *"_s6", 0 0, L_0x5648d656ff90;  1 drivers
v0x5648d65647b0_0 .net *"_s8", 0 0, L_0x5648d6570030;  1 drivers
v0x5648d65648e0_0 .net "a", 0 0, L_0x5648d6570300;  1 drivers
v0x5648d65649a0_0 .net "b", 0 0, L_0x5648d6570430;  1 drivers
v0x5648d6564a60_0 .net "carry", 0 0, L_0x5648d65701f0;  alias, 1 drivers
v0x5648d6564b20_0 .net "cin", 0 0, L_0x5648d656fad0;  alias, 1 drivers
v0x5648d6564c50_0 .net "sum", 0 0, L_0x5648d656fe20;  1 drivers
S_0x5648d6564d90 .scope module, "fa_2" "FullAdder" 9 10, 10 1 0, S_0x5648d65633a0;
 .timescale 0 0;
    .port_info 0 /INPUT 1 "a"
    .port_info 1 /INPUT 1 "b"
    .port_info 2 /INPUT 1 "cin"
    .port_info 3 /OUTPUT 1 "sum"
    .port_info 4 /OUTPUT 1 "carry"
L_0x5648d6570590 .functor XOR 1, L_0x5648d6570b80, L_0x5648d6570cb0, C4<0>, C4<0>;
L_0x5648d6570600 .functor XOR 1, L_0x5648d6570590, L_0x5648d65701f0, C4<0>, C4<0>;
L_0x5648d6570750 .functor AND 1, L_0x5648d6570b80, L_0x5648d6570cb0, C4<1>, C4<1>;
L_0x5648d6570810 .functor AND 1, L_0x5648d6570cb0, L_0x5648d65701f0, C4<1>, C4<1>;
L_0x5648d65708b0 .functor OR 1, L_0x5648d6570750, L_0x5648d6570810, C4<0>, C4<0>;
L_0x5648d65709c0 .functor AND 1, L_0x5648d6570b80, L_0x5648d65701f0, C4<1>, C4<1>;
L_0x5648d6570a70 .functor OR 1, L_0x5648d65708b0, L_0x5648d65709c0, C4<0>, C4<0>;
v0x5648d6564fc0_0 .net *"_s0", 0 0, L_0x5648d6570590;  1 drivers
v0x5648d65650a0_0 .net *"_s10", 0 0, L_0x5648d65709c0;  1 drivers
v0x5648d6565180_0 .net *"_s4", 0 0, L_0x5648d6570750;  1 drivers
v0x5648d6565270_0 .net *"_s6", 0 0, L_0x5648d6570810;  1 drivers
v0x5648d6565350_0 .net *"_s8", 0 0, L_0x5648d65708b0;  1 drivers
v0x5648d6565480_0 .net "a", 0 0, L_0x5648d6570b80;  1 drivers
v0x5648d6565540_0 .net "b", 0 0, L_0x5648d6570cb0;  1 drivers
v0x5648d6565600_0 .net "carry", 0 0, L_0x5648d6570a70;  alias, 1 drivers
v0x5648d65656c0_0 .net "cin", 0 0, L_0x5648d65701f0;  alias, 1 drivers
v0x5648d65657f0_0 .net "sum", 0 0, L_0x5648d6570600;  1 drivers
S_0x5648d6565960 .scope module, "fa_3" "FullAdder" 9 11, 10 1 0, S_0x5648d65633a0;
 .timescale 0 0;
    .port_info 0 /INPUT 1 "a"
    .port_info 1 /INPUT 1 "b"
    .port_info 2 /INPUT 1 "cin"
    .port_info 3 /OUTPUT 1 "sum"
    .port_info 4 /OUTPUT 1 "carry"
L_0x5648d6570e20 .functor XOR 1, L_0x5648d6571370, L_0x5648d6571530, C4<0>, C4<0>;
L_0x5648d6570e90 .functor XOR 1, L_0x5648d6570e20, L_0x5648d6570a70, C4<0>, C4<0>;
L_0x5648d6570f90 .functor AND 1, L_0x5648d6571370, L_0x5648d6571530, C4<1>, C4<1>;
L_0x5648d6571000 .functor AND 1, L_0x5648d6571530, L_0x5648d6570a70, C4<1>, C4<1>;
L_0x5648d65710a0 .functor OR 1, L_0x5648d6570f90, L_0x5648d6571000, C4<0>, C4<0>;
L_0x5648d65711b0 .functor AND 1, L_0x5648d6571370, L_0x5648d6570a70, C4<1>, C4<1>;
L_0x5648d6571260 .functor OR 1, L_0x5648d65710a0, L_0x5648d65711b0, C4<0>, C4<0>;
v0x5648d6565b60_0 .net *"_s0", 0 0, L_0x5648d6570e20;  1 drivers
v0x5648d6565c60_0 .net *"_s10", 0 0, L_0x5648d65711b0;  1 drivers
v0x5648d6565d40_0 .net *"_s4", 0 0, L_0x5648d6570f90;  1 drivers
v0x5648d6565e30_0 .net *"_s6", 0 0, L_0x5648d6571000;  1 drivers
v0x5648d6565f10_0 .net *"_s8", 0 0, L_0x5648d65710a0;  1 drivers
v0x5648d6566040_0 .net "a", 0 0, L_0x5648d6571370;  1 drivers
v0x5648d6566100_0 .net "b", 0 0, L_0x5648d6571530;  1 drivers
v0x5648d65661c0_0 .net "carry", 0 0, L_0x5648d6571260;  alias, 1 drivers
v0x5648d6566280_0 .net "cin", 0 0, L_0x5648d6570a70;  alias, 1 drivers
v0x5648d65663b0_0 .net "sum", 0 0, L_0x5648d6570e90;  1 drivers
    .scope S_0x5648d653da20;
T_0 ;
    %wait E_0x5648d64eb140;
    %load/vec4 v0x5648d651c140_0;
    %pad/u 32;
    %cmpi/e 1, 0, 32;
    %jmp/0xz  T_0.0, 4;
    %load/vec4 v0x5648d6556ae0_0;
    %pad/u 32;
    %cmpi/e 1, 0, 32;
    %jmp/0xz  T_0.2, 4;
    %pushi/vec4 0, 0, 32;
    %ix/load 4, 0, 0;
    %flag_set/imm 4, 0;
    %store/vec4a v0x5648d6556a20, 4, 0;
    %pushi/vec4 1, 0, 32;
    %ix/load 4, 1, 0;
    %flag_set/imm 4, 0;
    %store/vec4a v0x5648d6556a20, 4, 0;
    %pushi/vec4 2, 0, 32;
    %ix/load 4, 2, 0;
    %flag_set/imm 4, 0;
    %store/vec4a v0x5648d6556a20, 4, 0;
    %pushi/vec4 3, 0, 32;
    %ix/load 4, 3, 0;
    %flag_set/imm 4, 0;
    %store/vec4a v0x5648d6556a20, 4, 0;
    %pushi/vec4 4, 0, 32;
    %ix/load 4, 4, 0;
    %flag_set/imm 4, 0;
    %store/vec4a v0x5648d6556a20, 4, 0;
    %pushi/vec4 5, 0, 32;
    %ix/load 4, 5, 0;
    %flag_set/imm 4, 0;
    %store/vec4a v0x5648d6556a20, 4, 0;
    %pushi/vec4 6, 0, 32;
    %ix/load 4, 6, 0;
    %flag_set/imm 4, 0;
    %store/vec4a v0x5648d6556a20, 4, 0;
    %pushi/vec4 7, 0, 32;
    %ix/load 4, 7, 0;
    %flag_set/imm 4, 0;
    %store/vec4a v0x5648d6556a20, 4, 0;
    %pushi/vec4 8, 0, 32;
    %ix/load 4, 8, 0;
    %flag_set/imm 4, 0;
    %store/vec4a v0x5648d6556a20, 4, 0;
    %pushi/vec4 9, 0, 32;
    %ix/load 4, 9, 0;
    %flag_set/imm 4, 0;
    %store/vec4a v0x5648d6556a20, 4, 0;
    %pushi/vec4 16, 0, 32;
    %ix/load 4, 10, 0;
    %flag_set/imm 4, 0;
    %store/vec4a v0x5648d6556a20, 4, 0;
    %pushi/vec4 17, 0, 32;
    %ix/load 4, 11, 0;
    %flag_set/imm 4, 0;
    %store/vec4a v0x5648d6556a20, 4, 0;
    %pushi/vec4 18, 0, 32;
    %ix/load 4, 12, 0;
    %flag_set/imm 4, 0;
    %store/vec4a v0x5648d6556a20, 4, 0;
    %pushi/vec4 19, 0, 32;
    %ix/load 4, 13, 0;
    %flag_set/imm 4, 0;
    %store/vec4a v0x5648d6556a20, 4, 0;
    %pushi/vec4 20, 0, 32;
    %ix/load 4, 14, 0;
    %flag_set/imm 4, 0;
    %store/vec4a v0x5648d6556a20, 4, 0;
    %pushi/vec4 21, 0, 32;
    %ix/load 4, 15, 0;
    %flag_set/imm 4, 0;
    %store/vec4a v0x5648d6556a20, 4, 0;
    %pushi/vec4 4294967295, 4294967295, 32;
    %store/vec4 v0x5648d6556790_0, 0, 32;
    %jmp T_0.3;
T_0.2 ;
    %load/vec4 v0x5648d6556ae0_0;
    %pad/u 32;
    %cmpi/e 0, 0, 32;
    %jmp/0xz  T_0.4, 4;
    %load/vec4 v0x5648d6556d40_0;
    %pad/u 6;
    %ix/vec4 4;
    %load/vec4a v0x5648d6556a20, 4;
    %store/vec4 v0x5648d6556790_0, 0, 32;
T_0.4 ;
T_0.3 ;
T_0.0 ;
    %jmp T_0;
    .thread T_0;
    .scope S_0x5648d65573d0;
T_1 ;
    %wait E_0x5648d64eb000;
    %load/vec4 v0x5648d65579d0_0;
    %flag_set/vec4 8;
    %jmp/0xz  T_1.0, 8;
    %pushi/vec4 0, 0, 16;
    %assign/vec4 v0x5648d65578f0_0, 0;
    %jmp T_1.1;
T_1.0 ;
    %load/vec4 v0x5648d6557750_0;
    %assign/vec4 v0x5648d65578f0_0, 0;
T_1.1 ;
    %jmp T_1;
    .thread T_1;
    .scope S_0x5648d6556f60;
T_2 ;
    %pushi/vec4 9, 0, 16;
    %ix/load 3, 0, 0;
    %flag_set/imm 4, 0;
    %ix/load 4, 0, 0; Constant delay
    %assign/vec4/a/d v0x5648d6568280, 0, 4;
    %pushi/vec4 1, 0, 16;
    %ix/load 3, 1, 0;
    %flag_set/imm 4, 0;
    %ix/load 4, 0, 0; Constant delay
    %assign/vec4/a/d v0x5648d6568280, 0, 4;
    %pushi/vec4 2, 0, 16;
    %ix/load 3, 2, 0;
    %flag_set/imm 4, 0;
    %ix/load 4, 0, 0; Constant delay
    %assign/vec4/a/d v0x5648d6568280, 0, 4;
    %pushi/vec4 3, 0, 16;
    %ix/load 3, 3, 0;
    %flag_set/imm 4, 0;
    %ix/load 4, 0, 0; Constant delay
    %assign/vec4/a/d v0x5648d6568280, 0, 4;
    %pushi/vec4 4, 0, 16;
    %ix/load 3, 4, 0;
    %flag_set/imm 4, 0;
    %ix/load 4, 0, 0; Constant delay
    %assign/vec4/a/d v0x5648d6568280, 0, 4;
    %pushi/vec4 5, 0, 16;
    %ix/load 3, 5, 0;
    %flag_set/imm 4, 0;
    %ix/load 4, 0, 0; Constant delay
    %assign/vec4/a/d v0x5648d6568280, 0, 4;
    %pushi/vec4 6, 0, 16;
    %ix/load 3, 6, 0;
    %flag_set/imm 4, 0;
    %ix/load 4, 0, 0; Constant delay
    %assign/vec4/a/d v0x5648d6568280, 0, 4;
    %pushi/vec4 7, 0, 16;
    %ix/load 3, 7, 0;
    %flag_set/imm 4, 0;
    %ix/load 4, 0, 0; Constant delay
    %assign/vec4/a/d v0x5648d6568280, 0, 4;
    %pushi/vec4 8, 0, 16;
    %ix/load 3, 8, 0;
    %flag_set/imm 4, 0;
    %ix/load 4, 0, 0; Constant delay
    %assign/vec4/a/d v0x5648d6568280, 0, 4;
    %end;
    .thread T_2;
    .scope S_0x5648d653dc30;
T_3 ;
    %pushi/vec4 0, 0, 1;
    %store/vec4 v0x5648d6568700_0, 0, 1;
    %pushi/vec4 1, 0, 1;
    %store/vec4 v0x5648d65687a0_0, 0, 1;
    %delay 5, 0;
    %pushi/vec4 0, 0, 1;
    %store/vec4 v0x5648d65687a0_0, 0, 1;
    %end;
    .thread T_3;
    .scope S_0x5648d653dc30;
T_4 ;
    %delay 10, 0;
    %load/vec4 v0x5648d6568700_0;
    %inv;
    %store/vec4 v0x5648d6568700_0, 0, 1;
    %jmp T_4;
    .thread T_4;
    .scope S_0x5648d653dc30;
T_5 ;
    %wait E_0x5648d64eae10;
    %vpi_call 3 23 "$monitor", "Instruction=%b  Program counter=%b", v0x5648d65684f0_0, v0x5648d65685d0_0 {0 0 0};
    %jmp T_5;
    .thread T_5;
    .scope S_0x5648d653dc30;
T_6 ;
    %delay 100, 0;
    %vpi_call 3 27 "$finish" {0 0 0};
    %end;
    .thread T_6;
# The file index is used to find the file name in the following table.
:file_names 11;
    "N/A";
    "<interactive>";
    "./regfile.v";
    "IR_tb.v";
    "./IR.v";
    "./Prgctr.v";
    "./dff16.v";
    "./16BA.v";
    "./EightBA.v";
    "./FourBA.v";
    "./FullAdder.v";
