#! /usr/bin/vvp
:ivl_version "10.1 (stable)";
:ivl_delay_selection "TYPICAL";
:vpi_time_precision + 0;
:vpi_module "system";
:vpi_module "vhdl_sys";
:vpi_module "v2005_math";
:vpi_module "va_math";
S_0x55995ecce3d0 .scope module, "prgctr" "prgctr" 2 3;
 .timescale 0 0;
    .port_info 0 /OUTPUT 16 "PC"
    .port_info 1 /INPUT 1 "clk"
    .port_info 2 /INPUT 1 "reset"
v0x55995ecf4b20_0 .var "OPC", 15 0;
RS_0x7f7f059ff0a8 .resolv tri, v0x55995ece4d60_0, L_0x55995ecfe5b0;
v0x55995ecf4c50_0 .net8 "PC", 15 0, RS_0x7f7f059ff0a8;  2 drivers
v0x55995ecf4d60_0 .net "a", 0 0, L_0x55995ecfdb40;  1 drivers
o0x7f7f059ff018 .functor BUFZ 1, C4<z>; HiZ drive
v0x55995ecf4e90_0 .net "clk", 0 0, o0x7f7f059ff018;  0 drivers
o0x7f7f059ff0d8 .functor BUFZ 1, C4<z>; HiZ drive
v0x55995ecf4f30_0 .net "reset", 0 0, o0x7f7f059ff0d8;  0 drivers
S_0x55995ecce5e0 .scope module, "d1" "df" 2 9, 3 1 0, S_0x55995ecce3d0;
 .timescale 0 0;
    .port_info 0 /INPUT 1 "clk"
    .port_info 1 /INPUT 16 "in"
    .port_info 2 /OUTPUT 16 "out"
    .port_info 3 /INPUT 1 "reset"
v0x55995ecaa2c0_0 .net "clk", 0 0, o0x7f7f059ff018;  alias, 0 drivers
v0x55995ece4bc0_0 .var "df_out", 15 0;
v0x55995ece4ca0_0 .net "in", 15 0, v0x55995ecf4b20_0;  1 drivers
v0x55995ece4d60_0 .var "out", 15 0;
v0x55995ece4e40_0 .net "reset", 0 0, o0x7f7f059ff0d8;  alias, 0 drivers
E_0x55995ec886d0 .event posedge, v0x55995ece4e40_0, v0x55995ecaa2c0_0;
S_0x55995ece4fd0 .scope module, "s1" "SixteenBitAdder" 2 8, 4 2 0, S_0x55995ecce3d0;
 .timescale 0 0;
    .port_info 0 /INPUT 16 "a"
    .port_info 1 /INPUT 16 "b"
    .port_info 2 /INPUT 1 "cin"
    .port_info 3 /OUTPUT 16 "sum"
    .port_info 4 /OUTPUT 1 "carry"
v0x55995ecf4680_0 .net "a", 15 0, v0x55995ecf4b20_0;  alias, 1 drivers
L_0x7f7f059af018 .functor BUFT 1, C4<0000000000000001>, C4<0>, C4<0>, C4<0>;
v0x55995ecf4760_0 .net "b", 15 0, L_0x7f7f059af018;  1 drivers
v0x55995ecf4820_0 .net "carry", 0 0, L_0x55995ecfdb40;  alias, 1 drivers
L_0x7f7f059af060 .functor BUFT 1, C4<0>, C4<0>, C4<0>, C4<0>;
v0x55995ecf48c0_0 .net "cin", 0 0, L_0x7f7f059af060;  1 drivers
v0x55995ecf4960_0 .net8 "sum", 15 0, RS_0x7f7f059ff0a8;  alias, 2 drivers
v0x55995ecf4a00_0 .net "w0", 0 0, L_0x55995ecf9150;  1 drivers
L_0x55995ecf99f0 .part v0x55995ecf4b20_0, 0, 8;
L_0x55995ecf9a90 .part L_0x7f7f059af018, 0, 8;
L_0x55995ecfe3e0 .part v0x55995ecf4b20_0, 8, 8;
L_0x55995ecfe510 .part L_0x7f7f059af018, 8, 8;
L_0x55995ecfe5b0 .concat8 [ 8 8 0 0], L_0x55995ecf98b0, L_0x55995ecfe2a0;
S_0x55995ece5240 .scope module, "eba_0" "EightBitAdder" 4 8, 5 2 0, S_0x55995ece4fd0;
 .timescale 0 0;
    .port_info 0 /INPUT 8 "a"
    .port_info 1 /INPUT 8 "b"
    .port_info 2 /INPUT 1 "cin"
    .port_info 3 /OUTPUT 8 "sum"
    .port_info 4 /OUTPUT 1 "carry"
v0x55995ecec5c0_0 .net "a", 7 0, L_0x55995ecf99f0;  1 drivers
v0x55995ecec6c0_0 .net "b", 7 0, L_0x55995ecf9a90;  1 drivers
v0x55995ecec7a0_0 .net "carry", 0 0, L_0x55995ecf9150;  alias, 1 drivers
v0x55995ecec890_0 .net "cin", 0 0, L_0x7f7f059af060;  alias, 1 drivers
v0x55995ecec980_0 .net "sum", 7 0, L_0x55995ecf98b0;  1 drivers
v0x55995ececa90_0 .net "w0", 0 0, L_0x55995ecf6d80;  1 drivers
L_0x55995ecf7300 .part L_0x55995ecf99f0, 0, 4;
L_0x55995ecf73a0 .part L_0x55995ecf9a90, 0, 4;
L_0x55995ecf96d0 .part L_0x55995ecf99f0, 4, 4;
L_0x55995ecf97c0 .part L_0x55995ecf9a90, 4, 4;
L_0x55995ecf98b0 .concat8 [ 4 4 0 0], L_0x55995ecf7260, L_0x55995ecf9630;
S_0x55995ece5490 .scope module, "fba_0" "FourBitAdder" 5 8, 6 2 0, S_0x55995ece5240;
 .timescale 0 0;
    .port_info 0 /INPUT 4 "a"
    .port_info 1 /INPUT 4 "b"
    .port_info 2 /INPUT 1 "cin"
    .port_info 3 /OUTPUT 4 "sum"
    .port_info 4 /OUTPUT 1 "carry"
v0x55995ece8570_0 .net "a", 3 0, L_0x55995ecf7300;  1 drivers
v0x55995ece8670_0 .net "b", 3 0, L_0x55995ecf73a0;  1 drivers
v0x55995ece8750_0 .net "carry", 0 0, L_0x55995ecf6d80;  alias, 1 drivers
v0x55995ece8820_0 .net "cin", 0 0, L_0x7f7f059af060;  alias, 1 drivers
v0x55995ece88f0_0 .net "sum", 3 0, L_0x55995ecf7260;  1 drivers
v0x55995ece8990_0 .net "w0", 0 0, L_0x55995ecf5500;  1 drivers
v0x55995ece8a80_0 .net "w1", 0 0, L_0x55995ecf5d10;  1 drivers
v0x55995ece8b70_0 .net "w2", 0 0, L_0x55995ecf6590;  1 drivers
L_0x55995ecf5610 .part L_0x55995ecf7300, 0, 1;
L_0x55995ecf5740 .part L_0x55995ecf73a0, 0, 1;
L_0x55995ecf5e20 .part L_0x55995ecf7300, 1, 1;
L_0x55995ecf5f50 .part L_0x55995ecf73a0, 1, 1;
L_0x55995ecf66a0 .part L_0x55995ecf7300, 2, 1;
L_0x55995ecf67d0 .part L_0x55995ecf73a0, 2, 1;
L_0x55995ecf6e90 .part L_0x55995ecf7300, 3, 1;
L_0x55995ecf7050 .part L_0x55995ecf73a0, 3, 1;
L_0x55995ecf7260 .concat8 [ 1 1 1 1], L_0x55995ecf5060, L_0x55995ecf5910, L_0x55995ecf6120, L_0x55995ecf69b0;
S_0x55995ece5700 .scope module, "fa_0" "FullAdder" 6 8, 7 1 0, S_0x55995ece5490;
 .timescale 0 0;
    .port_info 0 /INPUT 1 "a"
    .port_info 1 /INPUT 1 "b"
    .port_info 2 /INPUT 1 "cin"
    .port_info 3 /OUTPUT 1 "sum"
    .port_info 4 /OUTPUT 1 "carry"
L_0x55995ecf4ff0 .functor XOR 1, L_0x55995ecf5610, L_0x55995ecf5740, C4<0>, C4<0>;
L_0x55995ecf5060 .functor XOR 1, L_0x55995ecf4ff0, L_0x7f7f059af060, C4<0>, C4<0>;
L_0x55995ecf51e0 .functor AND 1, L_0x55995ecf5610, L_0x55995ecf5740, C4<1>, C4<1>;
L_0x55995ecf52a0 .functor AND 1, L_0x55995ecf5740, L_0x7f7f059af060, C4<1>, C4<1>;
L_0x55995ecf5340 .functor OR 1, L_0x55995ecf51e0, L_0x55995ecf52a0, C4<0>, C4<0>;
L_0x55995ecf5450 .functor AND 1, L_0x55995ecf5610, L_0x7f7f059af060, C4<1>, C4<1>;
L_0x55995ecf5500 .functor OR 1, L_0x55995ecf5340, L_0x55995ecf5450, C4<0>, C4<0>;
v0x55995ece5970_0 .net *"_s0", 0 0, L_0x55995ecf4ff0;  1 drivers
v0x55995ece5a70_0 .net *"_s10", 0 0, L_0x55995ecf5450;  1 drivers
v0x55995ece5b50_0 .net *"_s4", 0 0, L_0x55995ecf51e0;  1 drivers
v0x55995ece5c40_0 .net *"_s6", 0 0, L_0x55995ecf52a0;  1 drivers
v0x55995ece5d20_0 .net *"_s8", 0 0, L_0x55995ecf5340;  1 drivers
v0x55995ece5e50_0 .net "a", 0 0, L_0x55995ecf5610;  1 drivers
v0x55995ece5f10_0 .net "b", 0 0, L_0x55995ecf5740;  1 drivers
v0x55995ece5fd0_0 .net "carry", 0 0, L_0x55995ecf5500;  alias, 1 drivers
v0x55995ece6090_0 .net "cin", 0 0, L_0x7f7f059af060;  alias, 1 drivers
v0x55995ece6150_0 .net "sum", 0 0, L_0x55995ecf5060;  1 drivers
S_0x55995ece62b0 .scope module, "fa_1" "FullAdder" 6 9, 7 1 0, S_0x55995ece5490;
 .timescale 0 0;
    .port_info 0 /INPUT 1 "a"
    .port_info 1 /INPUT 1 "b"
    .port_info 2 /INPUT 1 "cin"
    .port_info 3 /OUTPUT 1 "sum"
    .port_info 4 /OUTPUT 1 "carry"
L_0x55995ecf5870 .functor XOR 1, L_0x55995ecf5e20, L_0x55995ecf5f50, C4<0>, C4<0>;
L_0x55995ecf5910 .functor XOR 1, L_0x55995ecf5870, L_0x55995ecf5500, C4<0>, C4<0>;
L_0x55995ecf5a40 .functor AND 1, L_0x55995ecf5e20, L_0x55995ecf5f50, C4<1>, C4<1>;
L_0x55995ecf5ab0 .functor AND 1, L_0x55995ecf5f50, L_0x55995ecf5500, C4<1>, C4<1>;
L_0x55995ecf5b50 .functor OR 1, L_0x55995ecf5a40, L_0x55995ecf5ab0, C4<0>, C4<0>;
L_0x55995ecf5c60 .functor AND 1, L_0x55995ecf5e20, L_0x55995ecf5500, C4<1>, C4<1>;
L_0x55995ecf5d10 .functor OR 1, L_0x55995ecf5b50, L_0x55995ecf5c60, C4<0>, C4<0>;
v0x55995ece64d0_0 .net *"_s0", 0 0, L_0x55995ecf5870;  1 drivers
v0x55995ece65b0_0 .net *"_s10", 0 0, L_0x55995ecf5c60;  1 drivers
v0x55995ece6690_0 .net *"_s4", 0 0, L_0x55995ecf5a40;  1 drivers
v0x55995ece6780_0 .net *"_s6", 0 0, L_0x55995ecf5ab0;  1 drivers
v0x55995ece6860_0 .net *"_s8", 0 0, L_0x55995ecf5b50;  1 drivers
v0x55995ece6990_0 .net "a", 0 0, L_0x55995ecf5e20;  1 drivers
v0x55995ece6a50_0 .net "b", 0 0, L_0x55995ecf5f50;  1 drivers
v0x55995ece6b10_0 .net "carry", 0 0, L_0x55995ecf5d10;  alias, 1 drivers
v0x55995ece6bd0_0 .net "cin", 0 0, L_0x55995ecf5500;  alias, 1 drivers
v0x55995ece6c70_0 .net "sum", 0 0, L_0x55995ecf5910;  1 drivers
S_0x55995ece6de0 .scope module, "fa_2" "FullAdder" 6 10, 7 1 0, S_0x55995ece5490;
 .timescale 0 0;
    .port_info 0 /INPUT 1 "a"
    .port_info 1 /INPUT 1 "b"
    .port_info 2 /INPUT 1 "cin"
    .port_info 3 /OUTPUT 1 "sum"
    .port_info 4 /OUTPUT 1 "carry"
L_0x55995ecf60b0 .functor XOR 1, L_0x55995ecf66a0, L_0x55995ecf67d0, C4<0>, C4<0>;
L_0x55995ecf6120 .functor XOR 1, L_0x55995ecf60b0, L_0x55995ecf5d10, C4<0>, C4<0>;
L_0x55995ecf6270 .functor AND 1, L_0x55995ecf66a0, L_0x55995ecf67d0, C4<1>, C4<1>;
L_0x55995ecf6330 .functor AND 1, L_0x55995ecf67d0, L_0x55995ecf5d10, C4<1>, C4<1>;
L_0x55995ecf63d0 .functor OR 1, L_0x55995ecf6270, L_0x55995ecf6330, C4<0>, C4<0>;
L_0x55995ecf64e0 .functor AND 1, L_0x55995ecf66a0, L_0x55995ecf5d10, C4<1>, C4<1>;
L_0x55995ecf6590 .functor OR 1, L_0x55995ecf63d0, L_0x55995ecf64e0, C4<0>, C4<0>;
v0x55995ece7010_0 .net *"_s0", 0 0, L_0x55995ecf60b0;  1 drivers
v0x55995ece70f0_0 .net *"_s10", 0 0, L_0x55995ecf64e0;  1 drivers
v0x55995ece71d0_0 .net *"_s4", 0 0, L_0x55995ecf6270;  1 drivers
v0x55995ece72c0_0 .net *"_s6", 0 0, L_0x55995ecf6330;  1 drivers
v0x55995ece73a0_0 .net *"_s8", 0 0, L_0x55995ecf63d0;  1 drivers
v0x55995ece74d0_0 .net "a", 0 0, L_0x55995ecf66a0;  1 drivers
v0x55995ece7590_0 .net "b", 0 0, L_0x55995ecf67d0;  1 drivers
v0x55995ece7650_0 .net "carry", 0 0, L_0x55995ecf6590;  alias, 1 drivers
v0x55995ece7710_0 .net "cin", 0 0, L_0x55995ecf5d10;  alias, 1 drivers
v0x55995ece7840_0 .net "sum", 0 0, L_0x55995ecf6120;  1 drivers
S_0x55995ece79b0 .scope module, "fa_3" "FullAdder" 6 11, 7 1 0, S_0x55995ece5490;
 .timescale 0 0;
    .port_info 0 /INPUT 1 "a"
    .port_info 1 /INPUT 1 "b"
    .port_info 2 /INPUT 1 "cin"
    .port_info 3 /OUTPUT 1 "sum"
    .port_info 4 /OUTPUT 1 "carry"
L_0x55995ecf6940 .functor XOR 1, L_0x55995ecf6e90, L_0x55995ecf7050, C4<0>, C4<0>;
L_0x55995ecf69b0 .functor XOR 1, L_0x55995ecf6940, L_0x55995ecf6590, C4<0>, C4<0>;
L_0x55995ecf6ab0 .functor AND 1, L_0x55995ecf6e90, L_0x55995ecf7050, C4<1>, C4<1>;
L_0x55995ecf6b20 .functor AND 1, L_0x55995ecf7050, L_0x55995ecf6590, C4<1>, C4<1>;
L_0x55995ecf6bc0 .functor OR 1, L_0x55995ecf6ab0, L_0x55995ecf6b20, C4<0>, C4<0>;
L_0x55995ecf6cd0 .functor AND 1, L_0x55995ecf6e90, L_0x55995ecf6590, C4<1>, C4<1>;
L_0x55995ecf6d80 .functor OR 1, L_0x55995ecf6bc0, L_0x55995ecf6cd0, C4<0>, C4<0>;
v0x55995ece7bb0_0 .net *"_s0", 0 0, L_0x55995ecf6940;  1 drivers
v0x55995ece7cb0_0 .net *"_s10", 0 0, L_0x55995ecf6cd0;  1 drivers
v0x55995ece7d90_0 .net *"_s4", 0 0, L_0x55995ecf6ab0;  1 drivers
v0x55995ece7e80_0 .net *"_s6", 0 0, L_0x55995ecf6b20;  1 drivers
v0x55995ece7f60_0 .net *"_s8", 0 0, L_0x55995ecf6bc0;  1 drivers
v0x55995ece8090_0 .net "a", 0 0, L_0x55995ecf6e90;  1 drivers
v0x55995ece8150_0 .net "b", 0 0, L_0x55995ecf7050;  1 drivers
v0x55995ece8210_0 .net "carry", 0 0, L_0x55995ecf6d80;  alias, 1 drivers
v0x55995ece82d0_0 .net "cin", 0 0, L_0x55995ecf6590;  alias, 1 drivers
v0x55995ece8400_0 .net "sum", 0 0, L_0x55995ecf69b0;  1 drivers
S_0x55995ece8ce0 .scope module, "fba_1" "FourBitAdder" 5 9, 6 2 0, S_0x55995ece5240;
 .timescale 0 0;
    .port_info 0 /INPUT 4 "a"
    .port_info 1 /INPUT 4 "b"
    .port_info 2 /INPUT 1 "cin"
    .port_info 3 /OUTPUT 4 "sum"
    .port_info 4 /OUTPUT 1 "carry"
v0x55995ecebe60_0 .net "a", 3 0, L_0x55995ecf96d0;  1 drivers
v0x55995ecebf60_0 .net "b", 3 0, L_0x55995ecf97c0;  1 drivers
v0x55995ecec040_0 .net "carry", 0 0, L_0x55995ecf9150;  alias, 1 drivers
v0x55995ecec110_0 .net "cin", 0 0, L_0x55995ecf6d80;  alias, 1 drivers
v0x55995ecec1b0_0 .net "sum", 3 0, L_0x55995ecf9630;  1 drivers
v0x55995ecec250_0 .net "w0", 0 0, L_0x55995ecf79c0;  1 drivers
v0x55995ecec340_0 .net "w1", 0 0, L_0x55995ecf80e0;  1 drivers
v0x55995ecec430_0 .net "w2", 0 0, L_0x55995ecf8960;  1 drivers
L_0x55995ecf7ad0 .part L_0x55995ecf96d0, 0, 1;
L_0x55995ecf7b70 .part L_0x55995ecf97c0, 0, 1;
L_0x55995ecf81f0 .part L_0x55995ecf96d0, 1, 1;
L_0x55995ecf8320 .part L_0x55995ecf97c0, 1, 1;
L_0x55995ecf8a70 .part L_0x55995ecf96d0, 2, 1;
L_0x55995ecf8ba0 .part L_0x55995ecf97c0, 2, 1;
L_0x55995ecf9260 .part L_0x55995ecf96d0, 3, 1;
L_0x55995ecf9420 .part L_0x55995ecf97c0, 3, 1;
L_0x55995ecf9630 .concat8 [ 1 1 1 1], L_0x55995ecf74b0, L_0x55995ecf7d10, L_0x55995ecf84f0, L_0x55995ecf8d80;
S_0x55995ece8f50 .scope module, "fa_0" "FullAdder" 6 8, 7 1 0, S_0x55995ece8ce0;
 .timescale 0 0;
    .port_info 0 /INPUT 1 "a"
    .port_info 1 /INPUT 1 "b"
    .port_info 2 /INPUT 1 "cin"
    .port_info 3 /OUTPUT 1 "sum"
    .port_info 4 /OUTPUT 1 "carry"
L_0x55995ecf7440 .functor XOR 1, L_0x55995ecf7ad0, L_0x55995ecf7b70, C4<0>, C4<0>;
L_0x55995ecf74b0 .functor XOR 1, L_0x55995ecf7440, L_0x55995ecf6d80, C4<0>, C4<0>;
L_0x55995ecf7570 .functor AND 1, L_0x55995ecf7ad0, L_0x55995ecf7b70, C4<1>, C4<1>;
L_0x55995ecf7680 .functor AND 1, L_0x55995ecf7b70, L_0x55995ecf6d80, C4<1>, C4<1>;
L_0x55995ecf76f0 .functor OR 1, L_0x55995ecf7570, L_0x55995ecf7680, C4<0>, C4<0>;
L_0x55995ecf7800 .functor AND 1, L_0x55995ecf7ad0, L_0x55995ecf6d80, C4<1>, C4<1>;
L_0x55995ecf79c0 .functor OR 1, L_0x55995ecf76f0, L_0x55995ecf7800, C4<0>, C4<0>;
v0x55995ece91a0_0 .net *"_s0", 0 0, L_0x55995ecf7440;  1 drivers
v0x55995ece92a0_0 .net *"_s10", 0 0, L_0x55995ecf7800;  1 drivers
v0x55995ece9380_0 .net *"_s4", 0 0, L_0x55995ecf7570;  1 drivers
v0x55995ece9440_0 .net *"_s6", 0 0, L_0x55995ecf7680;  1 drivers
v0x55995ece9520_0 .net *"_s8", 0 0, L_0x55995ecf76f0;  1 drivers
v0x55995ece9650_0 .net "a", 0 0, L_0x55995ecf7ad0;  1 drivers
v0x55995ece9710_0 .net "b", 0 0, L_0x55995ecf7b70;  1 drivers
v0x55995ece97d0_0 .net "carry", 0 0, L_0x55995ecf79c0;  alias, 1 drivers
v0x55995ece9890_0 .net "cin", 0 0, L_0x55995ecf6d80;  alias, 1 drivers
v0x55995ece99c0_0 .net "sum", 0 0, L_0x55995ecf74b0;  1 drivers
S_0x55995ece9b20 .scope module, "fa_1" "FullAdder" 6 9, 7 1 0, S_0x55995ece8ce0;
 .timescale 0 0;
    .port_info 0 /INPUT 1 "a"
    .port_info 1 /INPUT 1 "b"
    .port_info 2 /INPUT 1 "cin"
    .port_info 3 /OUTPUT 1 "sum"
    .port_info 4 /OUTPUT 1 "carry"
L_0x55995ecf7ca0 .functor XOR 1, L_0x55995ecf81f0, L_0x55995ecf8320, C4<0>, C4<0>;
L_0x55995ecf7d10 .functor XOR 1, L_0x55995ecf7ca0, L_0x55995ecf79c0, C4<0>, C4<0>;
L_0x55995ecf7e10 .functor AND 1, L_0x55995ecf81f0, L_0x55995ecf8320, C4<1>, C4<1>;
L_0x55995ecf7e80 .functor AND 1, L_0x55995ecf8320, L_0x55995ecf79c0, C4<1>, C4<1>;
L_0x55995ecf7f20 .functor OR 1, L_0x55995ecf7e10, L_0x55995ecf7e80, C4<0>, C4<0>;
L_0x55995ecf8030 .functor AND 1, L_0x55995ecf81f0, L_0x55995ecf79c0, C4<1>, C4<1>;
L_0x55995ecf80e0 .functor OR 1, L_0x55995ecf7f20, L_0x55995ecf8030, C4<0>, C4<0>;
v0x55995ece9d90_0 .net *"_s0", 0 0, L_0x55995ecf7ca0;  1 drivers
v0x55995ece9e70_0 .net *"_s10", 0 0, L_0x55995ecf8030;  1 drivers
v0x55995ece9f50_0 .net *"_s4", 0 0, L_0x55995ecf7e10;  1 drivers
v0x55995ecea010_0 .net *"_s6", 0 0, L_0x55995ecf7e80;  1 drivers
v0x55995ecea0f0_0 .net *"_s8", 0 0, L_0x55995ecf7f20;  1 drivers
v0x55995ecea220_0 .net "a", 0 0, L_0x55995ecf81f0;  1 drivers
v0x55995ecea2e0_0 .net "b", 0 0, L_0x55995ecf8320;  1 drivers
v0x55995ecea3a0_0 .net "carry", 0 0, L_0x55995ecf80e0;  alias, 1 drivers
v0x55995ecea460_0 .net "cin", 0 0, L_0x55995ecf79c0;  alias, 1 drivers
v0x55995ecea590_0 .net "sum", 0 0, L_0x55995ecf7d10;  1 drivers
S_0x55995ecea6d0 .scope module, "fa_2" "FullAdder" 6 10, 7 1 0, S_0x55995ece8ce0;
 .timescale 0 0;
    .port_info 0 /INPUT 1 "a"
    .port_info 1 /INPUT 1 "b"
    .port_info 2 /INPUT 1 "cin"
    .port_info 3 /OUTPUT 1 "sum"
    .port_info 4 /OUTPUT 1 "carry"
L_0x55995ecf8480 .functor XOR 1, L_0x55995ecf8a70, L_0x55995ecf8ba0, C4<0>, C4<0>;
L_0x55995ecf84f0 .functor XOR 1, L_0x55995ecf8480, L_0x55995ecf80e0, C4<0>, C4<0>;
L_0x55995ecf8640 .functor AND 1, L_0x55995ecf8a70, L_0x55995ecf8ba0, C4<1>, C4<1>;
L_0x55995ecf8700 .functor AND 1, L_0x55995ecf8ba0, L_0x55995ecf80e0, C4<1>, C4<1>;
L_0x55995ecf87a0 .functor OR 1, L_0x55995ecf8640, L_0x55995ecf8700, C4<0>, C4<0>;
L_0x55995ecf88b0 .functor AND 1, L_0x55995ecf8a70, L_0x55995ecf80e0, C4<1>, C4<1>;
L_0x55995ecf8960 .functor OR 1, L_0x55995ecf87a0, L_0x55995ecf88b0, C4<0>, C4<0>;
v0x55995ecea900_0 .net *"_s0", 0 0, L_0x55995ecf8480;  1 drivers
v0x55995ecea9e0_0 .net *"_s10", 0 0, L_0x55995ecf88b0;  1 drivers
v0x55995eceaac0_0 .net *"_s4", 0 0, L_0x55995ecf8640;  1 drivers
v0x55995eceabb0_0 .net *"_s6", 0 0, L_0x55995ecf8700;  1 drivers
v0x55995eceac90_0 .net *"_s8", 0 0, L_0x55995ecf87a0;  1 drivers
v0x55995eceadc0_0 .net "a", 0 0, L_0x55995ecf8a70;  1 drivers
v0x55995eceae80_0 .net "b", 0 0, L_0x55995ecf8ba0;  1 drivers
v0x55995eceaf40_0 .net "carry", 0 0, L_0x55995ecf8960;  alias, 1 drivers
v0x55995eceb000_0 .net "cin", 0 0, L_0x55995ecf80e0;  alias, 1 drivers
v0x55995eceb130_0 .net "sum", 0 0, L_0x55995ecf84f0;  1 drivers
S_0x55995eceb2a0 .scope module, "fa_3" "FullAdder" 6 11, 7 1 0, S_0x55995ece8ce0;
 .timescale 0 0;
    .port_info 0 /INPUT 1 "a"
    .port_info 1 /INPUT 1 "b"
    .port_info 2 /INPUT 1 "cin"
    .port_info 3 /OUTPUT 1 "sum"
    .port_info 4 /OUTPUT 1 "carry"
L_0x55995ecf8d10 .functor XOR 1, L_0x55995ecf9260, L_0x55995ecf9420, C4<0>, C4<0>;
L_0x55995ecf8d80 .functor XOR 1, L_0x55995ecf8d10, L_0x55995ecf8960, C4<0>, C4<0>;
L_0x55995ecf8e80 .functor AND 1, L_0x55995ecf9260, L_0x55995ecf9420, C4<1>, C4<1>;
L_0x55995ecf8ef0 .functor AND 1, L_0x55995ecf9420, L_0x55995ecf8960, C4<1>, C4<1>;
L_0x55995ecf8f90 .functor OR 1, L_0x55995ecf8e80, L_0x55995ecf8ef0, C4<0>, C4<0>;
L_0x55995ecf90a0 .functor AND 1, L_0x55995ecf9260, L_0x55995ecf8960, C4<1>, C4<1>;
L_0x55995ecf9150 .functor OR 1, L_0x55995ecf8f90, L_0x55995ecf90a0, C4<0>, C4<0>;
v0x55995eceb4a0_0 .net *"_s0", 0 0, L_0x55995ecf8d10;  1 drivers
v0x55995eceb5a0_0 .net *"_s10", 0 0, L_0x55995ecf90a0;  1 drivers
v0x55995eceb680_0 .net *"_s4", 0 0, L_0x55995ecf8e80;  1 drivers
v0x55995eceb770_0 .net *"_s6", 0 0, L_0x55995ecf8ef0;  1 drivers
v0x55995eceb850_0 .net *"_s8", 0 0, L_0x55995ecf8f90;  1 drivers
v0x55995eceb980_0 .net "a", 0 0, L_0x55995ecf9260;  1 drivers
v0x55995eceba40_0 .net "b", 0 0, L_0x55995ecf9420;  1 drivers
v0x55995ecebb00_0 .net "carry", 0 0, L_0x55995ecf9150;  alias, 1 drivers
v0x55995ecebbc0_0 .net "cin", 0 0, L_0x55995ecf8960;  alias, 1 drivers
v0x55995ecebcf0_0 .net "sum", 0 0, L_0x55995ecf8d80;  1 drivers
S_0x55995ececc60 .scope module, "eba_1" "EightBitAdder" 4 9, 5 2 0, S_0x55995ece4fd0;
 .timescale 0 0;
    .port_info 0 /INPUT 8 "a"
    .port_info 1 /INPUT 8 "b"
    .port_info 2 /INPUT 1 "cin"
    .port_info 3 /OUTPUT 8 "sum"
    .port_info 4 /OUTPUT 1 "carry"
v0x55995ecf4030_0 .net "a", 7 0, L_0x55995ecfe3e0;  1 drivers
v0x55995ecf4130_0 .net "b", 7 0, L_0x55995ecfe510;  1 drivers
v0x55995ecf4210_0 .net "carry", 0 0, L_0x55995ecfdb40;  alias, 1 drivers
v0x55995ecf4300_0 .net "cin", 0 0, L_0x55995ecf9150;  alias, 1 drivers
v0x55995ecf43a0_0 .net "sum", 7 0, L_0x55995ecfe2a0;  1 drivers
v0x55995ecf44b0_0 .net "w0", 0 0, L_0x55995ecfb7b0;  1 drivers
L_0x55995ecfbd30 .part L_0x55995ecfe3e0, 0, 4;
L_0x55995ecfbdd0 .part L_0x55995ecfe510, 0, 4;
L_0x55995ecfe0c0 .part L_0x55995ecfe3e0, 4, 4;
L_0x55995ecfe1b0 .part L_0x55995ecfe510, 4, 4;
L_0x55995ecfe2a0 .concat8 [ 4 4 0 0], L_0x55995ecfbc90, L_0x55995ecfe020;
S_0x55995ecece80 .scope module, "fba_0" "FourBitAdder" 5 8, 6 2 0, S_0x55995ececc60;
 .timescale 0 0;
    .port_info 0 /INPUT 4 "a"
    .port_info 1 /INPUT 4 "b"
    .port_info 2 /INPUT 1 "cin"
    .port_info 3 /OUTPUT 4 "sum"
    .port_info 4 /OUTPUT 1 "carry"
v0x55995eceffb0_0 .net "a", 3 0, L_0x55995ecfbd30;  1 drivers
v0x55995ecf00b0_0 .net "b", 3 0, L_0x55995ecfbdd0;  1 drivers
v0x55995ecf0190_0 .net "carry", 0 0, L_0x55995ecfb7b0;  alias, 1 drivers
v0x55995ecf0260_0 .net "cin", 0 0, L_0x55995ecf9150;  alias, 1 drivers
v0x55995ecf0390_0 .net "sum", 3 0, L_0x55995ecfbc90;  1 drivers
v0x55995ecf0430_0 .net "w0", 0 0, L_0x55995ecfa0b0;  1 drivers
v0x55995ecf04d0_0 .net "w1", 0 0, L_0x55995ecfa7a0;  1 drivers
v0x55995ecf05c0_0 .net "w2", 0 0, L_0x55995ecfaff0;  1 drivers
L_0x55995ecfa1c0 .part L_0x55995ecfbd30, 0, 1;
L_0x55995ecfa260 .part L_0x55995ecfbdd0, 0, 1;
L_0x55995ecfa8b0 .part L_0x55995ecfbd30, 1, 1;
L_0x55995ecfa9e0 .part L_0x55995ecfbdd0, 1, 1;
L_0x55995ecfb100 .part L_0x55995ecfbd30, 2, 1;
L_0x55995ecfb230 .part L_0x55995ecfbdd0, 2, 1;
L_0x55995ecfb8c0 .part L_0x55995ecfbd30, 3, 1;
L_0x55995ecfba80 .part L_0x55995ecfbdd0, 3, 1;
L_0x55995ecfbc90 .concat8 [ 1 1 1 1], L_0x55995ecf9ba0, L_0x55995ecfa400, L_0x55995ecfab80, L_0x55995ecfb410;
S_0x55995eced0d0 .scope module, "fa_0" "FullAdder" 6 8, 7 1 0, S_0x55995ecece80;
 .timescale 0 0;
    .port_info 0 /INPUT 1 "a"
    .port_info 1 /INPUT 1 "b"
    .port_info 2 /INPUT 1 "cin"
    .port_info 3 /OUTPUT 1 "sum"
    .port_info 4 /OUTPUT 1 "carry"
L_0x55995ecf9b30 .functor XOR 1, L_0x55995ecfa1c0, L_0x55995ecfa260, C4<0>, C4<0>;
L_0x55995ecf9ba0 .functor XOR 1, L_0x55995ecf9b30, L_0x55995ecf9150, C4<0>, C4<0>;
L_0x55995ecf9d70 .functor AND 1, L_0x55995ecfa1c0, L_0x55995ecfa260, C4<1>, C4<1>;
L_0x55995ecf9e80 .functor AND 1, L_0x55995ecfa260, L_0x55995ecf9150, C4<1>, C4<1>;
L_0x55995ecf9ef0 .functor OR 1, L_0x55995ecf9d70, L_0x55995ecf9e80, C4<0>, C4<0>;
L_0x55995ecfa000 .functor AND 1, L_0x55995ecfa1c0, L_0x55995ecf9150, C4<1>, C4<1>;
L_0x55995ecfa0b0 .functor OR 1, L_0x55995ecf9ef0, L_0x55995ecfa000, C4<0>, C4<0>;
v0x55995eced340_0 .net *"_s0", 0 0, L_0x55995ecf9b30;  1 drivers
v0x55995eced440_0 .net *"_s10", 0 0, L_0x55995ecfa000;  1 drivers
v0x55995eced520_0 .net *"_s4", 0 0, L_0x55995ecf9d70;  1 drivers
v0x55995eced5e0_0 .net *"_s6", 0 0, L_0x55995ecf9e80;  1 drivers
v0x55995eced6c0_0 .net *"_s8", 0 0, L_0x55995ecf9ef0;  1 drivers
v0x55995eced7f0_0 .net "a", 0 0, L_0x55995ecfa1c0;  1 drivers
v0x55995eced8b0_0 .net "b", 0 0, L_0x55995ecfa260;  1 drivers
v0x55995eced970_0 .net "carry", 0 0, L_0x55995ecfa0b0;  alias, 1 drivers
v0x55995eceda30_0 .net "cin", 0 0, L_0x55995ecf9150;  alias, 1 drivers
v0x55995ecedb60_0 .net "sum", 0 0, L_0x55995ecf9ba0;  1 drivers
S_0x55995ecedcc0 .scope module, "fa_1" "FullAdder" 6 9, 7 1 0, S_0x55995ecece80;
 .timescale 0 0;
    .port_info 0 /INPUT 1 "a"
    .port_info 1 /INPUT 1 "b"
    .port_info 2 /INPUT 1 "cin"
    .port_info 3 /OUTPUT 1 "sum"
    .port_info 4 /OUTPUT 1 "carry"
L_0x55995ecfa390 .functor XOR 1, L_0x55995ecfa8b0, L_0x55995ecfa9e0, C4<0>, C4<0>;
L_0x55995ecfa400 .functor XOR 1, L_0x55995ecfa390, L_0x55995ecfa0b0, C4<0>, C4<0>;
L_0x55995ecfa500 .functor AND 1, L_0x55995ecfa8b0, L_0x55995ecfa9e0, C4<1>, C4<1>;
L_0x55995ecfa570 .functor AND 1, L_0x55995ecfa9e0, L_0x55995ecfa0b0, C4<1>, C4<1>;
L_0x55995ecfa5e0 .functor OR 1, L_0x55995ecfa500, L_0x55995ecfa570, C4<0>, C4<0>;
L_0x55995ecfa6f0 .functor AND 1, L_0x55995ecfa8b0, L_0x55995ecfa0b0, C4<1>, C4<1>;
L_0x55995ecfa7a0 .functor OR 1, L_0x55995ecfa5e0, L_0x55995ecfa6f0, C4<0>, C4<0>;
v0x55995ecedee0_0 .net *"_s0", 0 0, L_0x55995ecfa390;  1 drivers
v0x55995ecedfc0_0 .net *"_s10", 0 0, L_0x55995ecfa6f0;  1 drivers
v0x55995ecee0a0_0 .net *"_s4", 0 0, L_0x55995ecfa500;  1 drivers
v0x55995ecee160_0 .net *"_s6", 0 0, L_0x55995ecfa570;  1 drivers
v0x55995ecee240_0 .net *"_s8", 0 0, L_0x55995ecfa5e0;  1 drivers
v0x55995ecee370_0 .net "a", 0 0, L_0x55995ecfa8b0;  1 drivers
v0x55995ecee430_0 .net "b", 0 0, L_0x55995ecfa9e0;  1 drivers
v0x55995ecee4f0_0 .net "carry", 0 0, L_0x55995ecfa7a0;  alias, 1 drivers
v0x55995ecee5b0_0 .net "cin", 0 0, L_0x55995ecfa0b0;  alias, 1 drivers
v0x55995ecee6e0_0 .net "sum", 0 0, L_0x55995ecfa400;  1 drivers
S_0x55995ecee820 .scope module, "fa_2" "FullAdder" 6 10, 7 1 0, S_0x55995ecece80;
 .timescale 0 0;
    .port_info 0 /INPUT 1 "a"
    .port_info 1 /INPUT 1 "b"
    .port_info 2 /INPUT 1 "cin"
    .port_info 3 /OUTPUT 1 "sum"
    .port_info 4 /OUTPUT 1 "carry"
L_0x55995ecfab10 .functor XOR 1, L_0x55995ecfb100, L_0x55995ecfb230, C4<0>, C4<0>;
L_0x55995ecfab80 .functor XOR 1, L_0x55995ecfab10, L_0x55995ecfa7a0, C4<0>, C4<0>;
L_0x55995ecfacd0 .functor AND 1, L_0x55995ecfb100, L_0x55995ecfb230, C4<1>, C4<1>;
L_0x55995ecfad90 .functor AND 1, L_0x55995ecfb230, L_0x55995ecfa7a0, C4<1>, C4<1>;
L_0x55995ecfae30 .functor OR 1, L_0x55995ecfacd0, L_0x55995ecfad90, C4<0>, C4<0>;
L_0x55995ecfaf40 .functor AND 1, L_0x55995ecfb100, L_0x55995ecfa7a0, C4<1>, C4<1>;
L_0x55995ecfaff0 .functor OR 1, L_0x55995ecfae30, L_0x55995ecfaf40, C4<0>, C4<0>;
v0x55995eceea50_0 .net *"_s0", 0 0, L_0x55995ecfab10;  1 drivers
v0x55995eceeb30_0 .net *"_s10", 0 0, L_0x55995ecfaf40;  1 drivers
v0x55995eceec10_0 .net *"_s4", 0 0, L_0x55995ecfacd0;  1 drivers
v0x55995eceed00_0 .net *"_s6", 0 0, L_0x55995ecfad90;  1 drivers
v0x55995eceede0_0 .net *"_s8", 0 0, L_0x55995ecfae30;  1 drivers
v0x55995eceef10_0 .net "a", 0 0, L_0x55995ecfb100;  1 drivers
v0x55995eceefd0_0 .net "b", 0 0, L_0x55995ecfb230;  1 drivers
v0x55995ecef090_0 .net "carry", 0 0, L_0x55995ecfaff0;  alias, 1 drivers
v0x55995ecef150_0 .net "cin", 0 0, L_0x55995ecfa7a0;  alias, 1 drivers
v0x55995ecef280_0 .net "sum", 0 0, L_0x55995ecfab80;  1 drivers
S_0x55995ecef3f0 .scope module, "fa_3" "FullAdder" 6 11, 7 1 0, S_0x55995ecece80;
 .timescale 0 0;
    .port_info 0 /INPUT 1 "a"
    .port_info 1 /INPUT 1 "b"
    .port_info 2 /INPUT 1 "cin"
    .port_info 3 /OUTPUT 1 "sum"
    .port_info 4 /OUTPUT 1 "carry"
L_0x55995ecfb3a0 .functor XOR 1, L_0x55995ecfb8c0, L_0x55995ecfba80, C4<0>, C4<0>;
L_0x55995ecfb410 .functor XOR 1, L_0x55995ecfb3a0, L_0x55995ecfaff0, C4<0>, C4<0>;
L_0x55995ecfb510 .functor AND 1, L_0x55995ecfb8c0, L_0x55995ecfba80, C4<1>, C4<1>;
L_0x55995ecfb580 .functor AND 1, L_0x55995ecfba80, L_0x55995ecfaff0, C4<1>, C4<1>;
L_0x55995ecfb5f0 .functor OR 1, L_0x55995ecfb510, L_0x55995ecfb580, C4<0>, C4<0>;
L_0x55995ecfb700 .functor AND 1, L_0x55995ecfb8c0, L_0x55995ecfaff0, C4<1>, C4<1>;
L_0x55995ecfb7b0 .functor OR 1, L_0x55995ecfb5f0, L_0x55995ecfb700, C4<0>, C4<0>;
v0x55995ecef5f0_0 .net *"_s0", 0 0, L_0x55995ecfb3a0;  1 drivers
v0x55995ecef6f0_0 .net *"_s10", 0 0, L_0x55995ecfb700;  1 drivers
v0x55995ecef7d0_0 .net *"_s4", 0 0, L_0x55995ecfb510;  1 drivers
v0x55995ecef8c0_0 .net *"_s6", 0 0, L_0x55995ecfb580;  1 drivers
v0x55995ecef9a0_0 .net *"_s8", 0 0, L_0x55995ecfb5f0;  1 drivers
v0x55995ecefad0_0 .net "a", 0 0, L_0x55995ecfb8c0;  1 drivers
v0x55995ecefb90_0 .net "b", 0 0, L_0x55995ecfba80;  1 drivers
v0x55995ecefc50_0 .net "carry", 0 0, L_0x55995ecfb7b0;  alias, 1 drivers
v0x55995ecefd10_0 .net "cin", 0 0, L_0x55995ecfaff0;  alias, 1 drivers
v0x55995ecefe40_0 .net "sum", 0 0, L_0x55995ecfb410;  1 drivers
S_0x55995ecf0750 .scope module, "fba_1" "FourBitAdder" 5 9, 6 2 0, S_0x55995ececc60;
 .timescale 0 0;
    .port_info 0 /INPUT 4 "a"
    .port_info 1 /INPUT 4 "b"
    .port_info 2 /INPUT 1 "cin"
    .port_info 3 /OUTPUT 4 "sum"
    .port_info 4 /OUTPUT 1 "carry"
v0x55995ecf38d0_0 .net "a", 3 0, L_0x55995ecfe0c0;  1 drivers
v0x55995ecf39d0_0 .net "b", 3 0, L_0x55995ecfe1b0;  1 drivers
v0x55995ecf3ab0_0 .net "carry", 0 0, L_0x55995ecfdb40;  alias, 1 drivers
v0x55995ecf3b80_0 .net "cin", 0 0, L_0x55995ecfb7b0;  alias, 1 drivers
v0x55995ecf3c20_0 .net "sum", 3 0, L_0x55995ecfe020;  1 drivers
v0x55995ecf3cc0_0 .net "w0", 0 0, L_0x55995ecfc3b0;  1 drivers
v0x55995ecf3db0_0 .net "w1", 0 0, L_0x55995ecfcad0;  1 drivers
v0x55995ecf3ea0_0 .net "w2", 0 0, L_0x55995ecfd350;  1 drivers
L_0x55995ecfc4c0 .part L_0x55995ecfe0c0, 0, 1;
L_0x55995ecfc560 .part L_0x55995ecfe1b0, 0, 1;
L_0x55995ecfcbe0 .part L_0x55995ecfe0c0, 1, 1;
L_0x55995ecfcd10 .part L_0x55995ecfe1b0, 1, 1;
L_0x55995ecfd460 .part L_0x55995ecfe0c0, 2, 1;
L_0x55995ecfd590 .part L_0x55995ecfe1b0, 2, 1;
L_0x55995ecfdc50 .part L_0x55995ecfe0c0, 3, 1;
L_0x55995ecfde10 .part L_0x55995ecfe1b0, 3, 1;
L_0x55995ecfe020 .concat8 [ 1 1 1 1], L_0x55995ecfbee0, L_0x55995ecfc700, L_0x55995ecfcee0, L_0x55995ecfd770;
S_0x55995ecf09c0 .scope module, "fa_0" "FullAdder" 6 8, 7 1 0, S_0x55995ecf0750;
 .timescale 0 0;
    .port_info 0 /INPUT 1 "a"
    .port_info 1 /INPUT 1 "b"
    .port_info 2 /INPUT 1 "cin"
    .port_info 3 /OUTPUT 1 "sum"
    .port_info 4 /OUTPUT 1 "carry"
L_0x55995ecfbe70 .functor XOR 1, L_0x55995ecfc4c0, L_0x55995ecfc560, C4<0>, C4<0>;
L_0x55995ecfbee0 .functor XOR 1, L_0x55995ecfbe70, L_0x55995ecfb7b0, C4<0>, C4<0>;
L_0x55995ecfbfa0 .functor AND 1, L_0x55995ecfc4c0, L_0x55995ecfc560, C4<1>, C4<1>;
L_0x55995ecfc0b0 .functor AND 1, L_0x55995ecfc560, L_0x55995ecfb7b0, C4<1>, C4<1>;
L_0x55995ecfc120 .functor OR 1, L_0x55995ecfbfa0, L_0x55995ecfc0b0, C4<0>, C4<0>;
L_0x55995ecfc230 .functor AND 1, L_0x55995ecfc4c0, L_0x55995ecfb7b0, C4<1>, C4<1>;
L_0x55995ecfc3b0 .functor OR 1, L_0x55995ecfc120, L_0x55995ecfc230, C4<0>, C4<0>;
v0x55995ecf0c10_0 .net *"_s0", 0 0, L_0x55995ecfbe70;  1 drivers
v0x55995ecf0d10_0 .net *"_s10", 0 0, L_0x55995ecfc230;  1 drivers
v0x55995ecf0df0_0 .net *"_s4", 0 0, L_0x55995ecfbfa0;  1 drivers
v0x55995ecf0eb0_0 .net *"_s6", 0 0, L_0x55995ecfc0b0;  1 drivers
v0x55995ecf0f90_0 .net *"_s8", 0 0, L_0x55995ecfc120;  1 drivers
v0x55995ecf10c0_0 .net "a", 0 0, L_0x55995ecfc4c0;  1 drivers
v0x55995ecf1180_0 .net "b", 0 0, L_0x55995ecfc560;  1 drivers
v0x55995ecf1240_0 .net "carry", 0 0, L_0x55995ecfc3b0;  alias, 1 drivers
v0x55995ecf1300_0 .net "cin", 0 0, L_0x55995ecfb7b0;  alias, 1 drivers
v0x55995ecf1430_0 .net "sum", 0 0, L_0x55995ecfbee0;  1 drivers
S_0x55995ecf1590 .scope module, "fa_1" "FullAdder" 6 9, 7 1 0, S_0x55995ecf0750;
 .timescale 0 0;
    .port_info 0 /INPUT 1 "a"
    .port_info 1 /INPUT 1 "b"
    .port_info 2 /INPUT 1 "cin"
    .port_info 3 /OUTPUT 1 "sum"
    .port_info 4 /OUTPUT 1 "carry"
L_0x55995ecfc690 .functor XOR 1, L_0x55995ecfcbe0, L_0x55995ecfcd10, C4<0>, C4<0>;
L_0x55995ecfc700 .functor XOR 1, L_0x55995ecfc690, L_0x55995ecfc3b0, C4<0>, C4<0>;
L_0x55995ecfc800 .functor AND 1, L_0x55995ecfcbe0, L_0x55995ecfcd10, C4<1>, C4<1>;
L_0x55995ecfc870 .functor AND 1, L_0x55995ecfcd10, L_0x55995ecfc3b0, C4<1>, C4<1>;
L_0x55995ecfc910 .functor OR 1, L_0x55995ecfc800, L_0x55995ecfc870, C4<0>, C4<0>;
L_0x55995ecfca20 .functor AND 1, L_0x55995ecfcbe0, L_0x55995ecfc3b0, C4<1>, C4<1>;
L_0x55995ecfcad0 .functor OR 1, L_0x55995ecfc910, L_0x55995ecfca20, C4<0>, C4<0>;
v0x55995ecf1800_0 .net *"_s0", 0 0, L_0x55995ecfc690;  1 drivers
v0x55995ecf18e0_0 .net *"_s10", 0 0, L_0x55995ecfca20;  1 drivers
v0x55995ecf19c0_0 .net *"_s4", 0 0, L_0x55995ecfc800;  1 drivers
v0x55995ecf1a80_0 .net *"_s6", 0 0, L_0x55995ecfc870;  1 drivers
v0x55995ecf1b60_0 .net *"_s8", 0 0, L_0x55995ecfc910;  1 drivers
v0x55995ecf1c90_0 .net "a", 0 0, L_0x55995ecfcbe0;  1 drivers
v0x55995ecf1d50_0 .net "b", 0 0, L_0x55995ecfcd10;  1 drivers
v0x55995ecf1e10_0 .net "carry", 0 0, L_0x55995ecfcad0;  alias, 1 drivers
v0x55995ecf1ed0_0 .net "cin", 0 0, L_0x55995ecfc3b0;  alias, 1 drivers
v0x55995ecf2000_0 .net "sum", 0 0, L_0x55995ecfc700;  1 drivers
S_0x55995ecf2140 .scope module, "fa_2" "FullAdder" 6 10, 7 1 0, S_0x55995ecf0750;
 .timescale 0 0;
    .port_info 0 /INPUT 1 "a"
    .port_info 1 /INPUT 1 "b"
    .port_info 2 /INPUT 1 "cin"
    .port_info 3 /OUTPUT 1 "sum"
    .port_info 4 /OUTPUT 1 "carry"
L_0x55995ecfce70 .functor XOR 1, L_0x55995ecfd460, L_0x55995ecfd590, C4<0>, C4<0>;
L_0x55995ecfcee0 .functor XOR 1, L_0x55995ecfce70, L_0x55995ecfcad0, C4<0>, C4<0>;
L_0x55995ecfd030 .functor AND 1, L_0x55995ecfd460, L_0x55995ecfd590, C4<1>, C4<1>;
L_0x55995ecfd0f0 .functor AND 1, L_0x55995ecfd590, L_0x55995ecfcad0, C4<1>, C4<1>;
L_0x55995ecfd190 .functor OR 1, L_0x55995ecfd030, L_0x55995ecfd0f0, C4<0>, C4<0>;
L_0x55995ecfd2a0 .functor AND 1, L_0x55995ecfd460, L_0x55995ecfcad0, C4<1>, C4<1>;
L_0x55995ecfd350 .functor OR 1, L_0x55995ecfd190, L_0x55995ecfd2a0, C4<0>, C4<0>;
v0x55995ecf2370_0 .net *"_s0", 0 0, L_0x55995ecfce70;  1 drivers
v0x55995ecf2450_0 .net *"_s10", 0 0, L_0x55995ecfd2a0;  1 drivers
v0x55995ecf2530_0 .net *"_s4", 0 0, L_0x55995ecfd030;  1 drivers
v0x55995ecf2620_0 .net *"_s6", 0 0, L_0x55995ecfd0f0;  1 drivers
v0x55995ecf2700_0 .net *"_s8", 0 0, L_0x55995ecfd190;  1 drivers
v0x55995ecf2830_0 .net "a", 0 0, L_0x55995ecfd460;  1 drivers
v0x55995ecf28f0_0 .net "b", 0 0, L_0x55995ecfd590;  1 drivers
v0x55995ecf29b0_0 .net "carry", 0 0, L_0x55995ecfd350;  alias, 1 drivers
v0x55995ecf2a70_0 .net "cin", 0 0, L_0x55995ecfcad0;  alias, 1 drivers
v0x55995ecf2ba0_0 .net "sum", 0 0, L_0x55995ecfcee0;  1 drivers
S_0x55995ecf2d10 .scope module, "fa_3" "FullAdder" 6 11, 7 1 0, S_0x55995ecf0750;
 .timescale 0 0;
    .port_info 0 /INPUT 1 "a"
    .port_info 1 /INPUT 1 "b"
    .port_info 2 /INPUT 1 "cin"
    .port_info 3 /OUTPUT 1 "sum"
    .port_info 4 /OUTPUT 1 "carry"
L_0x55995ecfd700 .functor XOR 1, L_0x55995ecfdc50, L_0x55995ecfde10, C4<0>, C4<0>;
L_0x55995ecfd770 .functor XOR 1, L_0x55995ecfd700, L_0x55995ecfd350, C4<0>, C4<0>;
L_0x55995ecfd870 .functor AND 1, L_0x55995ecfdc50, L_0x55995ecfde10, C4<1>, C4<1>;
L_0x55995ecfd8e0 .functor AND 1, L_0x55995ecfde10, L_0x55995ecfd350, C4<1>, C4<1>;
L_0x55995ecfd980 .functor OR 1, L_0x55995ecfd870, L_0x55995ecfd8e0, C4<0>, C4<0>;
L_0x55995ecfda90 .functor AND 1, L_0x55995ecfdc50, L_0x55995ecfd350, C4<1>, C4<1>;
L_0x55995ecfdb40 .functor OR 1, L_0x55995ecfd980, L_0x55995ecfda90, C4<0>, C4<0>;
v0x55995ecf2f10_0 .net *"_s0", 0 0, L_0x55995ecfd700;  1 drivers
v0x55995ecf3010_0 .net *"_s10", 0 0, L_0x55995ecfda90;  1 drivers
v0x55995ecf30f0_0 .net *"_s4", 0 0, L_0x55995ecfd870;  1 drivers
v0x55995ecf31e0_0 .net *"_s6", 0 0, L_0x55995ecfd8e0;  1 drivers
v0x55995ecf32c0_0 .net *"_s8", 0 0, L_0x55995ecfd980;  1 drivers
v0x55995ecf33f0_0 .net "a", 0 0, L_0x55995ecfdc50;  1 drivers
v0x55995ecf34b0_0 .net "b", 0 0, L_0x55995ecfde10;  1 drivers
v0x55995ecf3570_0 .net "carry", 0 0, L_0x55995ecfdb40;  alias, 1 drivers
v0x55995ecf3630_0 .net "cin", 0 0, L_0x55995ecfd350;  alias, 1 drivers
v0x55995ecf3760_0 .net "sum", 0 0, L_0x55995ecfd770;  1 drivers
    .scope S_0x55995ecce5e0;
T_0 ;
    %wait E_0x55995ec886d0;
    %load/vec4 v0x55995ece4e40_0;
    %flag_set/vec4 8;
    %jmp/0xz  T_0.0, 8;
    %pushi/vec4 0, 0, 16;
    %assign/vec4 v0x55995ece4d60_0, 0;
    %jmp T_0.1;
T_0.0 ;
    %load/vec4 v0x55995ece4bc0_0;
    %assign/vec4 v0x55995ece4d60_0, 0;
T_0.1 ;
    %jmp T_0;
    .thread T_0;
# The file index is used to find the file name in the following table.
:file_names 8;
    "N/A";
    "<interactive>";
    "Prgctr.v";
    "./dff16.v";
    "./16BA.v";
    "./EightBA.v";
    "./FourBA.v";
    "./FullAdder.v";
