#! /usr/bin/vvp
:ivl_version "10.1 (stable)";
:ivl_delay_selection "TYPICAL";
:vpi_time_precision + 0;
:vpi_module "system";
:vpi_module "vhdl_sys";
:vpi_module "v2005_math";
:vpi_module "va_math";
S_0x556507f21ae0 .scope module, "decoder5232" "decoder5232" 2 1;
 .timescale 0 0;
    .port_info 0 /INPUT 5 "in"
    .port_info 1 /OUTPUT 32 "out"
    .port_info 2 /INPUT 1 "en"
o0x7f3094a3b018 .functor BUFZ 1, C4<z>; HiZ drive
v0x556507f21cf0_0 .net "en", 0 0, o0x7f3094a3b018;  0 drivers
o0x7f3094a3b048 .functor BUFZ 5, C4<zzzzz>; HiZ drive
v0x556507f41dd0_0 .net "in", 4 0, o0x7f3094a3b048;  0 drivers
v0x556507f41eb0_0 .var "out", 31 0;
E_0x556507edec30 .event edge, v0x556507f21cf0_0, v0x556507f41dd0_0;
    .scope S_0x556507f21ae0;
T_0 ;
    %wait E_0x556507edec30;
    %load/vec4 v0x556507f21cf0_0;
    %flag_set/vec4 8;
    %jmp/0xz  T_0.0, 8;
    %pushi/vec4 0, 0, 32;
    %store/vec4 v0x556507f41eb0_0, 0, 32;
    %load/vec4 v0x556507f41dd0_0;
    %dup/vec4;
    %pushi/vec4 0, 0, 5;
    %cmp/u;
    %jmp/1 T_0.2, 6;
    %dup/vec4;
    %pushi/vec4 1, 0, 5;
    %cmp/u;
    %jmp/1 T_0.3, 6;
    %dup/vec4;
    %pushi/vec4 10, 0, 5;
    %cmp/u;
    %jmp/1 T_0.4, 6;
    %dup/vec4;
    %pushi/vec4 11, 0, 5;
    %cmp/u;
    %jmp/1 T_0.5, 6;
    %dup/vec4;
    %pushi/vec4 4, 0, 5;
    %cmp/u;
    %jmp/1 T_0.6, 6;
    %dup/vec4;
    %pushi/vec4 5, 0, 5;
    %cmp/u;
    %jmp/1 T_0.7, 6;
    %dup/vec4;
    %pushi/vec4 14, 0, 5;
    %cmp/u;
    %jmp/1 T_0.8, 6;
    %dup/vec4;
    %pushi/vec4 15, 0, 5;
    %cmp/u;
    %jmp/1 T_0.9, 6;
    %dup/vec4;
    %pushi/vec4 8, 0, 5;
    %cmp/u;
    %jmp/1 T_0.10, 6;
    %dup/vec4;
    %pushi/vec4 9, 0, 5;
    %cmp/u;
    %jmp/1 T_0.11, 6;
    %dup/vec4;
    %pushi/vec4 18, 0, 5;
    %cmp/u;
    %jmp/1 T_0.12, 6;
    %dup/vec4;
    %pushi/vec4 19, 0, 5;
    %cmp/u;
    %jmp/1 T_0.13, 6;
    %dup/vec4;
    %pushi/vec4 12, 0, 5;
    %cmp/u;
    %jmp/1 T_0.14, 6;
    %dup/vec4;
    %pushi/vec4 13, 0, 5;
    %cmp/u;
    %jmp/1 T_0.15, 6;
    %dup/vec4;
    %pushi/vec4 22, 0, 5;
    %cmp/u;
    %jmp/1 T_0.16, 6;
    %dup/vec4;
    %pushi/vec4 23, 0, 5;
    %cmp/u;
    %jmp/1 T_0.17, 6;
    %dup/vec4;
    %pushi/vec4 16, 0, 5;
    %cmp/u;
    %jmp/1 T_0.18, 6;
    %dup/vec4;
    %pushi/vec4 17, 0, 5;
    %cmp/u;
    %jmp/1 T_0.19, 6;
    %dup/vec4;
    %pushi/vec4 26, 0, 5;
    %cmp/u;
    %jmp/1 T_0.20, 6;
    %dup/vec4;
    %pushi/vec4 27, 0, 5;
    %cmp/u;
    %jmp/1 T_0.21, 6;
    %dup/vec4;
    %pushi/vec4 20, 0, 5;
    %cmp/u;
    %jmp/1 T_0.22, 6;
    %dup/vec4;
    %pushi/vec4 21, 0, 5;
    %cmp/u;
    %jmp/1 T_0.23, 6;
    %dup/vec4;
    %pushi/vec4 30, 0, 5;
    %cmp/u;
    %jmp/1 T_0.24, 6;
    %dup/vec4;
    %pushi/vec4 31, 0, 5;
    %cmp/u;
    %jmp/1 T_0.25, 6;
    %dup/vec4;
    %pushi/vec4 24, 0, 5;
    %cmp/u;
    %jmp/1 T_0.26, 6;
    %dup/vec4;
    %pushi/vec4 25, 0, 5;
    %cmp/u;
    %jmp/1 T_0.27, 6;
    %dup/vec4;
    %pushi/vec4 2, 0, 5;
    %cmp/u;
    %jmp/1 T_0.28, 6;
    %dup/vec4;
    %pushi/vec4 3, 0, 5;
    %cmp/u;
    %jmp/1 T_0.29, 6;
    %dup/vec4;
    %pushi/vec4 28, 0, 5;
    %cmp/u;
    %jmp/1 T_0.30, 6;
    %dup/vec4;
    %pushi/vec4 29, 0, 5;
    %cmp/u;
    %jmp/1 T_0.31, 6;
    %dup/vec4;
    %pushi/vec4 6, 0, 5;
    %cmp/u;
    %jmp/1 T_0.32, 6;
    %dup/vec4;
    %pushi/vec4 7, 0, 5;
    %cmp/u;
    %jmp/1 T_0.33, 6;
    %pushi/vec4 0, 0, 32;
    %store/vec4 v0x556507f41eb0_0, 0, 32;
    %jmp T_0.35;
T_0.2 ;
    %pushi/vec4 1, 0, 1;
    %ix/load 4, 0, 0;
    %flag_set/imm 4, 0;
    %store/vec4 v0x556507f41eb0_0, 4, 1;
    %jmp T_0.35;
T_0.3 ;
    %pushi/vec4 1, 0, 1;
    %ix/load 4, 1, 0;
    %flag_set/imm 4, 0;
    %store/vec4 v0x556507f41eb0_0, 4, 1;
    %jmp T_0.35;
T_0.4 ;
    %pushi/vec4 1, 0, 1;
    %ix/load 4, 2, 0;
    %flag_set/imm 4, 0;
    %store/vec4 v0x556507f41eb0_0, 4, 1;
    %jmp T_0.35;
T_0.5 ;
    %pushi/vec4 1, 0, 1;
    %ix/load 4, 3, 0;
    %flag_set/imm 4, 0;
    %store/vec4 v0x556507f41eb0_0, 4, 1;
    %jmp T_0.35;
T_0.6 ;
    %pushi/vec4 1, 0, 1;
    %ix/load 4, 4, 0;
    %flag_set/imm 4, 0;
    %store/vec4 v0x556507f41eb0_0, 4, 1;
    %jmp T_0.35;
T_0.7 ;
    %pushi/vec4 1, 0, 1;
    %ix/load 4, 5, 0;
    %flag_set/imm 4, 0;
    %store/vec4 v0x556507f41eb0_0, 4, 1;
    %jmp T_0.35;
T_0.8 ;
    %pushi/vec4 1, 0, 1;
    %ix/load 4, 6, 0;
    %flag_set/imm 4, 0;
    %store/vec4 v0x556507f41eb0_0, 4, 1;
    %jmp T_0.35;
T_0.9 ;
    %pushi/vec4 1, 0, 1;
    %ix/load 4, 7, 0;
    %flag_set/imm 4, 0;
    %store/vec4 v0x556507f41eb0_0, 4, 1;
    %jmp T_0.35;
T_0.10 ;
    %pushi/vec4 1, 0, 1;
    %ix/load 4, 8, 0;
    %flag_set/imm 4, 0;
    %store/vec4 v0x556507f41eb0_0, 4, 1;
    %jmp T_0.35;
T_0.11 ;
    %pushi/vec4 1, 0, 1;
    %ix/load 4, 9, 0;
    %flag_set/imm 4, 0;
    %store/vec4 v0x556507f41eb0_0, 4, 1;
    %jmp T_0.35;
T_0.12 ;
    %pushi/vec4 1, 0, 1;
    %ix/load 4, 10, 0;
    %flag_set/imm 4, 0;
    %store/vec4 v0x556507f41eb0_0, 4, 1;
    %jmp T_0.35;
T_0.13 ;
    %pushi/vec4 1, 0, 1;
    %ix/load 4, 11, 0;
    %flag_set/imm 4, 0;
    %store/vec4 v0x556507f41eb0_0, 4, 1;
    %jmp T_0.35;
T_0.14 ;
    %pushi/vec4 1, 0, 1;
    %ix/load 4, 12, 0;
    %flag_set/imm 4, 0;
    %store/vec4 v0x556507f41eb0_0, 4, 1;
    %jmp T_0.35;
T_0.15 ;
    %pushi/vec4 1, 0, 1;
    %ix/load 4, 13, 0;
    %flag_set/imm 4, 0;
    %store/vec4 v0x556507f41eb0_0, 4, 1;
    %jmp T_0.35;
T_0.16 ;
    %pushi/vec4 1, 0, 1;
    %ix/load 4, 14, 0;
    %flag_set/imm 4, 0;
    %store/vec4 v0x556507f41eb0_0, 4, 1;
    %jmp T_0.35;
T_0.17 ;
    %pushi/vec4 1, 0, 1;
    %ix/load 4, 15, 0;
    %flag_set/imm 4, 0;
    %store/vec4 v0x556507f41eb0_0, 4, 1;
    %jmp T_0.35;
T_0.18 ;
    %pushi/vec4 1, 0, 1;
    %ix/load 4, 16, 0;
    %flag_set/imm 4, 0;
    %store/vec4 v0x556507f41eb0_0, 4, 1;
    %jmp T_0.35;
T_0.19 ;
    %pushi/vec4 1, 0, 1;
    %ix/load 4, 17, 0;
    %flag_set/imm 4, 0;
    %store/vec4 v0x556507f41eb0_0, 4, 1;
    %jmp T_0.35;
T_0.20 ;
    %pushi/vec4 1, 0, 1;
    %ix/load 4, 18, 0;
    %flag_set/imm 4, 0;
    %store/vec4 v0x556507f41eb0_0, 4, 1;
    %jmp T_0.35;
T_0.21 ;
    %pushi/vec4 1, 0, 1;
    %ix/load 4, 19, 0;
    %flag_set/imm 4, 0;
    %store/vec4 v0x556507f41eb0_0, 4, 1;
    %jmp T_0.35;
T_0.22 ;
    %pushi/vec4 1, 0, 1;
    %ix/load 4, 20, 0;
    %flag_set/imm 4, 0;
    %store/vec4 v0x556507f41eb0_0, 4, 1;
    %jmp T_0.35;
T_0.23 ;
    %pushi/vec4 1, 0, 1;
    %ix/load 4, 21, 0;
    %flag_set/imm 4, 0;
    %store/vec4 v0x556507f41eb0_0, 4, 1;
    %jmp T_0.35;
T_0.24 ;
    %pushi/vec4 1, 0, 1;
    %ix/load 4, 22, 0;
    %flag_set/imm 4, 0;
    %store/vec4 v0x556507f41eb0_0, 4, 1;
    %jmp T_0.35;
T_0.25 ;
    %pushi/vec4 1, 0, 1;
    %ix/load 4, 23, 0;
    %flag_set/imm 4, 0;
    %store/vec4 v0x556507f41eb0_0, 4, 1;
    %jmp T_0.35;
T_0.26 ;
    %pushi/vec4 1, 0, 1;
    %ix/load 4, 24, 0;
    %flag_set/imm 4, 0;
    %store/vec4 v0x556507f41eb0_0, 4, 1;
    %jmp T_0.35;
T_0.27 ;
    %pushi/vec4 1, 0, 1;
    %ix/load 4, 25, 0;
    %flag_set/imm 4, 0;
    %store/vec4 v0x556507f41eb0_0, 4, 1;
    %jmp T_0.35;
T_0.28 ;
    %pushi/vec4 1, 0, 1;
    %ix/load 4, 26, 0;
    %flag_set/imm 4, 0;
    %store/vec4 v0x556507f41eb0_0, 4, 1;
    %jmp T_0.35;
T_0.29 ;
    %pushi/vec4 1, 0, 1;
    %ix/load 4, 27, 0;
    %flag_set/imm 4, 0;
    %store/vec4 v0x556507f41eb0_0, 4, 1;
    %jmp T_0.35;
T_0.30 ;
    %pushi/vec4 1, 0, 1;
    %ix/load 4, 28, 0;
    %flag_set/imm 4, 0;
    %store/vec4 v0x556507f41eb0_0, 4, 1;
    %jmp T_0.35;
T_0.31 ;
    %pushi/vec4 1, 0, 1;
    %ix/load 4, 29, 0;
    %flag_set/imm 4, 0;
    %store/vec4 v0x556507f41eb0_0, 4, 1;
    %jmp T_0.35;
T_0.32 ;
    %pushi/vec4 1, 0, 1;
    %ix/load 4, 30, 0;
    %flag_set/imm 4, 0;
    %store/vec4 v0x556507f41eb0_0, 4, 1;
    %jmp T_0.35;
T_0.33 ;
    %pushi/vec4 1, 0, 1;
    %ix/load 4, 31, 0;
    %flag_set/imm 4, 0;
    %store/vec4 v0x556507f41eb0_0, 4, 1;
    %jmp T_0.35;
T_0.35 ;
    %pop/vec4 1;
    %jmp T_0.1;
T_0.0 ;
    %pushi/vec4 0, 0, 32;
    %store/vec4 v0x556507f41eb0_0, 0, 32;
T_0.1 ;
    %jmp T_0;
    .thread T_0, $push;
# The file index is used to find the file name in the following table.
:file_names 3;
    "N/A";
    "<interactive>";
    "decoder.v";
