#! /usr/bin/vvp
:ivl_version "10.1 (stable)";
:ivl_delay_selection "TYPICAL";
:vpi_time_precision + 0;
:vpi_module "system";
:vpi_module "vhdl_sys";
:vpi_module "v2005_math";
:vpi_module "va_math";
S_0x5614037219f0 .scope module, "regfile" "regfile" 2 1;
 .timescale 0 0;
    .port_info 0 /INPUT 32 "Ip1"
    .port_info 1 /INPUT 4 "sel_i1"
    .port_info 2 /OUTPUT 32 "Op1"
    .port_info 3 /INPUT 4 "sel_o1"
    .port_info 4 /OUTPUT 32 "Op2"
    .port_info 5 /INPUT 4 "sel_o2"
    .port_info 6 /INPUT 1 "RD"
    .port_info 7 /INPUT 1 "WR"
    .port_info 8 /INPUT 1 "rst"
    .port_info 9 /INPUT 1 "EN"
    .port_info 10 /INPUT 1 "clk"
o0x7f0fa9bca138 .functor BUFZ 1, C4<z>; HiZ drive
o0x7f0fa9bca168 .functor BUFZ 1, C4<z>; HiZ drive
L_0x561403742650 .functor OR 1, o0x7f0fa9bca138, o0x7f0fa9bca168, C4<0>, C4<0>;
o0x7f0fa9bca018 .functor BUFZ 1, C4<z>; HiZ drive
v0x561403721c80_0 .net "EN", 0 0, o0x7f0fa9bca018;  0 drivers
o0x7f0fa9bca048 .functor BUFZ 32, C4<zzzzzzzzzzzzzzzzzzzzzzzzzzzzzzzz>; HiZ drive
v0x561403741aa0_0 .net "Ip1", 31 0, o0x7f0fa9bca048;  0 drivers
v0x561403741b80_0 .var "Op1", 31 0;
v0x561403741c40_0 .var "Op2", 31 0;
o0x7f0fa9bca0d8 .functor BUFZ 1, C4<z>; HiZ drive
v0x561403741d20_0 .net "RD", 0 0, o0x7f0fa9bca0d8;  0 drivers
o0x7f0fa9bca108 .functor BUFZ 1, C4<z>; HiZ drive
v0x561403741e30_0 .net "WR", 0 0, o0x7f0fa9bca108;  0 drivers
v0x561403741ef0_0 .net "clk", 0 0, o0x7f0fa9bca138;  0 drivers
v0x561403741fb0 .array "regfile", 15 0, 31 0;
v0x561403742070_0 .net "rst", 0 0, o0x7f0fa9bca168;  0 drivers
o0x7f0fa9bca198 .functor BUFZ 4, C4<zzzz>; HiZ drive
v0x561403742130_0 .net "sel_i1", 3 0, o0x7f0fa9bca198;  0 drivers
o0x7f0fa9bca1c8 .functor BUFZ 4, C4<zzzz>; HiZ drive
v0x561403742210_0 .net "sel_o1", 3 0, o0x7f0fa9bca1c8;  0 drivers
o0x7f0fa9bca1f8 .functor BUFZ 4, C4<zzzz>; HiZ drive
v0x5614037422f0_0 .net "sel_o2", 3 0, o0x7f0fa9bca1f8;  0 drivers
v0x5614037423d0_0 .net "sen", 0 0, L_0x561403742650;  1 drivers
E_0x561403713f10 .event posedge, v0x5614037423d0_0;
    .scope S_0x5614037219f0;
T_0 ;
    %wait E_0x561403713f10;
    %load/vec4 v0x561403721c80_0;
    %pad/u 32;
    %cmpi/e 1, 0, 32;
    %jmp/0xz  T_0.0, 4;
    %load/vec4 v0x561403742070_0;
    %pad/u 32;
    %cmpi/e 1, 0, 32;
    %jmp/0xz  T_0.2, 4;
    %pushi/vec4 0, 0, 32;
    %ix/load 4, 0, 0;
    %flag_set/imm 4, 0;
    %store/vec4a v0x561403741fb0, 4, 0;
    %pushi/vec4 1, 0, 32;
    %ix/load 4, 1, 0;
    %flag_set/imm 4, 0;
    %store/vec4a v0x561403741fb0, 4, 0;
    %pushi/vec4 2, 0, 32;
    %ix/load 4, 2, 0;
    %flag_set/imm 4, 0;
    %store/vec4a v0x561403741fb0, 4, 0;
    %pushi/vec4 3, 0, 32;
    %ix/load 4, 3, 0;
    %flag_set/imm 4, 0;
    %store/vec4a v0x561403741fb0, 4, 0;
    %pushi/vec4 4, 0, 32;
    %ix/load 4, 4, 0;
    %flag_set/imm 4, 0;
    %store/vec4a v0x561403741fb0, 4, 0;
    %pushi/vec4 5, 0, 32;
    %ix/load 4, 5, 0;
    %flag_set/imm 4, 0;
    %store/vec4a v0x561403741fb0, 4, 0;
    %pushi/vec4 6, 0, 32;
    %ix/load 4, 6, 0;
    %flag_set/imm 4, 0;
    %store/vec4a v0x561403741fb0, 4, 0;
    %pushi/vec4 7, 0, 32;
    %ix/load 4, 7, 0;
    %flag_set/imm 4, 0;
    %store/vec4a v0x561403741fb0, 4, 0;
    %pushi/vec4 8, 0, 32;
    %ix/load 4, 8, 0;
    %flag_set/imm 4, 0;
    %store/vec4a v0x561403741fb0, 4, 0;
    %pushi/vec4 9, 0, 32;
    %ix/load 4, 9, 0;
    %flag_set/imm 4, 0;
    %store/vec4a v0x561403741fb0, 4, 0;
    %pushi/vec4 10, 0, 32;
    %ix/load 4, 10, 0;
    %flag_set/imm 4, 0;
    %store/vec4a v0x561403741fb0, 4, 0;
    %pushi/vec4 11, 0, 32;
    %ix/load 4, 11, 0;
    %flag_set/imm 4, 0;
    %store/vec4a v0x561403741fb0, 4, 0;
    %pushi/vec4 12, 0, 32;
    %ix/load 4, 12, 0;
    %flag_set/imm 4, 0;
    %store/vec4a v0x561403741fb0, 4, 0;
    %pushi/vec4 13, 0, 32;
    %ix/load 4, 13, 0;
    %flag_set/imm 4, 0;
    %store/vec4a v0x561403741fb0, 4, 0;
    %pushi/vec4 14, 0, 32;
    %ix/load 4, 14, 0;
    %flag_set/imm 4, 0;
    %store/vec4a v0x561403741fb0, 4, 0;
    %pushi/vec4 15, 0, 32;
    %ix/load 4, 15, 0;
    %flag_set/imm 4, 0;
    %store/vec4a v0x561403741fb0, 4, 0;
    %pushi/vec4 4294967295, 4294967295, 32;
    %store/vec4 v0x561403741b80_0, 0, 32;
    %jmp T_0.3;
T_0.2 ;
    %load/vec4 v0x561403742070_0;
    %pad/u 32;
    %cmpi/e 0, 0, 32;
    %jmp/0xz  T_0.4, 4;
    %load/vec4 v0x561403741d20_0;
    %load/vec4 v0x561403741e30_0;
    %concat/vec4; draw_concat_vec4
    %dup/vec4;
    %pushi/vec4 0, 0, 2;
    %cmp/u;
    %jmp/1 T_0.6, 6;
    %dup/vec4;
    %pushi/vec4 1, 0, 2;
    %cmp/u;
    %jmp/1 T_0.7, 6;
    %dup/vec4;
    %pushi/vec4 2, 0, 2;
    %cmp/u;
    %jmp/1 T_0.8, 6;
    %dup/vec4;
    %pushi/vec4 3, 0, 2;
    %cmp/u;
    %jmp/1 T_0.9, 6;
    %jmp T_0.11;
T_0.6 ;
    %jmp T_0.11;
T_0.7 ;
    %load/vec4 v0x561403741aa0_0;
    %load/vec4 v0x561403742130_0;
    %pad/u 6;
    %ix/vec4 4;
    %store/vec4a v0x561403741fb0, 4, 0;
    %jmp T_0.11;
T_0.8 ;
    %load/vec4 v0x561403742210_0;
    %pad/u 6;
    %ix/vec4 4;
    %load/vec4a v0x561403741fb0, 4;
    %store/vec4 v0x561403741b80_0, 0, 32;
    %load/vec4 v0x5614037422f0_0;
    %pad/u 6;
    %ix/vec4 4;
    %load/vec4a v0x561403741fb0, 4;
    %store/vec4 v0x561403741c40_0, 0, 32;
    %jmp T_0.11;
T_0.9 ;
    %load/vec4 v0x561403742210_0;
    %pad/u 6;
    %ix/vec4 4;
    %load/vec4a v0x561403741fb0, 4;
    %store/vec4 v0x561403741b80_0, 0, 32;
    %load/vec4 v0x5614037422f0_0;
    %pad/u 6;
    %ix/vec4 4;
    %load/vec4a v0x561403741fb0, 4;
    %store/vec4 v0x561403741c40_0, 0, 32;
    %load/vec4 v0x561403741aa0_0;
    %load/vec4 v0x561403742130_0;
    %pad/u 6;
    %ix/vec4 4;
    %store/vec4a v0x561403741fb0, 4, 0;
    %jmp T_0.11;
T_0.11 ;
    %pop/vec4 1;
T_0.4 ;
T_0.3 ;
T_0.0 ;
    %jmp T_0;
    .thread T_0;
# The file index is used to find the file name in the following table.
:file_names 3;
    "N/A";
    "<interactive>";
    "regfile.v";
