#! /usr/bin/vvp
:ivl_version "10.1 (stable)";
:ivl_delay_selection "TYPICAL";
:vpi_time_precision + 0;
:vpi_module "system";
:vpi_module "vhdl_sys";
:vpi_module "v2005_math";
:vpi_module "va_math";
S_0x55aa9b8ff230 .scope module, "ctest" "ctest" 2 2;
 .timescale 0 0;
v0x55aa9b91fad0_0 .var "N1", 0 0;
v0x55aa9b91fb90_0 .var "N2", 0 0;
v0x55aa9b91fc60_0 .net "N22", 0 0, L_0x55aa9b920470;  1 drivers
v0x55aa9b91fd60_0 .net "N23", 0 0, L_0x55aa9b9205d0;  1 drivers
v0x55aa9b91fe30_0 .var "N3", 0 0;
v0x55aa9b91fed0_0 .var "N6", 0 0;
v0x55aa9b91ffa0_0 .var "N7", 0 0;
S_0x55aa9b8ff3b0 .scope module, "HA01" "c17" 2 5, 3 1 0, S_0x55aa9b8ff230;
 .timescale 0 0;
    .port_info 0 /INPUT 1 "N1"
    .port_info 1 /INPUT 1 "N2"
    .port_info 2 /INPUT 1 "N3"
    .port_info 3 /INPUT 1 "N6"
    .port_info 4 /INPUT 1 "N7"
    .port_info 5 /OUTPUT 1 "N22"
    .port_info 6 /OUTPUT 1 "N23"
L_0x55aa9b920070 .functor NAND 1, v0x55aa9b91fad0_0, v0x55aa9b91fe30_0, C4<1>, C4<1>;
L_0x55aa9b9201b0 .functor NAND 1, v0x55aa9b91fe30_0, v0x55aa9b91fed0_0, C4<1>, C4<1>;
L_0x55aa9b920270 .functor NAND 1, v0x55aa9b91fb90_0, L_0x55aa9b9201b0, C4<1>, C4<1>;
L_0x55aa9b920380 .functor NAND 1, L_0x55aa9b9201b0, v0x55aa9b91ffa0_0, C4<1>, C4<1>;
L_0x55aa9b920470 .functor NAND 1, L_0x55aa9b920070, L_0x55aa9b920270, C4<1>, C4<1>;
L_0x55aa9b9205d0 .functor NAND 1, L_0x55aa9b920270, L_0x55aa9b920380, C4<1>, C4<1>;
v0x55aa9b8ff5e0_0 .net "N1", 0 0, v0x55aa9b91fad0_0;  1 drivers
v0x55aa9b91f240_0 .net "N10", 0 0, L_0x55aa9b920070;  1 drivers
v0x55aa9b91f300_0 .net "N11", 0 0, L_0x55aa9b9201b0;  1 drivers
v0x55aa9b91f3a0_0 .net "N16", 0 0, L_0x55aa9b920270;  1 drivers
v0x55aa9b91f460_0 .net "N19", 0 0, L_0x55aa9b920380;  1 drivers
v0x55aa9b91f570_0 .net "N2", 0 0, v0x55aa9b91fb90_0;  1 drivers
v0x55aa9b91f630_0 .net "N22", 0 0, L_0x55aa9b920470;  alias, 1 drivers
v0x55aa9b91f6f0_0 .net "N23", 0 0, L_0x55aa9b9205d0;  alias, 1 drivers
v0x55aa9b91f7b0_0 .net "N3", 0 0, v0x55aa9b91fe30_0;  1 drivers
v0x55aa9b91f870_0 .net "N6", 0 0, v0x55aa9b91fed0_0;  1 drivers
v0x55aa9b91f930_0 .net "N7", 0 0, v0x55aa9b91ffa0_0;  1 drivers
    .scope S_0x55aa9b8ff230;
T_0 ;
    %pushi/vec4 0, 0, 1;
    %store/vec4 v0x55aa9b91fad0_0, 0, 1;
    %pushi/vec4 0, 0, 1;
    %store/vec4 v0x55aa9b91fb90_0, 0, 1;
    %pushi/vec4 0, 0, 1;
    %store/vec4 v0x55aa9b91fe30_0, 0, 1;
    %pushi/vec4 0, 0, 1;
    %store/vec4 v0x55aa9b91fed0_0, 0, 1;
    %pushi/vec4 0, 0, 1;
    %store/vec4 v0x55aa9b91ffa0_0, 0, 1;
    %delay 5, 0;
    %pushi/vec4 0, 0, 1;
    %store/vec4 v0x55aa9b91fad0_0, 0, 1;
    %pushi/vec4 1, 0, 1;
    %store/vec4 v0x55aa9b91fb90_0, 0, 1;
    %pushi/vec4 0, 0, 1;
    %store/vec4 v0x55aa9b91fe30_0, 0, 1;
    %pushi/vec4 1, 0, 1;
    %store/vec4 v0x55aa9b91fed0_0, 0, 1;
    %pushi/vec4 1, 0, 1;
    %store/vec4 v0x55aa9b91ffa0_0, 0, 1;
    %delay 5, 0;
    %pushi/vec4 0, 0, 1;
    %store/vec4 v0x55aa9b91fad0_0, 0, 1;
    %pushi/vec4 0, 0, 1;
    %store/vec4 v0x55aa9b91fb90_0, 0, 1;
    %pushi/vec4 0, 0, 1;
    %store/vec4 v0x55aa9b91fe30_0, 0, 1;
    %pushi/vec4 1, 0, 1;
    %store/vec4 v0x55aa9b91fed0_0, 0, 1;
    %pushi/vec4 1, 0, 1;
    %store/vec4 v0x55aa9b91ffa0_0, 0, 1;
    %delay 5, 0;
    %pushi/vec4 0, 0, 1;
    %store/vec4 v0x55aa9b91fad0_0, 0, 1;
    %pushi/vec4 0, 0, 1;
    %store/vec4 v0x55aa9b91fb90_0, 0, 1;
    %pushi/vec4 1, 0, 1;
    %store/vec4 v0x55aa9b91fe30_0, 0, 1;
    %pushi/vec4 1, 0, 1;
    %store/vec4 v0x55aa9b91fed0_0, 0, 1;
    %pushi/vec4 0, 0, 1;
    %store/vec4 v0x55aa9b91ffa0_0, 0, 1;
    %delay 5, 0;
    %pushi/vec4 0, 0, 1;
    %store/vec4 v0x55aa9b91fad0_0, 0, 1;
    %pushi/vec4 0, 0, 1;
    %store/vec4 v0x55aa9b91fb90_0, 0, 1;
    %pushi/vec4 1, 0, 1;
    %store/vec4 v0x55aa9b91fe30_0, 0, 1;
    %pushi/vec4 0, 0, 1;
    %store/vec4 v0x55aa9b91fed0_0, 0, 1;
    %pushi/vec4 0, 0, 1;
    %store/vec4 v0x55aa9b91ffa0_0, 0, 1;
    %delay 5, 0;
    %pushi/vec4 0, 0, 1;
    %store/vec4 v0x55aa9b91fad0_0, 0, 1;
    %pushi/vec4 0, 0, 1;
    %store/vec4 v0x55aa9b91fb90_0, 0, 1;
    %pushi/vec4 0, 0, 1;
    %store/vec4 v0x55aa9b91fe30_0, 0, 1;
    %pushi/vec4 0, 0, 1;
    %store/vec4 v0x55aa9b91fed0_0, 0, 1;
    %pushi/vec4 0, 0, 1;
    %store/vec4 v0x55aa9b91ffa0_0, 0, 1;
    %delay 5, 0;
    %pushi/vec4 0, 0, 1;
    %store/vec4 v0x55aa9b91fad0_0, 0, 1;
    %pushi/vec4 0, 0, 1;
    %store/vec4 v0x55aa9b91fb90_0, 0, 1;
    %pushi/vec4 0, 0, 1;
    %store/vec4 v0x55aa9b91fe30_0, 0, 1;
    %pushi/vec4 0, 0, 1;
    %store/vec4 v0x55aa9b91fed0_0, 0, 1;
    %pushi/vec4 0, 0, 1;
    %store/vec4 v0x55aa9b91ffa0_0, 0, 1;
    %delay 5, 0;
    %pushi/vec4 0, 0, 1;
    %store/vec4 v0x55aa9b91fad0_0, 0, 1;
    %pushi/vec4 0, 0, 1;
    %store/vec4 v0x55aa9b91fb90_0, 0, 1;
    %pushi/vec4 0, 0, 1;
    %store/vec4 v0x55aa9b91fe30_0, 0, 1;
    %pushi/vec4 0, 0, 1;
    %store/vec4 v0x55aa9b91fed0_0, 0, 1;
    %pushi/vec4 0, 0, 1;
    %store/vec4 v0x55aa9b91ffa0_0, 0, 1;
    %delay 5, 0;
    %pushi/vec4 0, 0, 1;
    %store/vec4 v0x55aa9b91fad0_0, 0, 1;
    %pushi/vec4 0, 0, 1;
    %store/vec4 v0x55aa9b91fb90_0, 0, 1;
    %pushi/vec4 0, 0, 1;
    %store/vec4 v0x55aa9b91fe30_0, 0, 1;
    %pushi/vec4 0, 0, 1;
    %store/vec4 v0x55aa9b91fed0_0, 0, 1;
    %pushi/vec4 0, 0, 1;
    %store/vec4 v0x55aa9b91ffa0_0, 0, 1;
    %delay 5, 0;
    %pushi/vec4 0, 0, 1;
    %store/vec4 v0x55aa9b91fad0_0, 0, 1;
    %pushi/vec4 0, 0, 1;
    %store/vec4 v0x55aa9b91fb90_0, 0, 1;
    %pushi/vec4 0, 0, 1;
    %store/vec4 v0x55aa9b91fe30_0, 0, 1;
    %pushi/vec4 0, 0, 1;
    %store/vec4 v0x55aa9b91fed0_0, 0, 1;
    %pushi/vec4 0, 0, 1;
    %store/vec4 v0x55aa9b91ffa0_0, 0, 1;
    %delay 5, 0;
    %pushi/vec4 0, 0, 1;
    %store/vec4 v0x55aa9b91fad0_0, 0, 1;
    %pushi/vec4 0, 0, 1;
    %store/vec4 v0x55aa9b91fb90_0, 0, 1;
    %pushi/vec4 0, 0, 1;
    %store/vec4 v0x55aa9b91fe30_0, 0, 1;
    %pushi/vec4 0, 0, 1;
    %store/vec4 v0x55aa9b91fed0_0, 0, 1;
    %pushi/vec4 0, 0, 1;
    %store/vec4 v0x55aa9b91ffa0_0, 0, 1;
    %delay 5, 0;
    %pushi/vec4 0, 0, 1;
    %store/vec4 v0x55aa9b91fad0_0, 0, 1;
    %pushi/vec4 0, 0, 1;
    %store/vec4 v0x55aa9b91fb90_0, 0, 1;
    %pushi/vec4 0, 0, 1;
    %store/vec4 v0x55aa9b91fe30_0, 0, 1;
    %pushi/vec4 0, 0, 1;
    %store/vec4 v0x55aa9b91fed0_0, 0, 1;
    %pushi/vec4 0, 0, 1;
    %store/vec4 v0x55aa9b91ffa0_0, 0, 1;
    %delay 5, 0;
    %pushi/vec4 0, 0, 1;
    %store/vec4 v0x55aa9b91fad0_0, 0, 1;
    %pushi/vec4 0, 0, 1;
    %store/vec4 v0x55aa9b91fb90_0, 0, 1;
    %pushi/vec4 0, 0, 1;
    %store/vec4 v0x55aa9b91fe30_0, 0, 1;
    %pushi/vec4 0, 0, 1;
    %store/vec4 v0x55aa9b91fed0_0, 0, 1;
    %pushi/vec4 0, 0, 1;
    %store/vec4 v0x55aa9b91ffa0_0, 0, 1;
    %delay 5, 0;
    %pushi/vec4 0, 0, 1;
    %store/vec4 v0x55aa9b91fad0_0, 0, 1;
    %pushi/vec4 0, 0, 1;
    %store/vec4 v0x55aa9b91fb90_0, 0, 1;
    %pushi/vec4 0, 0, 1;
    %store/vec4 v0x55aa9b91fe30_0, 0, 1;
    %pushi/vec4 0, 0, 1;
    %store/vec4 v0x55aa9b91fed0_0, 0, 1;
    %pushi/vec4 0, 0, 1;
    %store/vec4 v0x55aa9b91ffa0_0, 0, 1;
    %delay 5, 0;
    %pushi/vec4 0, 0, 1;
    %store/vec4 v0x55aa9b91fad0_0, 0, 1;
    %pushi/vec4 0, 0, 1;
    %store/vec4 v0x55aa9b91fb90_0, 0, 1;
    %pushi/vec4 0, 0, 1;
    %store/vec4 v0x55aa9b91fe30_0, 0, 1;
    %pushi/vec4 0, 0, 1;
    %store/vec4 v0x55aa9b91fed0_0, 0, 1;
    %pushi/vec4 0, 0, 1;
    %store/vec4 v0x55aa9b91ffa0_0, 0, 1;
    %delay 5, 0;
    %pushi/vec4 0, 0, 1;
    %store/vec4 v0x55aa9b91fad0_0, 0, 1;
    %pushi/vec4 0, 0, 1;
    %store/vec4 v0x55aa9b91fb90_0, 0, 1;
    %pushi/vec4 0, 0, 1;
    %store/vec4 v0x55aa9b91fe30_0, 0, 1;
    %pushi/vec4 0, 0, 1;
    %store/vec4 v0x55aa9b91fed0_0, 0, 1;
    %pushi/vec4 0, 0, 1;
    %store/vec4 v0x55aa9b91ffa0_0, 0, 1;
    %delay 5, 0;
    %pushi/vec4 0, 0, 1;
    %store/vec4 v0x55aa9b91fad0_0, 0, 1;
    %pushi/vec4 0, 0, 1;
    %store/vec4 v0x55aa9b91fb90_0, 0, 1;
    %pushi/vec4 0, 0, 1;
    %store/vec4 v0x55aa9b91fe30_0, 0, 1;
    %pushi/vec4 0, 0, 1;
    %store/vec4 v0x55aa9b91fed0_0, 0, 1;
    %pushi/vec4 0, 0, 1;
    %store/vec4 v0x55aa9b91ffa0_0, 0, 1;
    %delay 5, 0;
    %pushi/vec4 0, 0, 1;
    %store/vec4 v0x55aa9b91fad0_0, 0, 1;
    %pushi/vec4 0, 0, 1;
    %store/vec4 v0x55aa9b91fb90_0, 0, 1;
    %pushi/vec4 0, 0, 1;
    %store/vec4 v0x55aa9b91fe30_0, 0, 1;
    %pushi/vec4 0, 0, 1;
    %store/vec4 v0x55aa9b91fed0_0, 0, 1;
    %pushi/vec4 0, 0, 1;
    %store/vec4 v0x55aa9b91ffa0_0, 0, 1;
    %delay 5, 0;
    %pushi/vec4 0, 0, 1;
    %store/vec4 v0x55aa9b91fad0_0, 0, 1;
    %pushi/vec4 0, 0, 1;
    %store/vec4 v0x55aa9b91fb90_0, 0, 1;
    %pushi/vec4 0, 0, 1;
    %store/vec4 v0x55aa9b91fe30_0, 0, 1;
    %pushi/vec4 0, 0, 1;
    %store/vec4 v0x55aa9b91fed0_0, 0, 1;
    %pushi/vec4 0, 0, 1;
    %store/vec4 v0x55aa9b91ffa0_0, 0, 1;
    %delay 5, 0;
    %pushi/vec4 0, 0, 1;
    %store/vec4 v0x55aa9b91fad0_0, 0, 1;
    %pushi/vec4 0, 0, 1;
    %store/vec4 v0x55aa9b91fb90_0, 0, 1;
    %pushi/vec4 0, 0, 1;
    %store/vec4 v0x55aa9b91fe30_0, 0, 1;
    %pushi/vec4 0, 0, 1;
    %store/vec4 v0x55aa9b91fed0_0, 0, 1;
    %pushi/vec4 0, 0, 1;
    %store/vec4 v0x55aa9b91ffa0_0, 0, 1;
    %delay 5, 0;
    %pushi/vec4 0, 0, 1;
    %store/vec4 v0x55aa9b91fad0_0, 0, 1;
    %pushi/vec4 0, 0, 1;
    %store/vec4 v0x55aa9b91fb90_0, 0, 1;
    %pushi/vec4 0, 0, 1;
    %store/vec4 v0x55aa9b91fe30_0, 0, 1;
    %pushi/vec4 0, 0, 1;
    %store/vec4 v0x55aa9b91fed0_0, 0, 1;
    %pushi/vec4 0, 0, 1;
    %store/vec4 v0x55aa9b91ffa0_0, 0, 1;
    %delay 5, 0;
    %pushi/vec4 0, 0, 1;
    %store/vec4 v0x55aa9b91fad0_0, 0, 1;
    %pushi/vec4 0, 0, 1;
    %store/vec4 v0x55aa9b91fb90_0, 0, 1;
    %pushi/vec4 0, 0, 1;
    %store/vec4 v0x55aa9b91fe30_0, 0, 1;
    %pushi/vec4 0, 0, 1;
    %store/vec4 v0x55aa9b91fed0_0, 0, 1;
    %pushi/vec4 0, 0, 1;
    %store/vec4 v0x55aa9b91ffa0_0, 0, 1;
    %delay 5, 0;
    %pushi/vec4 0, 0, 1;
    %store/vec4 v0x55aa9b91fad0_0, 0, 1;
    %pushi/vec4 0, 0, 1;
    %store/vec4 v0x55aa9b91fb90_0, 0, 1;
    %pushi/vec4 0, 0, 1;
    %store/vec4 v0x55aa9b91fe30_0, 0, 1;
    %pushi/vec4 0, 0, 1;
    %store/vec4 v0x55aa9b91fed0_0, 0, 1;
    %pushi/vec4 0, 0, 1;
    %store/vec4 v0x55aa9b91ffa0_0, 0, 1;
    %delay 5, 0;
    %pushi/vec4 0, 0, 1;
    %store/vec4 v0x55aa9b91fad0_0, 0, 1;
    %pushi/vec4 0, 0, 1;
    %store/vec4 v0x55aa9b91fb90_0, 0, 1;
    %pushi/vec4 0, 0, 1;
    %store/vec4 v0x55aa9b91fe30_0, 0, 1;
    %pushi/vec4 0, 0, 1;
    %store/vec4 v0x55aa9b91fed0_0, 0, 1;
    %pushi/vec4 0, 0, 1;
    %store/vec4 v0x55aa9b91ffa0_0, 0, 1;
    %delay 5, 0;
    %pushi/vec4 0, 0, 1;
    %store/vec4 v0x55aa9b91fad0_0, 0, 1;
    %pushi/vec4 0, 0, 1;
    %store/vec4 v0x55aa9b91fb90_0, 0, 1;
    %pushi/vec4 0, 0, 1;
    %store/vec4 v0x55aa9b91fe30_0, 0, 1;
    %pushi/vec4 0, 0, 1;
    %store/vec4 v0x55aa9b91fed0_0, 0, 1;
    %pushi/vec4 0, 0, 1;
    %store/vec4 v0x55aa9b91ffa0_0, 0, 1;
    %delay 5, 0;
    %pushi/vec4 0, 0, 1;
    %store/vec4 v0x55aa9b91fad0_0, 0, 1;
    %pushi/vec4 0, 0, 1;
    %store/vec4 v0x55aa9b91fb90_0, 0, 1;
    %pushi/vec4 0, 0, 1;
    %store/vec4 v0x55aa9b91fe30_0, 0, 1;
    %pushi/vec4 0, 0, 1;
    %store/vec4 v0x55aa9b91fed0_0, 0, 1;
    %pushi/vec4 0, 0, 1;
    %store/vec4 v0x55aa9b91ffa0_0, 0, 1;
    %delay 5, 0;
    %pushi/vec4 0, 0, 1;
    %store/vec4 v0x55aa9b91fad0_0, 0, 1;
    %pushi/vec4 0, 0, 1;
    %store/vec4 v0x55aa9b91fb90_0, 0, 1;
    %pushi/vec4 0, 0, 1;
    %store/vec4 v0x55aa9b91fe30_0, 0, 1;
    %pushi/vec4 0, 0, 1;
    %store/vec4 v0x55aa9b91fed0_0, 0, 1;
    %pushi/vec4 0, 0, 1;
    %store/vec4 v0x55aa9b91ffa0_0, 0, 1;
    %delay 5, 0;
    %pushi/vec4 0, 0, 1;
    %store/vec4 v0x55aa9b91fad0_0, 0, 1;
    %pushi/vec4 0, 0, 1;
    %store/vec4 v0x55aa9b91fb90_0, 0, 1;
    %pushi/vec4 0, 0, 1;
    %store/vec4 v0x55aa9b91fe30_0, 0, 1;
    %pushi/vec4 0, 0, 1;
    %store/vec4 v0x55aa9b91fed0_0, 0, 1;
    %pushi/vec4 0, 0, 1;
    %store/vec4 v0x55aa9b91ffa0_0, 0, 1;
    %delay 5, 0;
    %pushi/vec4 0, 0, 1;
    %store/vec4 v0x55aa9b91fad0_0, 0, 1;
    %pushi/vec4 0, 0, 1;
    %store/vec4 v0x55aa9b91fb90_0, 0, 1;
    %pushi/vec4 0, 0, 1;
    %store/vec4 v0x55aa9b91fe30_0, 0, 1;
    %pushi/vec4 0, 0, 1;
    %store/vec4 v0x55aa9b91fed0_0, 0, 1;
    %pushi/vec4 0, 0, 1;
    %store/vec4 v0x55aa9b91ffa0_0, 0, 1;
    %delay 5, 0;
    %pushi/vec4 0, 0, 1;
    %store/vec4 v0x55aa9b91fad0_0, 0, 1;
    %pushi/vec4 0, 0, 1;
    %store/vec4 v0x55aa9b91fb90_0, 0, 1;
    %pushi/vec4 0, 0, 1;
    %store/vec4 v0x55aa9b91fe30_0, 0, 1;
    %pushi/vec4 0, 0, 1;
    %store/vec4 v0x55aa9b91fed0_0, 0, 1;
    %pushi/vec4 0, 0, 1;
    %store/vec4 v0x55aa9b91ffa0_0, 0, 1;
    %delay 5, 0;
    %pushi/vec4 0, 0, 1;
    %store/vec4 v0x55aa9b91fad0_0, 0, 1;
    %pushi/vec4 0, 0, 1;
    %store/vec4 v0x55aa9b91fb90_0, 0, 1;
    %pushi/vec4 0, 0, 1;
    %store/vec4 v0x55aa9b91fe30_0, 0, 1;
    %pushi/vec4 0, 0, 1;
    %store/vec4 v0x55aa9b91fed0_0, 0, 1;
    %pushi/vec4 0, 0, 1;
    %store/vec4 v0x55aa9b91ffa0_0, 0, 1;
    %delay 5, 0;
    %pushi/vec4 0, 0, 1;
    %store/vec4 v0x55aa9b91fad0_0, 0, 1;
    %pushi/vec4 0, 0, 1;
    %store/vec4 v0x55aa9b91fb90_0, 0, 1;
    %pushi/vec4 0, 0, 1;
    %store/vec4 v0x55aa9b91fe30_0, 0, 1;
    %pushi/vec4 0, 0, 1;
    %store/vec4 v0x55aa9b91fed0_0, 0, 1;
    %pushi/vec4 0, 0, 1;
    %store/vec4 v0x55aa9b91ffa0_0, 0, 1;
    %end;
    .thread T_0;
    .scope S_0x55aa9b8ff230;
T_1 ;
    %vpi_call 2 46 "$monitor", $time, "N1=%b N2=%b N3=%b N6=%b N7=%b N22=%b N23=%b ", v0x55aa9b91fad0_0, v0x55aa9b91fb90_0, v0x55aa9b91fe30_0, v0x55aa9b91fed0_0, v0x55aa9b91ffa0_0, v0x55aa9b91fc60_0, v0x55aa9b91fd60_0, " " {0 0 0};
    %end;
    .thread T_1;
# The file index is used to find the file name in the following table.
:file_names 4;
    "N/A";
    "<interactive>";
    "c17_tb.v";
    "./c17.v";
