#! /usr/bin/vvp
:ivl_version "10.1 (stable)";
:ivl_delay_selection "TYPICAL";
:vpi_time_precision + 0;
:vpi_module "system";
:vpi_module "vhdl_sys";
:vpi_module "v2005_math";
:vpi_module "va_math";
S_0x558aa9fe1120 .scope module, "barrel_shifter_l" "barrel_shifter_l" 2 4;
 .timescale 0 0;
    .port_info 0 /INPUT 5 "diff"
    .port_info 1 /INPUT 11 "inp"
    .port_info 2 /OUTPUT 11 "shifted_num"
RS_0x7fd030340bd8 .resolv tri, L_0x558aaa08c0c0, L_0x558aaa08cc60, L_0x558aaa08dc00, L_0x558aaa08e780, L_0x558aaa08f8a0, L_0x558aaa08f5c0, L_0x558aaa08fee0, L_0x558aaa090910, L_0x558aaa090e50, L_0x558aaa0920c0, L_0x558aaa092630;
v0x558aaa0632c0_0 .net8 "diff", 4 0, RS_0x7fd030340bd8;  11 drivers
o0x7fd030340c08 .functor BUFZ 11, C4<zzzzzzzzzzz>; HiZ drive
v0x558aaa0633c0_0 .net "inp", 10 0, o0x7fd030340c08;  0 drivers
o0x7fd030340c38 .functor BUFZ 11, C4<zzzzzzzzzzz>; HiZ drive
v0x558aaa0634a0_0 .net "layer1", 10 0, o0x7fd030340c38;  0 drivers
o0x7fd030340c68 .functor BUFZ 11, C4<zzzzzzzzzzz>; HiZ drive
v0x558aaa063560_0 .net "layer2", 10 0, o0x7fd030340c68;  0 drivers
o0x7fd030340c98 .functor BUFZ 11, C4<zzzzzzzzzzz>; HiZ drive
v0x558aaa063640_0 .net "layer3", 10 0, o0x7fd030340c98;  0 drivers
o0x7fd030340cc8 .functor BUFZ 11, C4<zzzzzzzzzzz>; HiZ drive
v0x558aaa063770_0 .net "layer4", 10 0, o0x7fd030340cc8;  0 drivers
o0x7fd030340cf8 .functor BUFZ 11, C4<zzzzzzzzzzz>; HiZ drive
v0x558aaa063850_0 .net "shifted_num", 10 0, o0x7fd030340cf8;  0 drivers
L_0x558aaa073da0 .part o0x7fd030340c08, 0, 1;
L_0x558aaa073ee0 .part o0x7fd030340c38, 0, 1;
L_0x558aaa0743d0 .part o0x7fd030340c08, 1, 1;
L_0x558aaa074510 .part o0x7fd030340c08, 0, 1;
L_0x558aaa074630 .part o0x7fd030340c38, 1, 1;
L_0x558aaa074a90 .part o0x7fd030340c08, 2, 1;
L_0x558aaa074bc0 .part o0x7fd030340c08, 1, 1;
L_0x558aaa074c60 .part o0x7fd030340c38, 2, 1;
L_0x558aaa075100 .part o0x7fd030340c08, 3, 1;
L_0x558aaa0751f0 .part o0x7fd030340c08, 2, 1;
L_0x558aaa075340 .part o0x7fd030340c38, 3, 1;
L_0x558aaa075740 .part o0x7fd030340c08, 4, 1;
L_0x558aaa0758a0 .part o0x7fd030340c08, 3, 1;
L_0x558aaa075990 .part o0x7fd030340c38, 4, 1;
L_0x558aaa075e50 .part o0x7fd030340c08, 5, 1;
L_0x558aaa075f40 .part o0x7fd030340c08, 4, 1;
L_0x558aaa0760c0 .part o0x7fd030340c38, 5, 1;
L_0x558aaa076500 .part o0x7fd030340c08, 6, 1;
L_0x558aaa076690 .part o0x7fd030340c08, 5, 1;
L_0x558aaa076780 .part o0x7fd030340c38, 6, 1;
L_0x558aaa076ce0 .part o0x7fd030340c08, 7, 1;
L_0x558aaa076dd0 .part o0x7fd030340c08, 6, 1;
L_0x558aaa076f80 .part o0x7fd030340c38, 7, 1;
L_0x558aaa0774d0 .part o0x7fd030340c08, 8, 1;
L_0x558aaa0778a0 .part o0x7fd030340c08, 7, 1;
L_0x558aaa077990 .part o0x7fd030340c38, 8, 1;
L_0x558aaa077eb0 .part o0x7fd030340c08, 9, 1;
L_0x558aaa077fa0 .part o0x7fd030340c08, 8, 1;
L_0x558aaa078180 .part o0x7fd030340c38, 9, 1;
L_0x558aaa0785c0 .part o0x7fd030340c08, 10, 1;
L_0x558aaa0787b0 .part o0x7fd030340c08, 9, 1;
L_0x558aaa0788a0 .part o0x7fd030340c38, 10, 1;
L_0x558aaa078df0 .part o0x7fd030340c38, 0, 1;
L_0x558aaa078f30 .part o0x7fd030340c68, 0, 1;
L_0x558aaa0794c0 .part o0x7fd030340c38, 1, 1;
L_0x558aaa079600 .part o0x7fd030340c68, 1, 1;
L_0x558aaa079aa0 .part o0x7fd030340c38, 2, 1;
L_0x558aaa079b90 .part o0x7fd030340c38, 0, 1;
L_0x558aaa079dc0 .part o0x7fd030340c68, 2, 1;
L_0x558aaa07a3e0 .part o0x7fd030340c38, 3, 1;
L_0x558aaa07a830 .part o0x7fd030340c38, 1, 1;
L_0x558aaa07a920 .part o0x7fd030340c68, 3, 1;
L_0x558aaa07ae70 .part o0x7fd030340c38, 4, 1;
L_0x558aaa07af60 .part o0x7fd030340c38, 2, 1;
L_0x558aaa07b1c0 .part o0x7fd030340c68, 4, 1;
L_0x558aaa07b600 .part o0x7fd030340c38, 5, 1;
L_0x558aaa07b870 .part o0x7fd030340c38, 3, 1;
L_0x558aaa07b960 .part o0x7fd030340c68, 5, 1;
L_0x558aaa07bf30 .part o0x7fd030340c38, 6, 1;
L_0x558aaa07c020 .part o0x7fd030340c38, 4, 1;
L_0x558aaa07c2b0 .part o0x7fd030340c68, 6, 1;
L_0x558aaa07c6f0 .part o0x7fd030340c38, 7, 1;
L_0x558aaa07c990 .part o0x7fd030340c38, 5, 1;
L_0x558aaa07ca80 .part o0x7fd030340c68, 7, 1;
L_0x558aaa07d080 .part o0x7fd030340c38, 8, 1;
L_0x558aaa07d170 .part o0x7fd030340c38, 6, 1;
L_0x558aaa07d430 .part o0x7fd030340c68, 8, 1;
L_0x558aaa07d870 .part o0x7fd030340c38, 9, 1;
L_0x558aaa07db40 .part o0x7fd030340c38, 7, 1;
L_0x558aaa07dc30 .part o0x7fd030340c68, 9, 1;
L_0x558aaa07e260 .part o0x7fd030340c38, 10, 1;
L_0x558aaa07e350 .part o0x7fd030340c38, 8, 1;
L_0x558aaa07e640 .part o0x7fd030340c68, 10, 1;
L_0x558aaa07ea80 .part o0x7fd030340c68, 0, 1;
L_0x558aaa07edd0 .part o0x7fd030340c98, 0, 1;
L_0x558aaa07f240 .part o0x7fd030340c68, 1, 1;
L_0x558aaa07f5a0 .part o0x7fd030340c98, 1, 1;
L_0x558aaa07fa00 .part o0x7fd030340c68, 2, 1;
L_0x558aaa07fd70 .part o0x7fd030340c98, 2, 1;
L_0x558aaa0801b0 .part o0x7fd030340c68, 3, 1;
L_0x558aaa080530 .part o0x7fd030340c98, 3, 1;
L_0x558aaa080920 .part o0x7fd030340c68, 4, 1;
L_0x558aaa080c60 .part o0x7fd030340c68, 0, 1;
L_0x558aaa080d50 .part o0x7fd030340c98, 4, 1;
L_0x558aaa0813f0 .part o0x7fd030340c68, 5, 1;
L_0x558aaa0814e0 .part o0x7fd030340c68, 1, 1;
L_0x558aaa081840 .part o0x7fd030340c98, 5, 1;
L_0x558aaa082090 .part o0x7fd030340c68, 6, 1;
L_0x558aaa082400 .part o0x7fd030340c68, 2, 1;
L_0x558aaa0824f0 .part o0x7fd030340c98, 6, 1;
L_0x558aaa082bc0 .part o0x7fd030340c68, 7, 1;
L_0x558aaa082cb0 .part o0x7fd030340c68, 3, 1;
L_0x558aaa083040 .part o0x7fd030340c98, 7, 1;
L_0x558aaa083480 .part o0x7fd030340c68, 8, 1;
L_0x558aaa083820 .part o0x7fd030340c68, 4, 1;
L_0x558aaa083910 .part o0x7fd030340c98, 8, 1;
L_0x558aaa084010 .part o0x7fd030340c68, 9, 1;
L_0x558aaa084100 .part o0x7fd030340c68, 5, 1;
L_0x558aaa0844c0 .part o0x7fd030340c98, 9, 1;
L_0x558aaa084900 .part o0x7fd030340c68, 10, 1;
L_0x558aaa084cd0 .part o0x7fd030340c68, 6, 1;
L_0x558aaa084dc0 .part o0x7fd030340c98, 10, 1;
L_0x558aaa0854f0 .part o0x7fd030340c98, 0, 1;
L_0x558aaa085630 .part o0x7fd030340cc8, 0, 1;
L_0x558aaa085da0 .part o0x7fd030340c98, 1, 1;
L_0x558aaa085ee0 .part o0x7fd030340cc8, 1, 1;
L_0x558aaa086650 .part o0x7fd030340c98, 2, 1;
L_0x558aaa086790 .part o0x7fd030340cc8, 2, 1;
L_0x558aaa086ef0 .part o0x7fd030340c98, 3, 1;
L_0x558aaa087030 .part o0x7fd030340cc8, 3, 1;
L_0x558aaa087750 .part o0x7fd030340c98, 4, 1;
L_0x558aaa087890 .part o0x7fd030340cc8, 4, 1;
L_0x558aaa088010 .part o0x7fd030340c98, 5, 1;
L_0x558aaa088150 .part o0x7fd030340cc8, 5, 1;
L_0x558aaa0888e0 .part o0x7fd030340c98, 6, 1;
L_0x558aaa088a20 .part o0x7fd030340cc8, 6, 1;
L_0x558aaa0891c0 .part o0x7fd030340c98, 7, 1;
L_0x558aaa089300 .part o0x7fd030340cc8, 7, 1;
L_0x558aaa089ab0 .part o0x7fd030340c98, 8, 1;
L_0x558aaa089bf0 .part o0x7fd030340cc8, 8, 1;
L_0x558aaa08a3b0 .part o0x7fd030340c98, 9, 1;
L_0x558aaa08a4a0 .part o0x7fd030340c98, 0, 1;
L_0x558aaa08a920 .part o0x7fd030340cc8, 9, 1;
L_0x558aaa08ad60 .part o0x7fd030340c98, 10, 1;
L_0x558aaa08b1f0 .part o0x7fd030340c98, 1, 1;
L_0x558aaa08b2e0 .part o0x7fd030340cc8, 10, 1;
L_0x558aaa08bad0 .part o0x7fd030340cc8, 0, 1;
L_0x558aaa08bc10 .part o0x7fd030340cf8, 0, 1;
LS_0x558aaa08c0c0_0_0 .concat8 [ 1 1 1 1], L_0x558aaa0784d0, L_0x558aaa07e170, L_0x558aaa084810, L_0x558aaa08ac70;
LS_0x558aaa08c0c0_0_4 .concat8 [ 1 0 0 0], L_0x558aaa08b9e0;
L_0x558aaa08c0c0 .concat8 [ 4 1 0 0], LS_0x558aaa08c0c0_0_0, LS_0x558aaa08c0c0_0_4;
L_0x558aaa08c610 .part o0x7fd030340cc8, 1, 1;
L_0x558aaa08cb20 .part o0x7fd030340cf8, 1, 1;
LS_0x558aaa08cc60_0_0 .concat8 [ 1 1 1 1], L_0x558aaa077dc0, L_0x558aaa07d780, L_0x558aaa083f20, L_0x558aaa08a2c0;
LS_0x558aaa08cc60_0_4 .concat8 [ 1 0 0 0], L_0x558aaa08c520;
L_0x558aaa08cc60 .concat8 [ 4 1 0 0], LS_0x558aaa08cc60_0_0, LS_0x558aaa08cc60_0_4;
L_0x558aaa08d5e0 .part o0x7fd030340cc8, 2, 1;
L_0x558aaa08d720 .part o0x7fd030340cf8, 2, 1;
LS_0x558aaa08dc00_0_0 .concat8 [ 1 1 1 1], L_0x558aaa0773e0, L_0x558aaa07cf90, L_0x558aaa083390, L_0x558aaa0899c0;
LS_0x558aaa08dc00_0_4 .concat8 [ 1 0 0 0], L_0x558aaa08d4f0;
L_0x558aaa08dc00 .concat8 [ 4 1 0 0], LS_0x558aaa08dc00_0_0, LS_0x558aaa08dc00_0_4;
L_0x558aaa08e150 .part o0x7fd030340cc8, 3, 1;
L_0x558aaa08e690 .part o0x7fd030340cf8, 3, 1;
LS_0x558aaa08e780_0_0 .concat8 [ 1 1 1 1], L_0x558aaa076bf0, L_0x558aaa07c600, L_0x558aaa082ad0, L_0x558aaa0890d0;
LS_0x558aaa08e780_0_4 .concat8 [ 1 0 0 0], L_0x558aaa08e060;
L_0x558aaa08e780 .concat8 [ 4 1 0 0], LS_0x558aaa08e780_0_0, LS_0x558aaa08e780_0_4;
L_0x558aaa08f040 .part o0x7fd030340cc8, 4, 1;
L_0x558aaa08f390 .part o0x7fd030340cf8, 4, 1;
LS_0x558aaa08f8a0_0_0 .concat8 [ 1 1 1 1], L_0x558aaa076410, L_0x558aaa07be40, L_0x558aaa081fa0, L_0x558aaa0887f0;
LS_0x558aaa08f8a0_0_4 .concat8 [ 1 0 0 0], L_0x558aaa08ef50;
L_0x558aaa08f8a0 .concat8 [ 4 1 0 0], LS_0x558aaa08f8a0_0_0, LS_0x558aaa08f8a0_0_4;
L_0x558aaa08fdf0 .part o0x7fd030340cc8, 5, 1;
L_0x558aaa08f4d0 .part o0x7fd030340cf8, 5, 1;
LS_0x558aaa08f5c0_0_0 .concat8 [ 1 1 1 1], L_0x558aaa075d60, L_0x558aaa07b510, L_0x558aaa081300, L_0x558aaa087f20;
LS_0x558aaa08f5c0_0_4 .concat8 [ 1 0 0 0], L_0x558aaa08fd00;
L_0x558aaa08f5c0 .concat8 [ 4 1 0 0], LS_0x558aaa08f5c0_0_0, LS_0x558aaa08f5c0_0_4;
L_0x558aaa0905a0 .part o0x7fd030340cc8, 6, 1;
L_0x558aaa0906e0 .part o0x7fd030340cf8, 6, 1;
LS_0x558aaa08fee0_0_0 .concat8 [ 1 1 1 1], L_0x558aaa075650, L_0x558aaa07ad80, L_0x558aaa080830, L_0x558aaa087660;
LS_0x558aaa08fee0_0_4 .concat8 [ 1 0 0 0], L_0x558aaa0904b0;
L_0x558aaa08fee0 .concat8 [ 4 1 0 0], LS_0x558aaa08fee0_0_0, LS_0x558aaa08fee0_0_4;
L_0x558aaa090d60 .part o0x7fd030340cc8, 7, 1;
L_0x558aaa090820 .part o0x7fd030340cf8, 7, 1;
LS_0x558aaa090910_0_0 .concat8 [ 1 1 1 1], L_0x558aaa075010, L_0x558aaa07a2f0, L_0x558aaa0800c0, L_0x558aaa086e00;
LS_0x558aaa090910_0_4 .concat8 [ 1 0 0 0], L_0x558aaa090c70;
L_0x558aaa090910 .concat8 [ 4 1 0 0], LS_0x558aaa090910_0_0, LS_0x558aaa090910_0_4;
L_0x558aaa091d50 .part o0x7fd030340cc8, 8, 1;
L_0x558aaa091e90 .part o0x7fd030340cf8, 8, 1;
LS_0x558aaa090e50_0_0 .concat8 [ 1 1 1 1], L_0x558aaa0749a0, L_0x558aaa0799b0, L_0x558aaa07f910, L_0x558aaa086560;
LS_0x558aaa090e50_0_4 .concat8 [ 1 0 0 0], L_0x558aaa091c60;
L_0x558aaa090e50 .concat8 [ 4 1 0 0], LS_0x558aaa090e50_0_0, LS_0x558aaa090e50_0_4;
L_0x558aaa092540 .part o0x7fd030340cc8, 9, 1;
L_0x558aaa091fd0 .part o0x7fd030340cf8, 9, 1;
LS_0x558aaa0920c0_0_0 .concat8 [ 1 1 1 1], L_0x558aaa0742e0, L_0x558aaa0793d0, L_0x558aaa07f150, L_0x558aaa085cb0;
LS_0x558aaa0920c0_0_4 .concat8 [ 1 0 0 0], L_0x558aaa092450;
L_0x558aaa0920c0 .concat8 [ 4 1 0 0], LS_0x558aaa0920c0_0_0, LS_0x558aaa0920c0_0_4;
L_0x558aaa092d50 .part o0x7fd030340cc8, 10, 1;
L_0x558aaa092e90 .part o0x7fd030340cf8, 10, 1;
LS_0x558aaa092630_0_0 .concat8 [ 1 1 1 1], L_0x558aaa073cb0, L_0x558aaa078d00, L_0x558aaa07e990, L_0x558aaa085400;
LS_0x558aaa092630_0_4 .concat8 [ 1 0 0 0], L_0x558aaa092c60;
L_0x558aaa092630 .concat8 [ 4 1 0 0], LS_0x558aaa092630_0_0, LS_0x558aaa092630_0_4;
S_0x558aa9fc9e60 .scope module, "l1_10" "mux2X1" 2 38, 2 1 0, S_0x558aa9fe1120;
 .timescale 0 0;
    .port_info 0 /INPUT 1 "i0"
    .port_info 1 /INPUT 1 "i1"
    .port_info 2 /INPUT 1 "j"
    .port_info 3 /OUTPUT 1 "o"
v0x558aaa03fca0_0 .net *"_s0", 31 0, L_0x558aaa077180;  1 drivers
L_0x7fd0302f04e0 .functor BUFT 1, C4<0000000000000000000000000000000>, C4<0>, C4<0>, C4<0>;
v0x558aaa013120_0 .net *"_s3", 30 0, L_0x7fd0302f04e0;  1 drivers
L_0x7fd0302f0528 .functor BUFT 1, C4<00000000000000000000000000000000>, C4<0>, C4<0>, C4<0>;
v0x558aa9ffa410_0 .net/2u *"_s4", 31 0, L_0x7fd0302f0528;  1 drivers
v0x558aa9fe1560_0 .net *"_s6", 0 0, L_0x558aaa077270;  1 drivers
v0x558aa9fc85b0_0 .net "i0", 0 0, L_0x558aaa0774d0;  1 drivers
v0x558aaa042af0_0 .net "i1", 0 0, L_0x558aaa0778a0;  1 drivers
v0x558aaa042bb0_0 .net "j", 0 0, L_0x558aaa077990;  1 drivers
v0x558aaa042c70_0 .net "o", 0 0, L_0x558aaa0773e0;  1 drivers
L_0x558aaa077180 .concat [ 1 31 0 0], L_0x558aaa077990, L_0x7fd0302f04e0;
L_0x558aaa077270 .cmp/eq 32, L_0x558aaa077180, L_0x7fd0302f0528;
L_0x558aaa0773e0 .functor MUXZ 1, L_0x558aaa0778a0, L_0x558aaa0774d0, L_0x558aaa077270, C4<>;
S_0x558aaa042db0 .scope module, "l1_11" "mux2X1" 2 39, 2 1 0, S_0x558aa9fe1120;
 .timescale 0 0;
    .port_info 0 /INPUT 1 "i0"
    .port_info 1 /INPUT 1 "i1"
    .port_info 2 /INPUT 1 "j"
    .port_info 3 /OUTPUT 1 "o"
v0x558aaa042fa0_0 .net *"_s0", 31 0, L_0x558aaa077b60;  1 drivers
L_0x7fd0302f0570 .functor BUFT 1, C4<0000000000000000000000000000000>, C4<0>, C4<0>, C4<0>;
v0x558aaa043080_0 .net *"_s3", 30 0, L_0x7fd0302f0570;  1 drivers
L_0x7fd0302f05b8 .functor BUFT 1, C4<00000000000000000000000000000000>, C4<0>, C4<0>, C4<0>;
v0x558aaa043160_0 .net/2u *"_s4", 31 0, L_0x7fd0302f05b8;  1 drivers
v0x558aaa043220_0 .net *"_s6", 0 0, L_0x558aaa077c50;  1 drivers
v0x558aaa0432e0_0 .net "i0", 0 0, L_0x558aaa077eb0;  1 drivers
v0x558aaa0433f0_0 .net "i1", 0 0, L_0x558aaa077fa0;  1 drivers
v0x558aaa0434b0_0 .net "j", 0 0, L_0x558aaa078180;  1 drivers
v0x558aaa043570_0 .net "o", 0 0, L_0x558aaa077dc0;  1 drivers
L_0x558aaa077b60 .concat [ 1 31 0 0], L_0x558aaa078180, L_0x7fd0302f0570;
L_0x558aaa077c50 .cmp/eq 32, L_0x558aaa077b60, L_0x7fd0302f05b8;
L_0x558aaa077dc0 .functor MUXZ 1, L_0x558aaa077fa0, L_0x558aaa077eb0, L_0x558aaa077c50, C4<>;
S_0x558aaa0436b0 .scope module, "l1_12" "mux2X1" 2 40, 2 1 0, S_0x558aa9fe1120;
 .timescale 0 0;
    .port_info 0 /INPUT 1 "i0"
    .port_info 1 /INPUT 1 "i1"
    .port_info 2 /INPUT 1 "j"
    .port_info 3 /OUTPUT 1 "o"
v0x558aaa043880_0 .net *"_s0", 31 0, L_0x558aaa078270;  1 drivers
L_0x7fd0302f0600 .functor BUFT 1, C4<0000000000000000000000000000000>, C4<0>, C4<0>, C4<0>;
v0x558aaa043960_0 .net *"_s3", 30 0, L_0x7fd0302f0600;  1 drivers
L_0x7fd0302f0648 .functor BUFT 1, C4<00000000000000000000000000000000>, C4<0>, C4<0>, C4<0>;
v0x558aaa043a40_0 .net/2u *"_s4", 31 0, L_0x7fd0302f0648;  1 drivers
v0x558aaa043b00_0 .net *"_s6", 0 0, L_0x558aaa078360;  1 drivers
v0x558aaa043bc0_0 .net "i0", 0 0, L_0x558aaa0785c0;  1 drivers
v0x558aaa043cd0_0 .net "i1", 0 0, L_0x558aaa0787b0;  1 drivers
v0x558aaa043d90_0 .net "j", 0 0, L_0x558aaa0788a0;  1 drivers
v0x558aaa043e50_0 .net "o", 0 0, L_0x558aaa0784d0;  1 drivers
L_0x558aaa078270 .concat [ 1 31 0 0], L_0x558aaa0788a0, L_0x7fd0302f0600;
L_0x558aaa078360 .cmp/eq 32, L_0x558aaa078270, L_0x7fd0302f0648;
L_0x558aaa0784d0 .functor MUXZ 1, L_0x558aaa0787b0, L_0x558aaa0785c0, L_0x558aaa078360, C4<>;
S_0x558aaa043f90 .scope module, "l1_2" "mux2X1" 2 30, 2 1 0, S_0x558aa9fe1120;
 .timescale 0 0;
    .port_info 0 /INPUT 1 "i0"
    .port_info 1 /INPUT 1 "i1"
    .port_info 2 /INPUT 1 "j"
    .port_info 3 /OUTPUT 1 "o"
v0x558aaa044160_0 .net *"_s0", 31 0, L_0x558aaa0639b0;  1 drivers
L_0x7fd0302f0018 .functor BUFT 1, C4<0000000000000000000000000000000>, C4<0>, C4<0>, C4<0>;
v0x558aaa044260_0 .net *"_s3", 30 0, L_0x7fd0302f0018;  1 drivers
L_0x7fd0302f0060 .functor BUFT 1, C4<00000000000000000000000000000000>, C4<0>, C4<0>, C4<0>;
v0x558aaa044340_0 .net/2u *"_s4", 31 0, L_0x7fd0302f0060;  1 drivers
v0x558aaa044430_0 .net *"_s6", 0 0, L_0x558aaa073b40;  1 drivers
v0x558aaa0444f0_0 .net "i0", 0 0, L_0x558aaa073da0;  1 drivers
L_0x7fd0302f00a8 .functor BUFT 1, C4<0>, C4<0>, C4<0>, C4<0>;
v0x558aaa044600_0 .net "i1", 0 0, L_0x7fd0302f00a8;  1 drivers
v0x558aaa0446c0_0 .net "j", 0 0, L_0x558aaa073ee0;  1 drivers
v0x558aaa044780_0 .net "o", 0 0, L_0x558aaa073cb0;  1 drivers
L_0x558aaa0639b0 .concat [ 1 31 0 0], L_0x558aaa073ee0, L_0x7fd0302f0018;
L_0x558aaa073b40 .cmp/eq 32, L_0x558aaa0639b0, L_0x7fd0302f0060;
L_0x558aaa073cb0 .functor MUXZ 1, L_0x7fd0302f00a8, L_0x558aaa073da0, L_0x558aaa073b40, C4<>;
S_0x558aaa0448c0 .scope module, "l1_3" "mux2X1" 2 31, 2 1 0, S_0x558aa9fe1120;
 .timescale 0 0;
    .port_info 0 /INPUT 1 "i0"
    .port_info 1 /INPUT 1 "i1"
    .port_info 2 /INPUT 1 "j"
    .port_info 3 /OUTPUT 1 "o"
v0x558aaa044ae0_0 .net *"_s0", 31 0, L_0x558aaa073fd0;  1 drivers
L_0x7fd0302f00f0 .functor BUFT 1, C4<0000000000000000000000000000000>, C4<0>, C4<0>, C4<0>;
v0x558aaa044be0_0 .net *"_s3", 30 0, L_0x7fd0302f00f0;  1 drivers
L_0x7fd0302f0138 .functor BUFT 1, C4<00000000000000000000000000000000>, C4<0>, C4<0>, C4<0>;
v0x558aaa044cc0_0 .net/2u *"_s4", 31 0, L_0x7fd0302f0138;  1 drivers
v0x558aaa044d80_0 .net *"_s6", 0 0, L_0x558aaa0741a0;  1 drivers
v0x558aaa044e40_0 .net "i0", 0 0, L_0x558aaa0743d0;  1 drivers
v0x558aaa044f50_0 .net "i1", 0 0, L_0x558aaa074510;  1 drivers
v0x558aaa045010_0 .net "j", 0 0, L_0x558aaa074630;  1 drivers
v0x558aaa0450d0_0 .net "o", 0 0, L_0x558aaa0742e0;  1 drivers
L_0x558aaa073fd0 .concat [ 1 31 0 0], L_0x558aaa074630, L_0x7fd0302f00f0;
L_0x558aaa0741a0 .cmp/eq 32, L_0x558aaa073fd0, L_0x7fd0302f0138;
L_0x558aaa0742e0 .functor MUXZ 1, L_0x558aaa074510, L_0x558aaa0743d0, L_0x558aaa0741a0, C4<>;
S_0x558aaa045210 .scope module, "l1_4" "mux2X1" 2 32, 2 1 0, S_0x558aa9fe1120;
 .timescale 0 0;
    .port_info 0 /INPUT 1 "i0"
    .port_info 1 /INPUT 1 "i1"
    .port_info 2 /INPUT 1 "j"
    .port_info 3 /OUTPUT 1 "o"
v0x558aaa0453e0_0 .net *"_s0", 31 0, L_0x558aaa074770;  1 drivers
L_0x7fd0302f0180 .functor BUFT 1, C4<0000000000000000000000000000000>, C4<0>, C4<0>, C4<0>;
v0x558aaa0454e0_0 .net *"_s3", 30 0, L_0x7fd0302f0180;  1 drivers
L_0x7fd0302f01c8 .functor BUFT 1, C4<00000000000000000000000000000000>, C4<0>, C4<0>, C4<0>;
v0x558aaa0455c0_0 .net/2u *"_s4", 31 0, L_0x7fd0302f01c8;  1 drivers
v0x558aaa0456b0_0 .net *"_s6", 0 0, L_0x558aaa074860;  1 drivers
v0x558aaa045770_0 .net "i0", 0 0, L_0x558aaa074a90;  1 drivers
v0x558aaa045880_0 .net "i1", 0 0, L_0x558aaa074bc0;  1 drivers
v0x558aaa045940_0 .net "j", 0 0, L_0x558aaa074c60;  1 drivers
v0x558aaa045a00_0 .net "o", 0 0, L_0x558aaa0749a0;  1 drivers
L_0x558aaa074770 .concat [ 1 31 0 0], L_0x558aaa074c60, L_0x7fd0302f0180;
L_0x558aaa074860 .cmp/eq 32, L_0x558aaa074770, L_0x7fd0302f01c8;
L_0x558aaa0749a0 .functor MUXZ 1, L_0x558aaa074bc0, L_0x558aaa074a90, L_0x558aaa074860, C4<>;
S_0x558aaa045b40 .scope module, "l1_5" "mux2X1" 2 33, 2 1 0, S_0x558aa9fe1120;
 .timescale 0 0;
    .port_info 0 /INPUT 1 "i0"
    .port_info 1 /INPUT 1 "i1"
    .port_info 2 /INPUT 1 "j"
    .port_info 3 /OUTPUT 1 "o"
v0x558aaa045d10_0 .net *"_s0", 31 0, L_0x558aaa074da0;  1 drivers
L_0x7fd0302f0210 .functor BUFT 1, C4<0000000000000000000000000000000>, C4<0>, C4<0>, C4<0>;
v0x558aaa045e10_0 .net *"_s3", 30 0, L_0x7fd0302f0210;  1 drivers
L_0x7fd0302f0258 .functor BUFT 1, C4<00000000000000000000000000000000>, C4<0>, C4<0>, C4<0>;
v0x558aaa045ef0_0 .net/2u *"_s4", 31 0, L_0x7fd0302f0258;  1 drivers
v0x558aaa045fe0_0 .net *"_s6", 0 0, L_0x558aaa074f20;  1 drivers
v0x558aaa0460a0_0 .net "i0", 0 0, L_0x558aaa075100;  1 drivers
v0x558aaa0461b0_0 .net "i1", 0 0, L_0x558aaa0751f0;  1 drivers
v0x558aaa046270_0 .net "j", 0 0, L_0x558aaa075340;  1 drivers
v0x558aaa046330_0 .net "o", 0 0, L_0x558aaa075010;  1 drivers
L_0x558aaa074da0 .concat [ 1 31 0 0], L_0x558aaa075340, L_0x7fd0302f0210;
L_0x558aaa074f20 .cmp/eq 32, L_0x558aaa074da0, L_0x7fd0302f0258;
L_0x558aaa075010 .functor MUXZ 1, L_0x558aaa0751f0, L_0x558aaa075100, L_0x558aaa074f20, C4<>;
S_0x558aaa046470 .scope module, "l1_6" "mux2X1" 2 34, 2 1 0, S_0x558aa9fe1120;
 .timescale 0 0;
    .port_info 0 /INPUT 1 "i0"
    .port_info 1 /INPUT 1 "i1"
    .port_info 2 /INPUT 1 "j"
    .port_info 3 /OUTPUT 1 "o"
v0x558aaa046640_0 .net *"_s0", 31 0, L_0x558aaa075470;  1 drivers
L_0x7fd0302f02a0 .functor BUFT 1, C4<0000000000000000000000000000000>, C4<0>, C4<0>, C4<0>;
v0x558aaa046740_0 .net *"_s3", 30 0, L_0x7fd0302f02a0;  1 drivers
L_0x7fd0302f02e8 .functor BUFT 1, C4<00000000000000000000000000000000>, C4<0>, C4<0>, C4<0>;
v0x558aaa046820_0 .net/2u *"_s4", 31 0, L_0x7fd0302f02e8;  1 drivers
v0x558aaa046910_0 .net *"_s6", 0 0, L_0x558aaa075510;  1 drivers
v0x558aaa0469d0_0 .net "i0", 0 0, L_0x558aaa075740;  1 drivers
v0x558aaa046ae0_0 .net "i1", 0 0, L_0x558aaa0758a0;  1 drivers
v0x558aaa046ba0_0 .net "j", 0 0, L_0x558aaa075990;  1 drivers
v0x558aaa046c60_0 .net "o", 0 0, L_0x558aaa075650;  1 drivers
L_0x558aaa075470 .concat [ 1 31 0 0], L_0x558aaa075990, L_0x7fd0302f02a0;
L_0x558aaa075510 .cmp/eq 32, L_0x558aaa075470, L_0x7fd0302f02e8;
L_0x558aaa075650 .functor MUXZ 1, L_0x558aaa0758a0, L_0x558aaa075740, L_0x558aaa075510, C4<>;
S_0x558aaa046da0 .scope module, "l1_7" "mux2X1" 2 35, 2 1 0, S_0x558aa9fe1120;
 .timescale 0 0;
    .port_info 0 /INPUT 1 "i0"
    .port_info 1 /INPUT 1 "i1"
    .port_info 2 /INPUT 1 "j"
    .port_info 3 /OUTPUT 1 "o"
v0x558aaa046fe0_0 .net *"_s0", 31 0, L_0x558aaa075b00;  1 drivers
L_0x7fd0302f0330 .functor BUFT 1, C4<0000000000000000000000000000000>, C4<0>, C4<0>, C4<0>;
v0x558aaa0470e0_0 .net *"_s3", 30 0, L_0x7fd0302f0330;  1 drivers
L_0x7fd0302f0378 .functor BUFT 1, C4<00000000000000000000000000000000>, C4<0>, C4<0>, C4<0>;
v0x558aaa0471c0_0 .net/2u *"_s4", 31 0, L_0x7fd0302f0378;  1 drivers
v0x558aaa0472b0_0 .net *"_s6", 0 0, L_0x558aaa075bf0;  1 drivers
v0x558aaa047370_0 .net "i0", 0 0, L_0x558aaa075e50;  1 drivers
v0x558aaa047430_0 .net "i1", 0 0, L_0x558aaa075f40;  1 drivers
v0x558aaa0474f0_0 .net "j", 0 0, L_0x558aaa0760c0;  1 drivers
v0x558aaa0475b0_0 .net "o", 0 0, L_0x558aaa075d60;  1 drivers
L_0x558aaa075b00 .concat [ 1 31 0 0], L_0x558aaa0760c0, L_0x7fd0302f0330;
L_0x558aaa075bf0 .cmp/eq 32, L_0x558aaa075b00, L_0x7fd0302f0378;
L_0x558aaa075d60 .functor MUXZ 1, L_0x558aaa075f40, L_0x558aaa075e50, L_0x558aaa075bf0, C4<>;
S_0x558aaa0476f0 .scope module, "l1_8" "mux2X1" 2 36, 2 1 0, S_0x558aa9fe1120;
 .timescale 0 0;
    .port_info 0 /INPUT 1 "i0"
    .port_info 1 /INPUT 1 "i1"
    .port_info 2 /INPUT 1 "j"
    .port_info 3 /OUTPUT 1 "o"
v0x558aaa047930_0 .net *"_s0", 31 0, L_0x558aaa0761b0;  1 drivers
L_0x7fd0302f03c0 .functor BUFT 1, C4<0000000000000000000000000000000>, C4<0>, C4<0>, C4<0>;
v0x558aaa047a30_0 .net *"_s3", 30 0, L_0x7fd0302f03c0;  1 drivers
L_0x7fd0302f0408 .functor BUFT 1, C4<00000000000000000000000000000000>, C4<0>, C4<0>, C4<0>;
v0x558aaa047b10_0 .net/2u *"_s4", 31 0, L_0x7fd0302f0408;  1 drivers
v0x558aaa047c00_0 .net *"_s6", 0 0, L_0x558aaa0762a0;  1 drivers
v0x558aaa047cc0_0 .net "i0", 0 0, L_0x558aaa076500;  1 drivers
v0x558aaa047dd0_0 .net "i1", 0 0, L_0x558aaa076690;  1 drivers
v0x558aaa047e90_0 .net "j", 0 0, L_0x558aaa076780;  1 drivers
v0x558aaa047f50_0 .net "o", 0 0, L_0x558aaa076410;  1 drivers
L_0x558aaa0761b0 .concat [ 1 31 0 0], L_0x558aaa076780, L_0x7fd0302f03c0;
L_0x558aaa0762a0 .cmp/eq 32, L_0x558aaa0761b0, L_0x7fd0302f0408;
L_0x558aaa076410 .functor MUXZ 1, L_0x558aaa076690, L_0x558aaa076500, L_0x558aaa0762a0, C4<>;
S_0x558aaa048090 .scope module, "l1_9" "mux2X1" 2 37, 2 1 0, S_0x558aa9fe1120;
 .timescale 0 0;
    .port_info 0 /INPUT 1 "i0"
    .port_info 1 /INPUT 1 "i1"
    .port_info 2 /INPUT 1 "j"
    .port_info 3 /OUTPUT 1 "o"
v0x558aaa0482d0_0 .net *"_s0", 31 0, L_0x558aaa0765f0;  1 drivers
L_0x7fd0302f0450 .functor BUFT 1, C4<0000000000000000000000000000000>, C4<0>, C4<0>, C4<0>;
v0x558aaa0483d0_0 .net *"_s3", 30 0, L_0x7fd0302f0450;  1 drivers
L_0x7fd0302f0498 .functor BUFT 1, C4<00000000000000000000000000000000>, C4<0>, C4<0>, C4<0>;
v0x558aaa0484b0_0 .net/2u *"_s4", 31 0, L_0x7fd0302f0498;  1 drivers
v0x558aaa0485a0_0 .net *"_s6", 0 0, L_0x558aaa076a80;  1 drivers
v0x558aaa048660_0 .net "i0", 0 0, L_0x558aaa076ce0;  1 drivers
v0x558aaa048770_0 .net "i1", 0 0, L_0x558aaa076dd0;  1 drivers
v0x558aaa048830_0 .net "j", 0 0, L_0x558aaa076f80;  1 drivers
v0x558aaa0488f0_0 .net "o", 0 0, L_0x558aaa076bf0;  1 drivers
L_0x558aaa0765f0 .concat [ 1 31 0 0], L_0x558aaa076f80, L_0x7fd0302f0450;
L_0x558aaa076a80 .cmp/eq 32, L_0x558aaa0765f0, L_0x7fd0302f0498;
L_0x558aaa076bf0 .functor MUXZ 1, L_0x558aaa076dd0, L_0x558aaa076ce0, L_0x558aaa076a80, C4<>;
S_0x558aaa048a30 .scope module, "l2_10" "mux2X1" 2 52, 2 1 0, S_0x558aa9fe1120;
 .timescale 0 0;
    .port_info 0 /INPUT 1 "i0"
    .port_info 1 /INPUT 1 "i1"
    .port_info 2 /INPUT 1 "j"
    .port_info 3 /OUTPUT 1 "o"
v0x558aaa048c70_0 .net *"_s0", 31 0, L_0x558aaa07c3a0;  1 drivers
L_0x7fd0302f0b10 .functor BUFT 1, C4<0000000000000000000000000000000>, C4<0>, C4<0>, C4<0>;
v0x558aaa048d70_0 .net *"_s3", 30 0, L_0x7fd0302f0b10;  1 drivers
L_0x7fd0302f0b58 .functor BUFT 1, C4<00000000000000000000000000000000>, C4<0>, C4<0>, C4<0>;
v0x558aaa048e50_0 .net/2u *"_s4", 31 0, L_0x7fd0302f0b58;  1 drivers
v0x558aaa048f40_0 .net *"_s6", 0 0, L_0x558aaa07c490;  1 drivers
v0x558aaa049000_0 .net "i0", 0 0, L_0x558aaa07c6f0;  1 drivers
v0x558aaa049110_0 .net "i1", 0 0, L_0x558aaa07c990;  1 drivers
v0x558aaa0491d0_0 .net "j", 0 0, L_0x558aaa07ca80;  1 drivers
v0x558aaa049290_0 .net "o", 0 0, L_0x558aaa07c600;  1 drivers
L_0x558aaa07c3a0 .concat [ 1 31 0 0], L_0x558aaa07ca80, L_0x7fd0302f0b10;
L_0x558aaa07c490 .cmp/eq 32, L_0x558aaa07c3a0, L_0x7fd0302f0b58;
L_0x558aaa07c600 .functor MUXZ 1, L_0x558aaa07c990, L_0x558aaa07c6f0, L_0x558aaa07c490, C4<>;
S_0x558aaa0493d0 .scope module, "l2_11" "mux2X1" 2 53, 2 1 0, S_0x558aa9fe1120;
 .timescale 0 0;
    .port_info 0 /INPUT 1 "i0"
    .port_info 1 /INPUT 1 "i1"
    .port_info 2 /INPUT 1 "j"
    .port_info 3 /OUTPUT 1 "o"
v0x558aaa049610_0 .net *"_s0", 31 0, L_0x558aaa07cd30;  1 drivers
L_0x7fd0302f0ba0 .functor BUFT 1, C4<0000000000000000000000000000000>, C4<0>, C4<0>, C4<0>;
v0x558aaa049710_0 .net *"_s3", 30 0, L_0x7fd0302f0ba0;  1 drivers
L_0x7fd0302f0be8 .functor BUFT 1, C4<00000000000000000000000000000000>, C4<0>, C4<0>, C4<0>;
v0x558aaa0497f0_0 .net/2u *"_s4", 31 0, L_0x7fd0302f0be8;  1 drivers
v0x558aaa0498e0_0 .net *"_s6", 0 0, L_0x558aaa07ce20;  1 drivers
v0x558aaa0499a0_0 .net "i0", 0 0, L_0x558aaa07d080;  1 drivers
v0x558aaa049ab0_0 .net "i1", 0 0, L_0x558aaa07d170;  1 drivers
v0x558aaa049b70_0 .net "j", 0 0, L_0x558aaa07d430;  1 drivers
v0x558aaa049c30_0 .net "o", 0 0, L_0x558aaa07cf90;  1 drivers
L_0x558aaa07cd30 .concat [ 1 31 0 0], L_0x558aaa07d430, L_0x7fd0302f0ba0;
L_0x558aaa07ce20 .cmp/eq 32, L_0x558aaa07cd30, L_0x7fd0302f0be8;
L_0x558aaa07cf90 .functor MUXZ 1, L_0x558aaa07d170, L_0x558aaa07d080, L_0x558aaa07ce20, C4<>;
S_0x558aaa049d70 .scope module, "l2_12" "mux2X1" 2 54, 2 1 0, S_0x558aa9fe1120;
 .timescale 0 0;
    .port_info 0 /INPUT 1 "i0"
    .port_info 1 /INPUT 1 "i1"
    .port_info 2 /INPUT 1 "j"
    .port_info 3 /OUTPUT 1 "o"
v0x558aaa049fb0_0 .net *"_s0", 31 0, L_0x558aaa07d520;  1 drivers
L_0x7fd0302f0c30 .functor BUFT 1, C4<0000000000000000000000000000000>, C4<0>, C4<0>, C4<0>;
v0x558aaa04a0b0_0 .net *"_s3", 30 0, L_0x7fd0302f0c30;  1 drivers
L_0x7fd0302f0c78 .functor BUFT 1, C4<00000000000000000000000000000000>, C4<0>, C4<0>, C4<0>;
v0x558aaa04a190_0 .net/2u *"_s4", 31 0, L_0x7fd0302f0c78;  1 drivers
v0x558aaa04a280_0 .net *"_s6", 0 0, L_0x558aaa07d610;  1 drivers
v0x558aaa04a340_0 .net "i0", 0 0, L_0x558aaa07d870;  1 drivers
v0x558aaa04a450_0 .net "i1", 0 0, L_0x558aaa07db40;  1 drivers
v0x558aaa04a510_0 .net "j", 0 0, L_0x558aaa07dc30;  1 drivers
v0x558aaa04a5d0_0 .net "o", 0 0, L_0x558aaa07d780;  1 drivers
L_0x558aaa07d520 .concat [ 1 31 0 0], L_0x558aaa07dc30, L_0x7fd0302f0c30;
L_0x558aaa07d610 .cmp/eq 32, L_0x558aaa07d520, L_0x7fd0302f0c78;
L_0x558aaa07d780 .functor MUXZ 1, L_0x558aaa07db40, L_0x558aaa07d870, L_0x558aaa07d610, C4<>;
S_0x558aaa04a710 .scope module, "l2_13" "mux2X1" 2 55, 2 1 0, S_0x558aa9fe1120;
 .timescale 0 0;
    .port_info 0 /INPUT 1 "i0"
    .port_info 1 /INPUT 1 "i1"
    .port_info 2 /INPUT 1 "j"
    .port_info 3 /OUTPUT 1 "o"
v0x558aaa04a950_0 .net *"_s0", 31 0, L_0x558aaa07df10;  1 drivers
L_0x7fd0302f0cc0 .functor BUFT 1, C4<0000000000000000000000000000000>, C4<0>, C4<0>, C4<0>;
v0x558aaa04aa50_0 .net *"_s3", 30 0, L_0x7fd0302f0cc0;  1 drivers
L_0x7fd0302f0d08 .functor BUFT 1, C4<00000000000000000000000000000000>, C4<0>, C4<0>, C4<0>;
v0x558aaa04ab30_0 .net/2u *"_s4", 31 0, L_0x7fd0302f0d08;  1 drivers
v0x558aaa04ac20_0 .net *"_s6", 0 0, L_0x558aaa07e000;  1 drivers
v0x558aaa04ace0_0 .net "i0", 0 0, L_0x558aaa07e260;  1 drivers
v0x558aaa04adf0_0 .net "i1", 0 0, L_0x558aaa07e350;  1 drivers
v0x558aaa04aeb0_0 .net "j", 0 0, L_0x558aaa07e640;  1 drivers
v0x558aaa04af70_0 .net "o", 0 0, L_0x558aaa07e170;  1 drivers
L_0x558aaa07df10 .concat [ 1 31 0 0], L_0x558aaa07e640, L_0x7fd0302f0cc0;
L_0x558aaa07e000 .cmp/eq 32, L_0x558aaa07df10, L_0x7fd0302f0d08;
L_0x558aaa07e170 .functor MUXZ 1, L_0x558aaa07e350, L_0x558aaa07e260, L_0x558aaa07e000, C4<>;
S_0x558aaa04b0b0 .scope module, "l2_3" "mux2X1" 2 45, 2 1 0, S_0x558aa9fe1120;
 .timescale 0 0;
    .port_info 0 /INPUT 1 "i0"
    .port_info 1 /INPUT 1 "i1"
    .port_info 2 /INPUT 1 "j"
    .port_info 3 /OUTPUT 1 "o"
v0x558aaa04b2f0_0 .net *"_s0", 31 0, L_0x558aaa078aa0;  1 drivers
L_0x7fd0302f0690 .functor BUFT 1, C4<0000000000000000000000000000000>, C4<0>, C4<0>, C4<0>;
v0x558aaa04b3f0_0 .net *"_s3", 30 0, L_0x7fd0302f0690;  1 drivers
L_0x7fd0302f06d8 .functor BUFT 1, C4<00000000000000000000000000000000>, C4<0>, C4<0>, C4<0>;
v0x558aaa04b4d0_0 .net/2u *"_s4", 31 0, L_0x7fd0302f06d8;  1 drivers
v0x558aaa04b5c0_0 .net *"_s6", 0 0, L_0x558aaa078b90;  1 drivers
v0x558aaa04b680_0 .net "i0", 0 0, L_0x558aaa078df0;  1 drivers
L_0x7fd0302f0720 .functor BUFT 1, C4<0>, C4<0>, C4<0>, C4<0>;
v0x558aaa04b790_0 .net "i1", 0 0, L_0x7fd0302f0720;  1 drivers
v0x558aaa04b850_0 .net "j", 0 0, L_0x558aaa078f30;  1 drivers
v0x558aaa04b910_0 .net "o", 0 0, L_0x558aaa078d00;  1 drivers
L_0x558aaa078aa0 .concat [ 1 31 0 0], L_0x558aaa078f30, L_0x7fd0302f0690;
L_0x558aaa078b90 .cmp/eq 32, L_0x558aaa078aa0, L_0x7fd0302f06d8;
L_0x558aaa078d00 .functor MUXZ 1, L_0x7fd0302f0720, L_0x558aaa078df0, L_0x558aaa078b90, C4<>;
S_0x558aaa04ba50 .scope module, "l2_4" "mux2X1" 2 46, 2 1 0, S_0x558aa9fe1120;
 .timescale 0 0;
    .port_info 0 /INPUT 1 "i0"
    .port_info 1 /INPUT 1 "i1"
    .port_info 2 /INPUT 1 "j"
    .port_info 3 /OUTPUT 1 "o"
v0x558aaa04bda0_0 .net *"_s0", 31 0, L_0x558aaa079140;  1 drivers
L_0x7fd0302f0768 .functor BUFT 1, C4<0000000000000000000000000000000>, C4<0>, C4<0>, C4<0>;
v0x558aaa04bea0_0 .net *"_s3", 30 0, L_0x7fd0302f0768;  1 drivers
L_0x7fd0302f07b0 .functor BUFT 1, C4<00000000000000000000000000000000>, C4<0>, C4<0>, C4<0>;
v0x558aaa04bf80_0 .net/2u *"_s4", 31 0, L_0x7fd0302f07b0;  1 drivers
v0x558aaa04c070_0 .net *"_s6", 0 0, L_0x558aaa079260;  1 drivers
v0x558aaa04c130_0 .net "i0", 0 0, L_0x558aaa0794c0;  1 drivers
L_0x7fd0302f07f8 .functor BUFT 1, C4<0>, C4<0>, C4<0>, C4<0>;
v0x558aaa04c240_0 .net "i1", 0 0, L_0x7fd0302f07f8;  1 drivers
v0x558aaa04c300_0 .net "j", 0 0, L_0x558aaa079600;  1 drivers
v0x558aaa04c3c0_0 .net "o", 0 0, L_0x558aaa0793d0;  1 drivers
L_0x558aaa079140 .concat [ 1 31 0 0], L_0x558aaa079600, L_0x7fd0302f0768;
L_0x558aaa079260 .cmp/eq 32, L_0x558aaa079140, L_0x7fd0302f07b0;
L_0x558aaa0793d0 .functor MUXZ 1, L_0x7fd0302f07f8, L_0x558aaa0794c0, L_0x558aaa079260, C4<>;
S_0x558aaa04c500 .scope module, "l2_5" "mux2X1" 2 47, 2 1 0, S_0x558aa9fe1120;
 .timescale 0 0;
    .port_info 0 /INPUT 1 "i0"
    .port_info 1 /INPUT 1 "i1"
    .port_info 2 /INPUT 1 "j"
    .port_info 3 /OUTPUT 1 "o"
v0x558aaa04c740_0 .net *"_s0", 31 0, L_0x558aaa079020;  1 drivers
L_0x7fd0302f0840 .functor BUFT 1, C4<0000000000000000000000000000000>, C4<0>, C4<0>, C4<0>;
v0x558aaa04c840_0 .net *"_s3", 30 0, L_0x7fd0302f0840;  1 drivers
L_0x7fd0302f0888 .functor BUFT 1, C4<00000000000000000000000000000000>, C4<0>, C4<0>, C4<0>;
v0x558aaa04c920_0 .net/2u *"_s4", 31 0, L_0x7fd0302f0888;  1 drivers
v0x558aaa04ca10_0 .net *"_s6", 0 0, L_0x558aaa079870;  1 drivers
v0x558aaa04cad0_0 .net "i0", 0 0, L_0x558aaa079aa0;  1 drivers
v0x558aaa04cbe0_0 .net "i1", 0 0, L_0x558aaa079b90;  1 drivers
v0x558aaa04cca0_0 .net "j", 0 0, L_0x558aaa079dc0;  1 drivers
v0x558aaa04cd60_0 .net "o", 0 0, L_0x558aaa0799b0;  1 drivers
L_0x558aaa079020 .concat [ 1 31 0 0], L_0x558aaa079dc0, L_0x7fd0302f0840;
L_0x558aaa079870 .cmp/eq 32, L_0x558aaa079020, L_0x7fd0302f0888;
L_0x558aaa0799b0 .functor MUXZ 1, L_0x558aaa079b90, L_0x558aaa079aa0, L_0x558aaa079870, C4<>;
S_0x558aaa04cea0 .scope module, "l2_6" "mux2X1" 2 48, 2 1 0, S_0x558aa9fe1120;
 .timescale 0 0;
    .port_info 0 /INPUT 1 "i0"
    .port_info 1 /INPUT 1 "i1"
    .port_info 2 /INPUT 1 "j"
    .port_info 3 /OUTPUT 1 "o"
v0x558aaa04d0e0_0 .net *"_s0", 31 0, L_0x558aaa079eb0;  1 drivers
L_0x7fd0302f08d0 .functor BUFT 1, C4<0000000000000000000000000000000>, C4<0>, C4<0>, C4<0>;
v0x558aaa04d1e0_0 .net *"_s3", 30 0, L_0x7fd0302f08d0;  1 drivers
L_0x7fd0302f0918 .functor BUFT 1, C4<00000000000000000000000000000000>, C4<0>, C4<0>, C4<0>;
v0x558aaa04d2c0_0 .net/2u *"_s4", 31 0, L_0x7fd0302f0918;  1 drivers
v0x558aaa04d3b0_0 .net *"_s6", 0 0, L_0x558aaa07a1b0;  1 drivers
v0x558aaa04d470_0 .net "i0", 0 0, L_0x558aaa07a3e0;  1 drivers
v0x558aaa04d580_0 .net "i1", 0 0, L_0x558aaa07a830;  1 drivers
v0x558aaa04d640_0 .net "j", 0 0, L_0x558aaa07a920;  1 drivers
v0x558aaa04d700_0 .net "o", 0 0, L_0x558aaa07a2f0;  1 drivers
L_0x558aaa079eb0 .concat [ 1 31 0 0], L_0x558aaa07a920, L_0x7fd0302f08d0;
L_0x558aaa07a1b0 .cmp/eq 32, L_0x558aaa079eb0, L_0x7fd0302f0918;
L_0x558aaa07a2f0 .functor MUXZ 1, L_0x558aaa07a830, L_0x558aaa07a3e0, L_0x558aaa07a1b0, C4<>;
S_0x558aaa04d840 .scope module, "l2_7" "mux2X1" 2 49, 2 1 0, S_0x558aa9fe1120;
 .timescale 0 0;
    .port_info 0 /INPUT 1 "i0"
    .port_info 1 /INPUT 1 "i1"
    .port_info 2 /INPUT 1 "j"
    .port_info 3 /OUTPUT 1 "o"
v0x558aaa04da80_0 .net *"_s0", 31 0, L_0x558aaa07ab70;  1 drivers
L_0x7fd0302f0960 .functor BUFT 1, C4<0000000000000000000000000000000>, C4<0>, C4<0>, C4<0>;
v0x558aaa04db80_0 .net *"_s3", 30 0, L_0x7fd0302f0960;  1 drivers
L_0x7fd0302f09a8 .functor BUFT 1, C4<00000000000000000000000000000000>, C4<0>, C4<0>, C4<0>;
v0x558aaa04dc60_0 .net/2u *"_s4", 31 0, L_0x7fd0302f09a8;  1 drivers
v0x558aaa04dd50_0 .net *"_s6", 0 0, L_0x558aaa07ac10;  1 drivers
v0x558aaa04de10_0 .net "i0", 0 0, L_0x558aaa07ae70;  1 drivers
v0x558aaa04df20_0 .net "i1", 0 0, L_0x558aaa07af60;  1 drivers
v0x558aaa04dfe0_0 .net "j", 0 0, L_0x558aaa07b1c0;  1 drivers
v0x558aaa04e0a0_0 .net "o", 0 0, L_0x558aaa07ad80;  1 drivers
L_0x558aaa07ab70 .concat [ 1 31 0 0], L_0x558aaa07b1c0, L_0x7fd0302f0960;
L_0x558aaa07ac10 .cmp/eq 32, L_0x558aaa07ab70, L_0x7fd0302f09a8;
L_0x558aaa07ad80 .functor MUXZ 1, L_0x558aaa07af60, L_0x558aaa07ae70, L_0x558aaa07ac10, C4<>;
S_0x558aaa04e1e0 .scope module, "l2_8" "mux2X1" 2 50, 2 1 0, S_0x558aa9fe1120;
 .timescale 0 0;
    .port_info 0 /INPUT 1 "i0"
    .port_info 1 /INPUT 1 "i1"
    .port_info 2 /INPUT 1 "j"
    .port_info 3 /OUTPUT 1 "o"
v0x558aaa04e420_0 .net *"_s0", 31 0, L_0x558aaa07b2b0;  1 drivers
L_0x7fd0302f09f0 .functor BUFT 1, C4<0000000000000000000000000000000>, C4<0>, C4<0>, C4<0>;
v0x558aaa04e520_0 .net *"_s3", 30 0, L_0x7fd0302f09f0;  1 drivers
L_0x7fd0302f0a38 .functor BUFT 1, C4<00000000000000000000000000000000>, C4<0>, C4<0>, C4<0>;
v0x558aaa04e600_0 .net/2u *"_s4", 31 0, L_0x7fd0302f0a38;  1 drivers
v0x558aaa04e6f0_0 .net *"_s6", 0 0, L_0x558aaa07b3a0;  1 drivers
v0x558aaa04e7b0_0 .net "i0", 0 0, L_0x558aaa07b600;  1 drivers
v0x558aaa04e8c0_0 .net "i1", 0 0, L_0x558aaa07b870;  1 drivers
v0x558aaa04e980_0 .net "j", 0 0, L_0x558aaa07b960;  1 drivers
v0x558aaa04ea40_0 .net "o", 0 0, L_0x558aaa07b510;  1 drivers
L_0x558aaa07b2b0 .concat [ 1 31 0 0], L_0x558aaa07b960, L_0x7fd0302f09f0;
L_0x558aaa07b3a0 .cmp/eq 32, L_0x558aaa07b2b0, L_0x7fd0302f0a38;
L_0x558aaa07b510 .functor MUXZ 1, L_0x558aaa07b870, L_0x558aaa07b600, L_0x558aaa07b3a0, C4<>;
S_0x558aaa04eb80 .scope module, "l2_9" "mux2X1" 2 51, 2 1 0, S_0x558aa9fe1120;
 .timescale 0 0;
    .port_info 0 /INPUT 1 "i0"
    .port_info 1 /INPUT 1 "i1"
    .port_info 2 /INPUT 1 "j"
    .port_info 3 /OUTPUT 1 "o"
v0x558aaa04edc0_0 .net *"_s0", 31 0, L_0x558aaa07bbe0;  1 drivers
L_0x7fd0302f0a80 .functor BUFT 1, C4<0000000000000000000000000000000>, C4<0>, C4<0>, C4<0>;
v0x558aaa04eec0_0 .net *"_s3", 30 0, L_0x7fd0302f0a80;  1 drivers
L_0x7fd0302f0ac8 .functor BUFT 1, C4<00000000000000000000000000000000>, C4<0>, C4<0>, C4<0>;
v0x558aaa04efa0_0 .net/2u *"_s4", 31 0, L_0x7fd0302f0ac8;  1 drivers
v0x558aaa04f090_0 .net *"_s6", 0 0, L_0x558aaa07bcd0;  1 drivers
v0x558aaa04f150_0 .net "i0", 0 0, L_0x558aaa07bf30;  1 drivers
v0x558aaa04f260_0 .net "i1", 0 0, L_0x558aaa07c020;  1 drivers
v0x558aaa04f320_0 .net "j", 0 0, L_0x558aaa07c2b0;  1 drivers
v0x558aaa04f3e0_0 .net "o", 0 0, L_0x558aaa07be40;  1 drivers
L_0x558aaa07bbe0 .concat [ 1 31 0 0], L_0x558aaa07c2b0, L_0x7fd0302f0a80;
L_0x558aaa07bcd0 .cmp/eq 32, L_0x558aaa07bbe0, L_0x7fd0302f0ac8;
L_0x558aaa07be40 .functor MUXZ 1, L_0x558aaa07c020, L_0x558aaa07bf30, L_0x558aaa07bcd0, C4<>;
S_0x558aaa04f520 .scope module, "l3_10" "mux2X1" 2 65, 2 1 0, S_0x558aa9fe1120;
 .timescale 0 0;
    .port_info 0 /INPUT 1 "i0"
    .port_info 1 /INPUT 1 "i1"
    .port_info 2 /INPUT 1 "j"
    .port_info 3 /OUTPUT 1 "o"
v0x558aaa04f760_0 .net *"_s0", 31 0, L_0x558aaa0810a0;  1 drivers
L_0x7fd0302f1140 .functor BUFT 1, C4<0000000000000000000000000000000>, C4<0>, C4<0>, C4<0>;
v0x558aaa04f860_0 .net *"_s3", 30 0, L_0x7fd0302f1140;  1 drivers
L_0x7fd0302f1188 .functor BUFT 1, C4<00000000000000000000000000000000>, C4<0>, C4<0>, C4<0>;
v0x558aaa04f940_0 .net/2u *"_s4", 31 0, L_0x7fd0302f1188;  1 drivers
v0x558aaa04fa30_0 .net *"_s6", 0 0, L_0x558aaa081190;  1 drivers
v0x558aaa04faf0_0 .net "i0", 0 0, L_0x558aaa0813f0;  1 drivers
v0x558aaa04fc00_0 .net "i1", 0 0, L_0x558aaa0814e0;  1 drivers
v0x558aaa04fcc0_0 .net "j", 0 0, L_0x558aaa081840;  1 drivers
v0x558aaa04fd80_0 .net "o", 0 0, L_0x558aaa081300;  1 drivers
L_0x558aaa0810a0 .concat [ 1 31 0 0], L_0x558aaa081840, L_0x7fd0302f1140;
L_0x558aaa081190 .cmp/eq 32, L_0x558aaa0810a0, L_0x7fd0302f1188;
L_0x558aaa081300 .functor MUXZ 1, L_0x558aaa0814e0, L_0x558aaa0813f0, L_0x558aaa081190, C4<>;
S_0x558aaa04fec0 .scope module, "l3_11" "mux2X1" 2 66, 2 1 0, S_0x558aa9fe1120;
 .timescale 0 0;
    .port_info 0 /INPUT 1 "i0"
    .port_info 1 /INPUT 1 "i1"
    .port_info 2 /INPUT 1 "j"
    .port_info 3 /OUTPUT 1 "o"
v0x558aaa050100_0 .net *"_s0", 31 0, L_0x558aaa081930;  1 drivers
L_0x7fd0302f11d0 .functor BUFT 1, C4<0000000000000000000000000000000>, C4<0>, C4<0>, C4<0>;
v0x558aaa050200_0 .net *"_s3", 30 0, L_0x7fd0302f11d0;  1 drivers
L_0x7fd0302f1218 .functor BUFT 1, C4<00000000000000000000000000000000>, C4<0>, C4<0>, C4<0>;
v0x558aaa0502e0_0 .net/2u *"_s4", 31 0, L_0x7fd0302f1218;  1 drivers
v0x558aaa0503d0_0 .net *"_s6", 0 0, L_0x558aaa081e30;  1 drivers
v0x558aaa050490_0 .net "i0", 0 0, L_0x558aaa082090;  1 drivers
v0x558aaa0505a0_0 .net "i1", 0 0, L_0x558aaa082400;  1 drivers
v0x558aaa050660_0 .net "j", 0 0, L_0x558aaa0824f0;  1 drivers
v0x558aaa050720_0 .net "o", 0 0, L_0x558aaa081fa0;  1 drivers
L_0x558aaa081930 .concat [ 1 31 0 0], L_0x558aaa0824f0, L_0x7fd0302f11d0;
L_0x558aaa081e30 .cmp/eq 32, L_0x558aaa081930, L_0x7fd0302f1218;
L_0x558aaa081fa0 .functor MUXZ 1, L_0x558aaa082400, L_0x558aaa082090, L_0x558aaa081e30, C4<>;
S_0x558aaa050860 .scope module, "l3_12" "mux2X1" 2 67, 2 1 0, S_0x558aa9fe1120;
 .timescale 0 0;
    .port_info 0 /INPUT 1 "i0"
    .port_info 1 /INPUT 1 "i1"
    .port_info 2 /INPUT 1 "j"
    .port_info 3 /OUTPUT 1 "o"
v0x558aaa050aa0_0 .net *"_s0", 31 0, L_0x558aaa082870;  1 drivers
L_0x7fd0302f1260 .functor BUFT 1, C4<0000000000000000000000000000000>, C4<0>, C4<0>, C4<0>;
v0x558aaa050ba0_0 .net *"_s3", 30 0, L_0x7fd0302f1260;  1 drivers
L_0x7fd0302f12a8 .functor BUFT 1, C4<00000000000000000000000000000000>, C4<0>, C4<0>, C4<0>;
v0x558aaa050c80_0 .net/2u *"_s4", 31 0, L_0x7fd0302f12a8;  1 drivers
v0x558aaa050d70_0 .net *"_s6", 0 0, L_0x558aaa082960;  1 drivers
v0x558aaa050e30_0 .net "i0", 0 0, L_0x558aaa082bc0;  1 drivers
v0x558aaa050f40_0 .net "i1", 0 0, L_0x558aaa082cb0;  1 drivers
v0x558aaa051000_0 .net "j", 0 0, L_0x558aaa083040;  1 drivers
v0x558aaa0510c0_0 .net "o", 0 0, L_0x558aaa082ad0;  1 drivers
L_0x558aaa082870 .concat [ 1 31 0 0], L_0x558aaa083040, L_0x7fd0302f1260;
L_0x558aaa082960 .cmp/eq 32, L_0x558aaa082870, L_0x7fd0302f12a8;
L_0x558aaa082ad0 .functor MUXZ 1, L_0x558aaa082cb0, L_0x558aaa082bc0, L_0x558aaa082960, C4<>;
S_0x558aaa051200 .scope module, "l3_13" "mux2X1" 2 68, 2 1 0, S_0x558aa9fe1120;
 .timescale 0 0;
    .port_info 0 /INPUT 1 "i0"
    .port_info 1 /INPUT 1 "i1"
    .port_info 2 /INPUT 1 "j"
    .port_info 3 /OUTPUT 1 "o"
v0x558aaa051440_0 .net *"_s0", 31 0, L_0x558aaa083130;  1 drivers
L_0x7fd0302f12f0 .functor BUFT 1, C4<0000000000000000000000000000000>, C4<0>, C4<0>, C4<0>;
v0x558aaa051540_0 .net *"_s3", 30 0, L_0x7fd0302f12f0;  1 drivers
L_0x7fd0302f1338 .functor BUFT 1, C4<00000000000000000000000000000000>, C4<0>, C4<0>, C4<0>;
v0x558aaa051620_0 .net/2u *"_s4", 31 0, L_0x7fd0302f1338;  1 drivers
v0x558aaa051710_0 .net *"_s6", 0 0, L_0x558aaa083220;  1 drivers
v0x558aaa0517d0_0 .net "i0", 0 0, L_0x558aaa083480;  1 drivers
v0x558aaa0518e0_0 .net "i1", 0 0, L_0x558aaa083820;  1 drivers
v0x558aaa0519a0_0 .net "j", 0 0, L_0x558aaa083910;  1 drivers
v0x558aaa051a60_0 .net "o", 0 0, L_0x558aaa083390;  1 drivers
L_0x558aaa083130 .concat [ 1 31 0 0], L_0x558aaa083910, L_0x7fd0302f12f0;
L_0x558aaa083220 .cmp/eq 32, L_0x558aaa083130, L_0x7fd0302f1338;
L_0x558aaa083390 .functor MUXZ 1, L_0x558aaa083820, L_0x558aaa083480, L_0x558aaa083220, C4<>;
S_0x558aaa051ba0 .scope module, "l3_14" "mux2X1" 2 69, 2 1 0, S_0x558aa9fe1120;
 .timescale 0 0;
    .port_info 0 /INPUT 1 "i0"
    .port_info 1 /INPUT 1 "i1"
    .port_info 2 /INPUT 1 "j"
    .port_info 3 /OUTPUT 1 "o"
v0x558aaa051de0_0 .net *"_s0", 31 0, L_0x558aaa083cc0;  1 drivers
L_0x7fd0302f1380 .functor BUFT 1, C4<0000000000000000000000000000000>, C4<0>, C4<0>, C4<0>;
v0x558aaa051ee0_0 .net *"_s3", 30 0, L_0x7fd0302f1380;  1 drivers
L_0x7fd0302f13c8 .functor BUFT 1, C4<00000000000000000000000000000000>, C4<0>, C4<0>, C4<0>;
v0x558aaa051fc0_0 .net/2u *"_s4", 31 0, L_0x7fd0302f13c8;  1 drivers
v0x558aaa0520b0_0 .net *"_s6", 0 0, L_0x558aaa083db0;  1 drivers
v0x558aaa052170_0 .net "i0", 0 0, L_0x558aaa084010;  1 drivers
v0x558aaa052280_0 .net "i1", 0 0, L_0x558aaa084100;  1 drivers
v0x558aaa052340_0 .net "j", 0 0, L_0x558aaa0844c0;  1 drivers
v0x558aaa052400_0 .net "o", 0 0, L_0x558aaa083f20;  1 drivers
L_0x558aaa083cc0 .concat [ 1 31 0 0], L_0x558aaa0844c0, L_0x7fd0302f1380;
L_0x558aaa083db0 .cmp/eq 32, L_0x558aaa083cc0, L_0x7fd0302f13c8;
L_0x558aaa083f20 .functor MUXZ 1, L_0x558aaa084100, L_0x558aaa084010, L_0x558aaa083db0, C4<>;
S_0x558aaa052540 .scope module, "l3_15" "mux2X1" 2 70, 2 1 0, S_0x558aa9fe1120;
 .timescale 0 0;
    .port_info 0 /INPUT 1 "i0"
    .port_info 1 /INPUT 1 "i1"
    .port_info 2 /INPUT 1 "j"
    .port_info 3 /OUTPUT 1 "o"
v0x558aaa052780_0 .net *"_s0", 31 0, L_0x558aaa0845b0;  1 drivers
L_0x7fd0302f1410 .functor BUFT 1, C4<0000000000000000000000000000000>, C4<0>, C4<0>, C4<0>;
v0x558aaa052880_0 .net *"_s3", 30 0, L_0x7fd0302f1410;  1 drivers
L_0x7fd0302f1458 .functor BUFT 1, C4<00000000000000000000000000000000>, C4<0>, C4<0>, C4<0>;
v0x558aaa052960_0 .net/2u *"_s4", 31 0, L_0x7fd0302f1458;  1 drivers
v0x558aaa052a50_0 .net *"_s6", 0 0, L_0x558aaa0846a0;  1 drivers
v0x558aaa052b10_0 .net "i0", 0 0, L_0x558aaa084900;  1 drivers
v0x558aaa052c20_0 .net "i1", 0 0, L_0x558aaa084cd0;  1 drivers
v0x558aaa052ce0_0 .net "j", 0 0, L_0x558aaa084dc0;  1 drivers
v0x558aaa052da0_0 .net "o", 0 0, L_0x558aaa084810;  1 drivers
L_0x558aaa0845b0 .concat [ 1 31 0 0], L_0x558aaa084dc0, L_0x7fd0302f1410;
L_0x558aaa0846a0 .cmp/eq 32, L_0x558aaa0845b0, L_0x7fd0302f1458;
L_0x558aaa084810 .functor MUXZ 1, L_0x558aaa084cd0, L_0x558aaa084900, L_0x558aaa0846a0, C4<>;
S_0x558aaa052ee0 .scope module, "l3_5" "mux2X1" 2 60, 2 1 0, S_0x558aa9fe1120;
 .timescale 0 0;
    .port_info 0 /INPUT 1 "i0"
    .port_info 1 /INPUT 1 "i1"
    .port_info 2 /INPUT 1 "j"
    .port_info 3 /OUTPUT 1 "o"
v0x558aaa053120_0 .net *"_s0", 31 0, L_0x558aaa07e730;  1 drivers
L_0x7fd0302f0d50 .functor BUFT 1, C4<0000000000000000000000000000000>, C4<0>, C4<0>, C4<0>;
v0x558aaa053220_0 .net *"_s3", 30 0, L_0x7fd0302f0d50;  1 drivers
L_0x7fd0302f0d98 .functor BUFT 1, C4<00000000000000000000000000000000>, C4<0>, C4<0>, C4<0>;
v0x558aaa053300_0 .net/2u *"_s4", 31 0, L_0x7fd0302f0d98;  1 drivers
v0x558aaa0533f0_0 .net *"_s6", 0 0, L_0x558aaa07e820;  1 drivers
v0x558aaa0534b0_0 .net "i0", 0 0, L_0x558aaa07ea80;  1 drivers
L_0x7fd0302f0de0 .functor BUFT 1, C4<0>, C4<0>, C4<0>, C4<0>;
v0x558aaa0535c0_0 .net "i1", 0 0, L_0x7fd0302f0de0;  1 drivers
v0x558aaa053680_0 .net "j", 0 0, L_0x558aaa07edd0;  1 drivers
v0x558aaa053740_0 .net "o", 0 0, L_0x558aaa07e990;  1 drivers
L_0x558aaa07e730 .concat [ 1 31 0 0], L_0x558aaa07edd0, L_0x7fd0302f0d50;
L_0x558aaa07e820 .cmp/eq 32, L_0x558aaa07e730, L_0x7fd0302f0d98;
L_0x558aaa07e990 .functor MUXZ 1, L_0x7fd0302f0de0, L_0x558aaa07ea80, L_0x558aaa07e820, C4<>;
S_0x558aaa053880 .scope module, "l3_6" "mux2X1" 2 61, 2 1 0, S_0x558aa9fe1120;
 .timescale 0 0;
    .port_info 0 /INPUT 1 "i0"
    .port_info 1 /INPUT 1 "i1"
    .port_info 2 /INPUT 1 "j"
    .port_info 3 /OUTPUT 1 "o"
v0x558aaa053ac0_0 .net *"_s0", 31 0, L_0x558aaa07eec0;  1 drivers
L_0x7fd0302f0e28 .functor BUFT 1, C4<0000000000000000000000000000000>, C4<0>, C4<0>, C4<0>;
v0x558aaa053bc0_0 .net *"_s3", 30 0, L_0x7fd0302f0e28;  1 drivers
L_0x7fd0302f0e70 .functor BUFT 1, C4<00000000000000000000000000000000>, C4<0>, C4<0>, C4<0>;
v0x558aaa053ca0_0 .net/2u *"_s4", 31 0, L_0x7fd0302f0e70;  1 drivers
v0x558aaa053d90_0 .net *"_s6", 0 0, L_0x558aaa07efe0;  1 drivers
v0x558aaa053e50_0 .net "i0", 0 0, L_0x558aaa07f240;  1 drivers
L_0x7fd0302f0eb8 .functor BUFT 1, C4<0>, C4<0>, C4<0>, C4<0>;
v0x558aaa053f60_0 .net "i1", 0 0, L_0x7fd0302f0eb8;  1 drivers
v0x558aaa054020_0 .net "j", 0 0, L_0x558aaa07f5a0;  1 drivers
v0x558aaa0540e0_0 .net "o", 0 0, L_0x558aaa07f150;  1 drivers
L_0x558aaa07eec0 .concat [ 1 31 0 0], L_0x558aaa07f5a0, L_0x7fd0302f0e28;
L_0x558aaa07efe0 .cmp/eq 32, L_0x558aaa07eec0, L_0x7fd0302f0e70;
L_0x558aaa07f150 .functor MUXZ 1, L_0x7fd0302f0eb8, L_0x558aaa07f240, L_0x558aaa07efe0, C4<>;
S_0x558aaa054220 .scope module, "l3_7" "mux2X1" 2 62, 2 1 0, S_0x558aa9fe1120;
 .timescale 0 0;
    .port_info 0 /INPUT 1 "i0"
    .port_info 1 /INPUT 1 "i1"
    .port_info 2 /INPUT 1 "j"
    .port_info 3 /OUTPUT 1 "o"
v0x558aaa054460_0 .net *"_s0", 31 0, L_0x558aaa07f6e0;  1 drivers
L_0x7fd0302f0f00 .functor BUFT 1, C4<0000000000000000000000000000000>, C4<0>, C4<0>, C4<0>;
v0x558aaa054560_0 .net *"_s3", 30 0, L_0x7fd0302f0f00;  1 drivers
L_0x7fd0302f0f48 .functor BUFT 1, C4<00000000000000000000000000000000>, C4<0>, C4<0>, C4<0>;
v0x558aaa054640_0 .net/2u *"_s4", 31 0, L_0x7fd0302f0f48;  1 drivers
v0x558aaa054730_0 .net *"_s6", 0 0, L_0x558aaa07f7d0;  1 drivers
v0x558aaa0547f0_0 .net "i0", 0 0, L_0x558aaa07fa00;  1 drivers
L_0x7fd0302f0f90 .functor BUFT 1, C4<0>, C4<0>, C4<0>, C4<0>;
v0x558aaa054900_0 .net "i1", 0 0, L_0x7fd0302f0f90;  1 drivers
v0x558aaa0549c0_0 .net "j", 0 0, L_0x558aaa07fd70;  1 drivers
v0x558aaa054a80_0 .net "o", 0 0, L_0x558aaa07f910;  1 drivers
L_0x558aaa07f6e0 .concat [ 1 31 0 0], L_0x558aaa07fd70, L_0x7fd0302f0f00;
L_0x558aaa07f7d0 .cmp/eq 32, L_0x558aaa07f6e0, L_0x7fd0302f0f48;
L_0x558aaa07f910 .functor MUXZ 1, L_0x7fd0302f0f90, L_0x558aaa07fa00, L_0x558aaa07f7d0, C4<>;
S_0x558aaa054bc0 .scope module, "l3_8" "mux2X1" 2 63, 2 1 0, S_0x558aa9fe1120;
 .timescale 0 0;
    .port_info 0 /INPUT 1 "i0"
    .port_info 1 /INPUT 1 "i1"
    .port_info 2 /INPUT 1 "j"
    .port_info 3 /OUTPUT 1 "o"
v0x558aaa054e00_0 .net *"_s0", 31 0, L_0x558aaa07fe60;  1 drivers
L_0x7fd0302f0fd8 .functor BUFT 1, C4<0000000000000000000000000000000>, C4<0>, C4<0>, C4<0>;
v0x558aaa054f00_0 .net *"_s3", 30 0, L_0x7fd0302f0fd8;  1 drivers
L_0x7fd0302f1020 .functor BUFT 1, C4<00000000000000000000000000000000>, C4<0>, C4<0>, C4<0>;
v0x558aaa054fe0_0 .net/2u *"_s4", 31 0, L_0x7fd0302f1020;  1 drivers
v0x558aaa0550d0_0 .net *"_s6", 0 0, L_0x558aaa07ff50;  1 drivers
v0x558aaa055190_0 .net "i0", 0 0, L_0x558aaa0801b0;  1 drivers
L_0x7fd0302f1068 .functor BUFT 1, C4<0>, C4<0>, C4<0>, C4<0>;
v0x558aaa0552a0_0 .net "i1", 0 0, L_0x7fd0302f1068;  1 drivers
v0x558aaa055360_0 .net "j", 0 0, L_0x558aaa080530;  1 drivers
v0x558aaa055420_0 .net "o", 0 0, L_0x558aaa0800c0;  1 drivers
L_0x558aaa07fe60 .concat [ 1 31 0 0], L_0x558aaa080530, L_0x7fd0302f0fd8;
L_0x558aaa07ff50 .cmp/eq 32, L_0x558aaa07fe60, L_0x7fd0302f1020;
L_0x558aaa0800c0 .functor MUXZ 1, L_0x7fd0302f1068, L_0x558aaa0801b0, L_0x558aaa07ff50, C4<>;
S_0x558aaa055560 .scope module, "l3_9" "mux2X1" 2 64, 2 1 0, S_0x558aa9fe1120;
 .timescale 0 0;
    .port_info 0 /INPUT 1 "i0"
    .port_info 1 /INPUT 1 "i1"
    .port_info 2 /INPUT 1 "j"
    .port_info 3 /OUTPUT 1 "o"
v0x558aaa0557a0_0 .net *"_s0", 31 0, L_0x558aaa080620;  1 drivers
L_0x7fd0302f10b0 .functor BUFT 1, C4<0000000000000000000000000000000>, C4<0>, C4<0>, C4<0>;
v0x558aaa0558a0_0 .net *"_s3", 30 0, L_0x7fd0302f10b0;  1 drivers
L_0x7fd0302f10f8 .functor BUFT 1, C4<00000000000000000000000000000000>, C4<0>, C4<0>, C4<0>;
v0x558aaa055980_0 .net/2u *"_s4", 31 0, L_0x7fd0302f10f8;  1 drivers
v0x558aaa055a70_0 .net *"_s6", 0 0, L_0x558aaa0806c0;  1 drivers
v0x558aaa055b30_0 .net "i0", 0 0, L_0x558aaa080920;  1 drivers
v0x558aaa055c40_0 .net "i1", 0 0, L_0x558aaa080c60;  1 drivers
v0x558aaa055d00_0 .net "j", 0 0, L_0x558aaa080d50;  1 drivers
v0x558aaa055dc0_0 .net "o", 0 0, L_0x558aaa080830;  1 drivers
L_0x558aaa080620 .concat [ 1 31 0 0], L_0x558aaa080d50, L_0x7fd0302f10b0;
L_0x558aaa0806c0 .cmp/eq 32, L_0x558aaa080620, L_0x7fd0302f10f8;
L_0x558aaa080830 .functor MUXZ 1, L_0x558aaa080c60, L_0x558aaa080920, L_0x558aaa0806c0, C4<>;
S_0x558aaa055f00 .scope module, "l4_1" "mux2X1" 2 74, 2 1 0, S_0x558aa9fe1120;
 .timescale 0 0;
    .port_info 0 /INPUT 1 "i0"
    .port_info 1 /INPUT 1 "i1"
    .port_info 2 /INPUT 1 "j"
    .port_info 3 /OUTPUT 1 "o"
v0x558aaa056140_0 .net *"_s0", 31 0, L_0x558aaa0851a0;  1 drivers
L_0x7fd0302f14a0 .functor BUFT 1, C4<0000000000000000000000000000000>, C4<0>, C4<0>, C4<0>;
v0x558aaa056240_0 .net *"_s3", 30 0, L_0x7fd0302f14a0;  1 drivers
L_0x7fd0302f14e8 .functor BUFT 1, C4<00000000000000000000000000000000>, C4<0>, C4<0>, C4<0>;
v0x558aaa056320_0 .net/2u *"_s4", 31 0, L_0x7fd0302f14e8;  1 drivers
v0x558aaa056410_0 .net *"_s6", 0 0, L_0x558aaa085290;  1 drivers
v0x558aaa0564d0_0 .net "i0", 0 0, L_0x558aaa0854f0;  1 drivers
L_0x7fd0302f1530 .functor BUFT 1, C4<0>, C4<0>, C4<0>, C4<0>;
v0x558aaa0565e0_0 .net "i1", 0 0, L_0x7fd0302f1530;  1 drivers
v0x558aaa0566a0_0 .net "j", 0 0, L_0x558aaa085630;  1 drivers
v0x558aaa056760_0 .net "o", 0 0, L_0x558aaa085400;  1 drivers
L_0x558aaa0851a0 .concat [ 1 31 0 0], L_0x558aaa085630, L_0x7fd0302f14a0;
L_0x558aaa085290 .cmp/eq 32, L_0x558aaa0851a0, L_0x7fd0302f14e8;
L_0x558aaa085400 .functor MUXZ 1, L_0x7fd0302f1530, L_0x558aaa0854f0, L_0x558aaa085290, C4<>;
S_0x558aaa0568a0 .scope module, "l4_10" "mux2X1" 2 83, 2 1 0, S_0x558aa9fe1120;
 .timescale 0 0;
    .port_info 0 /INPUT 1 "i0"
    .port_info 1 /INPUT 1 "i1"
    .port_info 2 /INPUT 1 "j"
    .port_info 3 /OUTPUT 1 "o"
v0x558aaa056ae0_0 .net *"_s0", 31 0, L_0x558aaa08a060;  1 drivers
L_0x7fd0302f1c38 .functor BUFT 1, C4<0000000000000000000000000000000>, C4<0>, C4<0>, C4<0>;
v0x558aaa056be0_0 .net *"_s3", 30 0, L_0x7fd0302f1c38;  1 drivers
L_0x7fd0302f1c80 .functor BUFT 1, C4<00000000000000000000000000000000>, C4<0>, C4<0>, C4<0>;
v0x558aaa056cc0_0 .net/2u *"_s4", 31 0, L_0x7fd0302f1c80;  1 drivers
v0x558aaa056db0_0 .net *"_s6", 0 0, L_0x558aaa08a150;  1 drivers
v0x558aaa056e70_0 .net "i0", 0 0, L_0x558aaa08a3b0;  1 drivers
v0x558aaa056f80_0 .net "i1", 0 0, L_0x558aaa08a4a0;  1 drivers
v0x558aaa057040_0 .net "j", 0 0, L_0x558aaa08a920;  1 drivers
v0x558aaa057100_0 .net "o", 0 0, L_0x558aaa08a2c0;  1 drivers
L_0x558aaa08a060 .concat [ 1 31 0 0], L_0x558aaa08a920, L_0x7fd0302f1c38;
L_0x558aaa08a150 .cmp/eq 32, L_0x558aaa08a060, L_0x7fd0302f1c80;
L_0x558aaa08a2c0 .functor MUXZ 1, L_0x558aaa08a4a0, L_0x558aaa08a3b0, L_0x558aaa08a150, C4<>;
S_0x558aaa057240 .scope module, "l4_11" "mux2X1" 2 84, 2 1 0, S_0x558aa9fe1120;
 .timescale 0 0;
    .port_info 0 /INPUT 1 "i0"
    .port_info 1 /INPUT 1 "i1"
    .port_info 2 /INPUT 1 "j"
    .port_info 3 /OUTPUT 1 "o"
v0x558aaa057480_0 .net *"_s0", 31 0, L_0x558aaa08aa10;  1 drivers
L_0x7fd0302f1cc8 .functor BUFT 1, C4<0000000000000000000000000000000>, C4<0>, C4<0>, C4<0>;
v0x558aaa057580_0 .net *"_s3", 30 0, L_0x7fd0302f1cc8;  1 drivers
L_0x7fd0302f1d10 .functor BUFT 1, C4<00000000000000000000000000000000>, C4<0>, C4<0>, C4<0>;
v0x558aaa057660_0 .net/2u *"_s4", 31 0, L_0x7fd0302f1d10;  1 drivers
v0x558aaa057750_0 .net *"_s6", 0 0, L_0x558aaa08ab00;  1 drivers
v0x558aaa057810_0 .net "i0", 0 0, L_0x558aaa08ad60;  1 drivers
v0x558aaa057920_0 .net "i1", 0 0, L_0x558aaa08b1f0;  1 drivers
v0x558aaa0579e0_0 .net "j", 0 0, L_0x558aaa08b2e0;  1 drivers
v0x558aaa057aa0_0 .net "o", 0 0, L_0x558aaa08ac70;  1 drivers
L_0x558aaa08aa10 .concat [ 1 31 0 0], L_0x558aaa08b2e0, L_0x7fd0302f1cc8;
L_0x558aaa08ab00 .cmp/eq 32, L_0x558aaa08aa10, L_0x7fd0302f1d10;
L_0x558aaa08ac70 .functor MUXZ 1, L_0x558aaa08b1f0, L_0x558aaa08ad60, L_0x558aaa08ab00, C4<>;
S_0x558aaa057be0 .scope module, "l4_2" "mux2X1" 2 75, 2 1 0, S_0x558aa9fe1120;
 .timescale 0 0;
    .port_info 0 /INPUT 1 "i0"
    .port_info 1 /INPUT 1 "i1"
    .port_info 2 /INPUT 1 "j"
    .port_info 3 /OUTPUT 1 "o"
v0x558aaa057e20_0 .net *"_s0", 31 0, L_0x558aaa085a20;  1 drivers
L_0x7fd0302f1578 .functor BUFT 1, C4<0000000000000000000000000000000>, C4<0>, C4<0>, C4<0>;
v0x558aaa057f20_0 .net *"_s3", 30 0, L_0x7fd0302f1578;  1 drivers
L_0x7fd0302f15c0 .functor BUFT 1, C4<00000000000000000000000000000000>, C4<0>, C4<0>, C4<0>;
v0x558aaa058000_0 .net/2u *"_s4", 31 0, L_0x7fd0302f15c0;  1 drivers
v0x558aaa0580f0_0 .net *"_s6", 0 0, L_0x558aaa085b40;  1 drivers
v0x558aaa0581b0_0 .net "i0", 0 0, L_0x558aaa085da0;  1 drivers
L_0x7fd0302f1608 .functor BUFT 1, C4<0>, C4<0>, C4<0>, C4<0>;
v0x558aaa0582c0_0 .net "i1", 0 0, L_0x7fd0302f1608;  1 drivers
v0x558aaa058380_0 .net "j", 0 0, L_0x558aaa085ee0;  1 drivers
v0x558aaa058440_0 .net "o", 0 0, L_0x558aaa085cb0;  1 drivers
L_0x558aaa085a20 .concat [ 1 31 0 0], L_0x558aaa085ee0, L_0x7fd0302f1578;
L_0x558aaa085b40 .cmp/eq 32, L_0x558aaa085a20, L_0x7fd0302f15c0;
L_0x558aaa085cb0 .functor MUXZ 1, L_0x7fd0302f1608, L_0x558aaa085da0, L_0x558aaa085b40, C4<>;
S_0x558aaa058580 .scope module, "l4_3" "mux2X1" 2 76, 2 1 0, S_0x558aa9fe1120;
 .timescale 0 0;
    .port_info 0 /INPUT 1 "i0"
    .port_info 1 /INPUT 1 "i1"
    .port_info 2 /INPUT 1 "j"
    .port_info 3 /OUTPUT 1 "o"
v0x558aaa0587c0_0 .net *"_s0", 31 0, L_0x558aaa086330;  1 drivers
L_0x7fd0302f1650 .functor BUFT 1, C4<0000000000000000000000000000000>, C4<0>, C4<0>, C4<0>;
v0x558aaa0588c0_0 .net *"_s3", 30 0, L_0x7fd0302f1650;  1 drivers
L_0x7fd0302f1698 .functor BUFT 1, C4<00000000000000000000000000000000>, C4<0>, C4<0>, C4<0>;
v0x558aaa0589a0_0 .net/2u *"_s4", 31 0, L_0x7fd0302f1698;  1 drivers
v0x558aaa058a90_0 .net *"_s6", 0 0, L_0x558aaa086420;  1 drivers
v0x558aaa058b50_0 .net "i0", 0 0, L_0x558aaa086650;  1 drivers
L_0x7fd0302f16e0 .functor BUFT 1, C4<0>, C4<0>, C4<0>, C4<0>;
v0x558aaa058c60_0 .net "i1", 0 0, L_0x7fd0302f16e0;  1 drivers
v0x558aaa058d20_0 .net "j", 0 0, L_0x558aaa086790;  1 drivers
v0x558aaa058de0_0 .net "o", 0 0, L_0x558aaa086560;  1 drivers
L_0x558aaa086330 .concat [ 1 31 0 0], L_0x558aaa086790, L_0x7fd0302f1650;
L_0x558aaa086420 .cmp/eq 32, L_0x558aaa086330, L_0x7fd0302f1698;
L_0x558aaa086560 .functor MUXZ 1, L_0x7fd0302f16e0, L_0x558aaa086650, L_0x558aaa086420, C4<>;
S_0x558aaa058f20 .scope module, "l4_4" "mux2X1" 2 77, 2 1 0, S_0x558aa9fe1120;
 .timescale 0 0;
    .port_info 0 /INPUT 1 "i0"
    .port_info 1 /INPUT 1 "i1"
    .port_info 2 /INPUT 1 "j"
    .port_info 3 /OUTPUT 1 "o"
v0x558aaa059160_0 .net *"_s0", 31 0, L_0x558aaa086ba0;  1 drivers
L_0x7fd0302f1728 .functor BUFT 1, C4<0000000000000000000000000000000>, C4<0>, C4<0>, C4<0>;
v0x558aaa059260_0 .net *"_s3", 30 0, L_0x7fd0302f1728;  1 drivers
L_0x7fd0302f1770 .functor BUFT 1, C4<00000000000000000000000000000000>, C4<0>, C4<0>, C4<0>;
v0x558aaa059340_0 .net/2u *"_s4", 31 0, L_0x7fd0302f1770;  1 drivers
v0x558aaa059430_0 .net *"_s6", 0 0, L_0x558aaa086c90;  1 drivers
v0x558aaa0594f0_0 .net "i0", 0 0, L_0x558aaa086ef0;  1 drivers
L_0x7fd0302f17b8 .functor BUFT 1, C4<0>, C4<0>, C4<0>, C4<0>;
v0x558aaa059600_0 .net "i1", 0 0, L_0x7fd0302f17b8;  1 drivers
v0x558aaa0596c0_0 .net "j", 0 0, L_0x558aaa087030;  1 drivers
v0x558aaa059780_0 .net "o", 0 0, L_0x558aaa086e00;  1 drivers
L_0x558aaa086ba0 .concat [ 1 31 0 0], L_0x558aaa087030, L_0x7fd0302f1728;
L_0x558aaa086c90 .cmp/eq 32, L_0x558aaa086ba0, L_0x7fd0302f1770;
L_0x558aaa086e00 .functor MUXZ 1, L_0x7fd0302f17b8, L_0x558aaa086ef0, L_0x558aaa086c90, C4<>;
S_0x558aaa0598c0 .scope module, "l4_5" "mux2X1" 2 78, 2 1 0, S_0x558aa9fe1120;
 .timescale 0 0;
    .port_info 0 /INPUT 1 "i0"
    .port_info 1 /INPUT 1 "i1"
    .port_info 2 /INPUT 1 "j"
    .port_info 3 /OUTPUT 1 "o"
v0x558aaa059b00_0 .net *"_s0", 31 0, L_0x558aaa087450;  1 drivers
L_0x7fd0302f1800 .functor BUFT 1, C4<0000000000000000000000000000000>, C4<0>, C4<0>, C4<0>;
v0x558aaa059c00_0 .net *"_s3", 30 0, L_0x7fd0302f1800;  1 drivers
L_0x7fd0302f1848 .functor BUFT 1, C4<00000000000000000000000000000000>, C4<0>, C4<0>, C4<0>;
v0x558aaa059ce0_0 .net/2u *"_s4", 31 0, L_0x7fd0302f1848;  1 drivers
v0x558aaa059dd0_0 .net *"_s6", 0 0, L_0x558aaa0874f0;  1 drivers
v0x558aaa059e90_0 .net "i0", 0 0, L_0x558aaa087750;  1 drivers
L_0x7fd0302f1890 .functor BUFT 1, C4<0>, C4<0>, C4<0>, C4<0>;
v0x558aaa059fa0_0 .net "i1", 0 0, L_0x7fd0302f1890;  1 drivers
v0x558aaa05a060_0 .net "j", 0 0, L_0x558aaa087890;  1 drivers
v0x558aaa05a120_0 .net "o", 0 0, L_0x558aaa087660;  1 drivers
L_0x558aaa087450 .concat [ 1 31 0 0], L_0x558aaa087890, L_0x7fd0302f1800;
L_0x558aaa0874f0 .cmp/eq 32, L_0x558aaa087450, L_0x7fd0302f1848;
L_0x558aaa087660 .functor MUXZ 1, L_0x7fd0302f1890, L_0x558aaa087750, L_0x558aaa0874f0, C4<>;
S_0x558aaa05a260 .scope module, "l4_6" "mux2X1" 2 79, 2 1 0, S_0x558aa9fe1120;
 .timescale 0 0;
    .port_info 0 /INPUT 1 "i0"
    .port_info 1 /INPUT 1 "i1"
    .port_info 2 /INPUT 1 "j"
    .port_info 3 /OUTPUT 1 "o"
v0x558aaa05a4a0_0 .net *"_s0", 31 0, L_0x558aaa087cc0;  1 drivers
L_0x7fd0302f18d8 .functor BUFT 1, C4<0000000000000000000000000000000>, C4<0>, C4<0>, C4<0>;
v0x558aaa05a5a0_0 .net *"_s3", 30 0, L_0x7fd0302f18d8;  1 drivers
L_0x7fd0302f1920 .functor BUFT 1, C4<00000000000000000000000000000000>, C4<0>, C4<0>, C4<0>;
v0x558aaa05a680_0 .net/2u *"_s4", 31 0, L_0x7fd0302f1920;  1 drivers
v0x558aaa05a770_0 .net *"_s6", 0 0, L_0x558aaa087db0;  1 drivers
v0x558aaa05a830_0 .net "i0", 0 0, L_0x558aaa088010;  1 drivers
L_0x7fd0302f1968 .functor BUFT 1, C4<0>, C4<0>, C4<0>, C4<0>;
v0x558aaa05a940_0 .net "i1", 0 0, L_0x7fd0302f1968;  1 drivers
v0x558aaa05aa00_0 .net "j", 0 0, L_0x558aaa088150;  1 drivers
v0x558aaa05aac0_0 .net "o", 0 0, L_0x558aaa087f20;  1 drivers
L_0x558aaa087cc0 .concat [ 1 31 0 0], L_0x558aaa088150, L_0x7fd0302f18d8;
L_0x558aaa087db0 .cmp/eq 32, L_0x558aaa087cc0, L_0x7fd0302f1920;
L_0x558aaa087f20 .functor MUXZ 1, L_0x7fd0302f1968, L_0x558aaa088010, L_0x558aaa087db0, C4<>;
S_0x558aaa05ac00 .scope module, "l4_7" "mux2X1" 2 80, 2 1 0, S_0x558aa9fe1120;
 .timescale 0 0;
    .port_info 0 /INPUT 1 "i0"
    .port_info 1 /INPUT 1 "i1"
    .port_info 2 /INPUT 1 "j"
    .port_info 3 /OUTPUT 1 "o"
v0x558aaa05ae40_0 .net *"_s0", 31 0, L_0x558aaa088590;  1 drivers
L_0x7fd0302f19b0 .functor BUFT 1, C4<0000000000000000000000000000000>, C4<0>, C4<0>, C4<0>;
v0x558aaa05af40_0 .net *"_s3", 30 0, L_0x7fd0302f19b0;  1 drivers
L_0x7fd0302f19f8 .functor BUFT 1, C4<00000000000000000000000000000000>, C4<0>, C4<0>, C4<0>;
v0x558aaa05b020_0 .net/2u *"_s4", 31 0, L_0x7fd0302f19f8;  1 drivers
v0x558aaa05b110_0 .net *"_s6", 0 0, L_0x558aaa088680;  1 drivers
v0x558aaa05b1d0_0 .net "i0", 0 0, L_0x558aaa0888e0;  1 drivers
L_0x7fd0302f1a40 .functor BUFT 1, C4<0>, C4<0>, C4<0>, C4<0>;
v0x558aaa05b2e0_0 .net "i1", 0 0, L_0x7fd0302f1a40;  1 drivers
v0x558aaa05b3a0_0 .net "j", 0 0, L_0x558aaa088a20;  1 drivers
v0x558aaa05b460_0 .net "o", 0 0, L_0x558aaa0887f0;  1 drivers
L_0x558aaa088590 .concat [ 1 31 0 0], L_0x558aaa088a20, L_0x7fd0302f19b0;
L_0x558aaa088680 .cmp/eq 32, L_0x558aaa088590, L_0x7fd0302f19f8;
L_0x558aaa0887f0 .functor MUXZ 1, L_0x7fd0302f1a40, L_0x558aaa0888e0, L_0x558aaa088680, C4<>;
S_0x558aaa05b5a0 .scope module, "l4_8" "mux2X1" 2 81, 2 1 0, S_0x558aa9fe1120;
 .timescale 0 0;
    .port_info 0 /INPUT 1 "i0"
    .port_info 1 /INPUT 1 "i1"
    .port_info 2 /INPUT 1 "j"
    .port_info 3 /OUTPUT 1 "o"
v0x558aaa05b7e0_0 .net *"_s0", 31 0, L_0x558aaa088e70;  1 drivers
L_0x7fd0302f1a88 .functor BUFT 1, C4<0000000000000000000000000000000>, C4<0>, C4<0>, C4<0>;
v0x558aaa05b8e0_0 .net *"_s3", 30 0, L_0x7fd0302f1a88;  1 drivers
L_0x7fd0302f1ad0 .functor BUFT 1, C4<00000000000000000000000000000000>, C4<0>, C4<0>, C4<0>;
v0x558aaa05b9c0_0 .net/2u *"_s4", 31 0, L_0x7fd0302f1ad0;  1 drivers
v0x558aaa05bab0_0 .net *"_s6", 0 0, L_0x558aaa088f60;  1 drivers
v0x558aaa05bb70_0 .net "i0", 0 0, L_0x558aaa0891c0;  1 drivers
L_0x7fd0302f1b18 .functor BUFT 1, C4<0>, C4<0>, C4<0>, C4<0>;
v0x558aaa05bc80_0 .net "i1", 0 0, L_0x7fd0302f1b18;  1 drivers
v0x558aaa05bd40_0 .net "j", 0 0, L_0x558aaa089300;  1 drivers
v0x558aaa05be00_0 .net "o", 0 0, L_0x558aaa0890d0;  1 drivers
L_0x558aaa088e70 .concat [ 1 31 0 0], L_0x558aaa089300, L_0x7fd0302f1a88;
L_0x558aaa088f60 .cmp/eq 32, L_0x558aaa088e70, L_0x7fd0302f1ad0;
L_0x558aaa0890d0 .functor MUXZ 1, L_0x7fd0302f1b18, L_0x558aaa0891c0, L_0x558aaa088f60, C4<>;
S_0x558aaa05bf40 .scope module, "l4_9" "mux2X1" 2 82, 2 1 0, S_0x558aa9fe1120;
 .timescale 0 0;
    .port_info 0 /INPUT 1 "i0"
    .port_info 1 /INPUT 1 "i1"
    .port_info 2 /INPUT 1 "j"
    .port_info 3 /OUTPUT 1 "o"
v0x558aaa05c180_0 .net *"_s0", 31 0, L_0x558aaa089760;  1 drivers
L_0x7fd0302f1b60 .functor BUFT 1, C4<0000000000000000000000000000000>, C4<0>, C4<0>, C4<0>;
v0x558aaa05c280_0 .net *"_s3", 30 0, L_0x7fd0302f1b60;  1 drivers
L_0x7fd0302f1ba8 .functor BUFT 1, C4<00000000000000000000000000000000>, C4<0>, C4<0>, C4<0>;
v0x558aaa05c360_0 .net/2u *"_s4", 31 0, L_0x7fd0302f1ba8;  1 drivers
v0x558aaa05c450_0 .net *"_s6", 0 0, L_0x558aaa089850;  1 drivers
v0x558aaa05c510_0 .net "i0", 0 0, L_0x558aaa089ab0;  1 drivers
L_0x7fd0302f1bf0 .functor BUFT 1, C4<0>, C4<0>, C4<0>, C4<0>;
v0x558aaa05c620_0 .net "i1", 0 0, L_0x7fd0302f1bf0;  1 drivers
v0x558aaa05c6e0_0 .net "j", 0 0, L_0x558aaa089bf0;  1 drivers
v0x558aaa05c7a0_0 .net "o", 0 0, L_0x558aaa0899c0;  1 drivers
L_0x558aaa089760 .concat [ 1 31 0 0], L_0x558aaa089bf0, L_0x7fd0302f1b60;
L_0x558aaa089850 .cmp/eq 32, L_0x558aaa089760, L_0x7fd0302f1ba8;
L_0x558aaa0899c0 .functor MUXZ 1, L_0x7fd0302f1bf0, L_0x558aaa089ab0, L_0x558aaa089850, C4<>;
S_0x558aaa05c8e0 .scope module, "l5_1" "mux2X1" 2 90, 2 1 0, S_0x558aa9fe1120;
 .timescale 0 0;
    .port_info 0 /INPUT 1 "i0"
    .port_info 1 /INPUT 1 "i1"
    .port_info 2 /INPUT 1 "j"
    .port_info 3 /OUTPUT 1 "o"
v0x558aaa05cb20_0 .net *"_s0", 31 0, L_0x558aaa08b780;  1 drivers
L_0x7fd0302f1d58 .functor BUFT 1, C4<0000000000000000000000000000000>, C4<0>, C4<0>, C4<0>;
v0x558aaa05cc20_0 .net *"_s3", 30 0, L_0x7fd0302f1d58;  1 drivers
L_0x7fd0302f1da0 .functor BUFT 1, C4<00000000000000000000000000000000>, C4<0>, C4<0>, C4<0>;
v0x558aaa05cd00_0 .net/2u *"_s4", 31 0, L_0x7fd0302f1da0;  1 drivers
v0x558aaa05cdf0_0 .net *"_s6", 0 0, L_0x558aaa08b870;  1 drivers
v0x558aaa05ceb0_0 .net "i0", 0 0, L_0x558aaa08bad0;  1 drivers
L_0x7fd0302f1de8 .functor BUFT 1, C4<0>, C4<0>, C4<0>, C4<0>;
v0x558aaa05cfc0_0 .net "i1", 0 0, L_0x7fd0302f1de8;  1 drivers
v0x558aaa05d080_0 .net "j", 0 0, L_0x558aaa08bc10;  1 drivers
v0x558aaa05d140_0 .net "o", 0 0, L_0x558aaa08b9e0;  1 drivers
L_0x558aaa08b780 .concat [ 1 31 0 0], L_0x558aaa08bc10, L_0x7fd0302f1d58;
L_0x558aaa08b870 .cmp/eq 32, L_0x558aaa08b780, L_0x7fd0302f1da0;
L_0x558aaa08b9e0 .functor MUXZ 1, L_0x7fd0302f1de8, L_0x558aaa08bad0, L_0x558aaa08b870, C4<>;
S_0x558aaa05d280 .scope module, "l5_10" "mux2X1" 2 99, 2 1 0, S_0x558aa9fe1120;
 .timescale 0 0;
    .port_info 0 /INPUT 1 "i0"
    .port_info 1 /INPUT 1 "i1"
    .port_info 2 /INPUT 1 "j"
    .port_info 3 /OUTPUT 1 "o"
v0x558aaa05d4c0_0 .net *"_s0", 31 0, L_0x558aaa0910c0;  1 drivers
L_0x7fd0302f24f0 .functor BUFT 1, C4<0000000000000000000000000000000>, C4<0>, C4<0>, C4<0>;
v0x558aaa05d5c0_0 .net *"_s3", 30 0, L_0x7fd0302f24f0;  1 drivers
L_0x7fd0302f2538 .functor BUFT 1, C4<00000000000000000000000000000000>, C4<0>, C4<0>, C4<0>;
v0x558aaa05d6a0_0 .net/2u *"_s4", 31 0, L_0x7fd0302f2538;  1 drivers
v0x558aaa05d790_0 .net *"_s6", 0 0, L_0x558aaa0911b0;  1 drivers
v0x558aaa05d850_0 .net "i0", 0 0, L_0x558aaa092540;  1 drivers
L_0x7fd0302f2580 .functor BUFT 1, C4<0>, C4<0>, C4<0>, C4<0>;
v0x558aaa05d960_0 .net "i1", 0 0, L_0x7fd0302f2580;  1 drivers
v0x558aaa05da20_0 .net "j", 0 0, L_0x558aaa091fd0;  1 drivers
v0x558aaa05dae0_0 .net "o", 0 0, L_0x558aaa092450;  1 drivers
L_0x558aaa0910c0 .concat [ 1 31 0 0], L_0x558aaa091fd0, L_0x7fd0302f24f0;
L_0x558aaa0911b0 .cmp/eq 32, L_0x558aaa0910c0, L_0x7fd0302f2538;
L_0x558aaa092450 .functor MUXZ 1, L_0x7fd0302f2580, L_0x558aaa092540, L_0x558aaa0911b0, C4<>;
S_0x558aaa05dc20 .scope module, "l5_11" "mux2X1" 2 100, 2 1 0, S_0x558aa9fe1120;
 .timescale 0 0;
    .port_info 0 /INPUT 1 "i0"
    .port_info 1 /INPUT 1 "i1"
    .port_info 2 /INPUT 1 "j"
    .port_info 3 /OUTPUT 1 "o"
v0x558aaa05de60_0 .net *"_s0", 31 0, L_0x558aaa092330;  1 drivers
L_0x7fd0302f25c8 .functor BUFT 1, C4<0000000000000000000000000000000>, C4<0>, C4<0>, C4<0>;
v0x558aaa05df60_0 .net *"_s3", 30 0, L_0x7fd0302f25c8;  1 drivers
L_0x7fd0302f2610 .functor BUFT 1, C4<00000000000000000000000000000000>, C4<0>, C4<0>, C4<0>;
v0x558aaa05e040_0 .net/2u *"_s4", 31 0, L_0x7fd0302f2610;  1 drivers
v0x558aaa05e130_0 .net *"_s6", 0 0, L_0x558aaa092b20;  1 drivers
v0x558aaa05e1f0_0 .net "i0", 0 0, L_0x558aaa092d50;  1 drivers
L_0x7fd0302f2658 .functor BUFT 1, C4<0>, C4<0>, C4<0>, C4<0>;
v0x558aaa05e300_0 .net "i1", 0 0, L_0x7fd0302f2658;  1 drivers
v0x558aaa05e3c0_0 .net "j", 0 0, L_0x558aaa092e90;  1 drivers
v0x558aaa05e480_0 .net "o", 0 0, L_0x558aaa092c60;  1 drivers
L_0x558aaa092330 .concat [ 1 31 0 0], L_0x558aaa092e90, L_0x7fd0302f25c8;
L_0x558aaa092b20 .cmp/eq 32, L_0x558aaa092330, L_0x7fd0302f2610;
L_0x558aaa092c60 .functor MUXZ 1, L_0x7fd0302f2658, L_0x558aaa092d50, L_0x558aaa092b20, C4<>;
S_0x558aaa05e5c0 .scope module, "l5_2" "mux2X1" 2 91, 2 1 0, S_0x558aa9fe1120;
 .timescale 0 0;
    .port_info 0 /INPUT 1 "i0"
    .port_info 1 /INPUT 1 "i1"
    .port_info 2 /INPUT 1 "j"
    .port_info 3 /OUTPUT 1 "o"
v0x558aaa05e800_0 .net *"_s0", 31 0, L_0x558aaa08c2f0;  1 drivers
L_0x7fd0302f1e30 .functor BUFT 1, C4<0000000000000000000000000000000>, C4<0>, C4<0>, C4<0>;
v0x558aaa05e900_0 .net *"_s3", 30 0, L_0x7fd0302f1e30;  1 drivers
L_0x7fd0302f1e78 .functor BUFT 1, C4<00000000000000000000000000000000>, C4<0>, C4<0>, C4<0>;
v0x558aaa05e9e0_0 .net/2u *"_s4", 31 0, L_0x7fd0302f1e78;  1 drivers
v0x558aaa05ead0_0 .net *"_s6", 0 0, L_0x558aaa08c3e0;  1 drivers
v0x558aaa05eb90_0 .net "i0", 0 0, L_0x558aaa08c610;  1 drivers
L_0x7fd0302f1ec0 .functor BUFT 1, C4<0>, C4<0>, C4<0>, C4<0>;
v0x558aaa05eca0_0 .net "i1", 0 0, L_0x7fd0302f1ec0;  1 drivers
v0x558aaa05ed60_0 .net "j", 0 0, L_0x558aaa08cb20;  1 drivers
v0x558aaa05ee20_0 .net "o", 0 0, L_0x558aaa08c520;  1 drivers
L_0x558aaa08c2f0 .concat [ 1 31 0 0], L_0x558aaa08cb20, L_0x7fd0302f1e30;
L_0x558aaa08c3e0 .cmp/eq 32, L_0x558aaa08c2f0, L_0x7fd0302f1e78;
L_0x558aaa08c520 .functor MUXZ 1, L_0x7fd0302f1ec0, L_0x558aaa08c610, L_0x558aaa08c3e0, C4<>;
S_0x558aaa05ef60 .scope module, "l5_3" "mux2X1" 2 92, 2 1 0, S_0x558aa9fe1120;
 .timescale 0 0;
    .port_info 0 /INPUT 1 "i0"
    .port_info 1 /INPUT 1 "i1"
    .port_info 2 /INPUT 1 "j"
    .port_info 3 /OUTPUT 1 "o"
v0x558aaa05f1a0_0 .net *"_s0", 31 0, L_0x558aaa08d2c0;  1 drivers
L_0x7fd0302f1f08 .functor BUFT 1, C4<0000000000000000000000000000000>, C4<0>, C4<0>, C4<0>;
v0x558aaa05f2a0_0 .net *"_s3", 30 0, L_0x7fd0302f1f08;  1 drivers
L_0x7fd0302f1f50 .functor BUFT 1, C4<00000000000000000000000000000000>, C4<0>, C4<0>, C4<0>;
v0x558aaa05f380_0 .net/2u *"_s4", 31 0, L_0x7fd0302f1f50;  1 drivers
v0x558aaa05f470_0 .net *"_s6", 0 0, L_0x558aaa08d3b0;  1 drivers
v0x558aaa05f530_0 .net "i0", 0 0, L_0x558aaa08d5e0;  1 drivers
L_0x7fd0302f1f98 .functor BUFT 1, C4<0>, C4<0>, C4<0>, C4<0>;
v0x558aaa05f640_0 .net "i1", 0 0, L_0x7fd0302f1f98;  1 drivers
v0x558aaa05f700_0 .net "j", 0 0, L_0x558aaa08d720;  1 drivers
v0x558aaa05f7c0_0 .net "o", 0 0, L_0x558aaa08d4f0;  1 drivers
L_0x558aaa08d2c0 .concat [ 1 31 0 0], L_0x558aaa08d720, L_0x7fd0302f1f08;
L_0x558aaa08d3b0 .cmp/eq 32, L_0x558aaa08d2c0, L_0x7fd0302f1f50;
L_0x558aaa08d4f0 .functor MUXZ 1, L_0x7fd0302f1f98, L_0x558aaa08d5e0, L_0x558aaa08d3b0, C4<>;
S_0x558aaa05f900 .scope module, "l5_4" "mux2X1" 2 93, 2 1 0, S_0x558aa9fe1120;
 .timescale 0 0;
    .port_info 0 /INPUT 1 "i0"
    .port_info 1 /INPUT 1 "i1"
    .port_info 2 /INPUT 1 "j"
    .port_info 3 /OUTPUT 1 "o"
v0x558aaa05fb40_0 .net *"_s0", 31 0, L_0x558aaa08de30;  1 drivers
L_0x7fd0302f1fe0 .functor BUFT 1, C4<0000000000000000000000000000000>, C4<0>, C4<0>, C4<0>;
v0x558aaa05fc40_0 .net *"_s3", 30 0, L_0x7fd0302f1fe0;  1 drivers
L_0x7fd0302f2028 .functor BUFT 1, C4<00000000000000000000000000000000>, C4<0>, C4<0>, C4<0>;
v0x558aaa05fd20_0 .net/2u *"_s4", 31 0, L_0x7fd0302f2028;  1 drivers
v0x558aaa05fe10_0 .net *"_s6", 0 0, L_0x558aaa08df20;  1 drivers
v0x558aaa05fed0_0 .net "i0", 0 0, L_0x558aaa08e150;  1 drivers
L_0x7fd0302f2070 .functor BUFT 1, C4<0>, C4<0>, C4<0>, C4<0>;
v0x558aaa05ffe0_0 .net "i1", 0 0, L_0x7fd0302f2070;  1 drivers
v0x558aaa0600a0_0 .net "j", 0 0, L_0x558aaa08e690;  1 drivers
v0x558aaa060160_0 .net "o", 0 0, L_0x558aaa08e060;  1 drivers
L_0x558aaa08de30 .concat [ 1 31 0 0], L_0x558aaa08e690, L_0x7fd0302f1fe0;
L_0x558aaa08df20 .cmp/eq 32, L_0x558aaa08de30, L_0x7fd0302f2028;
L_0x558aaa08e060 .functor MUXZ 1, L_0x7fd0302f2070, L_0x558aaa08e150, L_0x558aaa08df20, C4<>;
S_0x558aaa0602a0 .scope module, "l5_5" "mux2X1" 2 94, 2 1 0, S_0x558aa9fe1120;
 .timescale 0 0;
    .port_info 0 /INPUT 1 "i0"
    .port_info 1 /INPUT 1 "i1"
    .port_info 2 /INPUT 1 "j"
    .port_info 3 /OUTPUT 1 "o"
v0x558aaa0604e0_0 .net *"_s0", 31 0, L_0x558aaa08ed20;  1 drivers
L_0x7fd0302f20b8 .functor BUFT 1, C4<0000000000000000000000000000000>, C4<0>, C4<0>, C4<0>;
v0x558aaa0605e0_0 .net *"_s3", 30 0, L_0x7fd0302f20b8;  1 drivers
L_0x7fd0302f2100 .functor BUFT 1, C4<00000000000000000000000000000000>, C4<0>, C4<0>, C4<0>;
v0x558aaa0606c0_0 .net/2u *"_s4", 31 0, L_0x7fd0302f2100;  1 drivers
v0x558aaa0607b0_0 .net *"_s6", 0 0, L_0x558aaa08ee10;  1 drivers
v0x558aaa060870_0 .net "i0", 0 0, L_0x558aaa08f040;  1 drivers
L_0x7fd0302f2148 .functor BUFT 1, C4<0>, C4<0>, C4<0>, C4<0>;
v0x558aaa060980_0 .net "i1", 0 0, L_0x7fd0302f2148;  1 drivers
v0x558aaa060a40_0 .net "j", 0 0, L_0x558aaa08f390;  1 drivers
v0x558aaa060b00_0 .net "o", 0 0, L_0x558aaa08ef50;  1 drivers
L_0x558aaa08ed20 .concat [ 1 31 0 0], L_0x558aaa08f390, L_0x7fd0302f20b8;
L_0x558aaa08ee10 .cmp/eq 32, L_0x558aaa08ed20, L_0x7fd0302f2100;
L_0x558aaa08ef50 .functor MUXZ 1, L_0x7fd0302f2148, L_0x558aaa08f040, L_0x558aaa08ee10, C4<>;
S_0x558aaa060c40 .scope module, "l5_6" "mux2X1" 2 95, 2 1 0, S_0x558aa9fe1120;
 .timescale 0 0;
    .port_info 0 /INPUT 1 "i0"
    .port_info 1 /INPUT 1 "i1"
    .port_info 2 /INPUT 1 "j"
    .port_info 3 /OUTPUT 1 "o"
v0x558aaa060e80_0 .net *"_s0", 31 0, L_0x558aaa08fad0;  1 drivers
L_0x7fd0302f2190 .functor BUFT 1, C4<0000000000000000000000000000000>, C4<0>, C4<0>, C4<0>;
v0x558aaa060f80_0 .net *"_s3", 30 0, L_0x7fd0302f2190;  1 drivers
L_0x7fd0302f21d8 .functor BUFT 1, C4<00000000000000000000000000000000>, C4<0>, C4<0>, C4<0>;
v0x558aaa061060_0 .net/2u *"_s4", 31 0, L_0x7fd0302f21d8;  1 drivers
v0x558aaa061150_0 .net *"_s6", 0 0, L_0x558aaa08fbc0;  1 drivers
v0x558aaa061210_0 .net "i0", 0 0, L_0x558aaa08fdf0;  1 drivers
L_0x7fd0302f2220 .functor BUFT 1, C4<0>, C4<0>, C4<0>, C4<0>;
v0x558aaa061320_0 .net "i1", 0 0, L_0x7fd0302f2220;  1 drivers
v0x558aaa0613e0_0 .net "j", 0 0, L_0x558aaa08f4d0;  1 drivers
v0x558aaa0614a0_0 .net "o", 0 0, L_0x558aaa08fd00;  1 drivers
L_0x558aaa08fad0 .concat [ 1 31 0 0], L_0x558aaa08f4d0, L_0x7fd0302f2190;
L_0x558aaa08fbc0 .cmp/eq 32, L_0x558aaa08fad0, L_0x7fd0302f21d8;
L_0x558aaa08fd00 .functor MUXZ 1, L_0x7fd0302f2220, L_0x558aaa08fdf0, L_0x558aaa08fbc0, C4<>;
S_0x558aaa0615e0 .scope module, "l5_7" "mux2X1" 2 96, 2 1 0, S_0x558aa9fe1120;
 .timescale 0 0;
    .port_info 0 /INPUT 1 "i0"
    .port_info 1 /INPUT 1 "i1"
    .port_info 2 /INPUT 1 "j"
    .port_info 3 /OUTPUT 1 "o"
v0x558aaa061820_0 .net *"_s0", 31 0, L_0x558aaa08f7f0;  1 drivers
L_0x7fd0302f2268 .functor BUFT 1, C4<0000000000000000000000000000000>, C4<0>, C4<0>, C4<0>;
v0x558aaa061920_0 .net *"_s3", 30 0, L_0x7fd0302f2268;  1 drivers
L_0x7fd0302f22b0 .functor BUFT 1, C4<00000000000000000000000000000000>, C4<0>, C4<0>, C4<0>;
v0x558aaa061a00_0 .net/2u *"_s4", 31 0, L_0x7fd0302f22b0;  1 drivers
v0x558aaa061af0_0 .net *"_s6", 0 0, L_0x558aaa090370;  1 drivers
v0x558aaa061bb0_0 .net "i0", 0 0, L_0x558aaa0905a0;  1 drivers
L_0x7fd0302f22f8 .functor BUFT 1, C4<0>, C4<0>, C4<0>, C4<0>;
v0x558aaa061cc0_0 .net "i1", 0 0, L_0x7fd0302f22f8;  1 drivers
v0x558aaa061d80_0 .net "j", 0 0, L_0x558aaa0906e0;  1 drivers
v0x558aaa061e40_0 .net "o", 0 0, L_0x558aaa0904b0;  1 drivers
L_0x558aaa08f7f0 .concat [ 1 31 0 0], L_0x558aaa0906e0, L_0x7fd0302f2268;
L_0x558aaa090370 .cmp/eq 32, L_0x558aaa08f7f0, L_0x7fd0302f22b0;
L_0x558aaa0904b0 .functor MUXZ 1, L_0x7fd0302f22f8, L_0x558aaa0905a0, L_0x558aaa090370, C4<>;
S_0x558aaa061f80 .scope module, "l5_8" "mux2X1" 2 97, 2 1 0, S_0x558aa9fe1120;
 .timescale 0 0;
    .port_info 0 /INPUT 1 "i0"
    .port_info 1 /INPUT 1 "i1"
    .port_info 2 /INPUT 1 "j"
    .port_info 3 /OUTPUT 1 "o"
v0x558aaa0621c0_0 .net *"_s0", 31 0, L_0x558aaa090110;  1 drivers
L_0x7fd0302f2340 .functor BUFT 1, C4<0000000000000000000000000000000>, C4<0>, C4<0>, C4<0>;
v0x558aaa0622c0_0 .net *"_s3", 30 0, L_0x7fd0302f2340;  1 drivers
L_0x7fd0302f2388 .functor BUFT 1, C4<00000000000000000000000000000000>, C4<0>, C4<0>, C4<0>;
v0x558aaa0623a0_0 .net/2u *"_s4", 31 0, L_0x7fd0302f2388;  1 drivers
v0x558aaa062490_0 .net *"_s6", 0 0, L_0x558aaa090200;  1 drivers
v0x558aaa062550_0 .net "i0", 0 0, L_0x558aaa090d60;  1 drivers
L_0x7fd0302f23d0 .functor BUFT 1, C4<0>, C4<0>, C4<0>, C4<0>;
v0x558aaa062660_0 .net "i1", 0 0, L_0x7fd0302f23d0;  1 drivers
v0x558aaa062720_0 .net "j", 0 0, L_0x558aaa090820;  1 drivers
v0x558aaa0627e0_0 .net "o", 0 0, L_0x558aaa090c70;  1 drivers
L_0x558aaa090110 .concat [ 1 31 0 0], L_0x558aaa090820, L_0x7fd0302f2340;
L_0x558aaa090200 .cmp/eq 32, L_0x558aaa090110, L_0x7fd0302f2388;
L_0x558aaa090c70 .functor MUXZ 1, L_0x7fd0302f23d0, L_0x558aaa090d60, L_0x558aaa090200, C4<>;
S_0x558aaa062920 .scope module, "l5_9" "mux2X1" 2 98, 2 1 0, S_0x558aa9fe1120;
 .timescale 0 0;
    .port_info 0 /INPUT 1 "i0"
    .port_info 1 /INPUT 1 "i1"
    .port_info 2 /INPUT 1 "j"
    .port_info 3 /OUTPUT 1 "o"
v0x558aaa062b60_0 .net *"_s0", 31 0, L_0x558aaa090b80;  1 drivers
L_0x7fd0302f2418 .functor BUFT 1, C4<0000000000000000000000000000000>, C4<0>, C4<0>, C4<0>;
v0x558aaa062c60_0 .net *"_s3", 30 0, L_0x7fd0302f2418;  1 drivers
L_0x7fd0302f2460 .functor BUFT 1, C4<00000000000000000000000000000000>, C4<0>, C4<0>, C4<0>;
v0x558aaa062d40_0 .net/2u *"_s4", 31 0, L_0x7fd0302f2460;  1 drivers
v0x558aaa062e30_0 .net *"_s6", 0 0, L_0x558aaa091b20;  1 drivers
v0x558aaa062ef0_0 .net "i0", 0 0, L_0x558aaa091d50;  1 drivers
L_0x7fd0302f24a8 .functor BUFT 1, C4<0>, C4<0>, C4<0>, C4<0>;
v0x558aaa063000_0 .net "i1", 0 0, L_0x7fd0302f24a8;  1 drivers
v0x558aaa0630c0_0 .net "j", 0 0, L_0x558aaa091e90;  1 drivers
v0x558aaa063180_0 .net "o", 0 0, L_0x558aaa091c60;  1 drivers
L_0x558aaa090b80 .concat [ 1 31 0 0], L_0x558aaa091e90, L_0x7fd0302f2418;
L_0x558aaa091b20 .cmp/eq 32, L_0x558aaa090b80, L_0x7fd0302f2460;
L_0x558aaa091c60 .functor MUXZ 1, L_0x7fd0302f24a8, L_0x558aaa091d50, L_0x558aaa091b20, C4<>;
# The file index is used to find the file name in the following table.
:file_names 3;
    "N/A";
    "<interactive>";
    "barrel_shifter_left_5.v";
