#! /usr/bin/vvp
:ivl_version "10.1 (stable)";
:ivl_delay_selection "TYPICAL";
:vpi_time_precision + 0;
:vpi_module "system";
:vpi_module "vhdl_sys";
:vpi_module "v2005_math";
:vpi_module "va_math";
S_0x564f4f8ee790 .scope module, "cla8" "cla8" 2 25;
 .timescale 0 0;
    .port_info 0 /OUTPUT 8 "sum"
    .port_info 1 /OUTPUT 1 "cout"
    .port_info 2 /INPUT 8 "a"
    .port_info 3 /INPUT 8 "b"
    .port_info 4 /INPUT 1 "cin"
o0x7f5a17f55a48 .functor BUFZ 8, C4<zzzzzzzz>; HiZ drive
v0x564f4f91ab20_0 .net "a", 7 0, o0x7f5a17f55a48;  0 drivers
o0x7f5a17f55a78 .functor BUFZ 8, C4<zzzzzzzz>; HiZ drive
v0x564f4f91ac20_0 .net "b", 7 0, o0x7f5a17f55a78;  0 drivers
v0x564f4f91ad00_0 .net "c4", 0 0, L_0x564f4f923930;  1 drivers
o0x7f5a17f54368 .functor BUFZ 1, C4<z>; HiZ drive
v0x564f4f91ada0_0 .net "cin", 0 0, o0x7f5a17f54368;  0 drivers
v0x564f4f91ae40_0 .net "cout", 0 0, L_0x564f4f92c320;  1 drivers
v0x564f4f91af30_0 .net "sum", 7 0, L_0x564f4f92c480;  1 drivers
L_0x564f4f923a40 .part o0x7f5a17f55a48, 0, 4;
L_0x564f4f923ae0 .part o0x7f5a17f55a78, 0, 4;
L_0x564f4f92c480 .concat8 [ 4 4 0 0], L_0x564f4f9205c0, L_0x564f4f928da0;
L_0x564f4f92c5c0 .part o0x7f5a17f55a48, 4, 4;
L_0x564f4f92c6b0 .part o0x7f5a17f55a78, 4, 4;
S_0x564f4f8ee910 .scope module, "i1" "cla4" 2 29, 2 1 0, S_0x564f4f8ee790;
 .timescale 0 0;
    .port_info 0 /OUTPUT 4 "s"
    .port_info 1 /OUTPUT 1 "co"
    .port_info 2 /INPUT 4 "a"
    .port_info 3 /INPUT 4 "b"
    .port_info 4 /INPUT 1 "cin"
L_0x564f4f91b250 .functor XOR 1, L_0x564f4f91b080, L_0x564f4f91b150, C4<0>, C4<0>;
L_0x564f4f91b5a0 .functor AND 1, L_0x564f4f91b390, L_0x564f4f91b480, C4<1>, C4<1>;
L_0x564f4f91b6b0 .functor BUFZ 1, o0x7f5a17f54368, C4<0>, C4<0>, C4<0>;
L_0x564f4f91b920 .functor XOR 1, L_0x564f4f91b770, L_0x564f4f91b810, C4<0>, C4<0>;
L_0x564f4f91bbf0 .functor XOR 1, L_0x564f4f91ba60, L_0x564f4f91bb00, C4<0>, C4<0>;
L_0x564f4f91bed0 .functor AND 1, L_0x564f4f91bd30, L_0x564f4f91bdd0, C4<1>, C4<1>;
L_0x564f4f91c250 .functor AND 1, L_0x564f4f91c050, L_0x564f4f91c160, C4<1>, C4<1>;
L_0x564f4f91c360 .functor OR 1, L_0x564f4f91bfb0, L_0x564f4f91c250, C4<0>, C4<0>;
L_0x564f4f91c0f0 .functor XOR 1, L_0x564f4f91c4c0, L_0x564f4f91c5e0, C4<0>, C4<0>;
L_0x564f4f91c8f0 .functor XOR 1, L_0x564f4f91c720, L_0x564f4f91c850, C4<0>, C4<0>;
L_0x564f4f91cc70 .functor AND 1, L_0x564f4f91ca90, L_0x564f4f91cbd0, C4<1>, C4<1>;
L_0x564f4f91d060 .functor AND 1, L_0x564f4f91cb30, L_0x564f4f91cf00, C4<1>, C4<1>;
L_0x564f4f91d1c0 .functor OR 1, L_0x564f4f91cd60, L_0x564f4f91d060, C4<0>, C4<0>;
L_0x564f4f91d4e0 .functor AND 1, L_0x564f4f91d2d0, L_0x564f4f91d370, C4<1>, C4<1>;
L_0x564f4f91d150 .functor AND 1, L_0x564f4f91d4e0, L_0x564f4f91d670, C4<1>, C4<1>;
L_0x564f4f91d760 .functor OR 1, L_0x564f4f91d1c0, L_0x564f4f91d150, C4<0>, C4<0>;
L_0x564f4f91db20 .functor XOR 1, L_0x564f4f91d900, L_0x564f4f91da80, C4<0>, C4<0>;
L_0x564f4f91e0f0 .functor XOR 1, L_0x564f4f91deb0, L_0x564f4f91df50, C4<0>, C4<0>;
L_0x564f4f91e8a0 .functor AND 1, L_0x564f4f91e430, L_0x564f4f91e6f0, C4<1>, C4<1>;
L_0x564f4f91ec30 .functor AND 1, L_0x564f4f91ed50, L_0x564f4f91eb90, C4<1>, C4<1>;
L_0x564f4f91f070 .functor OR 1, L_0x564f4f91ecb0, L_0x564f4f91ec30, C4<0>, C4<0>;
L_0x564f4f91f360 .functor AND 1, L_0x564f4f91e250, L_0x564f4f91f2c0, C4<1>, C4<1>;
L_0x564f4f91f720 .functor AND 1, L_0x564f4f91f360, L_0x564f4f91f530, C4<1>, C4<1>;
L_0x564f4f91f830 .functor OR 1, L_0x564f4f91f070, L_0x564f4f91f720, C4<0>, C4<0>;
L_0x564f4f91fcb0 .functor AND 1, L_0x564f4f91fa10, L_0x564f4f91fab0, C4<1>, C4<1>;
L_0x564f4f91fe60 .functor AND 1, L_0x564f4f91fcb0, L_0x564f4f91fdc0, C4<1>, C4<1>;
L_0x564f4f920260 .functor AND 1, L_0x564f4f91fe60, L_0x564f4f920050, C4<1>, C4<1>;
L_0x564f4f920370 .functor OR 1, L_0x564f4f91f830, L_0x564f4f920260, C4<0>, C4<0>;
L_0x564f4f920a10 .functor XOR 1, L_0x564f4f920750, L_0x564f4f920970, C4<0>, C4<0>;
L_0x564f4f921190 .functor AND 1, L_0x564f4f920eb0, L_0x564f4f920f50, C4<1>, C4<1>;
L_0x564f4f9213a0 .functor OR 1, L_0x564f4f920b70, L_0x564f4f921190, C4<0>, C4<0>;
L_0x564f4f9217a0 .functor AND 1, L_0x564f4f9214b0, L_0x564f4f921550, C4<1>, C4<1>;
L_0x564f4f921a60 .functor AND 1, L_0x564f4f9217a0, L_0x564f4f9219c0, C4<1>, C4<1>;
L_0x564f4f921b70 .functor OR 1, L_0x564f4f9213a0, L_0x564f4f921a60, C4<0>, C4<0>;
L_0x564f4f9220a0 .functor AND 1, L_0x564f4f921da0, L_0x564f4f922000, C4<1>, C4<1>;
L_0x564f4f922420 .functor AND 1, L_0x564f4f9220a0, L_0x564f4f9221b0, C4<1>, C4<1>;
L_0x564f4f921d20 .functor AND 1, L_0x564f4f922420, L_0x564f4f921c80, C4<1>, C4<1>;
L_0x564f4f922700 .functor OR 1, L_0x564f4f921b70, L_0x564f4f921d20, C4<0>, C4<0>;
L_0x564f4f922c70 .functor AND 1, L_0x564f4f922950, L_0x564f4f922bd0, C4<1>, C4<1>;
L_0x564f4f923010 .functor AND 1, L_0x564f4f922c70, L_0x564f4f922d80, C4<1>, C4<1>;
L_0x564f4f923310 .functor AND 1, L_0x564f4f923010, L_0x564f4f923270, C4<1>, C4<1>;
L_0x564f4f9236c0 .functor AND 1, L_0x564f4f923310, L_0x564f4f923420, C4<1>, C4<1>;
L_0x564f4f923930 .functor OR 1, L_0x564f4f922700, L_0x564f4f9236c0, C4<0>, C4<0>;
v0x564f4f8ed830_0 .net *"_s100", 0 0, L_0x564f4f91d150;  1 drivers
v0x564f4f90e2d0_0 .net *"_s102", 0 0, L_0x564f4f91d760;  1 drivers
v0x564f4f90e3b0_0 .net *"_s107", 0 0, L_0x564f4f91d900;  1 drivers
v0x564f4f90e470_0 .net *"_s109", 0 0, L_0x564f4f91da80;  1 drivers
v0x564f4f90e550_0 .net *"_s11", 0 0, L_0x564f4f91b390;  1 drivers
v0x564f4f90e680_0 .net *"_s110", 0 0, L_0x564f4f91db20;  1 drivers
v0x564f4f90e760_0 .net *"_s116", 0 0, L_0x564f4f91deb0;  1 drivers
v0x564f4f90e840_0 .net *"_s118", 0 0, L_0x564f4f91df50;  1 drivers
v0x564f4f90e920_0 .net *"_s119", 0 0, L_0x564f4f91e0f0;  1 drivers
v0x564f4f90ea00_0 .net *"_s125", 0 0, L_0x564f4f91e430;  1 drivers
v0x564f4f90eae0_0 .net *"_s127", 0 0, L_0x564f4f91e6f0;  1 drivers
v0x564f4f90ebc0_0 .net *"_s128", 0 0, L_0x564f4f91e8a0;  1 drivers
v0x564f4f90eca0_0 .net *"_s13", 0 0, L_0x564f4f91b480;  1 drivers
v0x564f4f90ed80_0 .net *"_s134", 0 0, L_0x564f4f91ecb0;  1 drivers
v0x564f4f90ee60_0 .net *"_s136", 0 0, L_0x564f4f91ed50;  1 drivers
v0x564f4f90ef40_0 .net *"_s138", 0 0, L_0x564f4f91eb90;  1 drivers
v0x564f4f90f020_0 .net *"_s139", 0 0, L_0x564f4f91ec30;  1 drivers
v0x564f4f90f210_0 .net *"_s14", 0 0, L_0x564f4f91b5a0;  1 drivers
v0x564f4f90f2f0_0 .net *"_s141", 0 0, L_0x564f4f91f070;  1 drivers
v0x564f4f90f3d0_0 .net *"_s144", 0 0, L_0x564f4f91e250;  1 drivers
v0x564f4f90f4b0_0 .net *"_s146", 0 0, L_0x564f4f91f2c0;  1 drivers
v0x564f4f90f590_0 .net *"_s147", 0 0, L_0x564f4f91f360;  1 drivers
v0x564f4f90f670_0 .net *"_s150", 0 0, L_0x564f4f91f530;  1 drivers
v0x564f4f90f750_0 .net *"_s151", 0 0, L_0x564f4f91f720;  1 drivers
v0x564f4f90f830_0 .net *"_s153", 0 0, L_0x564f4f91f830;  1 drivers
v0x564f4f90f910_0 .net *"_s156", 0 0, L_0x564f4f91fa10;  1 drivers
v0x564f4f90f9f0_0 .net *"_s158", 0 0, L_0x564f4f91fab0;  1 drivers
v0x564f4f90fad0_0 .net *"_s159", 0 0, L_0x564f4f91fcb0;  1 drivers
v0x564f4f90fbb0_0 .net *"_s162", 0 0, L_0x564f4f91fdc0;  1 drivers
v0x564f4f90fc90_0 .net *"_s163", 0 0, L_0x564f4f91fe60;  1 drivers
v0x564f4f90fd70_0 .net *"_s166", 0 0, L_0x564f4f920050;  1 drivers
v0x564f4f90fe50_0 .net *"_s167", 0 0, L_0x564f4f920260;  1 drivers
v0x564f4f90ff30_0 .net *"_s169", 0 0, L_0x564f4f920370;  1 drivers
v0x564f4f910010_0 .net *"_s175", 0 0, L_0x564f4f920750;  1 drivers
v0x564f4f9100f0_0 .net *"_s177", 0 0, L_0x564f4f920970;  1 drivers
v0x564f4f9101d0_0 .net *"_s178", 0 0, L_0x564f4f920a10;  1 drivers
v0x564f4f9102b0_0 .net *"_s181", 0 0, L_0x564f4f920b70;  1 drivers
v0x564f4f910390_0 .net *"_s183", 0 0, L_0x564f4f920eb0;  1 drivers
v0x564f4f910470_0 .net *"_s185", 0 0, L_0x564f4f920f50;  1 drivers
v0x564f4f910550_0 .net *"_s186", 0 0, L_0x564f4f921190;  1 drivers
v0x564f4f910630_0 .net *"_s188", 0 0, L_0x564f4f9213a0;  1 drivers
v0x564f4f910710_0 .net *"_s19", 0 0, L_0x564f4f91b6b0;  1 drivers
v0x564f4f9107f0_0 .net *"_s191", 0 0, L_0x564f4f9214b0;  1 drivers
v0x564f4f9108d0_0 .net *"_s193", 0 0, L_0x564f4f921550;  1 drivers
v0x564f4f9109b0_0 .net *"_s194", 0 0, L_0x564f4f9217a0;  1 drivers
v0x564f4f910a90_0 .net *"_s197", 0 0, L_0x564f4f9219c0;  1 drivers
v0x564f4f910b70_0 .net *"_s198", 0 0, L_0x564f4f921a60;  1 drivers
v0x564f4f910c50_0 .net *"_s200", 0 0, L_0x564f4f921b70;  1 drivers
v0x564f4f910d30_0 .net *"_s203", 0 0, L_0x564f4f921da0;  1 drivers
v0x564f4f910e10_0 .net *"_s205", 0 0, L_0x564f4f922000;  1 drivers
v0x564f4f910ef0_0 .net *"_s206", 0 0, L_0x564f4f9220a0;  1 drivers
v0x564f4f910fd0_0 .net *"_s209", 0 0, L_0x564f4f9221b0;  1 drivers
v0x564f4f9110b0_0 .net *"_s210", 0 0, L_0x564f4f922420;  1 drivers
v0x564f4f911190_0 .net *"_s213", 0 0, L_0x564f4f921c80;  1 drivers
v0x564f4f911270_0 .net *"_s214", 0 0, L_0x564f4f921d20;  1 drivers
v0x564f4f911350_0 .net *"_s216", 0 0, L_0x564f4f922700;  1 drivers
v0x564f4f911430_0 .net *"_s219", 0 0, L_0x564f4f922950;  1 drivers
v0x564f4f911510_0 .net *"_s221", 0 0, L_0x564f4f922bd0;  1 drivers
v0x564f4f9115f0_0 .net *"_s222", 0 0, L_0x564f4f922c70;  1 drivers
v0x564f4f9116d0_0 .net *"_s225", 0 0, L_0x564f4f922d80;  1 drivers
v0x564f4f9117b0_0 .net *"_s226", 0 0, L_0x564f4f923010;  1 drivers
v0x564f4f911890_0 .net *"_s229", 0 0, L_0x564f4f923270;  1 drivers
v0x564f4f911970_0 .net *"_s23", 0 0, L_0x564f4f91b770;  1 drivers
v0x564f4f911a50_0 .net *"_s230", 0 0, L_0x564f4f923310;  1 drivers
v0x564f4f911b30_0 .net *"_s233", 0 0, L_0x564f4f923420;  1 drivers
v0x564f4f912020_0 .net *"_s234", 0 0, L_0x564f4f9236c0;  1 drivers
v0x564f4f912100_0 .net *"_s25", 0 0, L_0x564f4f91b810;  1 drivers
v0x564f4f9121e0_0 .net *"_s26", 0 0, L_0x564f4f91b920;  1 drivers
v0x564f4f9122c0_0 .net *"_s3", 0 0, L_0x564f4f91b080;  1 drivers
v0x564f4f9123a0_0 .net *"_s31", 0 0, L_0x564f4f91ba60;  1 drivers
v0x564f4f912480_0 .net *"_s33", 0 0, L_0x564f4f91bb00;  1 drivers
v0x564f4f912560_0 .net *"_s34", 0 0, L_0x564f4f91bbf0;  1 drivers
v0x564f4f912640_0 .net *"_s39", 0 0, L_0x564f4f91bd30;  1 drivers
v0x564f4f912720_0 .net *"_s41", 0 0, L_0x564f4f91bdd0;  1 drivers
v0x564f4f912800_0 .net *"_s42", 0 0, L_0x564f4f91bed0;  1 drivers
v0x564f4f9128e0_0 .net *"_s47", 0 0, L_0x564f4f91bfb0;  1 drivers
v0x564f4f9129c0_0 .net *"_s49", 0 0, L_0x564f4f91c050;  1 drivers
v0x564f4f912aa0_0 .net *"_s5", 0 0, L_0x564f4f91b150;  1 drivers
v0x564f4f912b80_0 .net *"_s51", 0 0, L_0x564f4f91c160;  1 drivers
v0x564f4f912c60_0 .net *"_s52", 0 0, L_0x564f4f91c250;  1 drivers
v0x564f4f912d40_0 .net *"_s54", 0 0, L_0x564f4f91c360;  1 drivers
v0x564f4f912e20_0 .net *"_s59", 0 0, L_0x564f4f91c4c0;  1 drivers
v0x564f4f912f00_0 .net *"_s6", 0 0, L_0x564f4f91b250;  1 drivers
v0x564f4f912fe0_0 .net *"_s61", 0 0, L_0x564f4f91c5e0;  1 drivers
v0x564f4f9130c0_0 .net *"_s62", 0 0, L_0x564f4f91c0f0;  1 drivers
v0x564f4f9131a0_0 .net *"_s67", 0 0, L_0x564f4f91c720;  1 drivers
v0x564f4f913280_0 .net *"_s69", 0 0, L_0x564f4f91c850;  1 drivers
v0x564f4f913360_0 .net *"_s70", 0 0, L_0x564f4f91c8f0;  1 drivers
v0x564f4f913440_0 .net *"_s75", 0 0, L_0x564f4f91ca90;  1 drivers
v0x564f4f913520_0 .net *"_s77", 0 0, L_0x564f4f91cbd0;  1 drivers
v0x564f4f913600_0 .net *"_s78", 0 0, L_0x564f4f91cc70;  1 drivers
v0x564f4f9136e0_0 .net *"_s83", 0 0, L_0x564f4f91cd60;  1 drivers
v0x564f4f9137c0_0 .net *"_s85", 0 0, L_0x564f4f91cb30;  1 drivers
v0x564f4f9138a0_0 .net *"_s87", 0 0, L_0x564f4f91cf00;  1 drivers
v0x564f4f913980_0 .net *"_s88", 0 0, L_0x564f4f91d060;  1 drivers
v0x564f4f913a60_0 .net *"_s90", 0 0, L_0x564f4f91d1c0;  1 drivers
v0x564f4f913b40_0 .net *"_s93", 0 0, L_0x564f4f91d2d0;  1 drivers
v0x564f4f913c20_0 .net *"_s95", 0 0, L_0x564f4f91d370;  1 drivers
v0x564f4f913d00_0 .net *"_s96", 0 0, L_0x564f4f91d4e0;  1 drivers
v0x564f4f913de0_0 .net *"_s99", 0 0, L_0x564f4f91d670;  1 drivers
v0x564f4f913ec0_0 .net "a", 3 0, L_0x564f4f923a40;  1 drivers
v0x564f4f913fa0_0 .net "b", 3 0, L_0x564f4f923ae0;  1 drivers
v0x564f4f914080_0 .net "c", 3 0, L_0x564f4f91ea00;  1 drivers
v0x564f4f914160_0 .net "cin", 0 0, o0x7f5a17f54368;  alias, 0 drivers
v0x564f4f914220_0 .net "co", 0 0, L_0x564f4f923930;  alias, 1 drivers
v0x564f4f9142e0_0 .net "g", 3 0, L_0x564f4f91e2f0;  1 drivers
v0x564f4f9143c0_0 .net "p", 3 0, L_0x564f4f91dc30;  1 drivers
v0x564f4f9144a0_0 .net "s", 3 0, L_0x564f4f9205c0;  1 drivers
L_0x564f4f91b080 .part L_0x564f4f923a40, 0, 1;
L_0x564f4f91b150 .part L_0x564f4f923ae0, 0, 1;
L_0x564f4f91b390 .part L_0x564f4f923a40, 0, 1;
L_0x564f4f91b480 .part L_0x564f4f923ae0, 0, 1;
L_0x564f4f91b770 .part L_0x564f4f91dc30, 0, 1;
L_0x564f4f91b810 .part L_0x564f4f91ea00, 0, 1;
L_0x564f4f91ba60 .part L_0x564f4f923a40, 1, 1;
L_0x564f4f91bb00 .part L_0x564f4f923ae0, 1, 1;
L_0x564f4f91bd30 .part L_0x564f4f923a40, 1, 1;
L_0x564f4f91bdd0 .part L_0x564f4f923ae0, 1, 1;
L_0x564f4f91bfb0 .part L_0x564f4f91e2f0, 0, 1;
L_0x564f4f91c050 .part L_0x564f4f91dc30, 0, 1;
L_0x564f4f91c160 .part L_0x564f4f91ea00, 0, 1;
L_0x564f4f91c4c0 .part L_0x564f4f91dc30, 1, 1;
L_0x564f4f91c5e0 .part L_0x564f4f91ea00, 1, 1;
L_0x564f4f91c720 .part L_0x564f4f923a40, 2, 1;
L_0x564f4f91c850 .part L_0x564f4f923ae0, 2, 1;
L_0x564f4f91ca90 .part L_0x564f4f923a40, 2, 1;
L_0x564f4f91cbd0 .part L_0x564f4f923ae0, 2, 1;
L_0x564f4f91cd60 .part L_0x564f4f91e2f0, 1, 1;
L_0x564f4f91cb30 .part L_0x564f4f91dc30, 1, 1;
L_0x564f4f91cf00 .part L_0x564f4f91e2f0, 0, 1;
L_0x564f4f91d2d0 .part L_0x564f4f91dc30, 1, 1;
L_0x564f4f91d370 .part L_0x564f4f91dc30, 0, 1;
L_0x564f4f91d670 .part L_0x564f4f91ea00, 0, 1;
L_0x564f4f91d900 .part L_0x564f4f91dc30, 2, 1;
L_0x564f4f91da80 .part L_0x564f4f91ea00, 2, 1;
L_0x564f4f91dc30 .concat8 [ 1 1 1 1], L_0x564f4f91b250, L_0x564f4f91bbf0, L_0x564f4f91c8f0, L_0x564f4f91e0f0;
L_0x564f4f91deb0 .part L_0x564f4f923a40, 3, 1;
L_0x564f4f91df50 .part L_0x564f4f923ae0, 3, 1;
L_0x564f4f91e2f0 .concat8 [ 1 1 1 1], L_0x564f4f91b5a0, L_0x564f4f91bed0, L_0x564f4f91cc70, L_0x564f4f91e8a0;
L_0x564f4f91e430 .part L_0x564f4f923a40, 3, 1;
L_0x564f4f91e6f0 .part L_0x564f4f923ae0, 3, 1;
L_0x564f4f91ea00 .concat8 [ 1 1 1 1], L_0x564f4f91b6b0, L_0x564f4f91c360, L_0x564f4f91d760, L_0x564f4f920370;
L_0x564f4f91ecb0 .part L_0x564f4f91e2f0, 2, 1;
L_0x564f4f91ed50 .part L_0x564f4f91dc30, 2, 1;
L_0x564f4f91eb90 .part L_0x564f4f91e2f0, 1, 1;
L_0x564f4f91e250 .part L_0x564f4f91dc30, 2, 1;
L_0x564f4f91f2c0 .part L_0x564f4f91dc30, 1, 1;
L_0x564f4f91f530 .part L_0x564f4f91e2f0, 0, 1;
L_0x564f4f91fa10 .part L_0x564f4f91dc30, 2, 1;
L_0x564f4f91fab0 .part L_0x564f4f91dc30, 1, 1;
L_0x564f4f91fdc0 .part L_0x564f4f91dc30, 0, 1;
L_0x564f4f920050 .part L_0x564f4f91ea00, 0, 1;
L_0x564f4f9205c0 .concat8 [ 1 1 1 1], L_0x564f4f91b920, L_0x564f4f91c0f0, L_0x564f4f91db20, L_0x564f4f920a10;
L_0x564f4f920750 .part L_0x564f4f91dc30, 3, 1;
L_0x564f4f920970 .part L_0x564f4f91ea00, 3, 1;
L_0x564f4f920b70 .part L_0x564f4f91e2f0, 3, 1;
L_0x564f4f920eb0 .part L_0x564f4f91dc30, 3, 1;
L_0x564f4f920f50 .part L_0x564f4f91e2f0, 2, 1;
L_0x564f4f9214b0 .part L_0x564f4f91dc30, 3, 1;
L_0x564f4f921550 .part L_0x564f4f91dc30, 2, 1;
L_0x564f4f9219c0 .part L_0x564f4f91e2f0, 1, 1;
L_0x564f4f921da0 .part L_0x564f4f91dc30, 3, 1;
L_0x564f4f922000 .part L_0x564f4f91dc30, 2, 1;
L_0x564f4f9221b0 .part L_0x564f4f91dc30, 1, 1;
L_0x564f4f921c80 .part L_0x564f4f91e2f0, 0, 1;
L_0x564f4f922950 .part L_0x564f4f91dc30, 3, 1;
L_0x564f4f922bd0 .part L_0x564f4f91dc30, 2, 1;
L_0x564f4f922d80 .part L_0x564f4f91dc30, 1, 1;
L_0x564f4f923270 .part L_0x564f4f91dc30, 0, 1;
L_0x564f4f923420 .part L_0x564f4f91ea00, 0, 1;
S_0x564f4f914620 .scope module, "i2" "cla4" 2 30, 2 1 0, S_0x564f4f8ee790;
 .timescale 0 0;
    .port_info 0 /OUTPUT 4 "s"
    .port_info 1 /OUTPUT 1 "co"
    .port_info 2 /INPUT 4 "a"
    .port_info 3 /INPUT 4 "b"
    .port_info 4 /INPUT 1 "cin"
L_0x564f4f923cc0 .functor XOR 1, L_0x564f4f923b80, L_0x564f4f923c20, C4<0>, C4<0>;
L_0x564f4f923fb0 .functor AND 1, L_0x564f4f923dd0, L_0x564f4f923ec0, C4<1>, C4<1>;
L_0x564f4f9240c0 .functor BUFZ 1, L_0x564f4f923930, C4<0>, C4<0>, C4<0>;
L_0x564f4f9242a0 .functor XOR 1, L_0x564f4f924130, L_0x564f4f9241d0, C4<0>, C4<0>;
L_0x564f4f924520 .functor XOR 1, L_0x564f4f924390, L_0x564f4f924430, C4<0>, C4<0>;
L_0x564f4f924800 .functor AND 1, L_0x564f4f924660, L_0x564f4f924700, C4<1>, C4<1>;
L_0x564f4f924b40 .functor AND 1, L_0x564f4f924940, L_0x564f4f924a50, C4<1>, C4<1>;
L_0x564f4f924c50 .functor OR 1, L_0x564f4f9248a0, L_0x564f4f924b40, C4<0>, C4<0>;
L_0x564f4f9249e0 .functor XOR 1, L_0x564f4f924db0, L_0x564f4f924ed0, C4<0>, C4<0>;
L_0x564f4f9251e0 .functor XOR 1, L_0x564f4f925010, L_0x564f4f925140, C4<0>, C4<0>;
L_0x564f4f925560 .functor AND 1, L_0x564f4f925380, L_0x564f4f9254c0, C4<1>, C4<1>;
L_0x564f4f925950 .functor AND 1, L_0x564f4f925420, L_0x564f4f9257f0, C4<1>, C4<1>;
L_0x564f4f925ab0 .functor OR 1, L_0x564f4f925650, L_0x564f4f925950, C4<0>, C4<0>;
L_0x564f4f925dd0 .functor AND 1, L_0x564f4f925bc0, L_0x564f4f925c60, C4<1>, C4<1>;
L_0x564f4f925a40 .functor AND 1, L_0x564f4f925dd0, L_0x564f4f925f60, C4<1>, C4<1>;
L_0x564f4f926050 .functor OR 1, L_0x564f4f925ab0, L_0x564f4f925a40, C4<0>, C4<0>;
L_0x564f4f926410 .functor XOR 1, L_0x564f4f9261f0, L_0x564f4f926370, C4<0>, C4<0>;
L_0x564f4f9269e0 .functor XOR 1, L_0x564f4f9267a0, L_0x564f4f926840, C4<0>, C4<0>;
L_0x564f4f927080 .functor AND 1, L_0x564f4f926d20, L_0x564f4f926ed0, C4<1>, C4<1>;
L_0x564f4f927410 .functor AND 1, L_0x564f4f927530, L_0x564f4f927370, C4<1>, C4<1>;
L_0x564f4f927850 .functor OR 1, L_0x564f4f927490, L_0x564f4f927410, C4<0>, C4<0>;
L_0x564f4f927b40 .functor AND 1, L_0x564f4f926b40, L_0x564f4f927aa0, C4<1>, C4<1>;
L_0x564f4f927f00 .functor AND 1, L_0x564f4f927b40, L_0x564f4f927d10, C4<1>, C4<1>;
L_0x564f4f928010 .functor OR 1, L_0x564f4f927850, L_0x564f4f927f00, C4<0>, C4<0>;
L_0x564f4f928490 .functor AND 1, L_0x564f4f9281f0, L_0x564f4f928290, C4<1>, C4<1>;
L_0x564f4f928640 .functor AND 1, L_0x564f4f928490, L_0x564f4f9285a0, C4<1>, C4<1>;
L_0x564f4f928a40 .functor AND 1, L_0x564f4f928640, L_0x564f4f928830, C4<1>, C4<1>;
L_0x564f4f928b50 .functor OR 1, L_0x564f4f928010, L_0x564f4f928a40, C4<0>, C4<0>;
L_0x564f4f9291f0 .functor XOR 1, L_0x564f4f928f30, L_0x564f4f929150, C4<0>, C4<0>;
L_0x564f4f929b80 .functor AND 1, L_0x564f4f929690, L_0x564f4f929940, C4<1>, C4<1>;
L_0x564f4f929d90 .functor OR 1, L_0x564f4f929350, L_0x564f4f929b80, C4<0>, C4<0>;
L_0x564f4f92a190 .functor AND 1, L_0x564f4f929ea0, L_0x564f4f929f40, C4<1>, C4<1>;
L_0x564f4f92a450 .functor AND 1, L_0x564f4f92a190, L_0x564f4f92a3b0, C4<1>, C4<1>;
L_0x564f4f92a560 .functor OR 1, L_0x564f4f929d90, L_0x564f4f92a450, C4<0>, C4<0>;
L_0x564f4f92aa90 .functor AND 1, L_0x564f4f92a790, L_0x564f4f92a9f0, C4<1>, C4<1>;
L_0x564f4f92ae10 .functor AND 1, L_0x564f4f92aa90, L_0x564f4f92aba0, C4<1>, C4<1>;
L_0x564f4f92a710 .functor AND 1, L_0x564f4f92ae10, L_0x564f4f92a670, C4<1>, C4<1>;
L_0x564f4f92b0f0 .functor OR 1, L_0x564f4f92a560, L_0x564f4f92a710, C4<0>, C4<0>;
L_0x564f4f92b660 .functor AND 1, L_0x564f4f92b340, L_0x564f4f92b5c0, C4<1>, C4<1>;
L_0x564f4f92ba00 .functor AND 1, L_0x564f4f92b660, L_0x564f4f92b770, C4<1>, C4<1>;
L_0x564f4f92bd00 .functor AND 1, L_0x564f4f92ba00, L_0x564f4f92bc60, C4<1>, C4<1>;
L_0x564f4f92c0b0 .functor AND 1, L_0x564f4f92bd00, L_0x564f4f92be10, C4<1>, C4<1>;
L_0x564f4f92c320 .functor OR 1, L_0x564f4f92b0f0, L_0x564f4f92c0b0, C4<0>, C4<0>;
v0x564f4f914840_0 .net *"_s100", 0 0, L_0x564f4f925a40;  1 drivers
v0x564f4f914920_0 .net *"_s102", 0 0, L_0x564f4f926050;  1 drivers
v0x564f4f914a00_0 .net *"_s107", 0 0, L_0x564f4f9261f0;  1 drivers
v0x564f4f914ac0_0 .net *"_s109", 0 0, L_0x564f4f926370;  1 drivers
v0x564f4f914ba0_0 .net *"_s11", 0 0, L_0x564f4f923dd0;  1 drivers
v0x564f4f914cd0_0 .net *"_s110", 0 0, L_0x564f4f926410;  1 drivers
v0x564f4f914db0_0 .net *"_s116", 0 0, L_0x564f4f9267a0;  1 drivers
v0x564f4f914e90_0 .net *"_s118", 0 0, L_0x564f4f926840;  1 drivers
v0x564f4f914f70_0 .net *"_s119", 0 0, L_0x564f4f9269e0;  1 drivers
v0x564f4f915050_0 .net *"_s125", 0 0, L_0x564f4f926d20;  1 drivers
v0x564f4f915130_0 .net *"_s127", 0 0, L_0x564f4f926ed0;  1 drivers
v0x564f4f915210_0 .net *"_s128", 0 0, L_0x564f4f927080;  1 drivers
v0x564f4f9152f0_0 .net *"_s13", 0 0, L_0x564f4f923ec0;  1 drivers
v0x564f4f9153d0_0 .net *"_s134", 0 0, L_0x564f4f927490;  1 drivers
v0x564f4f9154b0_0 .net *"_s136", 0 0, L_0x564f4f927530;  1 drivers
v0x564f4f915590_0 .net *"_s138", 0 0, L_0x564f4f927370;  1 drivers
v0x564f4f915670_0 .net *"_s139", 0 0, L_0x564f4f927410;  1 drivers
v0x564f4f915750_0 .net *"_s14", 0 0, L_0x564f4f923fb0;  1 drivers
v0x564f4f915830_0 .net *"_s141", 0 0, L_0x564f4f927850;  1 drivers
v0x564f4f915910_0 .net *"_s144", 0 0, L_0x564f4f926b40;  1 drivers
v0x564f4f9159f0_0 .net *"_s146", 0 0, L_0x564f4f927aa0;  1 drivers
v0x564f4f915ad0_0 .net *"_s147", 0 0, L_0x564f4f927b40;  1 drivers
v0x564f4f915bb0_0 .net *"_s150", 0 0, L_0x564f4f927d10;  1 drivers
v0x564f4f915c90_0 .net *"_s151", 0 0, L_0x564f4f927f00;  1 drivers
v0x564f4f915d70_0 .net *"_s153", 0 0, L_0x564f4f928010;  1 drivers
v0x564f4f915e50_0 .net *"_s156", 0 0, L_0x564f4f9281f0;  1 drivers
v0x564f4f915f30_0 .net *"_s158", 0 0, L_0x564f4f928290;  1 drivers
v0x564f4f916010_0 .net *"_s159", 0 0, L_0x564f4f928490;  1 drivers
v0x564f4f9160f0_0 .net *"_s162", 0 0, L_0x564f4f9285a0;  1 drivers
v0x564f4f9161d0_0 .net *"_s163", 0 0, L_0x564f4f928640;  1 drivers
v0x564f4f9162b0_0 .net *"_s166", 0 0, L_0x564f4f928830;  1 drivers
v0x564f4f916390_0 .net *"_s167", 0 0, L_0x564f4f928a40;  1 drivers
v0x564f4f916470_0 .net *"_s169", 0 0, L_0x564f4f928b50;  1 drivers
v0x564f4f916550_0 .net *"_s175", 0 0, L_0x564f4f928f30;  1 drivers
v0x564f4f916630_0 .net *"_s177", 0 0, L_0x564f4f929150;  1 drivers
v0x564f4f916710_0 .net *"_s178", 0 0, L_0x564f4f9291f0;  1 drivers
v0x564f4f9167f0_0 .net *"_s181", 0 0, L_0x564f4f929350;  1 drivers
v0x564f4f9168d0_0 .net *"_s183", 0 0, L_0x564f4f929690;  1 drivers
v0x564f4f9169b0_0 .net *"_s185", 0 0, L_0x564f4f929940;  1 drivers
v0x564f4f916a90_0 .net *"_s186", 0 0, L_0x564f4f929b80;  1 drivers
v0x564f4f916b70_0 .net *"_s188", 0 0, L_0x564f4f929d90;  1 drivers
v0x564f4f916c50_0 .net *"_s19", 0 0, L_0x564f4f9240c0;  1 drivers
v0x564f4f916d30_0 .net *"_s191", 0 0, L_0x564f4f929ea0;  1 drivers
v0x564f4f916e10_0 .net *"_s193", 0 0, L_0x564f4f929f40;  1 drivers
v0x564f4f916ef0_0 .net *"_s194", 0 0, L_0x564f4f92a190;  1 drivers
v0x564f4f916fd0_0 .net *"_s197", 0 0, L_0x564f4f92a3b0;  1 drivers
v0x564f4f9170b0_0 .net *"_s198", 0 0, L_0x564f4f92a450;  1 drivers
v0x564f4f917190_0 .net *"_s200", 0 0, L_0x564f4f92a560;  1 drivers
v0x564f4f917270_0 .net *"_s203", 0 0, L_0x564f4f92a790;  1 drivers
v0x564f4f917350_0 .net *"_s205", 0 0, L_0x564f4f92a9f0;  1 drivers
v0x564f4f917430_0 .net *"_s206", 0 0, L_0x564f4f92aa90;  1 drivers
v0x564f4f917510_0 .net *"_s209", 0 0, L_0x564f4f92aba0;  1 drivers
v0x564f4f9175f0_0 .net *"_s210", 0 0, L_0x564f4f92ae10;  1 drivers
v0x564f4f9176d0_0 .net *"_s213", 0 0, L_0x564f4f92a670;  1 drivers
v0x564f4f9177b0_0 .net *"_s214", 0 0, L_0x564f4f92a710;  1 drivers
v0x564f4f917890_0 .net *"_s216", 0 0, L_0x564f4f92b0f0;  1 drivers
v0x564f4f917970_0 .net *"_s219", 0 0, L_0x564f4f92b340;  1 drivers
v0x564f4f917a50_0 .net *"_s221", 0 0, L_0x564f4f92b5c0;  1 drivers
v0x564f4f917b30_0 .net *"_s222", 0 0, L_0x564f4f92b660;  1 drivers
v0x564f4f917c10_0 .net *"_s225", 0 0, L_0x564f4f92b770;  1 drivers
v0x564f4f917cf0_0 .net *"_s226", 0 0, L_0x564f4f92ba00;  1 drivers
v0x564f4f917dd0_0 .net *"_s229", 0 0, L_0x564f4f92bc60;  1 drivers
v0x564f4f917eb0_0 .net *"_s23", 0 0, L_0x564f4f924130;  1 drivers
v0x564f4f917f90_0 .net *"_s230", 0 0, L_0x564f4f92bd00;  1 drivers
v0x564f4f918070_0 .net *"_s233", 0 0, L_0x564f4f92be10;  1 drivers
v0x564f4f918560_0 .net *"_s234", 0 0, L_0x564f4f92c0b0;  1 drivers
v0x564f4f918640_0 .net *"_s25", 0 0, L_0x564f4f9241d0;  1 drivers
v0x564f4f918720_0 .net *"_s26", 0 0, L_0x564f4f9242a0;  1 drivers
v0x564f4f918800_0 .net *"_s3", 0 0, L_0x564f4f923b80;  1 drivers
v0x564f4f9188e0_0 .net *"_s31", 0 0, L_0x564f4f924390;  1 drivers
v0x564f4f9189c0_0 .net *"_s33", 0 0, L_0x564f4f924430;  1 drivers
v0x564f4f918aa0_0 .net *"_s34", 0 0, L_0x564f4f924520;  1 drivers
v0x564f4f918b80_0 .net *"_s39", 0 0, L_0x564f4f924660;  1 drivers
v0x564f4f918c60_0 .net *"_s41", 0 0, L_0x564f4f924700;  1 drivers
v0x564f4f918d40_0 .net *"_s42", 0 0, L_0x564f4f924800;  1 drivers
v0x564f4f918e20_0 .net *"_s47", 0 0, L_0x564f4f9248a0;  1 drivers
v0x564f4f918f00_0 .net *"_s49", 0 0, L_0x564f4f924940;  1 drivers
v0x564f4f918fe0_0 .net *"_s5", 0 0, L_0x564f4f923c20;  1 drivers
v0x564f4f9190c0_0 .net *"_s51", 0 0, L_0x564f4f924a50;  1 drivers
v0x564f4f9191a0_0 .net *"_s52", 0 0, L_0x564f4f924b40;  1 drivers
v0x564f4f919280_0 .net *"_s54", 0 0, L_0x564f4f924c50;  1 drivers
v0x564f4f919360_0 .net *"_s59", 0 0, L_0x564f4f924db0;  1 drivers
v0x564f4f919440_0 .net *"_s6", 0 0, L_0x564f4f923cc0;  1 drivers
v0x564f4f919520_0 .net *"_s61", 0 0, L_0x564f4f924ed0;  1 drivers
v0x564f4f919600_0 .net *"_s62", 0 0, L_0x564f4f9249e0;  1 drivers
v0x564f4f9196e0_0 .net *"_s67", 0 0, L_0x564f4f925010;  1 drivers
v0x564f4f9197c0_0 .net *"_s69", 0 0, L_0x564f4f925140;  1 drivers
v0x564f4f9198a0_0 .net *"_s70", 0 0, L_0x564f4f9251e0;  1 drivers
v0x564f4f919980_0 .net *"_s75", 0 0, L_0x564f4f925380;  1 drivers
v0x564f4f919a60_0 .net *"_s77", 0 0, L_0x564f4f9254c0;  1 drivers
v0x564f4f919b40_0 .net *"_s78", 0 0, L_0x564f4f925560;  1 drivers
v0x564f4f919c20_0 .net *"_s83", 0 0, L_0x564f4f925650;  1 drivers
v0x564f4f919d00_0 .net *"_s85", 0 0, L_0x564f4f925420;  1 drivers
v0x564f4f919de0_0 .net *"_s87", 0 0, L_0x564f4f9257f0;  1 drivers
v0x564f4f919ec0_0 .net *"_s88", 0 0, L_0x564f4f925950;  1 drivers
v0x564f4f919fa0_0 .net *"_s90", 0 0, L_0x564f4f925ab0;  1 drivers
v0x564f4f91a080_0 .net *"_s93", 0 0, L_0x564f4f925bc0;  1 drivers
v0x564f4f91a160_0 .net *"_s95", 0 0, L_0x564f4f925c60;  1 drivers
v0x564f4f91a240_0 .net *"_s96", 0 0, L_0x564f4f925dd0;  1 drivers
v0x564f4f91a320_0 .net *"_s99", 0 0, L_0x564f4f925f60;  1 drivers
v0x564f4f91a400_0 .net "a", 3 0, L_0x564f4f92c5c0;  1 drivers
v0x564f4f91a4e0_0 .net "b", 3 0, L_0x564f4f92c6b0;  1 drivers
v0x564f4f91a5c0_0 .net "c", 3 0, L_0x564f4f9271e0;  1 drivers
v0x564f4f91a6a0_0 .net "cin", 0 0, L_0x564f4f923930;  alias, 1 drivers
v0x564f4f91a740_0 .net "co", 0 0, L_0x564f4f92c320;  alias, 1 drivers
v0x564f4f91a7e0_0 .net "g", 3 0, L_0x564f4f926be0;  1 drivers
v0x564f4f91a8c0_0 .net "p", 3 0, L_0x564f4f926520;  1 drivers
v0x564f4f91a9a0_0 .net "s", 3 0, L_0x564f4f928da0;  1 drivers
L_0x564f4f923b80 .part L_0x564f4f92c5c0, 0, 1;
L_0x564f4f923c20 .part L_0x564f4f92c6b0, 0, 1;
L_0x564f4f923dd0 .part L_0x564f4f92c5c0, 0, 1;
L_0x564f4f923ec0 .part L_0x564f4f92c6b0, 0, 1;
L_0x564f4f924130 .part L_0x564f4f926520, 0, 1;
L_0x564f4f9241d0 .part L_0x564f4f9271e0, 0, 1;
L_0x564f4f924390 .part L_0x564f4f92c5c0, 1, 1;
L_0x564f4f924430 .part L_0x564f4f92c6b0, 1, 1;
L_0x564f4f924660 .part L_0x564f4f92c5c0, 1, 1;
L_0x564f4f924700 .part L_0x564f4f92c6b0, 1, 1;
L_0x564f4f9248a0 .part L_0x564f4f926be0, 0, 1;
L_0x564f4f924940 .part L_0x564f4f926520, 0, 1;
L_0x564f4f924a50 .part L_0x564f4f9271e0, 0, 1;
L_0x564f4f924db0 .part L_0x564f4f926520, 1, 1;
L_0x564f4f924ed0 .part L_0x564f4f9271e0, 1, 1;
L_0x564f4f925010 .part L_0x564f4f92c5c0, 2, 1;
L_0x564f4f925140 .part L_0x564f4f92c6b0, 2, 1;
L_0x564f4f925380 .part L_0x564f4f92c5c0, 2, 1;
L_0x564f4f9254c0 .part L_0x564f4f92c6b0, 2, 1;
L_0x564f4f925650 .part L_0x564f4f926be0, 1, 1;
L_0x564f4f925420 .part L_0x564f4f926520, 1, 1;
L_0x564f4f9257f0 .part L_0x564f4f926be0, 0, 1;
L_0x564f4f925bc0 .part L_0x564f4f926520, 1, 1;
L_0x564f4f925c60 .part L_0x564f4f926520, 0, 1;
L_0x564f4f925f60 .part L_0x564f4f9271e0, 0, 1;
L_0x564f4f9261f0 .part L_0x564f4f926520, 2, 1;
L_0x564f4f926370 .part L_0x564f4f9271e0, 2, 1;
L_0x564f4f926520 .concat8 [ 1 1 1 1], L_0x564f4f923cc0, L_0x564f4f924520, L_0x564f4f9251e0, L_0x564f4f9269e0;
L_0x564f4f9267a0 .part L_0x564f4f92c5c0, 3, 1;
L_0x564f4f926840 .part L_0x564f4f92c6b0, 3, 1;
L_0x564f4f926be0 .concat8 [ 1 1 1 1], L_0x564f4f923fb0, L_0x564f4f924800, L_0x564f4f925560, L_0x564f4f927080;
L_0x564f4f926d20 .part L_0x564f4f92c5c0, 3, 1;
L_0x564f4f926ed0 .part L_0x564f4f92c6b0, 3, 1;
L_0x564f4f9271e0 .concat8 [ 1 1 1 1], L_0x564f4f9240c0, L_0x564f4f924c50, L_0x564f4f926050, L_0x564f4f928b50;
L_0x564f4f927490 .part L_0x564f4f926be0, 2, 1;
L_0x564f4f927530 .part L_0x564f4f926520, 2, 1;
L_0x564f4f927370 .part L_0x564f4f926be0, 1, 1;
L_0x564f4f926b40 .part L_0x564f4f926520, 2, 1;
L_0x564f4f927aa0 .part L_0x564f4f926520, 1, 1;
L_0x564f4f927d10 .part L_0x564f4f926be0, 0, 1;
L_0x564f4f9281f0 .part L_0x564f4f926520, 2, 1;
L_0x564f4f928290 .part L_0x564f4f926520, 1, 1;
L_0x564f4f9285a0 .part L_0x564f4f926520, 0, 1;
L_0x564f4f928830 .part L_0x564f4f9271e0, 0, 1;
L_0x564f4f928da0 .concat8 [ 1 1 1 1], L_0x564f4f9242a0, L_0x564f4f9249e0, L_0x564f4f926410, L_0x564f4f9291f0;
L_0x564f4f928f30 .part L_0x564f4f926520, 3, 1;
L_0x564f4f929150 .part L_0x564f4f9271e0, 3, 1;
L_0x564f4f929350 .part L_0x564f4f926be0, 3, 1;
L_0x564f4f929690 .part L_0x564f4f926520, 3, 1;
L_0x564f4f929940 .part L_0x564f4f926be0, 2, 1;
L_0x564f4f929ea0 .part L_0x564f4f926520, 3, 1;
L_0x564f4f929f40 .part L_0x564f4f926520, 2, 1;
L_0x564f4f92a3b0 .part L_0x564f4f926be0, 1, 1;
L_0x564f4f92a790 .part L_0x564f4f926520, 3, 1;
L_0x564f4f92a9f0 .part L_0x564f4f926520, 2, 1;
L_0x564f4f92aba0 .part L_0x564f4f926520, 1, 1;
L_0x564f4f92a670 .part L_0x564f4f926be0, 0, 1;
L_0x564f4f92b340 .part L_0x564f4f926520, 3, 1;
L_0x564f4f92b5c0 .part L_0x564f4f926520, 2, 1;
L_0x564f4f92b770 .part L_0x564f4f926520, 1, 1;
L_0x564f4f92bc60 .part L_0x564f4f926520, 0, 1;
L_0x564f4f92be10 .part L_0x564f4f9271e0, 0, 1;
# The file index is used to find the file name in the following table.
:file_names 3;
    "N/A";
    "<interactive>";
    "cla.v";
