#! /usr/bin/vvp
:ivl_version "10.1 (stable)";
:ivl_delay_selection "TYPICAL";
:vpi_time_precision + 0;
:vpi_module "system";
:vpi_module "vhdl_sys";
:vpi_module "v2005_math";
:vpi_module "va_math";
S_0x5653f42c1660 .scope module, "logicalunit" "logicalunit" 2 2;
 .timescale 0 0;
    .port_info 0 /INPUT 16 "A"
    .port_info 1 /INPUT 16 "B"
    .port_info 2 /INPUT 3 "sel"
    .port_info 3 /OUTPUT 16 "fout"
L_0x5653f43086a0 .functor AND 1, L_0x5653f4308530, L_0x5653f4308600, C4<1>, C4<1>;
L_0x5653f4308920 .functor OR 1, L_0x5653f43087b0, L_0x5653f4308850, C4<0>, C4<0>;
L_0x5653f4308d00 .functor XOR 1, L_0x5653f4308a60, L_0x5653f4308b90, C4<0>, C4<0>;
L_0x5653f4308e10 .functor NOT 1, L_0x5653f4308d70, C4<0>, C4<0>, C4<0>;
L_0x5653f4309050 .functor NOT 1, L_0x5653f4308f30, C4<0>, C4<0>, C4<0>;
L_0x5653f4309210 .functor NOT 1, L_0x5653f4309140, C4<0>, C4<0>, C4<0>;
L_0x5653f4309440 .functor NOT 1, L_0x5653f4309340, C4<0>, C4<0>, C4<0>;
L_0x5653f4309690 .functor AND 1, L_0x5653f43094b0, L_0x5653f4309550, C4<1>, C4<1>;
L_0x5653f4309620 .functor OR 1, L_0x5653f4309820, L_0x5653f43098c0, C4<0>, C4<0>;
L_0x5653f4309c80 .functor XOR 1, L_0x5653f4309ab0, L_0x5653f4309b50, C4<0>, C4<0>;
L_0x5653f4309ec0 .functor NOT 1, L_0x5653f4309e20, C4<0>, C4<0>, C4<0>;
L_0x5653f430a110 .functor NOT 1, L_0x5653f4309f80, C4<0>, C4<0>, C4<0>;
L_0x5653f430a330 .functor NOT 1, L_0x5653f430a240, C4<0>, C4<0>, C4<0>;
L_0x5653f430a540 .functor NOT 1, L_0x5653f430a3f0, C4<0>, C4<0>, C4<0>;
L_0x5653f430a1d0 .functor AND 1, L_0x5653f430a070, L_0x5653f430a680, C4<1>, C4<1>;
L_0x5653f430ac00 .functor OR 1, L_0x5653f430a9f0, L_0x5653f430aa90, C4<0>, C4<0>;
L_0x5653f430aff0 .functor XOR 1, L_0x5653f430add0, L_0x5653f430ae70, C4<0>, C4<0>;
L_0x5653f430b1d0 .functor NOT 1, L_0x5653f430b130, C4<0>, C4<0>, C4<0>;
L_0x5653f430b4c0 .functor NOT 1, L_0x5653f430b330, C4<0>, C4<0>, C4<0>;
L_0x5653f430b650 .functor NOT 1, L_0x5653f430b5b0, C4<0>, C4<0>, C4<0>;
L_0x5653f430b8f0 .functor NOT 1, L_0x5653f430b290, C4<0>, C4<0>, C4<0>;
L_0x5653f430bc60 .functor AND 1, L_0x5653f430b9e0, L_0x5653f430ba80, C4<1>, C4<1>;
L_0x5653f430c0c0 .functor OR 1, L_0x5653f430be60, L_0x5653f430bf00, C4<0>, C4<0>;
L_0x5653f430bfa0 .functor XOR 1, L_0x5653f430c200, L_0x5653f430c2a0, C4<0>, C4<0>;
L_0x5653f430c630 .functor NOT 1, L_0x5653f430c590, C4<0>, C4<0>, C4<0>;
L_0x5653f430c880 .functor NOT 1, L_0x5653f430c6a0, C4<0>, C4<0>, C4<0>;
L_0x5653f430ca70 .functor NOT 1, L_0x5653f430c9d0, C4<0>, C4<0>, C4<0>;
L_0x5653f430cd00 .functor NOT 1, L_0x5653f430cb10, C4<0>, C4<0>, C4<0>;
L_0x5653f430d1b0 .functor AND 1, L_0x5653f430cee0, L_0x5653f430cf80, C4<1>, C4<1>;
L_0x5653f430d5a0 .functor OR 1, L_0x5653f430d2f0, L_0x5653f430d390, C4<0>, C4<0>;
L_0x5653f430dcb0 .functor XOR 1, L_0x5653f430d7e0, L_0x5653f430d880, C4<0>, C4<0>;
L_0x5653f430de90 .functor NOT 1, L_0x5653f430ddf0, C4<0>, C4<0>, C4<0>;
L_0x5653f430e290 .functor NOT 1, L_0x5653f430e060, C4<0>, C4<0>, C4<0>;
L_0x5653f430e420 .functor NOT 1, L_0x5653f430e380, C4<0>, C4<0>, C4<0>;
L_0x5653f430e870 .functor NOT 1, L_0x5653f430e630, C4<0>, C4<0>, C4<0>;
L_0x5653f430ec80 .functor AND 1, L_0x5653f430e960, L_0x5653f430ea00, C4<1>, C4<1>;
L_0x5653f430e5b0 .functor OR 1, L_0x5653f430e510, L_0x5653f430eef0, C4<0>, C4<0>;
L_0x5653f430f530 .functor XOR 1, L_0x5653f430f220, L_0x5653f430f2c0, C4<0>, C4<0>;
L_0x5653f430f850 .functor NOT 1, L_0x5653f430f7b0, C4<0>, C4<0>, C4<0>;
L_0x5653f430fb90 .functor NOT 1, L_0x5653f430f910, C4<0>, C4<0>, C4<0>;
L_0x5653f430fe70 .functor NOT 1, L_0x5653f430fdd0, C4<0>, C4<0>, C4<0>;
L_0x5653f43101f0 .functor NOT 1, L_0x5653f430ff60, C4<0>, C4<0>, C4<0>;
L_0x5653f43107b0 .functor AND 1, L_0x5653f4310440, L_0x5653f43104e0, C4<1>, C4<1>;
L_0x5653f4310c40 .functor OR 1, L_0x5653f43108f0, L_0x5653f4310990, C4<0>, C4<0>;
L_0x5653f4311250 .functor XOR 1, L_0x5653f4310ef0, L_0x5653f4310f90, C4<0>, C4<0>;
L_0x5653f4311430 .functor NOT 1, L_0x5653f4311390, C4<0>, C4<0>, C4<0>;
L_0x5653f4311940 .functor NOT 1, L_0x5653f4311670, C4<0>, C4<0>, C4<0>;
L_0x5653f4311ad0 .functor NOT 1, L_0x5653f4311a30, C4<0>, C4<0>, C4<0>;
L_0x5653f4312030 .functor NOT 1, L_0x5653f4311d50, C4<0>, C4<0>, C4<0>;
L_0x5653f43124e0 .functor AND 1, L_0x5653f4312120, L_0x5653f43121c0, C4<1>, C4<1>;
L_0x5653f4312b60 .functor OR 1, L_0x5653f43127c0, L_0x5653f4312860, C4<0>, C4<0>;
L_0x5653f4313050 .functor XOR 1, L_0x5653f4312ca0, L_0x5653f4312d40, C4<0>, C4<0>;
L_0x5653f43133e0 .functor NOT 1, L_0x5653f4313340, C4<0>, C4<0>, C4<0>;
L_0x5653f43137c0 .functor NOT 1, L_0x5653f43134a0, C4<0>, C4<0>, C4<0>;
L_0x5653f4313b10 .functor NOT 1, L_0x5653f4313a70, C4<0>, C4<0>, C4<0>;
L_0x5653f4313f30 .functor NOT 1, L_0x5653f4313c00, C4<0>, C4<0>, C4<0>;
L_0x5653f4314600 .functor AND 1, L_0x5653f43141f0, L_0x5653f4314290, C4<1>, C4<1>;
L_0x5653f4314b30 .functor OR 1, L_0x5653f4314740, L_0x5653f43147e0, C4<0>, C4<0>;
L_0x5653f4315250 .functor XOR 1, L_0x5653f4314e50, L_0x5653f4314ef0, C4<0>, C4<0>;
L_0x5653f4315430 .functor NOT 1, L_0x5653f4315390, C4<0>, C4<0>, C4<0>;
L_0x5653f4315a50 .functor NOT 1, L_0x5653f43156e0, C4<0>, C4<0>, C4<0>;
L_0x5653f4315be0 .functor NOT 1, L_0x5653f4315b40, C4<0>, C4<0>, C4<0>;
L_0x5653f4316250 .functor NOT 1, L_0x5653f4315ed0, C4<0>, C4<0>, C4<0>;
L_0x5653f43167a0 .functor AND 1, L_0x5653f4316340, L_0x5653f43163e0, C4<1>, C4<1>;
L_0x5653f4316f30 .functor OR 1, L_0x5653f4316af0, L_0x5653f4316b90, C4<0>, C4<0>;
L_0x5653f43174c0 .functor XOR 1, L_0x5653f4317070, L_0x5653f4317110, C4<0>, C4<0>;
L_0x5653f43178c0 .functor NOT 1, L_0x5653f4317820, C4<0>, C4<0>, C4<0>;
L_0x5653f4317d40 .functor NOT 1, L_0x5653f4317980, C4<0>, C4<0>, C4<0>;
L_0x5653f4318100 .functor NOT 1, L_0x5653f4318060, C4<0>, C4<0>, C4<0>;
L_0x5653f43185c0 .functor NOT 1, L_0x5653f43181f0, C4<0>, C4<0>, C4<0>;
L_0x5653f43191b0 .functor AND 1, L_0x5653f43188f0, L_0x5653f4318990, C4<1>, C4<1>;
L_0x5653f4319780 .functor OR 1, L_0x5653f43192f0, L_0x5653f4319390, C4<0>, C4<0>;
L_0x5653f4319fb0 .functor XOR 1, L_0x5653f4319b10, L_0x5653f4319bb0, C4<0>, C4<0>;
L_0x5653f431a190 .functor NOT 1, L_0x5653f431a0f0, C4<0>, C4<0>, C4<0>;
L_0x5653f431a8c0 .functor NOT 1, L_0x5653f431a4b0, C4<0>, C4<0>, C4<0>;
L_0x5653f431aa50 .functor NOT 1, L_0x5653f431a9b0, C4<0>, C4<0>, C4<0>;
L_0x5653f431b1d0 .functor NOT 1, L_0x5653f431adb0, C4<0>, C4<0>, C4<0>;
L_0x5653f431b7c0 .functor AND 1, L_0x5653f431b2c0, L_0x5653f431b360, C4<1>, C4<1>;
L_0x5653f431c060 .functor OR 1, L_0x5653f431bb80, L_0x5653f431bc20, C4<0>, C4<0>;
L_0x5653f431c690 .functor XOR 1, L_0x5653f431c1a0, L_0x5653f431c240, C4<0>, C4<0>;
L_0x5653f431cb00 .functor NOT 1, L_0x5653f431ca60, C4<0>, C4<0>, C4<0>;
L_0x5653f431d020 .functor NOT 1, L_0x5653f431cbc0, C4<0>, C4<0>, C4<0>;
L_0x5653f431d450 .functor NOT 1, L_0x5653f431d3b0, C4<0>, C4<0>, C4<0>;
L_0x5653f431d9b0 .functor NOT 1, L_0x5653f431d540, C4<0>, C4<0>, C4<0>;
L_0x5653f431e2a0 .functor AND 1, L_0x5653f431dd50, L_0x5653f431ddf0, C4<1>, C4<1>;
L_0x5653f431e910 .functor OR 1, L_0x5653f431e3e0, L_0x5653f431e480, C4<0>, C4<0>;
L_0x5653f431f250 .functor XOR 1, L_0x5653f431ed10, L_0x5653f431edb0, C4<0>, C4<0>;
L_0x5653f431f430 .functor NOT 1, L_0x5653f431f390, C4<0>, C4<0>, C4<0>;
L_0x5653f431fc70 .functor NOT 1, L_0x5653f431f7c0, C4<0>, C4<0>, C4<0>;
L_0x5653f431fe00 .functor NOT 1, L_0x5653f431fd60, C4<0>, C4<0>, C4<0>;
L_0x5653f4320690 .functor NOT 1, L_0x5653f43201d0, C4<0>, C4<0>, C4<0>;
L_0x5653f4320270 .functor AND 1, L_0x5653f4320780, L_0x5653f4320820, C4<1>, C4<1>;
L_0x5653f43204f0 .functor OR 1, L_0x5653f43203b0, L_0x5653f4320450, C4<0>, C4<0>;
L_0x5653f4320a30 .functor XOR 1, L_0x5653f43208f0, L_0x5653f4320990, C4<0>, C4<0>;
L_0x5653f4320c10 .functor NOT 1, L_0x5653f4320b70, C4<0>, C4<0>, C4<0>;
L_0x5653f4321010 .functor NOT 1, L_0x5653f4321760, C4<0>, C4<0>, C4<0>;
L_0x5653f4321c60 .functor NOT 1, L_0x5653f43213c0, C4<0>, C4<0>, C4<0>;
L_0x5653f4321800 .functor NOT 1, L_0x5653f4321d20, C4<0>, C4<0>, C4<0>;
L_0x5653f4321dc0 .functor AND 1, L_0x5653f4322230, L_0x5653f43222d0, C4<1>, C4<1>;
L_0x5653f4321ff0 .functor OR 1, L_0x5653f4321eb0, L_0x5653f4321f50, C4<0>, C4<0>;
L_0x5653f4322370 .functor XOR 1, L_0x5653f4322130, L_0x5653f4322b30, C4<0>, C4<0>;
L_0x5653f4322550 .functor NOT 1, L_0x5653f43224b0, C4<0>, C4<0>, C4<0>;
L_0x5653f43226b0 .functor NOT 1, L_0x5653f4322610, C4<0>, C4<0>, C4<0>;
L_0x5653f4322c70 .functor NOT 1, L_0x5653f4322bd0, C4<0>, C4<0>, C4<0>;
L_0x5653f4322e00 .functor NOT 1, L_0x5653f4322d60, C4<0>, C4<0>, C4<0>;
L_0x5653f4324080 .functor AND 1, L_0x5653f4323720, L_0x5653f43237c0, C4<1>, C4<1>;
L_0x5653f4323cf0 .functor OR 1, L_0x5653f4323bb0, L_0x5653f4323c50, C4<0>, C4<0>;
L_0x5653f4324b30 .functor XOR 1, L_0x5653f43252a0, L_0x5653f4324a90, C4<0>, C4<0>;
L_0x5653f4325bf0 .functor NOT 1, L_0x5653f4325b50, C4<0>, C4<0>, C4<0>;
L_0x5653f43266e0 .functor NOT 1, L_0x5653f4326640, C4<0>, C4<0>, C4<0>;
L_0x5653f4326ec0 .functor NOT 1, L_0x5653f4326e20, C4<0>, C4<0>, C4<0>;
L_0x5653f43279e0 .functor NOT 1, L_0x5653f4327940, C4<0>, C4<0>, C4<0>;
L_0x7f7caf929060 .functor BUFT 1, C4<0000001111111111>, C4<0>, C4<0>, C4<0>;
v0x5653f42e74b0_0 .net "A", 15 0, L_0x7f7caf929060;  1 drivers
L_0x7f7caf9290a8 .functor BUFT 1, C4<0000001010101010>, C4<0>, C4<0>, C4<0>;
v0x5653f42e75b0_0 .net "B", 15 0, L_0x7f7caf9290a8;  1 drivers
v0x5653f42e7690_0 .net *"_s100", 0 0, L_0x5653f430a540;  1 drivers
v0x5653f42e7750_0 .net *"_s105", 0 0, L_0x5653f430a070;  1 drivers
v0x5653f42e7830_0 .net *"_s107", 0 0, L_0x5653f430a680;  1 drivers
v0x5653f42e7960_0 .net *"_s108", 0 0, L_0x5653f430a1d0;  1 drivers
v0x5653f42e7a40_0 .net *"_s11", 0 0, L_0x5653f4308600;  1 drivers
v0x5653f42e7b20_0 .net *"_s113", 0 0, L_0x5653f430a9f0;  1 drivers
v0x5653f42e7c00_0 .net *"_s115", 0 0, L_0x5653f430aa90;  1 drivers
v0x5653f42e7d70_0 .net *"_s116", 0 0, L_0x5653f430ac00;  1 drivers
v0x5653f42e7e50_0 .net *"_s12", 0 0, L_0x5653f43086a0;  1 drivers
v0x5653f42e7f30_0 .net *"_s121", 0 0, L_0x5653f430add0;  1 drivers
v0x5653f42e8010_0 .net *"_s123", 0 0, L_0x5653f430ae70;  1 drivers
v0x5653f42e80f0_0 .net *"_s124", 0 0, L_0x5653f430aff0;  1 drivers
v0x5653f42e81d0_0 .net *"_s129", 0 0, L_0x5653f430b130;  1 drivers
v0x5653f42e82b0_0 .net *"_s130", 0 0, L_0x5653f430b1d0;  1 drivers
v0x5653f42e8390_0 .net *"_s135", 0 0, L_0x5653f430b330;  1 drivers
v0x5653f42e8580_0 .net *"_s136", 0 0, L_0x5653f430b4c0;  1 drivers
v0x5653f42e8660_0 .net *"_s141", 0 0, L_0x5653f430b5b0;  1 drivers
v0x5653f42e8740_0 .net *"_s142", 0 0, L_0x5653f430b650;  1 drivers
v0x5653f42e8820_0 .net *"_s147", 0 0, L_0x5653f430b290;  1 drivers
v0x5653f42e8900_0 .net *"_s148", 0 0, L_0x5653f430b8f0;  1 drivers
v0x5653f42e89e0_0 .net *"_s153", 0 0, L_0x5653f430b9e0;  1 drivers
v0x5653f42e8ac0_0 .net *"_s155", 0 0, L_0x5653f430ba80;  1 drivers
v0x5653f42e8ba0_0 .net *"_s156", 0 0, L_0x5653f430bc60;  1 drivers
v0x5653f42e8c80_0 .net *"_s161", 0 0, L_0x5653f430be60;  1 drivers
v0x5653f42e8d60_0 .net *"_s163", 0 0, L_0x5653f430bf00;  1 drivers
v0x5653f42e8e40_0 .net *"_s164", 0 0, L_0x5653f430c0c0;  1 drivers
v0x5653f42e8f20_0 .net *"_s169", 0 0, L_0x5653f430c200;  1 drivers
v0x5653f42e9000_0 .net *"_s17", 0 0, L_0x5653f43087b0;  1 drivers
v0x5653f42e90e0_0 .net *"_s171", 0 0, L_0x5653f430c2a0;  1 drivers
v0x5653f42e91c0_0 .net *"_s172", 0 0, L_0x5653f430bfa0;  1 drivers
v0x5653f42e92a0_0 .net *"_s177", 0 0, L_0x5653f430c590;  1 drivers
v0x5653f42e9380_0 .net *"_s178", 0 0, L_0x5653f430c630;  1 drivers
v0x5653f42e9460_0 .net *"_s183", 0 0, L_0x5653f430c6a0;  1 drivers
v0x5653f42e9540_0 .net *"_s184", 0 0, L_0x5653f430c880;  1 drivers
v0x5653f42e9620_0 .net *"_s189", 0 0, L_0x5653f430c9d0;  1 drivers
v0x5653f42e9700_0 .net *"_s19", 0 0, L_0x5653f4308850;  1 drivers
v0x5653f42e97e0_0 .net *"_s190", 0 0, L_0x5653f430ca70;  1 drivers
v0x5653f42e98c0_0 .net *"_s195", 0 0, L_0x5653f430cb10;  1 drivers
v0x5653f42e99a0_0 .net *"_s196", 0 0, L_0x5653f430cd00;  1 drivers
v0x5653f42e9a80_0 .net *"_s20", 0 0, L_0x5653f4308920;  1 drivers
v0x5653f42e9b60_0 .net *"_s201", 0 0, L_0x5653f430cee0;  1 drivers
v0x5653f42e9c40_0 .net *"_s203", 0 0, L_0x5653f430cf80;  1 drivers
v0x5653f42e9d20_0 .net *"_s204", 0 0, L_0x5653f430d1b0;  1 drivers
v0x5653f42e9e00_0 .net *"_s209", 0 0, L_0x5653f430d2f0;  1 drivers
v0x5653f42e9ee0_0 .net *"_s211", 0 0, L_0x5653f430d390;  1 drivers
v0x5653f42e9fc0_0 .net *"_s212", 0 0, L_0x5653f430d5a0;  1 drivers
v0x5653f42ea0a0_0 .net *"_s217", 0 0, L_0x5653f430d7e0;  1 drivers
v0x5653f42ea180_0 .net *"_s219", 0 0, L_0x5653f430d880;  1 drivers
v0x5653f42ea260_0 .net *"_s220", 0 0, L_0x5653f430dcb0;  1 drivers
v0x5653f42ea340_0 .net *"_s225", 0 0, L_0x5653f430ddf0;  1 drivers
v0x5653f42ea420_0 .net *"_s226", 0 0, L_0x5653f430de90;  1 drivers
v0x5653f42ea500_0 .net *"_s231", 0 0, L_0x5653f430e060;  1 drivers
v0x5653f42ea5e0_0 .net *"_s232", 0 0, L_0x5653f430e290;  1 drivers
v0x5653f42ea6c0_0 .net *"_s237", 0 0, L_0x5653f430e380;  1 drivers
v0x5653f42ea7a0_0 .net *"_s238", 0 0, L_0x5653f430e420;  1 drivers
v0x5653f42ea880_0 .net *"_s243", 0 0, L_0x5653f430e630;  1 drivers
v0x5653f42ea960_0 .net *"_s244", 0 0, L_0x5653f430e870;  1 drivers
v0x5653f42eaa40_0 .net *"_s249", 0 0, L_0x5653f430e960;  1 drivers
v0x5653f42eab20_0 .net *"_s25", 0 0, L_0x5653f4308a60;  1 drivers
v0x5653f42eac00_0 .net *"_s251", 0 0, L_0x5653f430ea00;  1 drivers
v0x5653f42eace0_0 .net *"_s252", 0 0, L_0x5653f430ec80;  1 drivers
v0x5653f42eadc0_0 .net *"_s257", 0 0, L_0x5653f430e510;  1 drivers
v0x5653f42eaea0_0 .net *"_s259", 0 0, L_0x5653f430eef0;  1 drivers
v0x5653f42eb390_0 .net *"_s260", 0 0, L_0x5653f430e5b0;  1 drivers
v0x5653f42eb470_0 .net *"_s265", 0 0, L_0x5653f430f220;  1 drivers
v0x5653f42eb550_0 .net *"_s267", 0 0, L_0x5653f430f2c0;  1 drivers
v0x5653f42eb630_0 .net *"_s268", 0 0, L_0x5653f430f530;  1 drivers
v0x5653f42eb710_0 .net *"_s27", 0 0, L_0x5653f4308b90;  1 drivers
v0x5653f42eb7f0_0 .net *"_s273", 0 0, L_0x5653f430f7b0;  1 drivers
v0x5653f42eb8d0_0 .net *"_s274", 0 0, L_0x5653f430f850;  1 drivers
v0x5653f42eb9b0_0 .net *"_s279", 0 0, L_0x5653f430f910;  1 drivers
v0x5653f42eba90_0 .net *"_s28", 0 0, L_0x5653f4308d00;  1 drivers
v0x5653f42ebb70_0 .net *"_s280", 0 0, L_0x5653f430fb90;  1 drivers
v0x5653f42ebc50_0 .net *"_s285", 0 0, L_0x5653f430fdd0;  1 drivers
v0x5653f42ebd30_0 .net *"_s286", 0 0, L_0x5653f430fe70;  1 drivers
v0x5653f42ebe10_0 .net *"_s291", 0 0, L_0x5653f430ff60;  1 drivers
v0x5653f42ebef0_0 .net *"_s292", 0 0, L_0x5653f43101f0;  1 drivers
v0x5653f42ebfd0_0 .net *"_s297", 0 0, L_0x5653f4310440;  1 drivers
v0x5653f42ec0b0_0 .net *"_s299", 0 0, L_0x5653f43104e0;  1 drivers
v0x5653f42ec190_0 .net *"_s300", 0 0, L_0x5653f43107b0;  1 drivers
v0x5653f42ec270_0 .net *"_s305", 0 0, L_0x5653f43108f0;  1 drivers
v0x5653f42ec350_0 .net *"_s307", 0 0, L_0x5653f4310990;  1 drivers
v0x5653f42ec430_0 .net *"_s308", 0 0, L_0x5653f4310c40;  1 drivers
v0x5653f42ec510_0 .net *"_s313", 0 0, L_0x5653f4310ef0;  1 drivers
v0x5653f42ec5f0_0 .net *"_s315", 0 0, L_0x5653f4310f90;  1 drivers
v0x5653f42ec6d0_0 .net *"_s316", 0 0, L_0x5653f4311250;  1 drivers
v0x5653f42ec7b0_0 .net *"_s321", 0 0, L_0x5653f4311390;  1 drivers
v0x5653f42ec890_0 .net *"_s322", 0 0, L_0x5653f4311430;  1 drivers
v0x5653f42ec970_0 .net *"_s327", 0 0, L_0x5653f4311670;  1 drivers
v0x5653f42eca50_0 .net *"_s328", 0 0, L_0x5653f4311940;  1 drivers
v0x5653f42ecb30_0 .net *"_s33", 0 0, L_0x5653f4308d70;  1 drivers
v0x5653f42ecc10_0 .net *"_s333", 0 0, L_0x5653f4311a30;  1 drivers
v0x5653f42eccf0_0 .net *"_s334", 0 0, L_0x5653f4311ad0;  1 drivers
v0x5653f42ecdd0_0 .net *"_s339", 0 0, L_0x5653f4311d50;  1 drivers
v0x5653f42eceb0_0 .net *"_s34", 0 0, L_0x5653f4308e10;  1 drivers
v0x5653f42ecf90_0 .net *"_s340", 0 0, L_0x5653f4312030;  1 drivers
v0x5653f42ed070_0 .net *"_s345", 0 0, L_0x5653f4312120;  1 drivers
v0x5653f42ed150_0 .net *"_s347", 0 0, L_0x5653f43121c0;  1 drivers
v0x5653f42ed230_0 .net *"_s348", 0 0, L_0x5653f43124e0;  1 drivers
v0x5653f42ed310_0 .net *"_s353", 0 0, L_0x5653f43127c0;  1 drivers
v0x5653f42ed3f0_0 .net *"_s355", 0 0, L_0x5653f4312860;  1 drivers
v0x5653f42ed4d0_0 .net *"_s356", 0 0, L_0x5653f4312b60;  1 drivers
v0x5653f42ed5b0_0 .net *"_s361", 0 0, L_0x5653f4312ca0;  1 drivers
v0x5653f42ed690_0 .net *"_s363", 0 0, L_0x5653f4312d40;  1 drivers
v0x5653f42ed770_0 .net *"_s364", 0 0, L_0x5653f4313050;  1 drivers
v0x5653f42ed850_0 .net *"_s369", 0 0, L_0x5653f4313340;  1 drivers
v0x5653f42ed930_0 .net *"_s370", 0 0, L_0x5653f43133e0;  1 drivers
v0x5653f42eda10_0 .net *"_s375", 0 0, L_0x5653f43134a0;  1 drivers
v0x5653f42edaf0_0 .net *"_s376", 0 0, L_0x5653f43137c0;  1 drivers
v0x5653f42edbd0_0 .net *"_s381", 0 0, L_0x5653f4313a70;  1 drivers
v0x5653f42edcb0_0 .net *"_s382", 0 0, L_0x5653f4313b10;  1 drivers
v0x5653f42edd90_0 .net *"_s387", 0 0, L_0x5653f4313c00;  1 drivers
v0x5653f42ede70_0 .net *"_s388", 0 0, L_0x5653f4313f30;  1 drivers
v0x5653f42edf50_0 .net *"_s39", 0 0, L_0x5653f4308f30;  1 drivers
v0x5653f42ee030_0 .net *"_s393", 0 0, L_0x5653f43141f0;  1 drivers
v0x5653f42ee110_0 .net *"_s395", 0 0, L_0x5653f4314290;  1 drivers
v0x5653f42ee1f0_0 .net *"_s396", 0 0, L_0x5653f4314600;  1 drivers
v0x5653f42ee2d0_0 .net *"_s40", 0 0, L_0x5653f4309050;  1 drivers
v0x5653f42ee3b0_0 .net *"_s401", 0 0, L_0x5653f4314740;  1 drivers
v0x5653f42ee490_0 .net *"_s403", 0 0, L_0x5653f43147e0;  1 drivers
v0x5653f42ee570_0 .net *"_s404", 0 0, L_0x5653f4314b30;  1 drivers
v0x5653f42ee650_0 .net *"_s409", 0 0, L_0x5653f4314e50;  1 drivers
v0x5653f42ee730_0 .net *"_s411", 0 0, L_0x5653f4314ef0;  1 drivers
v0x5653f42ee810_0 .net *"_s412", 0 0, L_0x5653f4315250;  1 drivers
v0x5653f42ee8f0_0 .net *"_s417", 0 0, L_0x5653f4315390;  1 drivers
v0x5653f42ee9d0_0 .net *"_s418", 0 0, L_0x5653f4315430;  1 drivers
v0x5653f42eeab0_0 .net *"_s423", 0 0, L_0x5653f43156e0;  1 drivers
v0x5653f42ef3a0_0 .net *"_s424", 0 0, L_0x5653f4315a50;  1 drivers
v0x5653f42ef480_0 .net *"_s429", 0 0, L_0x5653f4315b40;  1 drivers
v0x5653f42ef560_0 .net *"_s430", 0 0, L_0x5653f4315be0;  1 drivers
v0x5653f42ef640_0 .net *"_s435", 0 0, L_0x5653f4315ed0;  1 drivers
v0x5653f42ef720_0 .net *"_s436", 0 0, L_0x5653f4316250;  1 drivers
v0x5653f42ef800_0 .net *"_s441", 0 0, L_0x5653f4316340;  1 drivers
v0x5653f42ef8e0_0 .net *"_s443", 0 0, L_0x5653f43163e0;  1 drivers
v0x5653f42ef9c0_0 .net *"_s444", 0 0, L_0x5653f43167a0;  1 drivers
v0x5653f42efaa0_0 .net *"_s449", 0 0, L_0x5653f4316af0;  1 drivers
v0x5653f42efb80_0 .net *"_s45", 0 0, L_0x5653f4309140;  1 drivers
v0x5653f42efc60_0 .net *"_s451", 0 0, L_0x5653f4316b90;  1 drivers
v0x5653f42efd40_0 .net *"_s452", 0 0, L_0x5653f4316f30;  1 drivers
v0x5653f42efe20_0 .net *"_s457", 0 0, L_0x5653f4317070;  1 drivers
v0x5653f42eff00_0 .net *"_s459", 0 0, L_0x5653f4317110;  1 drivers
v0x5653f42effe0_0 .net *"_s46", 0 0, L_0x5653f4309210;  1 drivers
v0x5653f42f00c0_0 .net *"_s460", 0 0, L_0x5653f43174c0;  1 drivers
v0x5653f42f01a0_0 .net *"_s465", 0 0, L_0x5653f4317820;  1 drivers
v0x5653f42f0280_0 .net *"_s466", 0 0, L_0x5653f43178c0;  1 drivers
v0x5653f42f0360_0 .net *"_s471", 0 0, L_0x5653f4317980;  1 drivers
v0x5653f42f0440_0 .net *"_s472", 0 0, L_0x5653f4317d40;  1 drivers
v0x5653f42f0520_0 .net *"_s477", 0 0, L_0x5653f4318060;  1 drivers
v0x5653f42f0600_0 .net *"_s478", 0 0, L_0x5653f4318100;  1 drivers
v0x5653f42f06e0_0 .net *"_s483", 0 0, L_0x5653f43181f0;  1 drivers
v0x5653f42f07c0_0 .net *"_s484", 0 0, L_0x5653f43185c0;  1 drivers
v0x5653f42f08a0_0 .net *"_s489", 0 0, L_0x5653f43188f0;  1 drivers
v0x5653f42f0980_0 .net *"_s491", 0 0, L_0x5653f4318990;  1 drivers
v0x5653f42f0a60_0 .net *"_s492", 0 0, L_0x5653f43191b0;  1 drivers
v0x5653f42f0b40_0 .net *"_s497", 0 0, L_0x5653f43192f0;  1 drivers
v0x5653f42f0c20_0 .net *"_s499", 0 0, L_0x5653f4319390;  1 drivers
v0x5653f42f0d00_0 .net *"_s500", 0 0, L_0x5653f4319780;  1 drivers
v0x5653f42f0de0_0 .net *"_s505", 0 0, L_0x5653f4319b10;  1 drivers
v0x5653f42f0ec0_0 .net *"_s507", 0 0, L_0x5653f4319bb0;  1 drivers
v0x5653f42f0fa0_0 .net *"_s508", 0 0, L_0x5653f4319fb0;  1 drivers
v0x5653f42f1080_0 .net *"_s51", 0 0, L_0x5653f4309340;  1 drivers
v0x5653f42f1160_0 .net *"_s513", 0 0, L_0x5653f431a0f0;  1 drivers
v0x5653f42f1240_0 .net *"_s514", 0 0, L_0x5653f431a190;  1 drivers
v0x5653f42f1320_0 .net *"_s519", 0 0, L_0x5653f431a4b0;  1 drivers
v0x5653f42f1400_0 .net *"_s52", 0 0, L_0x5653f4309440;  1 drivers
v0x5653f42f14e0_0 .net *"_s520", 0 0, L_0x5653f431a8c0;  1 drivers
v0x5653f42f15c0_0 .net *"_s525", 0 0, L_0x5653f431a9b0;  1 drivers
v0x5653f42f16a0_0 .net *"_s526", 0 0, L_0x5653f431aa50;  1 drivers
v0x5653f42f1780_0 .net *"_s531", 0 0, L_0x5653f431adb0;  1 drivers
v0x5653f42f1860_0 .net *"_s532", 0 0, L_0x5653f431b1d0;  1 drivers
v0x5653f42f1940_0 .net *"_s537", 0 0, L_0x5653f431b2c0;  1 drivers
v0x5653f42f1a20_0 .net *"_s539", 0 0, L_0x5653f431b360;  1 drivers
v0x5653f42f1b00_0 .net *"_s540", 0 0, L_0x5653f431b7c0;  1 drivers
v0x5653f42f1be0_0 .net *"_s545", 0 0, L_0x5653f431bb80;  1 drivers
v0x5653f42f1cc0_0 .net *"_s547", 0 0, L_0x5653f431bc20;  1 drivers
v0x5653f42f1da0_0 .net *"_s548", 0 0, L_0x5653f431c060;  1 drivers
v0x5653f42f1e80_0 .net *"_s553", 0 0, L_0x5653f431c1a0;  1 drivers
v0x5653f42f1f60_0 .net *"_s555", 0 0, L_0x5653f431c240;  1 drivers
v0x5653f42f2040_0 .net *"_s556", 0 0, L_0x5653f431c690;  1 drivers
v0x5653f42f2120_0 .net *"_s561", 0 0, L_0x5653f431ca60;  1 drivers
v0x5653f42f2200_0 .net *"_s562", 0 0, L_0x5653f431cb00;  1 drivers
v0x5653f42f22e0_0 .net *"_s567", 0 0, L_0x5653f431cbc0;  1 drivers
v0x5653f42f23c0_0 .net *"_s568", 0 0, L_0x5653f431d020;  1 drivers
v0x5653f42f24a0_0 .net *"_s57", 0 0, L_0x5653f43094b0;  1 drivers
v0x5653f42f2580_0 .net *"_s573", 0 0, L_0x5653f431d3b0;  1 drivers
v0x5653f42f2660_0 .net *"_s574", 0 0, L_0x5653f431d450;  1 drivers
v0x5653f42f2740_0 .net *"_s579", 0 0, L_0x5653f431d540;  1 drivers
v0x5653f42f2820_0 .net *"_s580", 0 0, L_0x5653f431d9b0;  1 drivers
v0x5653f42f2900_0 .net *"_s585", 0 0, L_0x5653f431dd50;  1 drivers
v0x5653f42f29e0_0 .net *"_s587", 0 0, L_0x5653f431ddf0;  1 drivers
v0x5653f42f2ac0_0 .net *"_s588", 0 0, L_0x5653f431e2a0;  1 drivers
v0x5653f42f2ba0_0 .net *"_s59", 0 0, L_0x5653f4309550;  1 drivers
v0x5653f42f2c80_0 .net *"_s593", 0 0, L_0x5653f431e3e0;  1 drivers
v0x5653f42f2d60_0 .net *"_s595", 0 0, L_0x5653f431e480;  1 drivers
v0x5653f42f2e40_0 .net *"_s596", 0 0, L_0x5653f431e910;  1 drivers
v0x5653f42f2f20_0 .net *"_s60", 0 0, L_0x5653f4309690;  1 drivers
v0x5653f42f3000_0 .net *"_s601", 0 0, L_0x5653f431ed10;  1 drivers
v0x5653f42f30e0_0 .net *"_s603", 0 0, L_0x5653f431edb0;  1 drivers
v0x5653f42f31c0_0 .net *"_s604", 0 0, L_0x5653f431f250;  1 drivers
v0x5653f42f32a0_0 .net *"_s609", 0 0, L_0x5653f431f390;  1 drivers
v0x5653f42f3380_0 .net *"_s610", 0 0, L_0x5653f431f430;  1 drivers
v0x5653f42f3460_0 .net *"_s615", 0 0, L_0x5653f431f7c0;  1 drivers
v0x5653f42f3540_0 .net *"_s616", 0 0, L_0x5653f431fc70;  1 drivers
v0x5653f42f3620_0 .net *"_s621", 0 0, L_0x5653f431fd60;  1 drivers
v0x5653f42f3700_0 .net *"_s622", 0 0, L_0x5653f431fe00;  1 drivers
v0x5653f42f37e0_0 .net *"_s627", 0 0, L_0x5653f43201d0;  1 drivers
v0x5653f42f38c0_0 .net *"_s628", 0 0, L_0x5653f4320690;  1 drivers
v0x5653f42f39a0_0 .net *"_s633", 0 0, L_0x5653f4320780;  1 drivers
v0x5653f42f3a80_0 .net *"_s635", 0 0, L_0x5653f4320820;  1 drivers
v0x5653f42f3b60_0 .net *"_s636", 0 0, L_0x5653f4320270;  1 drivers
v0x5653f42f3c40_0 .net *"_s641", 0 0, L_0x5653f43203b0;  1 drivers
v0x5653f42f3d20_0 .net *"_s643", 0 0, L_0x5653f4320450;  1 drivers
v0x5653f42f3e00_0 .net *"_s644", 0 0, L_0x5653f43204f0;  1 drivers
v0x5653f42f3ee0_0 .net *"_s649", 0 0, L_0x5653f43208f0;  1 drivers
v0x5653f42f3fc0_0 .net *"_s65", 0 0, L_0x5653f4309820;  1 drivers
v0x5653f42f40a0_0 .net *"_s651", 0 0, L_0x5653f4320990;  1 drivers
v0x5653f42f4180_0 .net *"_s652", 0 0, L_0x5653f4320a30;  1 drivers
v0x5653f42f4260_0 .net *"_s657", 0 0, L_0x5653f4320b70;  1 drivers
v0x5653f42f4340_0 .net *"_s658", 0 0, L_0x5653f4320c10;  1 drivers
v0x5653f42f4420_0 .net *"_s663", 0 0, L_0x5653f4321760;  1 drivers
v0x5653f42f4500_0 .net *"_s664", 0 0, L_0x5653f4321010;  1 drivers
v0x5653f42f45e0_0 .net *"_s669", 0 0, L_0x5653f43213c0;  1 drivers
v0x5653f42f46c0_0 .net *"_s67", 0 0, L_0x5653f43098c0;  1 drivers
v0x5653f42f47a0_0 .net *"_s670", 0 0, L_0x5653f4321c60;  1 drivers
v0x5653f42f4880_0 .net *"_s675", 0 0, L_0x5653f4321d20;  1 drivers
v0x5653f42f4960_0 .net *"_s676", 0 0, L_0x5653f4321800;  1 drivers
v0x5653f42f4a40_0 .net *"_s68", 0 0, L_0x5653f4309620;  1 drivers
v0x5653f42f4b20_0 .net *"_s681", 0 0, L_0x5653f4322230;  1 drivers
v0x5653f42f4c00_0 .net *"_s683", 0 0, L_0x5653f43222d0;  1 drivers
v0x5653f42f4ce0_0 .net *"_s684", 0 0, L_0x5653f4321dc0;  1 drivers
v0x5653f42f4dc0_0 .net *"_s689", 0 0, L_0x5653f4321eb0;  1 drivers
v0x5653f42f4ea0_0 .net *"_s691", 0 0, L_0x5653f4321f50;  1 drivers
v0x5653f42f4f80_0 .net *"_s692", 0 0, L_0x5653f4321ff0;  1 drivers
v0x5653f42f5060_0 .net *"_s697", 0 0, L_0x5653f4322130;  1 drivers
v0x5653f42f5140_0 .net *"_s699", 0 0, L_0x5653f4322b30;  1 drivers
v0x5653f42f5220_0 .net *"_s700", 0 0, L_0x5653f4322370;  1 drivers
v0x5653f42f5300_0 .net *"_s705", 0 0, L_0x5653f43224b0;  1 drivers
v0x5653f42f53e0_0 .net *"_s706", 0 0, L_0x5653f4322550;  1 drivers
v0x5653f42f54c0_0 .net *"_s711", 0 0, L_0x5653f4322610;  1 drivers
v0x5653f42f55a0_0 .net *"_s712", 0 0, L_0x5653f43226b0;  1 drivers
v0x5653f42f5680_0 .net *"_s717", 0 0, L_0x5653f4322bd0;  1 drivers
v0x5653f42f5760_0 .net *"_s718", 0 0, L_0x5653f4322c70;  1 drivers
v0x5653f42f5840_0 .net *"_s723", 0 0, L_0x5653f4322d60;  1 drivers
v0x5653f42f5920_0 .net *"_s724", 0 0, L_0x5653f4322e00;  1 drivers
v0x5653f42f5a00_0 .net *"_s73", 0 0, L_0x5653f4309ab0;  1 drivers
v0x5653f42f5ae0_0 .net *"_s730", 0 0, L_0x5653f4323720;  1 drivers
v0x5653f42f5bc0_0 .net *"_s732", 0 0, L_0x5653f43237c0;  1 drivers
v0x5653f42f5ca0_0 .net *"_s733", 0 0, L_0x5653f4324080;  1 drivers
v0x5653f42f5d80_0 .net *"_s739", 0 0, L_0x5653f4323bb0;  1 drivers
v0x5653f42f5e60_0 .net *"_s741", 0 0, L_0x5653f4323c50;  1 drivers
v0x5653f42f5f40_0 .net *"_s742", 0 0, L_0x5653f4323cf0;  1 drivers
v0x5653f42f6020_0 .net *"_s748", 0 0, L_0x5653f43252a0;  1 drivers
v0x5653f42f6100_0 .net *"_s75", 0 0, L_0x5653f4309b50;  1 drivers
v0x5653f42f61e0_0 .net *"_s750", 0 0, L_0x5653f4324a90;  1 drivers
v0x5653f42f62c0_0 .net *"_s751", 0 0, L_0x5653f4324b30;  1 drivers
v0x5653f42eeb90_0 .net *"_s757", 0 0, L_0x5653f4325b50;  1 drivers
v0x5653f42eec70_0 .net *"_s758", 0 0, L_0x5653f4325bf0;  1 drivers
v0x5653f42eed50_0 .net *"_s76", 0 0, L_0x5653f4309c80;  1 drivers
v0x5653f42eee30_0 .net *"_s764", 0 0, L_0x5653f4326640;  1 drivers
v0x5653f42eef10_0 .net *"_s765", 0 0, L_0x5653f43266e0;  1 drivers
v0x5653f42eeff0_0 .net *"_s771", 0 0, L_0x5653f4326e20;  1 drivers
v0x5653f42ef0d0_0 .net *"_s772", 0 0, L_0x5653f4326ec0;  1 drivers
v0x5653f42ef1b0_0 .net *"_s778", 0 0, L_0x5653f4327940;  1 drivers
v0x5653f42ef290_0 .net *"_s779", 0 0, L_0x5653f43279e0;  1 drivers
v0x5653f42f7390_0 .net *"_s81", 0 0, L_0x5653f4309e20;  1 drivers
v0x5653f42f7470_0 .net *"_s82", 0 0, L_0x5653f4309ec0;  1 drivers
v0x5653f42f7550_0 .net *"_s87", 0 0, L_0x5653f4309f80;  1 drivers
v0x5653f42f7630_0 .net *"_s88", 0 0, L_0x5653f430a110;  1 drivers
v0x5653f42f7710_0 .net *"_s9", 0 0, L_0x5653f4308530;  1 drivers
v0x5653f42f77f0_0 .net *"_s93", 0 0, L_0x5653f430a240;  1 drivers
v0x5653f42f78d0_0 .net *"_s94", 0 0, L_0x5653f430a330;  1 drivers
v0x5653f42f79b0_0 .net *"_s99", 0 0, L_0x5653f430a3f0;  1 drivers
v0x5653f42f7a90_0 .net "carry", 0 0, L_0x5653f4330a90;  1 drivers
o0x7f7caf978828 .functor BUFZ 16, C4<zzzzzzzzzzzzzzzz>; HiZ drive
v0x5653f42f7b30_0 .net "fout", 15 0, o0x7f7caf978828;  0 drivers
v0x5653f42f7c10_0 .var "out", 15 0;
v0x5653f42f7cf0_0 .net "out1", 15 0, L_0x5653f4322ef0;  1 drivers
v0x5653f42f7dd0_0 .net "out2", 15 0, L_0x5653f4324540;  1 drivers
v0x5653f42f7eb0_0 .net "out3", 15 0, L_0x5653f4323e50;  1 drivers
v0x5653f42f7f90_0 .net "out4", 15 0, L_0x5653f4324c90;  1 drivers
v0x5653f42f8070_0 .net "out5", 15 0, L_0x5653f4325d00;  1 drivers
v0x5653f42f8150_0 .net "out6", 15 0, L_0x5653f43267f0;  1 drivers
v0x5653f42f8230_0 .net "out7", 15 0, L_0x5653f4326fd0;  1 drivers
v0x5653f42f82f0_0 .net "out8", 15 0, L_0x5653f4331500;  1 drivers
L_0x7f7caf929018 .functor BUFT 1, C4<001>, C4<0>, C4<0>, C4<0>;
v0x5653f42f8390_0 .net "sel", 2 0, L_0x7f7caf929018;  1 drivers
E_0x5653f42074b0/0 .event edge, v0x5653f42f8390_0, v0x5653f42f7cf0_0, v0x5653f42f7dd0_0, v0x5653f42f7eb0_0;
E_0x5653f42074b0/1 .event edge, v0x5653f42f7f90_0, v0x5653f42f8070_0, v0x5653f42f8150_0, v0x5653f42e6f90_0;
E_0x5653f42074b0/2 .event edge, v0x5653f42e72b0_0;
E_0x5653f42074b0 .event/or E_0x5653f42074b0/0, E_0x5653f42074b0/1, E_0x5653f42074b0/2;
E_0x5653f4207180 .event edge, v0x5653f42f7c10_0;
L_0x5653f4308530 .part L_0x7f7caf929060, 0, 1;
L_0x5653f4308600 .part L_0x7f7caf9290a8, 0, 1;
L_0x5653f43087b0 .part L_0x7f7caf929060, 0, 1;
L_0x5653f4308850 .part L_0x7f7caf9290a8, 0, 1;
L_0x5653f4308a60 .part L_0x7f7caf929060, 0, 1;
L_0x5653f4308b90 .part L_0x7f7caf9290a8, 0, 1;
L_0x5653f4308d70 .part L_0x5653f4322ef0, 0, 1;
L_0x5653f4308f30 .part L_0x5653f4324540, 0, 1;
L_0x5653f4309140 .part L_0x5653f4323e50, 0, 1;
L_0x5653f4309340 .part L_0x7f7caf929060, 0, 1;
L_0x5653f43094b0 .part L_0x7f7caf929060, 1, 1;
L_0x5653f4309550 .part L_0x7f7caf9290a8, 1, 1;
L_0x5653f4309820 .part L_0x7f7caf929060, 1, 1;
L_0x5653f43098c0 .part L_0x7f7caf9290a8, 1, 1;
L_0x5653f4309ab0 .part L_0x7f7caf929060, 1, 1;
L_0x5653f4309b50 .part L_0x7f7caf9290a8, 1, 1;
L_0x5653f4309e20 .part L_0x5653f4322ef0, 1, 1;
L_0x5653f4309f80 .part L_0x5653f4324540, 1, 1;
L_0x5653f430a240 .part L_0x5653f4323e50, 1, 1;
L_0x5653f430a3f0 .part L_0x7f7caf929060, 1, 1;
L_0x5653f430a070 .part L_0x7f7caf929060, 2, 1;
L_0x5653f430a680 .part L_0x7f7caf9290a8, 2, 1;
L_0x5653f430a9f0 .part L_0x7f7caf929060, 2, 1;
L_0x5653f430aa90 .part L_0x7f7caf9290a8, 2, 1;
L_0x5653f430add0 .part L_0x7f7caf929060, 2, 1;
L_0x5653f430ae70 .part L_0x7f7caf9290a8, 2, 1;
L_0x5653f430b130 .part L_0x5653f4322ef0, 2, 1;
L_0x5653f430b330 .part L_0x5653f4324540, 2, 1;
L_0x5653f430b5b0 .part L_0x5653f4323e50, 2, 1;
L_0x5653f430b290 .part L_0x7f7caf929060, 2, 1;
L_0x5653f430b9e0 .part L_0x7f7caf929060, 3, 1;
L_0x5653f430ba80 .part L_0x7f7caf9290a8, 3, 1;
L_0x5653f430be60 .part L_0x7f7caf929060, 3, 1;
L_0x5653f430bf00 .part L_0x7f7caf9290a8, 3, 1;
L_0x5653f430c200 .part L_0x7f7caf929060, 3, 1;
L_0x5653f430c2a0 .part L_0x7f7caf9290a8, 3, 1;
L_0x5653f430c590 .part L_0x5653f4322ef0, 3, 1;
L_0x5653f430c6a0 .part L_0x5653f4324540, 3, 1;
L_0x5653f430c9d0 .part L_0x5653f4323e50, 3, 1;
L_0x5653f430cb10 .part L_0x7f7caf929060, 3, 1;
L_0x5653f430cee0 .part L_0x7f7caf929060, 4, 1;
L_0x5653f430cf80 .part L_0x7f7caf9290a8, 4, 1;
L_0x5653f430d2f0 .part L_0x7f7caf929060, 4, 1;
L_0x5653f430d390 .part L_0x7f7caf9290a8, 4, 1;
L_0x5653f430d7e0 .part L_0x7f7caf929060, 4, 1;
L_0x5653f430d880 .part L_0x7f7caf9290a8, 4, 1;
L_0x5653f430ddf0 .part L_0x5653f4322ef0, 4, 1;
L_0x5653f430e060 .part L_0x5653f4324540, 4, 1;
L_0x5653f430e380 .part L_0x5653f4323e50, 4, 1;
L_0x5653f430e630 .part L_0x7f7caf929060, 4, 1;
L_0x5653f430e960 .part L_0x7f7caf929060, 5, 1;
L_0x5653f430ea00 .part L_0x7f7caf9290a8, 5, 1;
L_0x5653f430e510 .part L_0x7f7caf929060, 5, 1;
L_0x5653f430eef0 .part L_0x7f7caf9290a8, 5, 1;
L_0x5653f430f220 .part L_0x7f7caf929060, 5, 1;
L_0x5653f430f2c0 .part L_0x7f7caf9290a8, 5, 1;
L_0x5653f430f7b0 .part L_0x5653f4322ef0, 5, 1;
L_0x5653f430f910 .part L_0x5653f4324540, 5, 1;
L_0x5653f430fdd0 .part L_0x5653f4323e50, 5, 1;
L_0x5653f430ff60 .part L_0x7f7caf929060, 5, 1;
L_0x5653f4310440 .part L_0x7f7caf929060, 6, 1;
L_0x5653f43104e0 .part L_0x7f7caf9290a8, 6, 1;
L_0x5653f43108f0 .part L_0x7f7caf929060, 6, 1;
L_0x5653f4310990 .part L_0x7f7caf9290a8, 6, 1;
L_0x5653f4310ef0 .part L_0x7f7caf929060, 6, 1;
L_0x5653f4310f90 .part L_0x7f7caf9290a8, 6, 1;
L_0x5653f4311390 .part L_0x5653f4322ef0, 6, 1;
L_0x5653f4311670 .part L_0x5653f4324540, 6, 1;
L_0x5653f4311a30 .part L_0x5653f4323e50, 6, 1;
L_0x5653f4311d50 .part L_0x7f7caf929060, 6, 1;
L_0x5653f4312120 .part L_0x7f7caf929060, 7, 1;
L_0x5653f43121c0 .part L_0x7f7caf9290a8, 7, 1;
L_0x5653f43127c0 .part L_0x7f7caf929060, 7, 1;
L_0x5653f4312860 .part L_0x7f7caf9290a8, 7, 1;
L_0x5653f4312ca0 .part L_0x7f7caf929060, 7, 1;
L_0x5653f4312d40 .part L_0x7f7caf9290a8, 7, 1;
L_0x5653f4313340 .part L_0x5653f4322ef0, 7, 1;
L_0x5653f43134a0 .part L_0x5653f4324540, 7, 1;
L_0x5653f4313a70 .part L_0x5653f4323e50, 7, 1;
L_0x5653f4313c00 .part L_0x7f7caf929060, 7, 1;
L_0x5653f43141f0 .part L_0x7f7caf929060, 8, 1;
L_0x5653f4314290 .part L_0x7f7caf9290a8, 8, 1;
L_0x5653f4314740 .part L_0x7f7caf929060, 8, 1;
L_0x5653f43147e0 .part L_0x7f7caf9290a8, 8, 1;
L_0x5653f4314e50 .part L_0x7f7caf929060, 8, 1;
L_0x5653f4314ef0 .part L_0x7f7caf9290a8, 8, 1;
L_0x5653f4315390 .part L_0x5653f4322ef0, 8, 1;
L_0x5653f43156e0 .part L_0x5653f4324540, 8, 1;
L_0x5653f4315b40 .part L_0x5653f4323e50, 8, 1;
L_0x5653f4315ed0 .part L_0x7f7caf929060, 8, 1;
L_0x5653f4316340 .part L_0x7f7caf929060, 9, 1;
L_0x5653f43163e0 .part L_0x7f7caf9290a8, 9, 1;
L_0x5653f4316af0 .part L_0x7f7caf929060, 9, 1;
L_0x5653f4316b90 .part L_0x7f7caf9290a8, 9, 1;
L_0x5653f4317070 .part L_0x7f7caf929060, 9, 1;
L_0x5653f4317110 .part L_0x7f7caf9290a8, 9, 1;
L_0x5653f4317820 .part L_0x5653f4322ef0, 9, 1;
L_0x5653f4317980 .part L_0x5653f4324540, 9, 1;
L_0x5653f4318060 .part L_0x5653f4323e50, 9, 1;
L_0x5653f43181f0 .part L_0x7f7caf929060, 9, 1;
L_0x5653f43188f0 .part L_0x7f7caf929060, 10, 1;
L_0x5653f4318990 .part L_0x7f7caf9290a8, 10, 1;
L_0x5653f43192f0 .part L_0x7f7caf929060, 10, 1;
L_0x5653f4319390 .part L_0x7f7caf9290a8, 10, 1;
L_0x5653f4319b10 .part L_0x7f7caf929060, 10, 1;
L_0x5653f4319bb0 .part L_0x7f7caf9290a8, 10, 1;
L_0x5653f431a0f0 .part L_0x5653f4322ef0, 10, 1;
L_0x5653f431a4b0 .part L_0x5653f4324540, 10, 1;
L_0x5653f431a9b0 .part L_0x5653f4323e50, 10, 1;
L_0x5653f431adb0 .part L_0x7f7caf929060, 10, 1;
L_0x5653f431b2c0 .part L_0x7f7caf929060, 11, 1;
L_0x5653f431b360 .part L_0x7f7caf9290a8, 11, 1;
L_0x5653f431bb80 .part L_0x7f7caf929060, 11, 1;
L_0x5653f431bc20 .part L_0x7f7caf9290a8, 11, 1;
L_0x5653f431c1a0 .part L_0x7f7caf929060, 11, 1;
L_0x5653f431c240 .part L_0x7f7caf9290a8, 11, 1;
L_0x5653f431ca60 .part L_0x5653f4322ef0, 11, 1;
L_0x5653f431cbc0 .part L_0x5653f4324540, 11, 1;
L_0x5653f431d3b0 .part L_0x5653f4323e50, 11, 1;
L_0x5653f431d540 .part L_0x7f7caf929060, 11, 1;
L_0x5653f431dd50 .part L_0x7f7caf929060, 12, 1;
L_0x5653f431ddf0 .part L_0x7f7caf9290a8, 12, 1;
L_0x5653f431e3e0 .part L_0x7f7caf929060, 12, 1;
L_0x5653f431e480 .part L_0x7f7caf9290a8, 12, 1;
L_0x5653f431ed10 .part L_0x7f7caf929060, 12, 1;
L_0x5653f431edb0 .part L_0x7f7caf9290a8, 12, 1;
L_0x5653f431f390 .part L_0x5653f4322ef0, 12, 1;
L_0x5653f431f7c0 .part L_0x5653f4324540, 12, 1;
L_0x5653f431fd60 .part L_0x5653f4323e50, 12, 1;
L_0x5653f43201d0 .part L_0x7f7caf929060, 12, 1;
L_0x5653f4320780 .part L_0x7f7caf929060, 13, 1;
L_0x5653f4320820 .part L_0x7f7caf9290a8, 13, 1;
L_0x5653f43203b0 .part L_0x7f7caf929060, 13, 1;
L_0x5653f4320450 .part L_0x7f7caf9290a8, 13, 1;
L_0x5653f43208f0 .part L_0x7f7caf929060, 13, 1;
L_0x5653f4320990 .part L_0x7f7caf9290a8, 13, 1;
L_0x5653f4320b70 .part L_0x5653f4322ef0, 13, 1;
L_0x5653f4321760 .part L_0x5653f4324540, 13, 1;
L_0x5653f43213c0 .part L_0x5653f4323e50, 13, 1;
L_0x5653f4321d20 .part L_0x7f7caf929060, 13, 1;
L_0x5653f4322230 .part L_0x7f7caf929060, 14, 1;
L_0x5653f43222d0 .part L_0x7f7caf9290a8, 14, 1;
L_0x5653f4321eb0 .part L_0x7f7caf929060, 14, 1;
L_0x5653f4321f50 .part L_0x7f7caf9290a8, 14, 1;
L_0x5653f4322130 .part L_0x7f7caf929060, 14, 1;
L_0x5653f4322b30 .part L_0x7f7caf9290a8, 14, 1;
L_0x5653f43224b0 .part L_0x5653f4322ef0, 14, 1;
L_0x5653f4322610 .part L_0x5653f4324540, 14, 1;
L_0x5653f4322bd0 .part L_0x5653f4323e50, 14, 1;
L_0x5653f4322d60 .part L_0x7f7caf929060, 14, 1;
LS_0x5653f4322ef0_0_0 .concat8 [ 1 1 1 1], L_0x5653f43086a0, L_0x5653f4309690, L_0x5653f430a1d0, L_0x5653f430bc60;
LS_0x5653f4322ef0_0_4 .concat8 [ 1 1 1 1], L_0x5653f430d1b0, L_0x5653f430ec80, L_0x5653f43107b0, L_0x5653f43124e0;
LS_0x5653f4322ef0_0_8 .concat8 [ 1 1 1 1], L_0x5653f4314600, L_0x5653f43167a0, L_0x5653f43191b0, L_0x5653f431b7c0;
LS_0x5653f4322ef0_0_12 .concat8 [ 1 1 1 1], L_0x5653f431e2a0, L_0x5653f4320270, L_0x5653f4321dc0, L_0x5653f4324080;
L_0x5653f4322ef0 .concat8 [ 4 4 4 4], LS_0x5653f4322ef0_0_0, LS_0x5653f4322ef0_0_4, LS_0x5653f4322ef0_0_8, LS_0x5653f4322ef0_0_12;
L_0x5653f4323720 .part L_0x7f7caf929060, 15, 1;
L_0x5653f43237c0 .part L_0x7f7caf9290a8, 15, 1;
LS_0x5653f4324540_0_0 .concat8 [ 1 1 1 1], L_0x5653f4308920, L_0x5653f4309620, L_0x5653f430ac00, L_0x5653f430c0c0;
LS_0x5653f4324540_0_4 .concat8 [ 1 1 1 1], L_0x5653f430d5a0, L_0x5653f430e5b0, L_0x5653f4310c40, L_0x5653f4312b60;
LS_0x5653f4324540_0_8 .concat8 [ 1 1 1 1], L_0x5653f4314b30, L_0x5653f4316f30, L_0x5653f4319780, L_0x5653f431c060;
LS_0x5653f4324540_0_12 .concat8 [ 1 1 1 1], L_0x5653f431e910, L_0x5653f43204f0, L_0x5653f4321ff0, L_0x5653f4323cf0;
L_0x5653f4324540 .concat8 [ 4 4 4 4], LS_0x5653f4324540_0_0, LS_0x5653f4324540_0_4, LS_0x5653f4324540_0_8, LS_0x5653f4324540_0_12;
L_0x5653f4323bb0 .part L_0x7f7caf929060, 15, 1;
L_0x5653f4323c50 .part L_0x7f7caf9290a8, 15, 1;
LS_0x5653f4323e50_0_0 .concat8 [ 1 1 1 1], L_0x5653f4308d00, L_0x5653f4309c80, L_0x5653f430aff0, L_0x5653f430bfa0;
LS_0x5653f4323e50_0_4 .concat8 [ 1 1 1 1], L_0x5653f430dcb0, L_0x5653f430f530, L_0x5653f4311250, L_0x5653f4313050;
LS_0x5653f4323e50_0_8 .concat8 [ 1 1 1 1], L_0x5653f4315250, L_0x5653f43174c0, L_0x5653f4319fb0, L_0x5653f431c690;
LS_0x5653f4323e50_0_12 .concat8 [ 1 1 1 1], L_0x5653f431f250, L_0x5653f4320a30, L_0x5653f4322370, L_0x5653f4324b30;
L_0x5653f4323e50 .concat8 [ 4 4 4 4], LS_0x5653f4323e50_0_0, LS_0x5653f4323e50_0_4, LS_0x5653f4323e50_0_8, LS_0x5653f4323e50_0_12;
L_0x5653f43252a0 .part L_0x7f7caf929060, 15, 1;
L_0x5653f4324a90 .part L_0x7f7caf9290a8, 15, 1;
LS_0x5653f4324c90_0_0 .concat8 [ 1 1 1 1], L_0x5653f4308e10, L_0x5653f4309ec0, L_0x5653f430b1d0, L_0x5653f430c630;
LS_0x5653f4324c90_0_4 .concat8 [ 1 1 1 1], L_0x5653f430de90, L_0x5653f430f850, L_0x5653f4311430, L_0x5653f43133e0;
LS_0x5653f4324c90_0_8 .concat8 [ 1 1 1 1], L_0x5653f4315430, L_0x5653f43178c0, L_0x5653f431a190, L_0x5653f431cb00;
LS_0x5653f4324c90_0_12 .concat8 [ 1 1 1 1], L_0x5653f431f430, L_0x5653f4320c10, L_0x5653f4322550, L_0x5653f4325bf0;
L_0x5653f4324c90 .concat8 [ 4 4 4 4], LS_0x5653f4324c90_0_0, LS_0x5653f4324c90_0_4, LS_0x5653f4324c90_0_8, LS_0x5653f4324c90_0_12;
L_0x5653f4325b50 .part L_0x5653f4322ef0, 15, 1;
LS_0x5653f4325d00_0_0 .concat8 [ 1 1 1 1], L_0x5653f4309050, L_0x5653f430a110, L_0x5653f430b4c0, L_0x5653f430c880;
LS_0x5653f4325d00_0_4 .concat8 [ 1 1 1 1], L_0x5653f430e290, L_0x5653f430fb90, L_0x5653f4311940, L_0x5653f43137c0;
LS_0x5653f4325d00_0_8 .concat8 [ 1 1 1 1], L_0x5653f4315a50, L_0x5653f4317d40, L_0x5653f431a8c0, L_0x5653f431d020;
LS_0x5653f4325d00_0_12 .concat8 [ 1 1 1 1], L_0x5653f431fc70, L_0x5653f4321010, L_0x5653f43226b0, L_0x5653f43266e0;
L_0x5653f4325d00 .concat8 [ 4 4 4 4], LS_0x5653f4325d00_0_0, LS_0x5653f4325d00_0_4, LS_0x5653f4325d00_0_8, LS_0x5653f4325d00_0_12;
L_0x5653f4326640 .part L_0x5653f4324540, 15, 1;
LS_0x5653f43267f0_0_0 .concat8 [ 1 1 1 1], L_0x5653f4309210, L_0x5653f430a330, L_0x5653f430b650, L_0x5653f430ca70;
LS_0x5653f43267f0_0_4 .concat8 [ 1 1 1 1], L_0x5653f430e420, L_0x5653f430fe70, L_0x5653f4311ad0, L_0x5653f4313b10;
LS_0x5653f43267f0_0_8 .concat8 [ 1 1 1 1], L_0x5653f4315be0, L_0x5653f4318100, L_0x5653f431aa50, L_0x5653f431d450;
LS_0x5653f43267f0_0_12 .concat8 [ 1 1 1 1], L_0x5653f431fe00, L_0x5653f4321c60, L_0x5653f4322c70, L_0x5653f4326ec0;
L_0x5653f43267f0 .concat8 [ 4 4 4 4], LS_0x5653f43267f0_0_0, LS_0x5653f43267f0_0_4, LS_0x5653f43267f0_0_8, LS_0x5653f43267f0_0_12;
L_0x5653f4326e20 .part L_0x5653f4323e50, 15, 1;
LS_0x5653f4326fd0_0_0 .concat8 [ 1 1 1 1], L_0x5653f4309440, L_0x5653f430a540, L_0x5653f430b8f0, L_0x5653f430cd00;
LS_0x5653f4326fd0_0_4 .concat8 [ 1 1 1 1], L_0x5653f430e870, L_0x5653f43101f0, L_0x5653f4312030, L_0x5653f4313f30;
LS_0x5653f4326fd0_0_8 .concat8 [ 1 1 1 1], L_0x5653f4316250, L_0x5653f43185c0, L_0x5653f431b1d0, L_0x5653f431d9b0;
LS_0x5653f4326fd0_0_12 .concat8 [ 1 1 1 1], L_0x5653f4320690, L_0x5653f4321800, L_0x5653f4322e00, L_0x5653f43279e0;
L_0x5653f4326fd0 .concat8 [ 4 4 4 4], LS_0x5653f4326fd0_0_0, LS_0x5653f4326fd0_0_4, LS_0x5653f4326fd0_0_8, LS_0x5653f4326fd0_0_12;
L_0x5653f4327940 .part L_0x7f7caf929060, 15, 1;
S_0x5653f42c0840 .scope module, "a1" "SixteenBitAdder" 2 132, 3 2 0, S_0x5653f42c1660;
 .timescale 0 0;
    .port_info 0 /INPUT 16 "a"
    .port_info 1 /INPUT 16 "b"
    .port_info 2 /INPUT 1 "cin"
    .port_info 3 /OUTPUT 16 "sum"
    .port_info 4 /OUTPUT 1 "carry"
v0x5653f42e6f90_0 .net "a", 15 0, L_0x5653f4326fd0;  alias, 1 drivers
L_0x7f7caf9290f0 .functor BUFT 1, C4<0000000000000001>, C4<0>, C4<0>, C4<0>;
v0x5653f42e7090_0 .net "b", 15 0, L_0x7f7caf9290f0;  1 drivers
v0x5653f42e7170_0 .net "carry", 0 0, L_0x5653f4330a90;  alias, 1 drivers
L_0x7f7caf929138 .functor BUFT 1, C4<0>, C4<0>, C4<0>, C4<0>;
v0x5653f42e7210_0 .net "cin", 0 0, L_0x7f7caf929138;  1 drivers
v0x5653f42e72b0_0 .net "sum", 15 0, L_0x5653f4331500;  alias, 1 drivers
v0x5653f42e7370_0 .net "w0", 0 0, L_0x5653f432c3f0;  1 drivers
L_0x5653f432cc90 .part L_0x5653f4326fd0, 0, 8;
L_0x5653f432cd30 .part L_0x7f7caf9290f0, 0, 8;
L_0x5653f4331330 .part L_0x5653f4326fd0, 8, 8;
L_0x5653f4331460 .part L_0x7f7caf9290f0, 8, 8;
L_0x5653f4331500 .concat8 [ 8 8 0 0], L_0x5653f432cb50, L_0x5653f43311f0;
S_0x5653f42b5cc0 .scope module, "eba_0" "EightBitAdder" 3 8, 4 2 0, S_0x5653f42c0840;
 .timescale 0 0;
    .port_info 0 /INPUT 8 "a"
    .port_info 1 /INPUT 8 "b"
    .port_info 2 /INPUT 1 "cin"
    .port_info 3 /OUTPUT 8 "sum"
    .port_info 4 /OUTPUT 1 "carry"
v0x5653f42deed0_0 .net "a", 7 0, L_0x5653f432cc90;  1 drivers
v0x5653f42defd0_0 .net "b", 7 0, L_0x5653f432cd30;  1 drivers
v0x5653f42df0b0_0 .net "carry", 0 0, L_0x5653f432c3f0;  alias, 1 drivers
v0x5653f42df1a0_0 .net "cin", 0 0, L_0x7f7caf929138;  alias, 1 drivers
v0x5653f42df290_0 .net "sum", 7 0, L_0x5653f432cb50;  1 drivers
v0x5653f42df3a0_0 .net "w0", 0 0, L_0x5653f432a230;  1 drivers
L_0x5653f432a7b0 .part L_0x5653f432cc90, 0, 4;
L_0x5653f432a850 .part L_0x5653f432cd30, 0, 4;
L_0x5653f432c970 .part L_0x5653f432cc90, 4, 4;
L_0x5653f432ca60 .part L_0x5653f432cd30, 4, 4;
L_0x5653f432cb50 .concat8 [ 4 4 0 0], L_0x5653f432a710, L_0x5653f432c8d0;
S_0x5653f42bae40 .scope module, "fba_0" "FourBitAdder" 4 8, 5 2 0, S_0x5653f42b5cc0;
 .timescale 0 0;
    .port_info 0 /INPUT 4 "a"
    .port_info 1 /INPUT 4 "b"
    .port_info 2 /INPUT 1 "cin"
    .port_info 3 /OUTPUT 4 "sum"
    .port_info 4 /OUTPUT 1 "carry"
v0x5653f42daf00_0 .net "a", 3 0, L_0x5653f432a7b0;  1 drivers
v0x5653f42db000_0 .net "b", 3 0, L_0x5653f432a850;  1 drivers
v0x5653f42db0e0_0 .net "carry", 0 0, L_0x5653f432a230;  alias, 1 drivers
v0x5653f42db1b0_0 .net "cin", 0 0, L_0x7f7caf929138;  alias, 1 drivers
v0x5653f42db280_0 .net "sum", 3 0, L_0x5653f432a710;  1 drivers
v0x5653f42db320_0 .net "w0", 0 0, L_0x5653f4328ad0;  1 drivers
v0x5653f42db410_0 .net "w1", 0 0, L_0x5653f4329250;  1 drivers
v0x5653f42db500_0 .net "w2", 0 0, L_0x5653f4329a70;  1 drivers
L_0x5653f4328be0 .part L_0x5653f432a7b0, 0, 1;
L_0x5653f4328d10 .part L_0x5653f432a850, 0, 1;
L_0x5653f4329360 .part L_0x5653f432a7b0, 1, 1;
L_0x5653f4329490 .part L_0x5653f432a850, 1, 1;
L_0x5653f4329b80 .part L_0x5653f432a7b0, 2, 1;
L_0x5653f4329cb0 .part L_0x5653f432a850, 2, 1;
L_0x5653f432a340 .part L_0x5653f432a7b0, 3, 1;
L_0x5653f432a500 .part L_0x5653f432a850, 3, 1;
L_0x5653f432a710 .concat8 [ 1 1 1 1], L_0x5653f4327b60, L_0x5653f4328eb0, L_0x5653f4329630, L_0x5653f4329e90;
S_0x5653f42b8580 .scope module, "fa_0" "FullAdder" 5 8, 6 1 0, S_0x5653f42bae40;
 .timescale 0 0;
    .port_info 0 /INPUT 1 "a"
    .port_info 1 /INPUT 1 "b"
    .port_info 2 /INPUT 1 "cin"
    .port_info 3 /OUTPUT 1 "sum"
    .port_info 4 /OUTPUT 1 "carry"
L_0x5653f4327af0 .functor XOR 1, L_0x5653f4328be0, L_0x5653f4328d10, C4<0>, C4<0>;
L_0x5653f4327b60 .functor XOR 1, L_0x5653f4327af0, L_0x7f7caf929138, C4<0>, C4<0>;
L_0x5653f4327cb0 .functor AND 1, L_0x5653f4328be0, L_0x5653f4328d10, C4<1>, C4<1>;
L_0x5653f4327d70 .functor AND 1, L_0x5653f4328d10, L_0x7f7caf929138, C4<1>, C4<1>;
L_0x5653f4327de0 .functor OR 1, L_0x5653f4327cb0, L_0x5653f4327d70, C4<0>, C4<0>;
L_0x5653f4328a60 .functor AND 1, L_0x5653f4328be0, L_0x7f7caf929138, C4<1>, C4<1>;
L_0x5653f4328ad0 .functor OR 1, L_0x5653f4327de0, L_0x5653f4328a60, C4<0>, C4<0>;
v0x5653f429de50_0 .net *"_s0", 0 0, L_0x5653f4327af0;  1 drivers
v0x5653f42d8610_0 .net *"_s10", 0 0, L_0x5653f4328a60;  1 drivers
v0x5653f42d86f0_0 .net *"_s4", 0 0, L_0x5653f4327cb0;  1 drivers
v0x5653f42d87e0_0 .net *"_s6", 0 0, L_0x5653f4327d70;  1 drivers
v0x5653f42d88c0_0 .net *"_s8", 0 0, L_0x5653f4327de0;  1 drivers
v0x5653f42d89f0_0 .net "a", 0 0, L_0x5653f4328be0;  1 drivers
v0x5653f42d8ab0_0 .net "b", 0 0, L_0x5653f4328d10;  1 drivers
v0x5653f42d8b70_0 .net "carry", 0 0, L_0x5653f4328ad0;  alias, 1 drivers
v0x5653f42d8c30_0 .net "cin", 0 0, L_0x7f7caf929138;  alias, 1 drivers
v0x5653f42d8cf0_0 .net "sum", 0 0, L_0x5653f4327b60;  1 drivers
S_0x5653f42d8e50 .scope module, "fa_1" "FullAdder" 5 9, 6 1 0, S_0x5653f42bae40;
 .timescale 0 0;
    .port_info 0 /INPUT 1 "a"
    .port_info 1 /INPUT 1 "b"
    .port_info 2 /INPUT 1 "cin"
    .port_info 3 /OUTPUT 1 "sum"
    .port_info 4 /OUTPUT 1 "carry"
L_0x5653f4328e40 .functor XOR 1, L_0x5653f4329360, L_0x5653f4329490, C4<0>, C4<0>;
L_0x5653f4328eb0 .functor XOR 1, L_0x5653f4328e40, L_0x5653f4328ad0, C4<0>, C4<0>;
L_0x5653f4328fb0 .functor AND 1, L_0x5653f4329360, L_0x5653f4329490, C4<1>, C4<1>;
L_0x5653f4329020 .functor AND 1, L_0x5653f4329490, L_0x5653f4328ad0, C4<1>, C4<1>;
L_0x5653f4329090 .functor OR 1, L_0x5653f4328fb0, L_0x5653f4329020, C4<0>, C4<0>;
L_0x5653f43291a0 .functor AND 1, L_0x5653f4329360, L_0x5653f4328ad0, C4<1>, C4<1>;
L_0x5653f4329250 .functor OR 1, L_0x5653f4329090, L_0x5653f43291a0, C4<0>, C4<0>;
v0x5653f42d8ff0_0 .net *"_s0", 0 0, L_0x5653f4328e40;  1 drivers
v0x5653f42d90d0_0 .net *"_s10", 0 0, L_0x5653f43291a0;  1 drivers
v0x5653f42d91b0_0 .net *"_s4", 0 0, L_0x5653f4328fb0;  1 drivers
v0x5653f42d92a0_0 .net *"_s6", 0 0, L_0x5653f4329020;  1 drivers
v0x5653f42d9380_0 .net *"_s8", 0 0, L_0x5653f4329090;  1 drivers
v0x5653f42d94b0_0 .net "a", 0 0, L_0x5653f4329360;  1 drivers
v0x5653f42d9570_0 .net "b", 0 0, L_0x5653f4329490;  1 drivers
v0x5653f42d9630_0 .net "carry", 0 0, L_0x5653f4329250;  alias, 1 drivers
v0x5653f42d96f0_0 .net "cin", 0 0, L_0x5653f4328ad0;  alias, 1 drivers
v0x5653f42d9790_0 .net "sum", 0 0, L_0x5653f4328eb0;  1 drivers
S_0x5653f42d9900 .scope module, "fa_2" "FullAdder" 5 10, 6 1 0, S_0x5653f42bae40;
 .timescale 0 0;
    .port_info 0 /INPUT 1 "a"
    .port_info 1 /INPUT 1 "b"
    .port_info 2 /INPUT 1 "cin"
    .port_info 3 /OUTPUT 1 "sum"
    .port_info 4 /OUTPUT 1 "carry"
L_0x5653f43295c0 .functor XOR 1, L_0x5653f4329b80, L_0x5653f4329cb0, C4<0>, C4<0>;
L_0x5653f4329630 .functor XOR 1, L_0x5653f43295c0, L_0x5653f4329250, C4<0>, C4<0>;
L_0x5653f4329780 .functor AND 1, L_0x5653f4329b80, L_0x5653f4329cb0, C4<1>, C4<1>;
L_0x5653f4329840 .functor AND 1, L_0x5653f4329cb0, L_0x5653f4329250, C4<1>, C4<1>;
L_0x5653f43298b0 .functor OR 1, L_0x5653f4329780, L_0x5653f4329840, C4<0>, C4<0>;
L_0x5653f43299c0 .functor AND 1, L_0x5653f4329b80, L_0x5653f4329250, C4<1>, C4<1>;
L_0x5653f4329a70 .functor OR 1, L_0x5653f43298b0, L_0x5653f43299c0, C4<0>, C4<0>;
v0x5653f42d9ab0_0 .net *"_s0", 0 0, L_0x5653f43295c0;  1 drivers
v0x5653f42d9b90_0 .net *"_s10", 0 0, L_0x5653f43299c0;  1 drivers
v0x5653f42d9c70_0 .net *"_s4", 0 0, L_0x5653f4329780;  1 drivers
v0x5653f42d9d60_0 .net *"_s6", 0 0, L_0x5653f4329840;  1 drivers
v0x5653f42d9e40_0 .net *"_s8", 0 0, L_0x5653f43298b0;  1 drivers
v0x5653f42d9f70_0 .net "a", 0 0, L_0x5653f4329b80;  1 drivers
v0x5653f42da030_0 .net "b", 0 0, L_0x5653f4329cb0;  1 drivers
v0x5653f42da0f0_0 .net "carry", 0 0, L_0x5653f4329a70;  alias, 1 drivers
v0x5653f42da1b0_0 .net "cin", 0 0, L_0x5653f4329250;  alias, 1 drivers
v0x5653f42da250_0 .net "sum", 0 0, L_0x5653f4329630;  1 drivers
S_0x5653f42da3c0 .scope module, "fa_3" "FullAdder" 5 11, 6 1 0, S_0x5653f42bae40;
 .timescale 0 0;
    .port_info 0 /INPUT 1 "a"
    .port_info 1 /INPUT 1 "b"
    .port_info 2 /INPUT 1 "cin"
    .port_info 3 /OUTPUT 1 "sum"
    .port_info 4 /OUTPUT 1 "carry"
L_0x5653f4329e20 .functor XOR 1, L_0x5653f432a340, L_0x5653f432a500, C4<0>, C4<0>;
L_0x5653f4329e90 .functor XOR 1, L_0x5653f4329e20, L_0x5653f4329a70, C4<0>, C4<0>;
L_0x5653f4329f90 .functor AND 1, L_0x5653f432a340, L_0x5653f432a500, C4<1>, C4<1>;
L_0x5653f432a000 .functor AND 1, L_0x5653f432a500, L_0x5653f4329a70, C4<1>, C4<1>;
L_0x5653f432a070 .functor OR 1, L_0x5653f4329f90, L_0x5653f432a000, C4<0>, C4<0>;
L_0x5653f432a180 .functor AND 1, L_0x5653f432a340, L_0x5653f4329a70, C4<1>, C4<1>;
L_0x5653f432a230 .functor OR 1, L_0x5653f432a070, L_0x5653f432a180, C4<0>, C4<0>;
v0x5653f42da540_0 .net *"_s0", 0 0, L_0x5653f4329e20;  1 drivers
v0x5653f42da640_0 .net *"_s10", 0 0, L_0x5653f432a180;  1 drivers
v0x5653f42da720_0 .net *"_s4", 0 0, L_0x5653f4329f90;  1 drivers
v0x5653f42da810_0 .net *"_s6", 0 0, L_0x5653f432a000;  1 drivers
v0x5653f42da8f0_0 .net *"_s8", 0 0, L_0x5653f432a070;  1 drivers
v0x5653f42daa20_0 .net "a", 0 0, L_0x5653f432a340;  1 drivers
v0x5653f42daae0_0 .net "b", 0 0, L_0x5653f432a500;  1 drivers
v0x5653f42daba0_0 .net "carry", 0 0, L_0x5653f432a230;  alias, 1 drivers
v0x5653f42dac60_0 .net "cin", 0 0, L_0x5653f4329a70;  alias, 1 drivers
v0x5653f42dad90_0 .net "sum", 0 0, L_0x5653f4329e90;  1 drivers
S_0x5653f42db670 .scope module, "fba_1" "FourBitAdder" 4 9, 5 2 0, S_0x5653f42b5cc0;
 .timescale 0 0;
    .port_info 0 /INPUT 4 "a"
    .port_info 1 /INPUT 4 "b"
    .port_info 2 /INPUT 1 "cin"
    .port_info 3 /OUTPUT 4 "sum"
    .port_info 4 /OUTPUT 1 "carry"
v0x5653f42de770_0 .net "a", 3 0, L_0x5653f432c970;  1 drivers
v0x5653f42de870_0 .net "b", 3 0, L_0x5653f432ca60;  1 drivers
v0x5653f42de950_0 .net "carry", 0 0, L_0x5653f432c3f0;  alias, 1 drivers
v0x5653f42dea20_0 .net "cin", 0 0, L_0x5653f432a230;  alias, 1 drivers
v0x5653f42deac0_0 .net "sum", 3 0, L_0x5653f432c8d0;  1 drivers
v0x5653f42deb60_0 .net "w0", 0 0, L_0x5653f432ad20;  1 drivers
v0x5653f42dec50_0 .net "w1", 0 0, L_0x5653f432b410;  1 drivers
v0x5653f42ded40_0 .net "w2", 0 0, L_0x5653f432bc30;  1 drivers
L_0x5653f432ae30 .part L_0x5653f432c970, 0, 1;
L_0x5653f432aed0 .part L_0x5653f432ca60, 0, 1;
L_0x5653f432b520 .part L_0x5653f432c970, 1, 1;
L_0x5653f432b650 .part L_0x5653f432ca60, 1, 1;
L_0x5653f432bd40 .part L_0x5653f432c970, 2, 1;
L_0x5653f432be70 .part L_0x5653f432ca60, 2, 1;
L_0x5653f432c500 .part L_0x5653f432c970, 3, 1;
L_0x5653f432c6c0 .part L_0x5653f432ca60, 3, 1;
L_0x5653f432c8d0 .concat8 [ 1 1 1 1], L_0x5653f432a960, L_0x5653f432b070, L_0x5653f432b7f0, L_0x5653f432c050;
S_0x5653f42db860 .scope module, "fa_0" "FullAdder" 5 8, 6 1 0, S_0x5653f42db670;
 .timescale 0 0;
    .port_info 0 /INPUT 1 "a"
    .port_info 1 /INPUT 1 "b"
    .port_info 2 /INPUT 1 "cin"
    .port_info 3 /OUTPUT 1 "sum"
    .port_info 4 /OUTPUT 1 "carry"
L_0x5653f432a8f0 .functor XOR 1, L_0x5653f432ae30, L_0x5653f432aed0, C4<0>, C4<0>;
L_0x5653f432a960 .functor XOR 1, L_0x5653f432a8f0, L_0x5653f432a230, C4<0>, C4<0>;
L_0x5653f432aa20 .functor AND 1, L_0x5653f432ae30, L_0x5653f432aed0, C4<1>, C4<1>;
L_0x5653f432ab30 .functor AND 1, L_0x5653f432aed0, L_0x5653f432a230, C4<1>, C4<1>;
L_0x5653f432aba0 .functor OR 1, L_0x5653f432aa20, L_0x5653f432ab30, C4<0>, C4<0>;
L_0x5653f432acb0 .functor AND 1, L_0x5653f432ae30, L_0x5653f432a230, C4<1>, C4<1>;
L_0x5653f432ad20 .functor OR 1, L_0x5653f432aba0, L_0x5653f432acb0, C4<0>, C4<0>;
v0x5653f42dbab0_0 .net *"_s0", 0 0, L_0x5653f432a8f0;  1 drivers
v0x5653f42dbbb0_0 .net *"_s10", 0 0, L_0x5653f432acb0;  1 drivers
v0x5653f42dbc90_0 .net *"_s4", 0 0, L_0x5653f432aa20;  1 drivers
v0x5653f42dbd50_0 .net *"_s6", 0 0, L_0x5653f432ab30;  1 drivers
v0x5653f42dbe30_0 .net *"_s8", 0 0, L_0x5653f432aba0;  1 drivers
v0x5653f42dbf60_0 .net "a", 0 0, L_0x5653f432ae30;  1 drivers
v0x5653f42dc020_0 .net "b", 0 0, L_0x5653f432aed0;  1 drivers
v0x5653f42dc0e0_0 .net "carry", 0 0, L_0x5653f432ad20;  alias, 1 drivers
v0x5653f42dc1a0_0 .net "cin", 0 0, L_0x5653f432a230;  alias, 1 drivers
v0x5653f42dc2d0_0 .net "sum", 0 0, L_0x5653f432a960;  1 drivers
S_0x5653f42dc430 .scope module, "fa_1" "FullAdder" 5 9, 6 1 0, S_0x5653f42db670;
 .timescale 0 0;
    .port_info 0 /INPUT 1 "a"
    .port_info 1 /INPUT 1 "b"
    .port_info 2 /INPUT 1 "cin"
    .port_info 3 /OUTPUT 1 "sum"
    .port_info 4 /OUTPUT 1 "carry"
L_0x5653f432b000 .functor XOR 1, L_0x5653f432b520, L_0x5653f432b650, C4<0>, C4<0>;
L_0x5653f432b070 .functor XOR 1, L_0x5653f432b000, L_0x5653f432ad20, C4<0>, C4<0>;
L_0x5653f432b170 .functor AND 1, L_0x5653f432b520, L_0x5653f432b650, C4<1>, C4<1>;
L_0x5653f432b1e0 .functor AND 1, L_0x5653f432b650, L_0x5653f432ad20, C4<1>, C4<1>;
L_0x5653f432b250 .functor OR 1, L_0x5653f432b170, L_0x5653f432b1e0, C4<0>, C4<0>;
L_0x5653f432b360 .functor AND 1, L_0x5653f432b520, L_0x5653f432ad20, C4<1>, C4<1>;
L_0x5653f432b410 .functor OR 1, L_0x5653f432b250, L_0x5653f432b360, C4<0>, C4<0>;
v0x5653f42dc6a0_0 .net *"_s0", 0 0, L_0x5653f432b000;  1 drivers
v0x5653f42dc780_0 .net *"_s10", 0 0, L_0x5653f432b360;  1 drivers
v0x5653f42dc860_0 .net *"_s4", 0 0, L_0x5653f432b170;  1 drivers
v0x5653f42dc920_0 .net *"_s6", 0 0, L_0x5653f432b1e0;  1 drivers
v0x5653f42dca00_0 .net *"_s8", 0 0, L_0x5653f432b250;  1 drivers
v0x5653f42dcb30_0 .net "a", 0 0, L_0x5653f432b520;  1 drivers
v0x5653f42dcbf0_0 .net "b", 0 0, L_0x5653f432b650;  1 drivers
v0x5653f42dccb0_0 .net "carry", 0 0, L_0x5653f432b410;  alias, 1 drivers
v0x5653f42dcd70_0 .net "cin", 0 0, L_0x5653f432ad20;  alias, 1 drivers
v0x5653f42dcea0_0 .net "sum", 0 0, L_0x5653f432b070;  1 drivers
S_0x5653f42dcfe0 .scope module, "fa_2" "FullAdder" 5 10, 6 1 0, S_0x5653f42db670;
 .timescale 0 0;
    .port_info 0 /INPUT 1 "a"
    .port_info 1 /INPUT 1 "b"
    .port_info 2 /INPUT 1 "cin"
    .port_info 3 /OUTPUT 1 "sum"
    .port_info 4 /OUTPUT 1 "carry"
L_0x5653f432b780 .functor XOR 1, L_0x5653f432bd40, L_0x5653f432be70, C4<0>, C4<0>;
L_0x5653f432b7f0 .functor XOR 1, L_0x5653f432b780, L_0x5653f432b410, C4<0>, C4<0>;
L_0x5653f432b940 .functor AND 1, L_0x5653f432bd40, L_0x5653f432be70, C4<1>, C4<1>;
L_0x5653f432ba00 .functor AND 1, L_0x5653f432be70, L_0x5653f432b410, C4<1>, C4<1>;
L_0x5653f432ba70 .functor OR 1, L_0x5653f432b940, L_0x5653f432ba00, C4<0>, C4<0>;
L_0x5653f432bb80 .functor AND 1, L_0x5653f432bd40, L_0x5653f432b410, C4<1>, C4<1>;
L_0x5653f432bc30 .functor OR 1, L_0x5653f432ba70, L_0x5653f432bb80, C4<0>, C4<0>;
v0x5653f42dd210_0 .net *"_s0", 0 0, L_0x5653f432b780;  1 drivers
v0x5653f42dd2f0_0 .net *"_s10", 0 0, L_0x5653f432bb80;  1 drivers
v0x5653f42dd3d0_0 .net *"_s4", 0 0, L_0x5653f432b940;  1 drivers
v0x5653f42dd4c0_0 .net *"_s6", 0 0, L_0x5653f432ba00;  1 drivers
v0x5653f42dd5a0_0 .net *"_s8", 0 0, L_0x5653f432ba70;  1 drivers
v0x5653f42dd6d0_0 .net "a", 0 0, L_0x5653f432bd40;  1 drivers
v0x5653f42dd790_0 .net "b", 0 0, L_0x5653f432be70;  1 drivers
v0x5653f42dd850_0 .net "carry", 0 0, L_0x5653f432bc30;  alias, 1 drivers
v0x5653f42dd910_0 .net "cin", 0 0, L_0x5653f432b410;  alias, 1 drivers
v0x5653f42dda40_0 .net "sum", 0 0, L_0x5653f432b7f0;  1 drivers
S_0x5653f42ddbb0 .scope module, "fa_3" "FullAdder" 5 11, 6 1 0, S_0x5653f42db670;
 .timescale 0 0;
    .port_info 0 /INPUT 1 "a"
    .port_info 1 /INPUT 1 "b"
    .port_info 2 /INPUT 1 "cin"
    .port_info 3 /OUTPUT 1 "sum"
    .port_info 4 /OUTPUT 1 "carry"
L_0x5653f432bfe0 .functor XOR 1, L_0x5653f432c500, L_0x5653f432c6c0, C4<0>, C4<0>;
L_0x5653f432c050 .functor XOR 1, L_0x5653f432bfe0, L_0x5653f432bc30, C4<0>, C4<0>;
L_0x5653f432c150 .functor AND 1, L_0x5653f432c500, L_0x5653f432c6c0, C4<1>, C4<1>;
L_0x5653f432c1c0 .functor AND 1, L_0x5653f432c6c0, L_0x5653f432bc30, C4<1>, C4<1>;
L_0x5653f432c230 .functor OR 1, L_0x5653f432c150, L_0x5653f432c1c0, C4<0>, C4<0>;
L_0x5653f432c340 .functor AND 1, L_0x5653f432c500, L_0x5653f432bc30, C4<1>, C4<1>;
L_0x5653f432c3f0 .functor OR 1, L_0x5653f432c230, L_0x5653f432c340, C4<0>, C4<0>;
v0x5653f42dddb0_0 .net *"_s0", 0 0, L_0x5653f432bfe0;  1 drivers
v0x5653f42ddeb0_0 .net *"_s10", 0 0, L_0x5653f432c340;  1 drivers
v0x5653f42ddf90_0 .net *"_s4", 0 0, L_0x5653f432c150;  1 drivers
v0x5653f42de080_0 .net *"_s6", 0 0, L_0x5653f432c1c0;  1 drivers
v0x5653f42de160_0 .net *"_s8", 0 0, L_0x5653f432c230;  1 drivers
v0x5653f42de290_0 .net "a", 0 0, L_0x5653f432c500;  1 drivers
v0x5653f42de350_0 .net "b", 0 0, L_0x5653f432c6c0;  1 drivers
v0x5653f42de410_0 .net "carry", 0 0, L_0x5653f432c3f0;  alias, 1 drivers
v0x5653f42de4d0_0 .net "cin", 0 0, L_0x5653f432bc30;  alias, 1 drivers
v0x5653f42de600_0 .net "sum", 0 0, L_0x5653f432c050;  1 drivers
S_0x5653f42df570 .scope module, "eba_1" "EightBitAdder" 3 9, 4 2 0, S_0x5653f42c0840;
 .timescale 0 0;
    .port_info 0 /INPUT 8 "a"
    .port_info 1 /INPUT 8 "b"
    .port_info 2 /INPUT 1 "cin"
    .port_info 3 /OUTPUT 8 "sum"
    .port_info 4 /OUTPUT 1 "carry"
v0x5653f42e6940_0 .net "a", 7 0, L_0x5653f4331330;  1 drivers
v0x5653f42e6a40_0 .net "b", 7 0, L_0x5653f4331460;  1 drivers
v0x5653f42e6b20_0 .net "carry", 0 0, L_0x5653f4330a90;  alias, 1 drivers
v0x5653f42e6c10_0 .net "cin", 0 0, L_0x5653f432c3f0;  alias, 1 drivers
v0x5653f42e6cb0_0 .net "sum", 7 0, L_0x5653f43311f0;  1 drivers
v0x5653f42e6dc0_0 .net "w0", 0 0, L_0x5653f432e8d0;  1 drivers
L_0x5653f432ee50 .part L_0x5653f4331330, 0, 4;
L_0x5653f432eef0 .part L_0x5653f4331460, 0, 4;
L_0x5653f4331010 .part L_0x5653f4331330, 4, 4;
L_0x5653f4331100 .part L_0x5653f4331460, 4, 4;
L_0x5653f43311f0 .concat8 [ 4 4 0 0], L_0x5653f432edb0, L_0x5653f4330f70;
S_0x5653f42df790 .scope module, "fba_0" "FourBitAdder" 4 8, 5 2 0, S_0x5653f42df570;
 .timescale 0 0;
    .port_info 0 /INPUT 4 "a"
    .port_info 1 /INPUT 4 "b"
    .port_info 2 /INPUT 1 "cin"
    .port_info 3 /OUTPUT 4 "sum"
    .port_info 4 /OUTPUT 1 "carry"
v0x5653f42e28c0_0 .net "a", 3 0, L_0x5653f432ee50;  1 drivers
v0x5653f42e29c0_0 .net "b", 3 0, L_0x5653f432eef0;  1 drivers
v0x5653f42e2aa0_0 .net "carry", 0 0, L_0x5653f432e8d0;  alias, 1 drivers
v0x5653f42e2b70_0 .net "cin", 0 0, L_0x5653f432c3f0;  alias, 1 drivers
v0x5653f42e2ca0_0 .net "sum", 3 0, L_0x5653f432edb0;  1 drivers
v0x5653f42e2d40_0 .net "w0", 0 0, L_0x5653f432d200;  1 drivers
v0x5653f42e2de0_0 .net "w1", 0 0, L_0x5653f432d8f0;  1 drivers
v0x5653f42e2ed0_0 .net "w2", 0 0, L_0x5653f432e110;  1 drivers
L_0x5653f432d310 .part L_0x5653f432ee50, 0, 1;
L_0x5653f432d3b0 .part L_0x5653f432eef0, 0, 1;
L_0x5653f432da00 .part L_0x5653f432ee50, 1, 1;
L_0x5653f432db30 .part L_0x5653f432eef0, 1, 1;
L_0x5653f432e220 .part L_0x5653f432ee50, 2, 1;
L_0x5653f432e350 .part L_0x5653f432eef0, 2, 1;
L_0x5653f432e9e0 .part L_0x5653f432ee50, 3, 1;
L_0x5653f432eba0 .part L_0x5653f432eef0, 3, 1;
L_0x5653f432edb0 .concat8 [ 1 1 1 1], L_0x5653f432ce40, L_0x5653f432d550, L_0x5653f432dcd0, L_0x5653f432e530;
S_0x5653f42df9e0 .scope module, "fa_0" "FullAdder" 5 8, 6 1 0, S_0x5653f42df790;
 .timescale 0 0;
    .port_info 0 /INPUT 1 "a"
    .port_info 1 /INPUT 1 "b"
    .port_info 2 /INPUT 1 "cin"
    .port_info 3 /OUTPUT 1 "sum"
    .port_info 4 /OUTPUT 1 "carry"
L_0x5653f432cdd0 .functor XOR 1, L_0x5653f432d310, L_0x5653f432d3b0, C4<0>, C4<0>;
L_0x5653f432ce40 .functor XOR 1, L_0x5653f432cdd0, L_0x5653f432c3f0, C4<0>, C4<0>;
L_0x5653f432cf00 .functor AND 1, L_0x5653f432d310, L_0x5653f432d3b0, C4<1>, C4<1>;
L_0x5653f432d010 .functor AND 1, L_0x5653f432d3b0, L_0x5653f432c3f0, C4<1>, C4<1>;
L_0x5653f432d080 .functor OR 1, L_0x5653f432cf00, L_0x5653f432d010, C4<0>, C4<0>;
L_0x5653f432d190 .functor AND 1, L_0x5653f432d310, L_0x5653f432c3f0, C4<1>, C4<1>;
L_0x5653f432d200 .functor OR 1, L_0x5653f432d080, L_0x5653f432d190, C4<0>, C4<0>;
v0x5653f42dfc50_0 .net *"_s0", 0 0, L_0x5653f432cdd0;  1 drivers
v0x5653f42dfd50_0 .net *"_s10", 0 0, L_0x5653f432d190;  1 drivers
v0x5653f42dfe30_0 .net *"_s4", 0 0, L_0x5653f432cf00;  1 drivers
v0x5653f42dfef0_0 .net *"_s6", 0 0, L_0x5653f432d010;  1 drivers
v0x5653f42dffd0_0 .net *"_s8", 0 0, L_0x5653f432d080;  1 drivers
v0x5653f42e0100_0 .net "a", 0 0, L_0x5653f432d310;  1 drivers
v0x5653f42e01c0_0 .net "b", 0 0, L_0x5653f432d3b0;  1 drivers
v0x5653f42e0280_0 .net "carry", 0 0, L_0x5653f432d200;  alias, 1 drivers
v0x5653f42e0340_0 .net "cin", 0 0, L_0x5653f432c3f0;  alias, 1 drivers
v0x5653f42e0470_0 .net "sum", 0 0, L_0x5653f432ce40;  1 drivers
S_0x5653f42e05d0 .scope module, "fa_1" "FullAdder" 5 9, 6 1 0, S_0x5653f42df790;
 .timescale 0 0;
    .port_info 0 /INPUT 1 "a"
    .port_info 1 /INPUT 1 "b"
    .port_info 2 /INPUT 1 "cin"
    .port_info 3 /OUTPUT 1 "sum"
    .port_info 4 /OUTPUT 1 "carry"
L_0x5653f432d4e0 .functor XOR 1, L_0x5653f432da00, L_0x5653f432db30, C4<0>, C4<0>;
L_0x5653f432d550 .functor XOR 1, L_0x5653f432d4e0, L_0x5653f432d200, C4<0>, C4<0>;
L_0x5653f432d650 .functor AND 1, L_0x5653f432da00, L_0x5653f432db30, C4<1>, C4<1>;
L_0x5653f432d6c0 .functor AND 1, L_0x5653f432db30, L_0x5653f432d200, C4<1>, C4<1>;
L_0x5653f432d730 .functor OR 1, L_0x5653f432d650, L_0x5653f432d6c0, C4<0>, C4<0>;
L_0x5653f432d840 .functor AND 1, L_0x5653f432da00, L_0x5653f432d200, C4<1>, C4<1>;
L_0x5653f432d8f0 .functor OR 1, L_0x5653f432d730, L_0x5653f432d840, C4<0>, C4<0>;
v0x5653f42e07f0_0 .net *"_s0", 0 0, L_0x5653f432d4e0;  1 drivers
v0x5653f42e08d0_0 .net *"_s10", 0 0, L_0x5653f432d840;  1 drivers
v0x5653f42e09b0_0 .net *"_s4", 0 0, L_0x5653f432d650;  1 drivers
v0x5653f42e0a70_0 .net *"_s6", 0 0, L_0x5653f432d6c0;  1 drivers
v0x5653f42e0b50_0 .net *"_s8", 0 0, L_0x5653f432d730;  1 drivers
v0x5653f42e0c80_0 .net "a", 0 0, L_0x5653f432da00;  1 drivers
v0x5653f42e0d40_0 .net "b", 0 0, L_0x5653f432db30;  1 drivers
v0x5653f42e0e00_0 .net "carry", 0 0, L_0x5653f432d8f0;  alias, 1 drivers
v0x5653f42e0ec0_0 .net "cin", 0 0, L_0x5653f432d200;  alias, 1 drivers
v0x5653f42e0ff0_0 .net "sum", 0 0, L_0x5653f432d550;  1 drivers
S_0x5653f42e1130 .scope module, "fa_2" "FullAdder" 5 10, 6 1 0, S_0x5653f42df790;
 .timescale 0 0;
    .port_info 0 /INPUT 1 "a"
    .port_info 1 /INPUT 1 "b"
    .port_info 2 /INPUT 1 "cin"
    .port_info 3 /OUTPUT 1 "sum"
    .port_info 4 /OUTPUT 1 "carry"
L_0x5653f432dc60 .functor XOR 1, L_0x5653f432e220, L_0x5653f432e350, C4<0>, C4<0>;
L_0x5653f432dcd0 .functor XOR 1, L_0x5653f432dc60, L_0x5653f432d8f0, C4<0>, C4<0>;
L_0x5653f432de20 .functor AND 1, L_0x5653f432e220, L_0x5653f432e350, C4<1>, C4<1>;
L_0x5653f432dee0 .functor AND 1, L_0x5653f432e350, L_0x5653f432d8f0, C4<1>, C4<1>;
L_0x5653f432df50 .functor OR 1, L_0x5653f432de20, L_0x5653f432dee0, C4<0>, C4<0>;
L_0x5653f432e060 .functor AND 1, L_0x5653f432e220, L_0x5653f432d8f0, C4<1>, C4<1>;
L_0x5653f432e110 .functor OR 1, L_0x5653f432df50, L_0x5653f432e060, C4<0>, C4<0>;
v0x5653f42e1360_0 .net *"_s0", 0 0, L_0x5653f432dc60;  1 drivers
v0x5653f42e1440_0 .net *"_s10", 0 0, L_0x5653f432e060;  1 drivers
v0x5653f42e1520_0 .net *"_s4", 0 0, L_0x5653f432de20;  1 drivers
v0x5653f42e1610_0 .net *"_s6", 0 0, L_0x5653f432dee0;  1 drivers
v0x5653f42e16f0_0 .net *"_s8", 0 0, L_0x5653f432df50;  1 drivers
v0x5653f42e1820_0 .net "a", 0 0, L_0x5653f432e220;  1 drivers
v0x5653f42e18e0_0 .net "b", 0 0, L_0x5653f432e350;  1 drivers
v0x5653f42e19a0_0 .net "carry", 0 0, L_0x5653f432e110;  alias, 1 drivers
v0x5653f42e1a60_0 .net "cin", 0 0, L_0x5653f432d8f0;  alias, 1 drivers
v0x5653f42e1b90_0 .net "sum", 0 0, L_0x5653f432dcd0;  1 drivers
S_0x5653f42e1d00 .scope module, "fa_3" "FullAdder" 5 11, 6 1 0, S_0x5653f42df790;
 .timescale 0 0;
    .port_info 0 /INPUT 1 "a"
    .port_info 1 /INPUT 1 "b"
    .port_info 2 /INPUT 1 "cin"
    .port_info 3 /OUTPUT 1 "sum"
    .port_info 4 /OUTPUT 1 "carry"
L_0x5653f432e4c0 .functor XOR 1, L_0x5653f432e9e0, L_0x5653f432eba0, C4<0>, C4<0>;
L_0x5653f432e530 .functor XOR 1, L_0x5653f432e4c0, L_0x5653f432e110, C4<0>, C4<0>;
L_0x5653f432e630 .functor AND 1, L_0x5653f432e9e0, L_0x5653f432eba0, C4<1>, C4<1>;
L_0x5653f432e6a0 .functor AND 1, L_0x5653f432eba0, L_0x5653f432e110, C4<1>, C4<1>;
L_0x5653f432e710 .functor OR 1, L_0x5653f432e630, L_0x5653f432e6a0, C4<0>, C4<0>;
L_0x5653f432e820 .functor AND 1, L_0x5653f432e9e0, L_0x5653f432e110, C4<1>, C4<1>;
L_0x5653f432e8d0 .functor OR 1, L_0x5653f432e710, L_0x5653f432e820, C4<0>, C4<0>;
v0x5653f42e1f00_0 .net *"_s0", 0 0, L_0x5653f432e4c0;  1 drivers
v0x5653f42e2000_0 .net *"_s10", 0 0, L_0x5653f432e820;  1 drivers
v0x5653f42e20e0_0 .net *"_s4", 0 0, L_0x5653f432e630;  1 drivers
v0x5653f42e21d0_0 .net *"_s6", 0 0, L_0x5653f432e6a0;  1 drivers
v0x5653f42e22b0_0 .net *"_s8", 0 0, L_0x5653f432e710;  1 drivers
v0x5653f42e23e0_0 .net "a", 0 0, L_0x5653f432e9e0;  1 drivers
v0x5653f42e24a0_0 .net "b", 0 0, L_0x5653f432eba0;  1 drivers
v0x5653f42e2560_0 .net "carry", 0 0, L_0x5653f432e8d0;  alias, 1 drivers
v0x5653f42e2620_0 .net "cin", 0 0, L_0x5653f432e110;  alias, 1 drivers
v0x5653f42e2750_0 .net "sum", 0 0, L_0x5653f432e530;  1 drivers
S_0x5653f42e3060 .scope module, "fba_1" "FourBitAdder" 4 9, 5 2 0, S_0x5653f42df570;
 .timescale 0 0;
    .port_info 0 /INPUT 4 "a"
    .port_info 1 /INPUT 4 "b"
    .port_info 2 /INPUT 1 "cin"
    .port_info 3 /OUTPUT 4 "sum"
    .port_info 4 /OUTPUT 1 "carry"
v0x5653f42e61e0_0 .net "a", 3 0, L_0x5653f4331010;  1 drivers
v0x5653f42e62e0_0 .net "b", 3 0, L_0x5653f4331100;  1 drivers
v0x5653f42e63c0_0 .net "carry", 0 0, L_0x5653f4330a90;  alias, 1 drivers
v0x5653f42e6490_0 .net "cin", 0 0, L_0x5653f432e8d0;  alias, 1 drivers
v0x5653f42e6530_0 .net "sum", 3 0, L_0x5653f4330f70;  1 drivers
v0x5653f42e65d0_0 .net "w0", 0 0, L_0x5653f432f3c0;  1 drivers
v0x5653f42e66c0_0 .net "w1", 0 0, L_0x5653f432fab0;  1 drivers
v0x5653f42e67b0_0 .net "w2", 0 0, L_0x5653f43302d0;  1 drivers
L_0x5653f432f4d0 .part L_0x5653f4331010, 0, 1;
L_0x5653f432f570 .part L_0x5653f4331100, 0, 1;
L_0x5653f432fbc0 .part L_0x5653f4331010, 1, 1;
L_0x5653f432fcf0 .part L_0x5653f4331100, 1, 1;
L_0x5653f43303e0 .part L_0x5653f4331010, 2, 1;
L_0x5653f4330510 .part L_0x5653f4331100, 2, 1;
L_0x5653f4330ba0 .part L_0x5653f4331010, 3, 1;
L_0x5653f4330d60 .part L_0x5653f4331100, 3, 1;
L_0x5653f4330f70 .concat8 [ 1 1 1 1], L_0x5653f432f000, L_0x5653f432f710, L_0x5653f432fe90, L_0x5653f43306f0;
S_0x5653f42e32d0 .scope module, "fa_0" "FullAdder" 5 8, 6 1 0, S_0x5653f42e3060;
 .timescale 0 0;
    .port_info 0 /INPUT 1 "a"
    .port_info 1 /INPUT 1 "b"
    .port_info 2 /INPUT 1 "cin"
    .port_info 3 /OUTPUT 1 "sum"
    .port_info 4 /OUTPUT 1 "carry"
L_0x5653f432ef90 .functor XOR 1, L_0x5653f432f4d0, L_0x5653f432f570, C4<0>, C4<0>;
L_0x5653f432f000 .functor XOR 1, L_0x5653f432ef90, L_0x5653f432e8d0, C4<0>, C4<0>;
L_0x5653f432f0c0 .functor AND 1, L_0x5653f432f4d0, L_0x5653f432f570, C4<1>, C4<1>;
L_0x5653f432f1d0 .functor AND 1, L_0x5653f432f570, L_0x5653f432e8d0, C4<1>, C4<1>;
L_0x5653f432f240 .functor OR 1, L_0x5653f432f0c0, L_0x5653f432f1d0, C4<0>, C4<0>;
L_0x5653f432f350 .functor AND 1, L_0x5653f432f4d0, L_0x5653f432e8d0, C4<1>, C4<1>;
L_0x5653f432f3c0 .functor OR 1, L_0x5653f432f240, L_0x5653f432f350, C4<0>, C4<0>;
v0x5653f42e3520_0 .net *"_s0", 0 0, L_0x5653f432ef90;  1 drivers
v0x5653f42e3620_0 .net *"_s10", 0 0, L_0x5653f432f350;  1 drivers
v0x5653f42e3700_0 .net *"_s4", 0 0, L_0x5653f432f0c0;  1 drivers
v0x5653f42e37c0_0 .net *"_s6", 0 0, L_0x5653f432f1d0;  1 drivers
v0x5653f42e38a0_0 .net *"_s8", 0 0, L_0x5653f432f240;  1 drivers
v0x5653f42e39d0_0 .net "a", 0 0, L_0x5653f432f4d0;  1 drivers
v0x5653f42e3a90_0 .net "b", 0 0, L_0x5653f432f570;  1 drivers
v0x5653f42e3b50_0 .net "carry", 0 0, L_0x5653f432f3c0;  alias, 1 drivers
v0x5653f42e3c10_0 .net "cin", 0 0, L_0x5653f432e8d0;  alias, 1 drivers
v0x5653f42e3d40_0 .net "sum", 0 0, L_0x5653f432f000;  1 drivers
S_0x5653f42e3ea0 .scope module, "fa_1" "FullAdder" 5 9, 6 1 0, S_0x5653f42e3060;
 .timescale 0 0;
    .port_info 0 /INPUT 1 "a"
    .port_info 1 /INPUT 1 "b"
    .port_info 2 /INPUT 1 "cin"
    .port_info 3 /OUTPUT 1 "sum"
    .port_info 4 /OUTPUT 1 "carry"
L_0x5653f432f6a0 .functor XOR 1, L_0x5653f432fbc0, L_0x5653f432fcf0, C4<0>, C4<0>;
L_0x5653f432f710 .functor XOR 1, L_0x5653f432f6a0, L_0x5653f432f3c0, C4<0>, C4<0>;
L_0x5653f432f810 .functor AND 1, L_0x5653f432fbc0, L_0x5653f432fcf0, C4<1>, C4<1>;
L_0x5653f432f880 .functor AND 1, L_0x5653f432fcf0, L_0x5653f432f3c0, C4<1>, C4<1>;
L_0x5653f432f8f0 .functor OR 1, L_0x5653f432f810, L_0x5653f432f880, C4<0>, C4<0>;
L_0x5653f432fa00 .functor AND 1, L_0x5653f432fbc0, L_0x5653f432f3c0, C4<1>, C4<1>;
L_0x5653f432fab0 .functor OR 1, L_0x5653f432f8f0, L_0x5653f432fa00, C4<0>, C4<0>;
v0x5653f42e4110_0 .net *"_s0", 0 0, L_0x5653f432f6a0;  1 drivers
v0x5653f42e41f0_0 .net *"_s10", 0 0, L_0x5653f432fa00;  1 drivers
v0x5653f42e42d0_0 .net *"_s4", 0 0, L_0x5653f432f810;  1 drivers
v0x5653f42e4390_0 .net *"_s6", 0 0, L_0x5653f432f880;  1 drivers
v0x5653f42e4470_0 .net *"_s8", 0 0, L_0x5653f432f8f0;  1 drivers
v0x5653f42e45a0_0 .net "a", 0 0, L_0x5653f432fbc0;  1 drivers
v0x5653f42e4660_0 .net "b", 0 0, L_0x5653f432fcf0;  1 drivers
v0x5653f42e4720_0 .net "carry", 0 0, L_0x5653f432fab0;  alias, 1 drivers
v0x5653f42e47e0_0 .net "cin", 0 0, L_0x5653f432f3c0;  alias, 1 drivers
v0x5653f42e4910_0 .net "sum", 0 0, L_0x5653f432f710;  1 drivers
S_0x5653f42e4a50 .scope module, "fa_2" "FullAdder" 5 10, 6 1 0, S_0x5653f42e3060;
 .timescale 0 0;
    .port_info 0 /INPUT 1 "a"
    .port_info 1 /INPUT 1 "b"
    .port_info 2 /INPUT 1 "cin"
    .port_info 3 /OUTPUT 1 "sum"
    .port_info 4 /OUTPUT 1 "carry"
L_0x5653f432fe20 .functor XOR 1, L_0x5653f43303e0, L_0x5653f4330510, C4<0>, C4<0>;
L_0x5653f432fe90 .functor XOR 1, L_0x5653f432fe20, L_0x5653f432fab0, C4<0>, C4<0>;
L_0x5653f432ffe0 .functor AND 1, L_0x5653f43303e0, L_0x5653f4330510, C4<1>, C4<1>;
L_0x5653f43300a0 .functor AND 1, L_0x5653f4330510, L_0x5653f432fab0, C4<1>, C4<1>;
L_0x5653f4330110 .functor OR 1, L_0x5653f432ffe0, L_0x5653f43300a0, C4<0>, C4<0>;
L_0x5653f4330220 .functor AND 1, L_0x5653f43303e0, L_0x5653f432fab0, C4<1>, C4<1>;
L_0x5653f43302d0 .functor OR 1, L_0x5653f4330110, L_0x5653f4330220, C4<0>, C4<0>;
v0x5653f42e4c80_0 .net *"_s0", 0 0, L_0x5653f432fe20;  1 drivers
v0x5653f42e4d60_0 .net *"_s10", 0 0, L_0x5653f4330220;  1 drivers
v0x5653f42e4e40_0 .net *"_s4", 0 0, L_0x5653f432ffe0;  1 drivers
v0x5653f42e4f30_0 .net *"_s6", 0 0, L_0x5653f43300a0;  1 drivers
v0x5653f42e5010_0 .net *"_s8", 0 0, L_0x5653f4330110;  1 drivers
v0x5653f42e5140_0 .net "a", 0 0, L_0x5653f43303e0;  1 drivers
v0x5653f42e5200_0 .net "b", 0 0, L_0x5653f4330510;  1 drivers
v0x5653f42e52c0_0 .net "carry", 0 0, L_0x5653f43302d0;  alias, 1 drivers
v0x5653f42e5380_0 .net "cin", 0 0, L_0x5653f432fab0;  alias, 1 drivers
v0x5653f42e54b0_0 .net "sum", 0 0, L_0x5653f432fe90;  1 drivers
S_0x5653f42e5620 .scope module, "fa_3" "FullAdder" 5 11, 6 1 0, S_0x5653f42e3060;
 .timescale 0 0;
    .port_info 0 /INPUT 1 "a"
    .port_info 1 /INPUT 1 "b"
    .port_info 2 /INPUT 1 "cin"
    .port_info 3 /OUTPUT 1 "sum"
    .port_info 4 /OUTPUT 1 "carry"
L_0x5653f4330680 .functor XOR 1, L_0x5653f4330ba0, L_0x5653f4330d60, C4<0>, C4<0>;
L_0x5653f43306f0 .functor XOR 1, L_0x5653f4330680, L_0x5653f43302d0, C4<0>, C4<0>;
L_0x5653f43307f0 .functor AND 1, L_0x5653f4330ba0, L_0x5653f4330d60, C4<1>, C4<1>;
L_0x5653f4330860 .functor AND 1, L_0x5653f4330d60, L_0x5653f43302d0, C4<1>, C4<1>;
L_0x5653f43308d0 .functor OR 1, L_0x5653f43307f0, L_0x5653f4330860, C4<0>, C4<0>;
L_0x5653f43309e0 .functor AND 1, L_0x5653f4330ba0, L_0x5653f43302d0, C4<1>, C4<1>;
L_0x5653f4330a90 .functor OR 1, L_0x5653f43308d0, L_0x5653f43309e0, C4<0>, C4<0>;
v0x5653f42e5820_0 .net *"_s0", 0 0, L_0x5653f4330680;  1 drivers
v0x5653f42e5920_0 .net *"_s10", 0 0, L_0x5653f43309e0;  1 drivers
v0x5653f42e5a00_0 .net *"_s4", 0 0, L_0x5653f43307f0;  1 drivers
v0x5653f42e5af0_0 .net *"_s6", 0 0, L_0x5653f4330860;  1 drivers
v0x5653f42e5bd0_0 .net *"_s8", 0 0, L_0x5653f43308d0;  1 drivers
v0x5653f42e5d00_0 .net "a", 0 0, L_0x5653f4330ba0;  1 drivers
v0x5653f42e5dc0_0 .net "b", 0 0, L_0x5653f4330d60;  1 drivers
v0x5653f42e5e80_0 .net "carry", 0 0, L_0x5653f4330a90;  alias, 1 drivers
v0x5653f42e5f40_0 .net "cin", 0 0, L_0x5653f43302d0;  alias, 1 drivers
v0x5653f42e6070_0 .net "sum", 0 0, L_0x5653f43306f0;  1 drivers
    .scope S_0x5653f42c1660;
T_0 ;
    %wait E_0x5653f4207180;
    %vpi_call 2 17 "$display", "%b ", v0x5653f42f7c10_0 {0 0 0};
    %jmp T_0;
    .thread T_0, $push;
    .scope S_0x5653f42c1660;
T_1 ;
    %wait E_0x5653f42074b0;
    %load/vec4 v0x5653f42f8390_0;
    %cmpi/e 0, 0, 3;
    %jmp/0xz  T_1.0, 4;
    %load/vec4 v0x5653f42f7cf0_0;
    %assign/vec4 v0x5653f42f7c10_0, 0;
T_1.0 ;
    %load/vec4 v0x5653f42f8390_0;
    %cmpi/e 1, 0, 3;
    %jmp/0xz  T_1.2, 4;
    %load/vec4 v0x5653f42f7dd0_0;
    %store/vec4 v0x5653f42f7c10_0, 0, 16;
T_1.2 ;
    %load/vec4 v0x5653f42f8390_0;
    %cmpi/e 2, 0, 3;
    %jmp/0xz  T_1.4, 4;
    %load/vec4 v0x5653f42f7eb0_0;
    %assign/vec4 v0x5653f42f7c10_0, 0;
T_1.4 ;
    %load/vec4 v0x5653f42f8390_0;
    %cmpi/e 3, 0, 3;
    %jmp/0xz  T_1.6, 4;
    %load/vec4 v0x5653f42f7f90_0;
    %assign/vec4 v0x5653f42f7c10_0, 0;
T_1.6 ;
    %load/vec4 v0x5653f42f8390_0;
    %cmpi/e 4, 0, 3;
    %jmp/0xz  T_1.8, 4;
    %load/vec4 v0x5653f42f8070_0;
    %assign/vec4 v0x5653f42f7c10_0, 0;
T_1.8 ;
    %load/vec4 v0x5653f42f8390_0;
    %cmpi/e 5, 0, 3;
    %jmp/0xz  T_1.10, 4;
    %load/vec4 v0x5653f42f8150_0;
    %assign/vec4 v0x5653f42f7c10_0, 0;
T_1.10 ;
    %load/vec4 v0x5653f42f8390_0;
    %cmpi/e 6, 0, 3;
    %jmp/0xz  T_1.12, 4;
    %load/vec4 v0x5653f42f8230_0;
    %assign/vec4 v0x5653f42f7c10_0, 0;
T_1.12 ;
    %load/vec4 v0x5653f42f8390_0;
    %cmpi/e 7, 0, 3;
    %jmp/0xz  T_1.14, 4;
    %load/vec4 v0x5653f42f82f0_0;
    %assign/vec4 v0x5653f42f7c10_0, 0;
T_1.14 ;
    %jmp T_1;
    .thread T_1, $push;
# The file index is used to find the file name in the following table.
:file_names 7;
    "N/A";
    "<interactive>";
    "logic.v";
    "./16BA.v";
    "./EightBA.v";
    "./FourBA.v";
    "./FullAdder.v";
